1.0189 	WARNING 	We strongly recommend you activate the PTB sound engine in PsychoPy prefs as the preferred audio engine. Its timing is vastly superior. Your prefs are currently set to use ['sounddevice', 'PTB', 'pyo', 'pygame'] (in that order).
11.3675 	ERROR 	Error in handleLineEditChange: inputFieldName=session, type=<class 'int'>, value=, error=invalid literal for int() with base 10: ''
14.6088 	INFO 	---START PARAMETERS---
14.6088 	INFO 	filename: AttentionalSwitching_d1-1-1-Nov_10_1458
14.6088 	INFO 	subject: 1
14.6088 	INFO 	session: 1
14.6088 	INFO 	date: Nov_10_1458
14.6088 	INFO 	ISI: 1.75
14.6089 	INFO 	baudeRate: 115200
14.6089 	INFO 	blankMessage: bytearray(b'\x14')
14.6089 	INFO 	choices: [1, 2, 3]
14.6089 	INFO 	deviceName: /dev/cu.usbserial-DN2Q03JQ
14.6089 	INFO 	fixCrossPos: [0, 0]
14.6089 	INFO 	fixCrossSize: 0.1
14.6089 	INFO 	fullScreen: True
14.6089 	INFO 	imageDir_neutral: Faces/neutral/
14.6089 	INFO 	imageDir_social: Faces/social/
14.6089 	INFO 	imageDir_threat: Faces/threat/
14.6090 	INFO 	imageSize: [0.8, 0.8]
14.6090 	INFO 	imageSubstring: nontarget
14.6091 	INFO 	imageSuffix: .png
14.6091 	INFO 	nTrials: 5
14.6091 	INFO 	nontargetMessage: bytearray(b'(')
14.6091 	INFO 	postFixMessage: bytearray(b'\n')
14.6091 	INFO 	postStimDur: 1.0
14.6091 	INFO 	preFixMessage: bytearray(b'\x01')
14.6098 	INFO 	preStimDur: [0.5 0.6 0.7 0.8 0.9 1.  1.1 1.2 1.3 1.4 1.5 1.6 1.7 1.8 1.9]
14.6098 	INFO 	promptDir: Text/
14.6098 	INFO 	promptFile_neutral: NeutralPrompts.csv
14.6098 	INFO 	promptFile_social: SocialPrompts.csv
14.6098 	INFO 	promptFile_threat: ThreatPrompts.csv
14.6098 	INFO 	promptImageSize: [1.2, 0.3]
14.6098 	INFO 	respAdvances: True
14.6098 	INFO 	respKeys: ['r', 'b', 'y', 'g']
14.6099 	INFO 	screenColor: (128, 128, 128)
14.6099 	INFO 	screenToShow: 0
14.6099 	INFO 	skipPrompts: False
14.6099 	INFO 	stimDur: 0.5
14.6099 	INFO 	tStartup: 1
14.6099 	INFO 	targetMessage: bytearray(b'\x1e')
14.6099 	INFO 	triggerKey: t
14.6099 	INFO 	---END PARAMETERS---
15.0362 	INFO 	Loaded monitor calibration from ['2021_06_28 14:15']
15.0392 	WARNING 	User requested fullscreen with size [800 600], but screen is actually [1920, 1080]. Using actual size
15.5880 	EXP 	Created win = Window(allowGUI=False, allowStencil=False, autoLog=True, backendConf=UNKNOWN, bitsMode=UNKNOWN, blendMode='avg', bpc=(8, 8, 8), color=array([128, 128, 128]), colorSpace='rgb255', depthBits=8, fullscr=<method-wrapper '__getattribute__' of attributeSetter object at 0x7fc7fe4c3dd8>, gamma=None, gammaErrorPolicy='raise', lms=UNKNOWN, monitor=<psychopy.monitors.calibTools.Monitor object at 0x7fc7fbdd5dd8>, multiSample=False, name='win', numSamples=2, pos=[0.0, 0.0], screen=0, size=array([1920, 1080]), stencilBits=0, stereo=False, units='height', useFBO=False, useRetina=False, viewOri=0.0, viewPos=None, viewScale=None, waitBlanking=True, winType='pyglet')
15.5884 	EXP 	win: mouseVisible = True
15.5940 	EXP 	Created fixCross = ShapeStim(__class__=<class 'psychopy.visual.shape.ShapeStim'>, autoDraw=False, autoLog=True, closeShape=False, color=method-wrapper(...), colorSpace='rgb', contrast=None, depth=0, fillColor=array([0, 0, 0]), fillColorSpace='rgb', fillRGB=UNKNOWN, interpolate=True, lineColor=array([-1., -1., -1.]), lineColorSpace='rgb', lineRGB=UNKNOWN, lineWidth=3.0, name='fixCross', opacity=0.5, ori=0.0, pos=array([0., 0.]), size=array([1., 1.]), units='height', vertices=ndarray(...), win=Window(...), windingRule=None)
15.5946 	WARNING 	TextStim.alignHoriz is deprecated. Use alignText and anchorHoriz attributes instead
15.6260 	EXP 	Created topMsg = TextStim(__class__=<class 'psychopy.visual.text.TextStim'>, alignHoriz='center', alignText='center', alignVert=method-wrapper(...), anchorHoriz='center', anchorVert='center', antialias=True, autoLog=True, bold=False, color=array([-1., -1., -1.]), colorSpace='rgb', contrast=1.0, depth=0, flipHoriz=False, flipVert=False, font='', fontFiles=[], height=0.1, italic=False, languageStyle='LTR', name='topMsg', opacity=1.0, ori=0.0, pos=array([0. , 0.5]), rgb=UNKNOWN, text='aaa', units='norm', win=Window(...), wrapWidth=1.5)
15.6261 	WARNING 	TextStim.alignHoriz is deprecated. Use alignText and anchorHoriz attributes instead
15.6294 	EXP 	Created bottomMsg = TextStim(__class__=<class 'psychopy.visual.text.TextStim'>, alignHoriz='center', alignText='center', alignVert=method-wrapper(...), anchorHoriz='center', anchorVert='center', antialias=True, autoLog=True, bold=False, color=array([-1., -1., -1.]), colorSpace='rgb', contrast=1.0, depth=0, flipHoriz=False, flipVert=False, font='', fontFiles=[], height=0.1, italic=False, languageStyle='LTR', name='bottomMsg', opacity=1.0, ori=0.0, pos=array([ 0. , -0.5]), rgb=UNKNOWN, text='bbb', units='norm', win=Window(...), wrapWidth=1.5)
15.6735 	EXP 	Created ImageStimulus = ImageStim(__class__=<class 'psychopy.visual.image.ImageStim'>, autoLog=True, color=array([1., 1., 1.]), colorSpace='rgb', contrast=1.0, depth=0, flipHoriz=False, flipVert=False, image='Faces/neutral/Man9_hat.png', interpolate=False, mask=None, maskParams=None, name='ImageStimulus', opacity=1, ori=0.0, pos=array([0., 0.]), size=array([0.46296296, 0.46296296]), texRes=128, units='height', win=Window(...))
15.7294 	EXP 	topMsg: text = 'In this task, you will see images briefly flashed on the screen. Your job is to count the images in a “target” category and ignore the others. At the end, we will ask you how many target images you saw.'
15.7294 	EXP 	bottomMsg: text = 'In this run, please count all the faces with hats. (Press ENTER to continue.)'
15.7294 	EXP 	Display Instructions1
25.0697 	DATA 	Keypress: return
25.1179 	EXP 	topMsg: text = 'Here are some examples of faces with hats (left) and no hats (right).'
25.1179 	EXP 	bottomMsg: text = 'Just before and after each image, there will be a cross in the middle of the screen. Please look directly at the cross and try not to blink during this period. (Press ENTER to continue.)'
25.1179 	EXP 	ImageStimulus: size = array([1.1787037 , 0.25555556])
25.1179 	EXP 	ImageStimulus: image = 'Faces/sample_images/sample_neutral.png'
25.1179 	EXP 	ImageStimulus: size = [1.2, 0.3]
25.1179 	EXP 	Display Instructions2
27.4887 	DATA 	Keypress: return
27.5068 	EXP 	topMsg: text = 'If you have any questions, please ask the experimenter now.'
27.5068 	EXP 	bottomMsg: text = 'WHEN YOU ARE READY TO BEGIN, press any button.'
27.5068 	EXP 	Display Instructions3
29.9011 	DATA 	Keypress: return
29.9108 	EXP 	topMsg: text = 'Waiting for scanner to start...'
29.9108 	EXP 	bottomMsg: text = "(Press 'T' to override.)"
29.9108 	EXP 	Display WaitingForScanner
40.2939 	DATA 	Keypress: t
40.2946 	EXP 	---START EXPERIMENT---
40.3037 	EXP 	Display Fixation
40.3180 	EXP 	Display Fixation
40.3348 	EXP 	Display Fixation
40.3522 	EXP 	Display Fixation
40.3694 	EXP 	Display Fixation
40.3861 	EXP 	Display Fixation
40.4024 	EXP 	Display Fixation
40.4195 	EXP 	Display Fixation
40.4361 	EXP 	Display Fixation
40.4531 	EXP 	Display Fixation
40.4696 	EXP 	Display Fixation
40.4861 	EXP 	Display Fixation
40.5028 	EXP 	Display Fixation
40.5193 	EXP 	Display Fixation
40.5362 	EXP 	Display Fixation
40.5528 	EXP 	Display Fixation
40.5695 	EXP 	Display Fixation
40.5862 	EXP 	Display Fixation
40.6027 	EXP 	Display Fixation
40.6194 	EXP 	Display Fixation
40.6362 	EXP 	Display Fixation
40.6527 	EXP 	Display Fixation
40.6695 	EXP 	Display Fixation
40.6862 	EXP 	Display Fixation
40.7027 	EXP 	Display Fixation
40.7194 	EXP 	Display Fixation
40.7361 	EXP 	Display Fixation
40.7528 	EXP 	Display Fixation
40.7693 	EXP 	Display Fixation
40.7861 	EXP 	Display Fixation
40.8029 	EXP 	Display Fixation
40.8197 	EXP 	Display Fixation
40.8360 	EXP 	Display Fixation
40.8520 	EXP 	Display Fixation
40.8680 	EXP 	Display Fixation
40.8844 	EXP 	Display Fixation
40.9023 	EXP 	Display Fixation
40.9194 	EXP 	Display Fixation
40.9363 	EXP 	Display Fixation
40.9528 	EXP 	Display Fixation
40.9695 	EXP 	Display Fixation
40.9861 	EXP 	Display Fixation
41.0026 	EXP 	Display Fixation
41.0194 	EXP 	Display Fixation
41.0362 	EXP 	Display Fixation
41.0534 	EXP 	Display Fixation
41.0699 	EXP 	Display Fixation
41.0860 	EXP 	Display Fixation
41.1028 	EXP 	Display Fixation
41.1194 	EXP 	Display Fixation
41.1361 	EXP 	Display Fixation
41.1526 	EXP 	Display Fixation
41.1695 	EXP 	Display Fixation
41.1861 	EXP 	Display Fixation
41.2027 	EXP 	Display Fixation
41.2194 	EXP 	Display Fixation
41.2360 	EXP 	Display Fixation
41.2528 	EXP 	Display Fixation
41.2696 	EXP 	Display Fixation
41.2862 	EXP 	Display Fixation
41.3031 	EXP 	Display Fixation
41.3194 	EXP 	Display Fixation
41.3360 	EXP 	Display Fixation
41.3527 	EXP 	Display Fixation
41.3694 	EXP 	Display Fixation
41.3859 	EXP 	Display Fixation
41.4028 	EXP 	Display Fixation
41.4194 	EXP 	Display Fixation
41.4359 	EXP 	Display Fixation
41.4527 	EXP 	Display Fixation
41.4697 	EXP 	Display Fixation
41.4862 	EXP 	Display Fixation
41.5028 	EXP 	Display Fixation
41.5195 	EXP 	Display Fixation
41.5360 	EXP 	Display Fixation
41.5527 	EXP 	Display Fixation
41.5693 	EXP 	Display Fixation
41.5861 	EXP 	Display Fixation
41.6027 	EXP 	Display Fixation
41.6195 	EXP 	Display Fixation
41.6360 	EXP 	Display Fixation
41.6528 	EXP 	Display Fixation
41.6694 	EXP 	Display Fixation
41.6863 	EXP 	Display Fixation
41.7029 	EXP 	Display Fixation
41.7196 	EXP 	Display Fixation
41.7361 	EXP 	Display Fixation
41.7528 	EXP 	Display Fixation
41.7694 	EXP 	Display Fixation
41.7860 	EXP 	Display Fixation
41.8027 	EXP 	Display Fixation
41.8195 	EXP 	Display Fixation
41.8362 	EXP 	Display Fixation
41.8530 	EXP 	Display Fixation
41.8693 	EXP 	Display Fixation
41.8862 	EXP 	Display Fixation
41.9027 	EXP 	Display Fixation
41.9194 	EXP 	Display Fixation
41.9354 	EXP 	Display Fixation
41.9526 	EXP 	Display Fixation
41.9694 	EXP 	Display Fixation
41.9860 	EXP 	Display Fixation
42.0029 	EXP 	Display Fixation
42.0193 	EXP 	Display Fixation
42.0363 	EXP 	Display Fixation
42.0528 	EXP 	Display Fixation
42.0695 	EXP 	Display Fixation
42.0862 	EXP 	Display Fixation
42.1028 	EXP 	Display Fixation
42.1194 	EXP 	Display Fixation
42.1362 	EXP 	Display Fixation
42.1527 	EXP 	Display Fixation
42.1694 	EXP 	Display Fixation
42.1859 	EXP 	Display Fixation
42.2026 	EXP 	Display Fixation
42.2194 	EXP 	Display Fixation
42.2360 	EXP 	Display Fixation
42.2528 	EXP 	Display Fixation
42.2695 	EXP 	Display Fixation
42.2863 	EXP 	Display Fixation
42.3030 	EXP 	Display Fixation
42.3296 	EXP 	ImageStimulus: image = 'Faces/neutral/Man9_hat.png'
42.3296 	EXP 	ImageStimulus: size = [0.8, 0.8]
42.3296 	EXP 	Display Faces/neutral/Man9_hat.png
42.7965 	EXP 	Display Fixation
42.8010 	EXP 	Display Fixation
42.8179 	EXP 	Display Fixation
42.8359 	EXP 	Display Fixation
42.8529 	EXP 	Display Fixation
42.8696 	EXP 	Display Fixation
42.8861 	EXP 	Display Fixation
42.9031 	EXP 	Display Fixation
42.9194 	EXP 	Display Fixation
42.9360 	EXP 	Display Fixation
42.9526 	EXP 	Display Fixation
42.9695 	EXP 	Display Fixation
42.9862 	EXP 	Display Fixation
43.0028 	EXP 	Display Fixation
43.0195 	EXP 	Display Fixation
43.0361 	EXP 	Display Fixation
43.0527 	EXP 	Display Fixation
43.0695 	EXP 	Display Fixation
43.0862 	EXP 	Display Fixation
43.1029 	EXP 	Display Fixation
43.1194 	EXP 	Display Fixation
43.1360 	EXP 	Display Fixation
43.1519 	EXP 	Display Fixation
43.1693 	EXP 	Display Fixation
43.1863 	EXP 	Display Fixation
43.2028 	EXP 	Display Fixation
43.2198 	EXP 	Display Fixation
43.2361 	EXP 	Display Fixation
43.2529 	EXP 	Display Fixation
43.2696 	EXP 	Display Fixation
43.2861 	EXP 	Display Fixation
43.3031 	EXP 	Display Fixation
43.3193 	EXP 	Display Fixation
43.3361 	EXP 	Display Fixation
43.3526 	EXP 	Display Fixation
43.3693 	EXP 	Display Fixation
43.3859 	EXP 	Display Fixation
43.4027 	EXP 	Display Fixation
43.4194 	EXP 	Display Fixation
43.4361 	EXP 	Display Fixation
43.4528 	EXP 	Display Fixation
43.4693 	EXP 	Display Fixation
43.4863 	EXP 	Display Fixation
43.5030 	EXP 	Display Fixation
43.5195 	EXP 	Display Fixation
43.5360 	EXP 	Display Fixation
43.5527 	EXP 	Display Fixation
43.5693 	EXP 	Display Fixation
43.5861 	EXP 	Display Fixation
43.6027 	EXP 	Display Fixation
43.6195 	EXP 	Display Fixation
43.6362 	EXP 	Display Fixation
43.6529 	EXP 	Display Fixation
43.6694 	EXP 	Display Fixation
43.6860 	EXP 	Display Fixation
43.7029 	EXP 	Display Fixation
43.7195 	EXP 	Display Fixation
43.7360 	EXP 	Display Fixation
43.7528 	EXP 	Display Fixation
43.7695 	EXP 	Display Fixation
43.7862 	EXP 	Display Fixation
43.8027 	EXP 	Display Fixation
43.8194 	EXP 	Display Fixation
43.8360 	EXP 	Display Fixation
43.8526 	EXP 	Display Fixation
43.8695 	EXP 	Display Fixation
43.8861 	EXP 	Display Fixation
43.9027 	EXP 	Display Fixation
43.9195 	EXP 	Display Fixation
43.9361 	EXP 	Display Fixation
43.9527 	EXP 	Display Fixation
43.9694 	EXP 	Display Fixation
43.9860 	EXP 	Display Fixation
44.0029 	EXP 	Display Fixation
44.0194 	EXP 	Display Fixation
44.0363 	EXP 	Display Fixation
44.0528 	EXP 	Display Fixation
44.0700 	EXP 	Display Fixation
44.0864 	EXP 	Display Fixation
44.1031 	EXP 	Display Fixation
44.1193 	EXP 	Display Fixation
44.1365 	EXP 	Display Fixation
44.1530 	EXP 	Display Fixation
44.1697 	EXP 	Display Fixation
44.1865 	EXP 	Display Fixation
44.2031 	EXP 	Display Fixation
44.2198 	EXP 	Display Fixation
44.2364 	EXP 	Display Fixation
44.2529 	EXP 	Display Fixation
44.2699 	EXP 	Display Fixation
44.2865 	EXP 	Display Fixation
44.3032 	EXP 	Display Fixation
44.3198 	EXP 	Display Fixation
44.3362 	EXP 	Display Fixation
44.3530 	EXP 	Display Fixation
44.3698 	EXP 	Display Fixation
44.3864 	EXP 	Display Fixation
44.4030 	EXP 	Display Fixation
44.4198 	EXP 	Display Fixation
44.4363 	EXP 	Display Fixation
44.4535 	EXP 	Display Fixation
44.4697 	EXP 	Display Fixation
44.4865 	EXP 	Display Fixation
44.5031 	EXP 	Display Fixation
44.5197 	EXP 	Display Fixation
44.5364 	EXP 	Display Fixation
44.5531 	EXP 	Display Fixation
44.5697 	EXP 	Display Fixation
44.5865 	EXP 	Display Fixation
44.6029 	EXP 	Display Fixation
44.6197 	EXP 	Display Fixation
44.6364 	EXP 	Display Fixation
44.6533 	EXP 	Display Fixation
44.6702 	EXP 	Display Fixation
44.6864 	EXP 	Display Fixation
44.7030 	EXP 	Display Fixation
44.7198 	EXP 	Display Fixation
44.7365 	EXP 	Display Fixation
44.7532 	EXP 	Display Fixation
44.7698 	EXP 	Display Fixation
44.7864 	EXP 	Display Fixation
44.8032 	EXP 	Display Fixation
44.8199 	EXP 	Display Fixation
44.8364 	EXP 	Display Fixation
44.8532 	EXP 	Display Fixation
44.8698 	EXP 	Display Fixation
44.8864 	EXP 	Display Fixation
44.9031 	EXP 	Display Fixation
44.9197 	EXP 	Display Fixation
44.9364 	EXP 	Display Fixation
44.9531 	EXP 	Display Fixation
44.9696 	EXP 	Display Fixation
44.9863 	EXP 	Display Fixation
45.0030 	EXP 	Display Fixation
45.0197 	EXP 	Display Fixation
45.0364 	EXP 	Display Fixation
45.0532 	EXP 	Display Fixation
45.0696 	EXP 	Display Fixation
45.0865 	EXP 	Display Fixation
45.1030 	EXP 	Display Fixation
45.1197 	EXP 	Display Fixation
45.1362 	EXP 	Display Fixation
45.1533 	EXP 	Display Fixation
45.1698 	EXP 	Display Fixation
45.1864 	EXP 	Display Fixation
45.2029 	EXP 	Display Fixation
45.2199 	EXP 	Display Fixation
45.2364 	EXP 	Display Fixation
45.2532 	EXP 	Display Fixation
45.2700 	EXP 	Display Fixation
45.2865 	EXP 	Display Fixation
45.3035 	EXP 	Display Fixation
45.3197 	EXP 	Display Fixation
45.3363 	EXP 	Display Fixation
45.3530 	EXP 	Display Fixation
45.3697 	EXP 	Display Fixation
45.3863 	EXP 	Display Fixation
45.4030 	EXP 	Display Fixation
45.4200 	EXP 	Display Fixation
45.4365 	EXP 	Display Fixation
45.4532 	EXP 	Display Fixation
45.4698 	EXP 	Display Fixation
45.4865 	EXP 	Display Fixation
45.5030 	EXP 	Display Fixation
45.5197 	EXP 	Display Fixation
45.5363 	EXP 	Display Fixation
45.5533 	EXP 	Display Fixation
45.5697 	EXP 	Display Fixation
45.5864 	EXP 	Display Fixation
45.6030 	EXP 	Display Fixation
45.6198 	EXP 	Display Fixation
45.6365 	EXP 	Display Fixation
45.6533 	EXP 	Display Fixation
45.6698 	EXP 	Display Fixation
45.6864 	EXP 	Display Fixation
45.7031 	EXP 	Display Fixation
45.7197 	EXP 	Display Fixation
45.7366 	EXP 	Display Fixation
45.7532 	EXP 	Display Fixation
45.7698 	EXP 	Display Fixation
45.7864 	EXP 	Display Fixation
45.8031 	EXP 	Display Fixation
45.8199 	EXP 	Display Fixation
45.8362 	EXP 	Display Fixation
45.8530 	EXP 	Display Fixation
45.8698 	EXP 	Display Fixation
45.8866 	EXP 	Display Fixation
45.9021 	EXP 	Display Fixation
45.9196 	EXP 	Display Fixation
45.9365 	EXP 	Display Fixation
45.9532 	EXP 	Display Fixation
45.9698 	EXP 	Display Fixation
45.9861 	EXP 	Display Fixation
46.0030 	EXP 	Display Fixation
46.0198 	EXP 	Display Fixation
46.0366 	EXP 	Display Fixation
46.0531 	EXP 	Display Fixation
46.0697 	EXP 	Display Fixation
46.0866 	EXP 	Display Fixation
46.1031 	EXP 	Display Fixation
46.1196 	EXP 	Display Fixation
46.1364 	EXP 	Display Fixation
46.1533 	EXP 	Display Fixation
46.1697 	EXP 	Display Fixation
46.1864 	EXP 	Display Fixation
46.2030 	EXP 	Display Fixation
46.2198 	EXP 	Display Fixation
46.2363 	EXP 	Display Fixation
46.2534 	EXP 	Display Fixation
46.2697 	EXP 	Display Fixation
46.2864 	EXP 	Display Fixation
46.3032 	EXP 	Display Fixation
46.3198 	EXP 	Display Fixation
46.3363 	EXP 	Display Fixation
46.3533 	EXP 	Display Fixation
46.3697 	EXP 	Display Fixation
46.3864 	EXP 	Display Fixation
46.4031 	EXP 	Display Fixation
46.4196 	EXP 	Display Fixation
46.4363 	EXP 	Display Fixation
46.4530 	EXP 	Display Fixation
46.4697 	EXP 	Display Fixation
46.4863 	EXP 	Display Fixation
46.5031 	EXP 	Display Fixation
46.5198 	EXP 	Display Fixation
46.5362 	EXP 	Display Fixation
46.5530 	EXP 	Display Fixation
46.5698 	EXP 	Display Fixation
46.5864 	EXP 	Display Fixation
46.6031 	EXP 	Display Fixation
46.6196 	EXP 	Display Fixation
46.6362 	EXP 	Display Fixation
46.6529 	EXP 	Display Fixation
46.6697 	EXP 	Display Fixation
46.6864 	EXP 	Display Fixation
46.7032 	EXP 	Display Fixation
46.7199 	EXP 	Display Fixation
46.7357 	EXP 	Display Fixation
46.7530 	EXP 	Display Fixation
46.7697 	EXP 	Display Fixation
46.7864 	EXP 	Display Fixation
46.8031 	EXP 	Display Fixation
46.8199 	EXP 	Display Fixation
46.8364 	EXP 	Display Fixation
46.8534 	EXP 	Display Fixation
46.8697 	EXP 	Display Fixation
46.8864 	EXP 	Display Fixation
46.9030 	EXP 	Display Fixation
46.9197 	EXP 	Display Fixation
46.9363 	EXP 	Display Fixation
46.9521 	EXP 	Display Fixation
46.9759 	EXP 	ImageStimulus: image = 'Faces/neutral/Man16_noEmotion.png'
46.9759 	EXP 	ImageStimulus: size = [0.8, 0.8]
46.9759 	EXP 	Display Faces/neutral/Man16_noEmotion.png
47.4473 	EXP 	Display Fixation
47.4499 	EXP 	Display Fixation
47.4527 	EXP 	Display Fixation
47.4679 	EXP 	Display Fixation
47.4848 	EXP 	Display Fixation
47.5025 	EXP 	Display Fixation
47.5198 	EXP 	Display Fixation
47.5363 	EXP 	Display Fixation
47.5531 	EXP 	Display Fixation
47.5697 	EXP 	Display Fixation
47.5864 	EXP 	Display Fixation
47.6030 	EXP 	Display Fixation
47.6197 	EXP 	Display Fixation
47.6363 	EXP 	Display Fixation
47.6536 	EXP 	Display Fixation
47.6700 	EXP 	Display Fixation
47.6866 	EXP 	Display Fixation
47.7033 	EXP 	Display Fixation
47.7199 	EXP 	Display Fixation
47.7362 	EXP 	Display Fixation
47.7532 	EXP 	Display Fixation
47.7698 	EXP 	Display Fixation
47.7863 	EXP 	Display Fixation
47.8029 	EXP 	Display Fixation
47.8197 	EXP 	Display Fixation
47.8364 	EXP 	Display Fixation
47.8530 	EXP 	Display Fixation
47.8700 	EXP 	Display Fixation
47.8863 	EXP 	Display Fixation
47.9033 	EXP 	Display Fixation
47.9199 	EXP 	Display Fixation
47.9364 	EXP 	Display Fixation
47.9529 	EXP 	Display Fixation
47.9697 	EXP 	Display Fixation
47.9865 	EXP 	Display Fixation
48.0030 	EXP 	Display Fixation
48.0198 	EXP 	Display Fixation
48.0365 	EXP 	Display Fixation
48.0533 	EXP 	Display Fixation
48.0697 	EXP 	Display Fixation
48.0864 	EXP 	Display Fixation
48.1032 	EXP 	Display Fixation
48.1197 	EXP 	Display Fixation
48.1365 	EXP 	Display Fixation
48.1531 	EXP 	Display Fixation
48.1699 	EXP 	Display Fixation
48.1863 	EXP 	Display Fixation
48.2031 	EXP 	Display Fixation
48.2198 	EXP 	Display Fixation
48.2366 	EXP 	Display Fixation
48.2533 	EXP 	Display Fixation
48.2696 	EXP 	Display Fixation
48.2865 	EXP 	Display Fixation
48.3030 	EXP 	Display Fixation
48.3198 	EXP 	Display Fixation
48.3364 	EXP 	Display Fixation
48.3533 	EXP 	Display Fixation
48.3699 	EXP 	Display Fixation
48.3863 	EXP 	Display Fixation
48.4031 	EXP 	Display Fixation
48.4199 	EXP 	Display Fixation
48.4362 	EXP 	Display Fixation
48.4533 	EXP 	Display Fixation
48.4697 	EXP 	Display Fixation
48.4866 	EXP 	Display Fixation
48.5031 	EXP 	Display Fixation
48.5197 	EXP 	Display Fixation
48.5364 	EXP 	Display Fixation
48.5530 	EXP 	Display Fixation
48.5698 	EXP 	Display Fixation
48.5863 	EXP 	Display Fixation
48.6030 	EXP 	Display Fixation
48.6197 	EXP 	Display Fixation
48.6358 	EXP 	Display Fixation
48.6531 	EXP 	Display Fixation
48.6707 	EXP 	Display Fixation
48.6867 	EXP 	Display Fixation
48.7034 	EXP 	Display Fixation
48.7199 	EXP 	Display Fixation
48.7365 	EXP 	Display Fixation
48.7531 	EXP 	Display Fixation
48.7699 	EXP 	Display Fixation
48.7866 	EXP 	Display Fixation
48.8032 	EXP 	Display Fixation
48.8198 	EXP 	Display Fixation
48.8367 	EXP 	Display Fixation
48.8531 	EXP 	Display Fixation
48.8699 	EXP 	Display Fixation
48.8865 	EXP 	Display Fixation
48.9035 	EXP 	Display Fixation
48.9199 	EXP 	Display Fixation
48.9366 	EXP 	Display Fixation
48.9532 	EXP 	Display Fixation
48.9699 	EXP 	Display Fixation
48.9865 	EXP 	Display Fixation
49.0032 	EXP 	Display Fixation
49.0200 	EXP 	Display Fixation
49.0366 	EXP 	Display Fixation
49.0531 	EXP 	Display Fixation
49.0700 	EXP 	Display Fixation
49.0865 	EXP 	Display Fixation
49.1033 	EXP 	Display Fixation
49.1201 	EXP 	Display Fixation
49.1365 	EXP 	Display Fixation
49.1532 	EXP 	Display Fixation
49.1697 	EXP 	Display Fixation
49.1865 	EXP 	Display Fixation
49.2031 	EXP 	Display Fixation
49.2198 	EXP 	Display Fixation
49.2364 	EXP 	Display Fixation
49.2532 	EXP 	Display Fixation
49.2698 	EXP 	Display Fixation
49.2868 	EXP 	Display Fixation
49.3032 	EXP 	Display Fixation
49.3197 	EXP 	Display Fixation
49.3365 	EXP 	Display Fixation
49.3532 	EXP 	Display Fixation
49.3698 	EXP 	Display Fixation
49.3863 	EXP 	Display Fixation
49.4031 	EXP 	Display Fixation
49.4199 	EXP 	Display Fixation
49.4364 	EXP 	Display Fixation
49.4533 	EXP 	Display Fixation
49.4697 	EXP 	Display Fixation
49.4864 	EXP 	Display Fixation
49.5033 	EXP 	Display Fixation
49.5198 	EXP 	Display Fixation
49.5360 	EXP 	Display Fixation
49.5532 	EXP 	Display Fixation
49.5699 	EXP 	Display Fixation
49.5869 	EXP 	Display Fixation
49.6018 	EXP 	Display Fixation
49.6198 	EXP 	Display Fixation
49.6366 	EXP 	Display Fixation
49.6533 	EXP 	Display Fixation
49.6691 	EXP 	Display Fixation
49.6865 	EXP 	Display Fixation
49.7098 	EXP 	Display Fixation
49.7217 	EXP 	Display Fixation
49.7353 	EXP 	Display Fixation
49.7530 	EXP 	Display Fixation
49.7698 	EXP 	Display Fixation
49.7866 	EXP 	Display Fixation
49.8030 	EXP 	Display Fixation
49.8196 	EXP 	Display Fixation
49.8363 	EXP 	Display Fixation
49.8530 	EXP 	Display Fixation
49.8697 	EXP 	Display Fixation
49.8862 	EXP 	Display Fixation
49.9031 	EXP 	Display Fixation
49.9192 	EXP 	Display Fixation
49.9363 	EXP 	Display Fixation
49.9529 	EXP 	Display Fixation
49.9697 	EXP 	Display Fixation
49.9862 	EXP 	Display Fixation
50.0033 	EXP 	Display Fixation
50.0196 	EXP 	Display Fixation
50.0363 	EXP 	Display Fixation
50.0531 	EXP 	Display Fixation
50.0697 	EXP 	Display Fixation
50.0864 	EXP 	Display Fixation
50.1031 	EXP 	Display Fixation
50.1197 	EXP 	Display Fixation
50.1363 	EXP 	Display Fixation
50.1532 	EXP 	Display Fixation
50.1687 	EXP 	Display Fixation
50.1863 	EXP 	Display Fixation
50.2029 	EXP 	Display Fixation
50.2194 	EXP 	Display Fixation
50.2364 	EXP 	Display Fixation
50.2531 	EXP 	Display Fixation
50.2696 	EXP 	Display Fixation
50.2862 	EXP 	Display Fixation
50.3030 	EXP 	Display Fixation
50.3197 	EXP 	Display Fixation
50.3362 	EXP 	Display Fixation
50.3530 	EXP 	Display Fixation
50.3696 	EXP 	Display Fixation
50.3864 	EXP 	Display Fixation
50.4029 	EXP 	Display Fixation
50.4198 	EXP 	Display Fixation
50.4363 	EXP 	Display Fixation
50.4533 	EXP 	Display Fixation
50.4699 	EXP 	Display Fixation
50.4867 	EXP 	Display Fixation
50.5029 	EXP 	Display Fixation
50.5197 	EXP 	Display Fixation
50.5366 	EXP 	Display Fixation
50.5524 	EXP 	Display Fixation
50.5697 	EXP 	Display Fixation
50.5866 	EXP 	Display Fixation
50.6030 	EXP 	Display Fixation
50.6194 	EXP 	Display Fixation
50.6364 	EXP 	Display Fixation
50.6530 	EXP 	Display Fixation
50.6697 	EXP 	Display Fixation
50.6864 	EXP 	Display Fixation
50.7031 	EXP 	Display Fixation
50.7197 	EXP 	Display Fixation
50.7363 	EXP 	Display Fixation
50.7529 	EXP 	Display Fixation
50.7696 	EXP 	Display Fixation
50.7864 	EXP 	Display Fixation
50.8029 	EXP 	Display Fixation
50.8197 	EXP 	Display Fixation
50.8363 	EXP 	Display Fixation
50.8531 	EXP 	Display Fixation
50.8698 	EXP 	Display Fixation
50.8864 	EXP 	Display Fixation
50.9030 	EXP 	Display Fixation
50.9198 	EXP 	Display Fixation
50.9363 	EXP 	Display Fixation
50.9531 	EXP 	Display Fixation
50.9697 	EXP 	Display Fixation
50.9865 	EXP 	Display Fixation
51.0030 	EXP 	Display Fixation
51.0194 	EXP 	Display Fixation
51.0362 	EXP 	Display Fixation
51.0525 	EXP 	Display Fixation
51.0698 	EXP 	Display Fixation
51.0865 	EXP 	Display Fixation
51.1029 	EXP 	Display Fixation
51.1198 	EXP 	Display Fixation
51.1363 	EXP 	Display Fixation
51.1529 	EXP 	Display Fixation
51.1699 	EXP 	Display Fixation
51.1862 	EXP 	Display Fixation
51.2029 	EXP 	Display Fixation
51.2199 	EXP 	Display Fixation
51.2363 	EXP 	Display Fixation
51.2531 	EXP 	Display Fixation
51.2696 	EXP 	Display Fixation
51.2864 	EXP 	Display Fixation
51.3031 	EXP 	Display Fixation
51.3198 	EXP 	Display Fixation
51.3365 	EXP 	Display Fixation
51.3524 	EXP 	Display Fixation
51.3695 	EXP 	Display Fixation
51.3863 	EXP 	Display Fixation
51.4030 	EXP 	Display Fixation
51.4196 	EXP 	Display Fixation
51.4364 	EXP 	Display Fixation
51.4531 	EXP 	Display Fixation
51.4697 	EXP 	Display Fixation
51.4862 	EXP 	Display Fixation
51.5031 	EXP 	Display Fixation
51.5269 	EXP 	ImageStimulus: image = 'Faces/neutral/No Emotion_Front_Man11.png'
51.5269 	EXP 	ImageStimulus: size = [0.8, 0.8]
51.5269 	EXP 	Display Faces/neutral/No Emotion_Front_Man11.png
51.9964 	EXP 	Display Fixation
52.0013 	EXP 	Display Fixation
52.0182 	EXP 	Display Fixation
52.0361 	EXP 	Display Fixation
52.0531 	EXP 	Display Fixation
52.0696 	EXP 	Display Fixation
52.0863 	EXP 	Display Fixation
52.1030 	EXP 	Display Fixation
52.1196 	EXP 	Display Fixation
52.1363 	EXP 	Display Fixation
52.1531 	EXP 	Display Fixation
52.1697 	EXP 	Display Fixation
52.1862 	EXP 	Display Fixation
52.2032 	EXP 	Display Fixation
52.2196 	EXP 	Display Fixation
52.2362 	EXP 	Display Fixation
52.2529 	EXP 	Display Fixation
52.2699 	EXP 	Display Fixation
52.2863 	EXP 	Display Fixation
52.3031 	EXP 	Display Fixation
52.3197 	EXP 	Display Fixation
52.3364 	EXP 	Display Fixation
52.3531 	EXP 	Display Fixation
52.3697 	EXP 	Display Fixation
52.3864 	EXP 	Display Fixation
52.4030 	EXP 	Display Fixation
52.4196 	EXP 	Display Fixation
52.4362 	EXP 	Display Fixation
52.4529 	EXP 	Display Fixation
52.4698 	EXP 	Display Fixation
52.4863 	EXP 	Display Fixation
52.5030 	EXP 	Display Fixation
52.5198 	EXP 	Display Fixation
52.5364 	EXP 	Display Fixation
52.5531 	EXP 	Display Fixation
52.5699 	EXP 	Display Fixation
52.5864 	EXP 	Display Fixation
52.6032 	EXP 	Display Fixation
52.6197 	EXP 	Display Fixation
52.6362 	EXP 	Display Fixation
52.6532 	EXP 	Display Fixation
52.6696 	EXP 	Display Fixation
52.6863 	EXP 	Display Fixation
52.7030 	EXP 	Display Fixation
52.7197 	EXP 	Display Fixation
52.7362 	EXP 	Display Fixation
52.7530 	EXP 	Display Fixation
52.7697 	EXP 	Display Fixation
52.7864 	EXP 	Display Fixation
52.8030 	EXP 	Display Fixation
52.8196 	EXP 	Display Fixation
52.8364 	EXP 	Display Fixation
52.8529 	EXP 	Display Fixation
52.8697 	EXP 	Display Fixation
52.8865 	EXP 	Display Fixation
52.9030 	EXP 	Display Fixation
52.9197 	EXP 	Display Fixation
52.9365 	EXP 	Display Fixation
52.9530 	EXP 	Display Fixation
52.9699 	EXP 	Display Fixation
52.9863 	EXP 	Display Fixation
53.0030 	EXP 	Display Fixation
53.0198 	EXP 	Display Fixation
53.0364 	EXP 	Display Fixation
53.0530 	EXP 	Display Fixation
53.0698 	EXP 	Display Fixation
53.0865 	EXP 	Display Fixation
53.1031 	EXP 	Display Fixation
53.1198 	EXP 	Display Fixation
53.1362 	EXP 	Display Fixation
53.1531 	EXP 	Display Fixation
53.1697 	EXP 	Display Fixation
53.1863 	EXP 	Display Fixation
53.2031 	EXP 	Display Fixation
53.2197 	EXP 	Display Fixation
53.2362 	EXP 	Display Fixation
53.2529 	EXP 	Display Fixation
53.2697 	EXP 	Display Fixation
53.2864 	EXP 	Display Fixation
53.3030 	EXP 	Display Fixation
53.3197 	EXP 	Display Fixation
53.3363 	EXP 	Display Fixation
53.3529 	EXP 	Display Fixation
53.3697 	EXP 	Display Fixation
53.3864 	EXP 	Display Fixation
53.4032 	EXP 	Display Fixation
53.4200 	EXP 	Display Fixation
53.4363 	EXP 	Display Fixation
53.4535 	EXP 	Display Fixation
53.4699 	EXP 	Display Fixation
53.4863 	EXP 	Display Fixation
53.5032 	EXP 	Display Fixation
53.5198 	EXP 	Display Fixation
53.5363 	EXP 	Display Fixation
53.5531 	EXP 	Display Fixation
53.5696 	EXP 	Display Fixation
53.5863 	EXP 	Display Fixation
53.6033 	EXP 	Display Fixation
53.6195 	EXP 	Display Fixation
53.6363 	EXP 	Display Fixation
53.6531 	EXP 	Display Fixation
53.6698 	EXP 	Display Fixation
53.6864 	EXP 	Display Fixation
53.7029 	EXP 	Display Fixation
53.7197 	EXP 	Display Fixation
53.7364 	EXP 	Display Fixation
53.7531 	EXP 	Display Fixation
53.7696 	EXP 	Display Fixation
53.7864 	EXP 	Display Fixation
53.8030 	EXP 	Display Fixation
53.8195 	EXP 	Display Fixation
53.8362 	EXP 	Display Fixation
53.8531 	EXP 	Display Fixation
53.8697 	EXP 	Display Fixation
53.8865 	EXP 	Display Fixation
53.9030 	EXP 	Display Fixation
53.9199 	EXP 	Display Fixation
53.9362 	EXP 	Display Fixation
53.9533 	EXP 	Display Fixation
53.9697 	EXP 	Display Fixation
53.9864 	EXP 	Display Fixation
54.0030 	EXP 	Display Fixation
54.0195 	EXP 	Display Fixation
54.0362 	EXP 	Display Fixation
54.0529 	EXP 	Display Fixation
54.0698 	EXP 	Display Fixation
54.0865 	EXP 	Display Fixation
54.1031 	EXP 	Display Fixation
54.1200 	EXP 	Display Fixation
54.1366 	EXP 	Display Fixation
54.1531 	EXP 	Display Fixation
54.1697 	EXP 	Display Fixation
54.1864 	EXP 	Display Fixation
54.2028 	EXP 	Display Fixation
54.2198 	EXP 	Display Fixation
54.2364 	EXP 	Display Fixation
54.2531 	EXP 	Display Fixation
54.2698 	EXP 	Display Fixation
54.2863 	EXP 	Display Fixation
54.3030 	EXP 	Display Fixation
54.3197 	EXP 	Display Fixation
54.3363 	EXP 	Display Fixation
54.3529 	EXP 	Display Fixation
54.3699 	EXP 	Display Fixation
54.3867 	EXP 	Display Fixation
54.4029 	EXP 	Display Fixation
54.4196 	EXP 	Display Fixation
54.4364 	EXP 	Display Fixation
54.4530 	EXP 	Display Fixation
54.4697 	EXP 	Display Fixation
54.4866 	EXP 	Display Fixation
54.5032 	EXP 	Display Fixation
54.5196 	EXP 	Display Fixation
54.5365 	EXP 	Display Fixation
54.5529 	EXP 	Display Fixation
54.5696 	EXP 	Display Fixation
54.5863 	EXP 	Display Fixation
54.6029 	EXP 	Display Fixation
54.6197 	EXP 	Display Fixation
54.6362 	EXP 	Display Fixation
54.6534 	EXP 	Display Fixation
54.6697 	EXP 	Display Fixation
54.6863 	EXP 	Display Fixation
54.7030 	EXP 	Display Fixation
54.7197 	EXP 	Display Fixation
54.7364 	EXP 	Display Fixation
54.7530 	EXP 	Display Fixation
54.7698 	EXP 	Display Fixation
54.7864 	EXP 	Display Fixation
54.8031 	EXP 	Display Fixation
54.8197 	EXP 	Display Fixation
54.8363 	EXP 	Display Fixation
54.8530 	EXP 	Display Fixation
54.8699 	EXP 	Display Fixation
54.8867 	EXP 	Display Fixation
54.9029 	EXP 	Display Fixation
54.9196 	EXP 	Display Fixation
54.9363 	EXP 	Display Fixation
54.9532 	EXP 	Display Fixation
54.9699 	EXP 	Display Fixation
54.9864 	EXP 	Display Fixation
55.0030 	EXP 	Display Fixation
55.0198 	EXP 	Display Fixation
55.0367 	EXP 	Display Fixation
55.0530 	EXP 	Display Fixation
55.0699 	EXP 	Display Fixation
55.0864 	EXP 	Display Fixation
55.1029 	EXP 	Display Fixation
55.1197 	EXP 	Display Fixation
55.1364 	EXP 	Display Fixation
55.1532 	EXP 	Display Fixation
55.1696 	EXP 	Display Fixation
55.1863 	EXP 	Display Fixation
55.2032 	EXP 	Display Fixation
55.2196 	EXP 	Display Fixation
55.2362 	EXP 	Display Fixation
55.2531 	EXP 	Display Fixation
55.2700 	EXP 	Display Fixation
55.2864 	EXP 	Display Fixation
55.3030 	EXP 	Display Fixation
55.3198 	EXP 	Display Fixation
55.3364 	EXP 	Display Fixation
55.3532 	EXP 	Display Fixation
55.3699 	EXP 	Display Fixation
55.3863 	EXP 	Display Fixation
55.4030 	EXP 	Display Fixation
55.4196 	EXP 	Display Fixation
55.4364 	EXP 	Display Fixation
55.4530 	EXP 	Display Fixation
55.4696 	EXP 	Display Fixation
55.4865 	EXP 	Display Fixation
55.5030 	EXP 	Display Fixation
55.5197 	EXP 	Display Fixation
55.5362 	EXP 	Display Fixation
55.5532 	EXP 	Display Fixation
55.5698 	EXP 	Display Fixation
55.5864 	EXP 	Display Fixation
55.6031 	EXP 	Display Fixation
55.6197 	EXP 	Display Fixation
55.6363 	EXP 	Display Fixation
55.6531 	EXP 	Display Fixation
55.6698 	EXP 	Display Fixation
55.6864 	EXP 	Display Fixation
55.7032 	EXP 	Display Fixation
55.7196 	EXP 	Display Fixation
55.7362 	EXP 	Display Fixation
55.7531 	EXP 	Display Fixation
55.7697 	EXP 	Display Fixation
55.7863 	EXP 	Display Fixation
55.8030 	EXP 	Display Fixation
55.8196 	EXP 	Display Fixation
55.8366 	EXP 	Display Fixation
55.8530 	EXP 	Display Fixation
55.8698 	EXP 	Display Fixation
55.8864 	EXP 	Display Fixation
55.9031 	EXP 	Display Fixation
55.9198 	EXP 	Display Fixation
55.9363 	EXP 	Display Fixation
55.9531 	EXP 	Display Fixation
55.9697 	EXP 	Display Fixation
55.9862 	EXP 	Display Fixation
56.0030 	EXP 	Display Fixation
56.0197 	EXP 	Display Fixation
56.0366 	EXP 	Display Fixation
56.0529 	EXP 	Display Fixation
56.0691 	EXP 	Display Fixation
56.0864 	EXP 	Display Fixation
56.1031 	EXP 	Display Fixation
56.1197 	EXP 	Display Fixation
56.1363 	EXP 	Display Fixation
56.1530 	EXP 	Display Fixation
56.1697 	EXP 	Display Fixation
56.1864 	EXP 	Display Fixation
56.2034 	EXP 	Display Fixation
56.2194 	EXP 	Display Fixation
56.2363 	EXP 	Display Fixation
56.2531 	EXP 	Display Fixation
56.2697 	EXP 	Display Fixation
56.2864 	EXP 	Display Fixation
56.3032 	EXP 	Display Fixation
56.3197 	EXP 	Display Fixation
56.3363 	EXP 	Display Fixation
56.3531 	EXP 	Display Fixation
56.3696 	EXP 	Display Fixation
56.3864 	EXP 	Display Fixation
56.4030 	EXP 	Display Fixation
56.4196 	EXP 	Display Fixation
56.4363 	EXP 	Display Fixation
56.4520 	EXP 	Display Fixation
56.4699 	EXP 	Display Fixation
56.4864 	EXP 	Display Fixation
56.5031 	EXP 	Display Fixation
56.5197 	EXP 	Display Fixation
56.5363 	EXP 	Display Fixation
56.5533 	EXP 	Display Fixation
56.5739 	EXP 	ImageStimulus: image = 'Faces/neutral/Woman12_hat.png'
56.5739 	EXP 	ImageStimulus: size = [0.8, 0.8]
56.5739 	EXP 	Display Faces/neutral/Woman12_hat.png
57.0471 	EXP 	Display Fixation
57.0491 	EXP 	Display Fixation
57.0518 	EXP 	Display Fixation
57.0681 	EXP 	Display Fixation
57.0857 	EXP 	Display Fixation
57.1031 	EXP 	Display Fixation
57.1197 	EXP 	Display Fixation
57.1363 	EXP 	Display Fixation
57.1529 	EXP 	Display Fixation
57.1696 	EXP 	Display Fixation
57.1864 	EXP 	Display Fixation
57.2032 	EXP 	Display Fixation
57.2197 	EXP 	Display Fixation
57.2364 	EXP 	Display Fixation
57.2535 	EXP 	Display Fixation
57.2698 	EXP 	Display Fixation
57.2863 	EXP 	Display Fixation
57.3030 	EXP 	Display Fixation
57.3199 	EXP 	Display Fixation
57.3364 	EXP 	Display Fixation
57.3533 	EXP 	Display Fixation
57.3698 	EXP 	Display Fixation
57.3864 	EXP 	Display Fixation
57.4031 	EXP 	Display Fixation
57.4196 	EXP 	Display Fixation
57.4363 	EXP 	Display Fixation
57.4530 	EXP 	Display Fixation
57.4700 	EXP 	Display Fixation
57.4863 	EXP 	Display Fixation
57.5030 	EXP 	Display Fixation
57.5197 	EXP 	Display Fixation
57.5364 	EXP 	Display Fixation
57.5530 	EXP 	Display Fixation
57.5699 	EXP 	Display Fixation
57.5862 	EXP 	Display Fixation
57.6029 	EXP 	Display Fixation
57.6196 	EXP 	Display Fixation
57.6363 	EXP 	Display Fixation
57.6529 	EXP 	Display Fixation
57.6697 	EXP 	Display Fixation
57.6864 	EXP 	Display Fixation
57.7029 	EXP 	Display Fixation
57.7197 	EXP 	Display Fixation
57.7364 	EXP 	Display Fixation
57.7531 	EXP 	Display Fixation
57.7699 	EXP 	Display Fixation
57.7863 	EXP 	Display Fixation
57.8030 	EXP 	Display Fixation
57.8197 	EXP 	Display Fixation
57.8364 	EXP 	Display Fixation
57.8530 	EXP 	Display Fixation
57.8696 	EXP 	Display Fixation
57.8864 	EXP 	Display Fixation
57.9030 	EXP 	Display Fixation
57.9198 	EXP 	Display Fixation
57.9363 	EXP 	Display Fixation
57.9531 	EXP 	Display Fixation
57.9698 	EXP 	Display Fixation
57.9863 	EXP 	Display Fixation
58.0029 	EXP 	Display Fixation
58.0196 	EXP 	Display Fixation
58.0365 	EXP 	Display Fixation
58.0530 	EXP 	Display Fixation
58.0699 	EXP 	Display Fixation
58.0863 	EXP 	Display Fixation
58.1031 	EXP 	Display Fixation
58.1198 	EXP 	Display Fixation
58.1363 	EXP 	Display Fixation
58.1530 	EXP 	Display Fixation
58.1701 	EXP 	Display Fixation
58.1865 	EXP 	Display Fixation
58.2030 	EXP 	Display Fixation
58.2198 	EXP 	Display Fixation
58.2364 	EXP 	Display Fixation
58.2529 	EXP 	Display Fixation
58.2698 	EXP 	Display Fixation
58.2866 	EXP 	Display Fixation
58.3030 	EXP 	Display Fixation
58.3196 	EXP 	Display Fixation
58.3363 	EXP 	Display Fixation
58.3532 	EXP 	Display Fixation
58.3697 	EXP 	Display Fixation
58.3862 	EXP 	Display Fixation
58.4030 	EXP 	Display Fixation
58.4196 	EXP 	Display Fixation
58.4362 	EXP 	Display Fixation
58.4531 	EXP 	Display Fixation
58.4701 	EXP 	Display Fixation
58.4866 	EXP 	Display Fixation
58.5029 	EXP 	Display Fixation
58.5196 	EXP 	Display Fixation
58.5364 	EXP 	Display Fixation
58.5531 	EXP 	Display Fixation
58.5698 	EXP 	Display Fixation
58.5865 	EXP 	Display Fixation
58.6030 	EXP 	Display Fixation
58.6196 	EXP 	Display Fixation
58.6363 	EXP 	Display Fixation
58.6530 	EXP 	Display Fixation
58.6699 	EXP 	Display Fixation
58.6863 	EXP 	Display Fixation
58.7031 	EXP 	Display Fixation
58.7196 	EXP 	Display Fixation
58.7365 	EXP 	Display Fixation
58.7531 	EXP 	Display Fixation
58.7699 	EXP 	Display Fixation
58.7864 	EXP 	Display Fixation
58.8030 	EXP 	Display Fixation
58.8196 	EXP 	Display Fixation
58.8361 	EXP 	Display Fixation
58.8530 	EXP 	Display Fixation
58.8698 	EXP 	Display Fixation
58.8862 	EXP 	Display Fixation
58.9029 	EXP 	Display Fixation
58.9196 	EXP 	Display Fixation
58.9363 	EXP 	Display Fixation
58.9530 	EXP 	Display Fixation
58.9698 	EXP 	Display Fixation
58.9862 	EXP 	Display Fixation
59.0030 	EXP 	Display Fixation
59.0197 	EXP 	Display Fixation
59.0367 	EXP 	Display Fixation
59.0530 	EXP 	Display Fixation
59.0696 	EXP 	Display Fixation
59.0865 	EXP 	Display Fixation
59.1030 	EXP 	Display Fixation
59.1197 	EXP 	Display Fixation
59.1363 	EXP 	Display Fixation
59.1538 	EXP 	Display Fixation
59.1680 	EXP 	Display Fixation
59.1844 	EXP 	Display Fixation
59.2012 	EXP 	Display Fixation
59.2182 	EXP 	Display Fixation
59.2361 	EXP 	Display Fixation
59.2528 	EXP 	Display Fixation
59.2699 	EXP 	Display Fixation
59.2863 	EXP 	Display Fixation
59.3028 	EXP 	Display Fixation
59.3193 	EXP 	Display Fixation
59.3366 	EXP 	Display Fixation
59.3529 	EXP 	Display Fixation
59.3700 	EXP 	Display Fixation
59.3865 	EXP 	Display Fixation
59.4032 	EXP 	Display Fixation
59.4198 	EXP 	Display Fixation
59.4363 	EXP 	Display Fixation
59.4531 	EXP 	Display Fixation
59.4700 	EXP 	Display Fixation
59.4865 	EXP 	Display Fixation
59.5031 	EXP 	Display Fixation
59.5198 	EXP 	Display Fixation
59.5365 	EXP 	Display Fixation
59.5531 	EXP 	Display Fixation
59.5701 	EXP 	Display Fixation
59.5866 	EXP 	Display Fixation
59.6031 	EXP 	Display Fixation
59.6198 	EXP 	Display Fixation
59.6367 	EXP 	Display Fixation
59.6531 	EXP 	Display Fixation
59.6698 	EXP 	Display Fixation
59.6868 	EXP 	Display Fixation
59.7031 	EXP 	Display Fixation
59.7197 	EXP 	Display Fixation
59.7364 	EXP 	Display Fixation
59.7533 	EXP 	Display Fixation
59.7699 	EXP 	Display Fixation
59.7866 	EXP 	Display Fixation
59.8032 	EXP 	Display Fixation
59.8198 	EXP 	Display Fixation
59.8364 	EXP 	Display Fixation
59.8534 	EXP 	Display Fixation
59.8697 	EXP 	Display Fixation
59.8866 	EXP 	Display Fixation
59.9034 	EXP 	Display Fixation
59.9197 	EXP 	Display Fixation
59.9364 	EXP 	Display Fixation
59.9531 	EXP 	Display Fixation
59.9691 	EXP 	Display Fixation
59.9864 	EXP 	Display Fixation
60.0031 	EXP 	Display Fixation
60.0197 	EXP 	Display Fixation
60.0364 	EXP 	Display Fixation
60.0531 	EXP 	Display Fixation
60.0700 	EXP 	Display Fixation
60.0865 	EXP 	Display Fixation
60.1031 	EXP 	Display Fixation
60.1198 	EXP 	Display Fixation
60.1368 	EXP 	Display Fixation
60.1533 	EXP 	Display Fixation
60.1701 	EXP 	Display Fixation
60.1864 	EXP 	Display Fixation
60.2034 	EXP 	Display Fixation
60.2198 	EXP 	Display Fixation
60.2363 	EXP 	Display Fixation
60.2529 	EXP 	Display Fixation
60.2567 	DATA 	Keypress: escape
60.2691 	EXP 	Display Fixation
60.2866 	EXP 	Display Fixation
60.3030 	EXP 	Display Fixation
60.3198 	EXP 	Display Fixation
60.3364 	EXP 	Display Fixation
60.3560 	EXP 	Display Fixation
60.3696 	EXP 	Display Fixation
60.3867 	EXP 	Display Fixation
60.4030 	EXP 	Display Fixation
60.4197 	EXP 	Display Fixation
60.4362 	EXP 	Display Fixation
60.4529 	EXP 	Display Fixation
60.4696 	EXP 	Display Fixation
60.4865 	EXP 	Display Fixation
60.5030 	EXP 	Display Fixation
60.5198 	EXP 	Display Fixation
60.5365 	EXP 	Display Fixation
60.5530 	EXP 	Display Fixation
60.5697 	EXP 	Display Fixation
60.5862 	EXP 	Display Fixation
60.6031 	EXP 	Display Fixation
60.6196 	EXP 	Display Fixation
60.6363 	EXP 	Display Fixation
60.6532 	EXP 	Display Fixation
60.6697 	EXP 	Display Fixation
60.6864 	EXP 	Display Fixation
60.7031 	EXP 	Display Fixation
60.7197 	EXP 	Display Fixation
60.7363 	EXP 	Display Fixation
60.7529 	EXP 	Display Fixation
60.7698 	EXP 	Display Fixation
60.7865 	EXP 	Display Fixation
60.8030 	EXP 	Display Fixation
60.8197 	EXP 	Display Fixation
60.8363 	EXP 	Display Fixation
60.8529 	EXP 	Display Fixation
60.8697 	EXP 	Display Fixation
60.8864 	EXP 	Display Fixation
60.9032 	EXP 	Display Fixation
60.9196 	EXP 	Display Fixation
60.9365 	EXP 	Display Fixation
60.9530 	EXP 	Display Fixation
60.9696 	EXP 	Display Fixation
60.9863 	EXP 	Display Fixation
61.0034 	EXP 	Display Fixation
61.0197 	EXP 	Display Fixation
61.0366 	EXP 	Display Fixation
61.0534 	EXP 	Display Fixation
61.0701 	EXP 	Display Fixation
61.0863 	EXP 	Display Fixation
61.1033 	EXP 	Display Fixation
61.1196 	EXP 	Display Fixation
61.1363 	EXP 	Display Fixation
61.1530 	EXP 	Display Fixation
61.1697 	EXP 	Display Fixation
61.1867 	EXP 	Display Fixation
61.2029 	EXP 	Display Fixation
61.2198 	EXP 	Display Fixation
61.2367 	EXP 	Display Fixation
61.2531 	EXP 	Display Fixation
61.2702 	EXP 	Display Fixation
61.2867 	EXP 	Display Fixation
61.3030 	EXP 	Display Fixation
61.3196 	EXP 	Display Fixation
61.3368 	EXP 	Display Fixation
61.3534 	EXP 	Display Fixation
61.3697 	EXP 	Display Fixation
61.3863 	EXP 	Display Fixation
61.4032 	EXP 	Display Fixation
61.4198 	EXP 	Display Fixation
61.4363 	EXP 	Display Fixation
61.4530 	EXP 	Display Fixation
61.4698 	EXP 	Display Fixation
61.4864 	EXP 	Display Fixation
61.5032 	EXP 	Display Fixation
61.5197 	EXP 	Display Fixation
61.5363 	EXP 	Display Fixation
61.5531 	EXP 	Display Fixation
61.5696 	EXP 	Display Fixation
61.5865 	EXP 	Display Fixation
61.6029 	EXP 	Display Fixation
61.6251 	EXP 	ImageStimulus: image = 'Faces/neutral/Woman16_noEmotion.png'
61.6251 	EXP 	ImageStimulus: size = [0.8, 0.8]
61.6251 	EXP 	Display Faces/neutral/Woman16_noEmotion.png
62.0970 	EXP 	Display Fixation
62.1012 	EXP 	Display Fixation
62.1183 	EXP 	Display Fixation
62.1357 	EXP 	Display Fixation
62.1530 	EXP 	Display Fixation
62.1699 	EXP 	Display Fixation
62.1864 	EXP 	Display Fixation
62.2031 	EXP 	Display Fixation
62.2198 	EXP 	Display Fixation
62.2363 	EXP 	Display Fixation
62.2531 	EXP 	Display Fixation
62.2699 	EXP 	Display Fixation
62.2867 	EXP 	Display Fixation
62.3029 	EXP 	Display Fixation
62.3200 	EXP 	Display Fixation
62.3363 	EXP 	Display Fixation
62.3531 	EXP 	Display Fixation
62.3700 	EXP 	Display Fixation
62.3863 	EXP 	Display Fixation
62.4030 	EXP 	Display Fixation
62.4197 	EXP 	Display Fixation
62.4363 	EXP 	Display Fixation
62.4530 	EXP 	Display Fixation
62.4696 	EXP 	Display Fixation
62.4865 	EXP 	Display Fixation
62.5030 	EXP 	Display Fixation
62.5197 	EXP 	Display Fixation
62.5364 	EXP 	Display Fixation
62.5530 	EXP 	Display Fixation
62.5698 	EXP 	Display Fixation
62.5864 	EXP 	Display Fixation
62.6029 	EXP 	Display Fixation
62.6197 	EXP 	Display Fixation
62.6364 	EXP 	Display Fixation
62.6531 	EXP 	Display Fixation
62.6698 	EXP 	Display Fixation
62.6863 	EXP 	Display Fixation
62.7033 	EXP 	Display Fixation
62.7200 	EXP 	Display Fixation
62.7364 	EXP 	Display Fixation
62.7525 	EXP 	Display Fixation
62.7698 	EXP 	Display Fixation
62.7864 	EXP 	Display Fixation
62.8030 	EXP 	Display Fixation
62.8196 	EXP 	Display Fixation
62.8362 	EXP 	Display Fixation
62.8530 	EXP 	Display Fixation
62.8698 	EXP 	Display Fixation
62.8865 	EXP 	Display Fixation
62.9030 	EXP 	Display Fixation
62.9198 	EXP 	Display Fixation
62.9362 	EXP 	Display Fixation
62.9530 	EXP 	Display Fixation
62.9697 	EXP 	Display Fixation
62.9864 	EXP 	Display Fixation
63.0031 	EXP 	Display Fixation
63.0197 	EXP 	Display Fixation
63.0363 	EXP 	Display Fixation
63.0530 	EXP 	Display Fixation
63.0699 	EXP 	Display Fixation
63.0865 	EXP 	Display Fixation
63.1031 	EXP 	Display Fixation
63.1201 	EXP 	Display Fixation
63.1364 	EXP 	Display Fixation
63.1529 	EXP 	Display Fixation
63.1699 	EXP 	Display Fixation
63.1864 	EXP 	Display Fixation
63.2029 	EXP 	Display Fixation
63.2197 	EXP 	Display Fixation
63.2365 	EXP 	Display Fixation
63.2530 	EXP 	Display Fixation
63.2697 	EXP 	Display Fixation
63.2864 	EXP 	Display Fixation
63.3029 	EXP 	Display Fixation
63.3196 	EXP 	Display Fixation
63.3367 	EXP 	Display Fixation
63.3530 	EXP 	Display Fixation
63.3699 	EXP 	Display Fixation
63.3862 	EXP 	Display Fixation
63.4030 	EXP 	Display Fixation
63.4198 	EXP 	Display Fixation
63.4362 	EXP 	Display Fixation
63.4531 	EXP 	Display Fixation
63.4698 	EXP 	Display Fixation
63.4869 	EXP 	Display Fixation
63.5030 	EXP 	Display Fixation
63.5198 	EXP 	Display Fixation
63.5362 	EXP 	Display Fixation
63.5530 	EXP 	Display Fixation
63.5697 	EXP 	Display Fixation
63.5864 	EXP 	Display Fixation
63.6031 	EXP 	Display Fixation
63.6196 	EXP 	Display Fixation
63.6363 	EXP 	Display Fixation
63.6535 	EXP 	Display Fixation
63.6696 	EXP 	Display Fixation
63.6863 	EXP 	Display Fixation
63.7031 	EXP 	Display Fixation
63.7197 	EXP 	Display Fixation
63.7363 	EXP 	Display Fixation
63.7530 	EXP 	Display Fixation
63.7697 	EXP 	Display Fixation
63.7864 	EXP 	Display Fixation
63.8029 	EXP 	Display Fixation
63.8197 	EXP 	Display Fixation
63.8366 	EXP 	Display Fixation
63.8530 	EXP 	Display Fixation
63.8698 	EXP 	Display Fixation
63.8864 	EXP 	Display Fixation
63.9030 	EXP 	Display Fixation
63.9197 	EXP 	Display Fixation
63.9365 	EXP 	Display Fixation
63.9531 	EXP 	Display Fixation
63.9698 	EXP 	Display Fixation
63.9866 	EXP 	Display Fixation
64.0029 	EXP 	Display Fixation
64.0197 	EXP 	Display Fixation
64.0363 	EXP 	Display Fixation
64.0530 	EXP 	Display Fixation
64.0696 	EXP 	Display Fixation
64.0864 	EXP 	Display Fixation
64.1030 	EXP 	Display Fixation
64.1196 	EXP 	Display Fixation
64.1364 	EXP 	Display Fixation
64.1530 	EXP 	Display Fixation
64.1696 	EXP 	Display Fixation
64.1863 	EXP 	Display Fixation
64.2031 	EXP 	Display Fixation
64.2197 	EXP 	Display Fixation
64.2363 	EXP 	Display Fixation
64.2528 	EXP 	Display Fixation
64.2698 	EXP 	Display Fixation
64.2863 	EXP 	Display Fixation
64.3030 	EXP 	Display Fixation
64.3197 	EXP 	Display Fixation
64.3366 	EXP 	Display Fixation
64.3529 	EXP 	Display Fixation
64.3699 	EXP 	Display Fixation
64.3863 	EXP 	Display Fixation
64.4031 	EXP 	Display Fixation
64.4198 	EXP 	Display Fixation
64.4363 	EXP 	Display Fixation
64.4530 	EXP 	Display Fixation
64.4697 	EXP 	Display Fixation
64.4869 	EXP 	Display Fixation
64.5031 	EXP 	Display Fixation
64.5197 	EXP 	Display Fixation
64.5363 	EXP 	Display Fixation
64.5530 	EXP 	Display Fixation
64.5700 	EXP 	Display Fixation
64.5864 	EXP 	Display Fixation
64.6030 	EXP 	Display Fixation
64.6197 	EXP 	Display Fixation
64.6367 	EXP 	Display Fixation
64.6531 	EXP 	Display Fixation
64.6699 	EXP 	Display Fixation
64.6864 	EXP 	Display Fixation
64.7030 	EXP 	Display Fixation
64.7196 	EXP 	Display Fixation
64.7366 	EXP 	Display Fixation
64.7530 	EXP 	Display Fixation
64.7697 	EXP 	Display Fixation
64.7863 	EXP 	Display Fixation
64.8030 	EXP 	Display Fixation
64.8198 	EXP 	Display Fixation
64.8364 	EXP 	Display Fixation
64.8529 	EXP 	Display Fixation
64.8531 	EXP 	--- END EXPERIMENT ---
64.8760 	EXP 	topMsg: text = "That's the end! "
64.8760 	EXP 	bottomMsg: text = "Press 'q' or 'escape' to end the session."
64.8760 	EXP 	Display TheEnd
65.6854 	DATA 	Keypress: escape
66.2359 	EXP 	win: mouseVisible = True
97.9838 	EXP 	number of targets counted: 1
