0.9665 	WARNING 	We strongly recommend you activate the PTB sound engine in PsychoPy prefs as the preferred audio engine. Its timing is vastly superior. Your prefs are currently set to use ['sounddevice', 'PTB', 'pyo', 'pygame'] (in that order).
11.1217 	INFO 	---START PARAMETERS---
11.1217 	INFO 	filename: AttentionalSwitching_d1-1-1-Nov_10_1502
11.1217 	INFO 	subject: 1
11.1217 	INFO 	session: 1
11.1217 	INFO 	date: Nov_10_1502
11.1218 	INFO 	ISI: 1.75
11.1218 	INFO 	baudeRate: 115200
11.1218 	INFO 	blankMessage: bytearray(b'\x14')
11.1218 	INFO 	choices: [1, 2, 3]
11.1218 	INFO 	deviceName: /dev/cu.usbserial-DN2Q03JQ
11.1218 	INFO 	fixCrossPos: [0, 0]
11.1218 	INFO 	fixCrossSize: 0.1
11.1218 	INFO 	fullScreen: True
11.1218 	INFO 	imageDir_neutral: Faces/neutral/
11.1219 	INFO 	imageDir_social: Faces/social/
11.1219 	INFO 	imageDir_threat: Faces/threat/
11.1219 	INFO 	imageSize: [0.8, 0.8]
11.1219 	INFO 	imageSubstring: nontarget
11.1219 	INFO 	imageSuffix: .png
11.1219 	INFO 	nTrials: 5
11.1219 	INFO 	nontargetMessage: bytearray(b'(')
11.1219 	INFO 	postFixMessage: bytearray(b'\n')
11.1219 	INFO 	postStimDur: 1.0
11.1219 	INFO 	preFixMessage: bytearray(b'\x01')
11.1224 	INFO 	preStimDur: [0.5 0.6 0.7 0.8 0.9 1.  1.1 1.2 1.3 1.4 1.5 1.6 1.7 1.8 1.9]
11.1225 	INFO 	promptDir: Text/
11.1225 	INFO 	promptFile_neutral: NeutralPrompts.csv
11.1225 	INFO 	promptFile_social: SocialPrompts.csv
11.1225 	INFO 	promptFile_threat: ThreatPrompts.csv
11.1225 	INFO 	promptImageSize: [1.2, 0.3]
11.1225 	INFO 	respAdvances: True
11.1225 	INFO 	respKeys: ['r', 'b', 'y', 'g']
11.1225 	INFO 	screenColor: (128, 128, 128)
11.1225 	INFO 	screenToShow: 0
11.1226 	INFO 	skipPrompts: False
11.1226 	INFO 	stimDur: 0.5
11.1226 	INFO 	tStartup: 1
11.1226 	INFO 	targetMessage: bytearray(b'\x1e')
11.1226 	INFO 	triggerKey: t
11.1226 	INFO 	---END PARAMETERS---
11.5695 	INFO 	Loaded monitor calibration from ['2021_06_28 14:15']
11.5721 	WARNING 	User requested fullscreen with size [800 600], but screen is actually [1920, 1080]. Using actual size
12.1241 	EXP 	Created win = Window(allowGUI=False, allowStencil=False, autoLog=True, backendConf=UNKNOWN, bitsMode=UNKNOWN, blendMode='avg', bpc=(8, 8, 8), color=array([128, 128, 128]), colorSpace='rgb255', depthBits=8, fullscr=<method-wrapper '__getattribute__' of attributeSetter object at 0x7ffc32baeda0>, gamma=None, gammaErrorPolicy='raise', lms=UNKNOWN, monitor=<psychopy.monitors.calibTools.Monitor object at 0x7ffc305bbda0>, multiSample=False, name='win', numSamples=2, pos=[0.0, 0.0], screen=0, size=array([1920, 1080]), stencilBits=0, stereo=False, units='height', useFBO=False, useRetina=False, viewOri=0.0, viewPos=None, viewScale=None, waitBlanking=True, winType='pyglet')
12.1244 	EXP 	win: mouseVisible = True
12.1300 	EXP 	Created fixCross = ShapeStim(__class__=<class 'psychopy.visual.shape.ShapeStim'>, autoDraw=False, autoLog=True, closeShape=False, color=method-wrapper(...), colorSpace='rgb', contrast=None, depth=0, fillColor=array([0, 0, 0]), fillColorSpace='rgb', fillRGB=UNKNOWN, interpolate=True, lineColor=array([-1., -1., -1.]), lineColorSpace='rgb', lineRGB=UNKNOWN, lineWidth=3.0, name='fixCross', opacity=0.5, ori=0.0, pos=array([0., 0.]), size=array([1., 1.]), units='height', vertices=ndarray(...), win=Window(...), windingRule=None)
12.1305 	WARNING 	TextStim.alignHoriz is deprecated. Use alignText and anchorHoriz attributes instead
12.1614 	EXP 	Created topMsg = TextStim(__class__=<class 'psychopy.visual.text.TextStim'>, alignHoriz='center', alignText='center', alignVert=method-wrapper(...), anchorHoriz='center', anchorVert='center', antialias=True, autoLog=True, bold=False, color=array([-1., -1., -1.]), colorSpace='rgb', contrast=1.0, depth=0, flipHoriz=False, flipVert=False, font='', fontFiles=[], height=0.1, italic=False, languageStyle='LTR', name='topMsg', opacity=1.0, ori=0.0, pos=array([0. , 0.5]), rgb=UNKNOWN, text='aaa', units='norm', win=Window(...), wrapWidth=1.5)
12.1615 	WARNING 	TextStim.alignHoriz is deprecated. Use alignText and anchorHoriz attributes instead
12.1642 	EXP 	Created bottomMsg = TextStim(__class__=<class 'psychopy.visual.text.TextStim'>, alignHoriz='center', alignText='center', alignVert=method-wrapper(...), anchorHoriz='center', anchorVert='center', antialias=True, autoLog=True, bold=False, color=array([-1., -1., -1.]), colorSpace='rgb', contrast=1.0, depth=0, flipHoriz=False, flipVert=False, font='', fontFiles=[], height=0.1, italic=False, languageStyle='LTR', name='bottomMsg', opacity=1.0, ori=0.0, pos=array([ 0. , -0.5]), rgb=UNKNOWN, text='bbb', units='norm', win=Window(...), wrapWidth=1.5)
12.2091 	EXP 	Created ImageStimulus = ImageStim(__class__=<class 'psychopy.visual.image.ImageStim'>, autoLog=True, color=array([1., 1., 1.]), colorSpace='rgb', contrast=1.0, depth=0, flipHoriz=False, flipVert=False, image='Faces/neutral/Man18_noEmotion.png', interpolate=False, mask=None, maskParams=None, name='ImageStimulus', opacity=1, ori=0.0, pos=array([0., 0.]), size=array([0.46296296, 0.46296296]), texRes=128, units='height', win=Window(...))
12.2550 	EXP 	topMsg: text = 'In this task, you will see images briefly flashed on the screen. Your job is to count the images in a “target” category and ignore the others. At the end, we will ask you how many target images you saw.'
12.2550 	EXP 	bottomMsg: text = 'In this run, please count all the faces with hats. (Press ENTER to continue.)'
12.2550 	EXP 	Display Instructions1
15.0944 	DATA 	Keypress: return
15.1380 	EXP 	topMsg: text = 'Here are some examples of faces with hats (left) and no hats (right).'
15.1380 	EXP 	bottomMsg: text = 'Just before and after each image, there will be a cross in the middle of the screen. Please look directly at the cross and try not to blink during this period. (Press ENTER to continue.)'
15.1380 	EXP 	ImageStimulus: size = array([1.1787037 , 0.25555556])
15.1380 	EXP 	ImageStimulus: image = 'Faces/sample_images/sample_neutral.png'
15.1380 	EXP 	ImageStimulus: size = [1.2, 0.3]
15.1380 	EXP 	Display Instructions2
17.4190 	DATA 	Keypress: return
17.4381 	EXP 	topMsg: text = 'If you have any questions, please ask the experimenter now.'
17.4381 	EXP 	bottomMsg: text = 'WHEN YOU ARE READY TO BEGIN, press any button.'
17.4381 	EXP 	Display Instructions3
18.9178 	DATA 	Keypress: return
18.9270 	EXP 	topMsg: text = 'Waiting for scanner to start...'
18.9270 	EXP 	bottomMsg: text = "(Press 'T' to override.)"
18.9270 	EXP 	Display WaitingForScanner
22.6466 	DATA 	Keypress: t
22.6473 	EXP 	---START EXPERIMENT---
22.6563 	EXP 	Display Fixation
22.6699 	EXP 	Display Fixation
22.6871 	EXP 	Display Fixation
22.7049 	EXP 	Display Fixation
22.7215 	EXP 	Display Fixation
22.7373 	EXP 	Display Fixation
22.7534 	EXP 	Display Fixation
22.7708 	EXP 	Display Fixation
22.7883 	EXP 	Display Fixation
22.8049 	EXP 	Display Fixation
22.8215 	EXP 	Display Fixation
22.8382 	EXP 	Display Fixation
22.8548 	EXP 	Display Fixation
22.8717 	EXP 	Display Fixation
22.8883 	EXP 	Display Fixation
22.9050 	EXP 	Display Fixation
22.9216 	EXP 	Display Fixation
22.9383 	EXP 	Display Fixation
22.9549 	EXP 	Display Fixation
22.9716 	EXP 	Display Fixation
22.9883 	EXP 	Display Fixation
23.0049 	EXP 	Display Fixation
23.0215 	EXP 	Display Fixation
23.0383 	EXP 	Display Fixation
23.0549 	EXP 	Display Fixation
23.0717 	EXP 	Display Fixation
23.0882 	EXP 	Display Fixation
23.1049 	EXP 	Display Fixation
23.1216 	EXP 	Display Fixation
23.1386 	EXP 	Display Fixation
23.1547 	EXP 	Display Fixation
23.1714 	EXP 	Display Fixation
23.1882 	EXP 	Display Fixation
23.2049 	EXP 	Display Fixation
23.2215 	EXP 	Display Fixation
23.2382 	EXP 	Display Fixation
23.2550 	EXP 	Display Fixation
23.2719 	EXP 	Display Fixation
23.2883 	EXP 	Display Fixation
23.3048 	EXP 	Display Fixation
23.3214 	EXP 	Display Fixation
23.3382 	EXP 	Display Fixation
23.3549 	EXP 	Display Fixation
23.3715 	EXP 	Display Fixation
23.3883 	EXP 	Display Fixation
23.4048 	EXP 	Display Fixation
23.4221 	EXP 	Display Fixation
23.4382 	EXP 	Display Fixation
23.4549 	EXP 	Display Fixation
23.4715 	EXP 	Display Fixation
23.4882 	EXP 	Display Fixation
23.5049 	EXP 	Display Fixation
23.5216 	EXP 	Display Fixation
23.5382 	EXP 	Display Fixation
23.5548 	EXP 	Display Fixation
23.5714 	EXP 	Display Fixation
23.5883 	EXP 	Display Fixation
23.6050 	EXP 	Display Fixation
23.6216 	EXP 	Display Fixation
23.6383 	EXP 	Display Fixation
23.6552 	EXP 	Display Fixation
23.6716 	EXP 	Display Fixation
23.6882 	EXP 	Display Fixation
23.7050 	EXP 	Display Fixation
23.7214 	EXP 	Display Fixation
23.7382 	EXP 	Display Fixation
23.7552 	EXP 	Display Fixation
23.7716 	EXP 	Display Fixation
23.7882 	EXP 	Display Fixation
23.8049 	EXP 	Display Fixation
23.8216 	EXP 	Display Fixation
23.8382 	EXP 	Display Fixation
23.8551 	EXP 	Display Fixation
23.8716 	EXP 	Display Fixation
23.8884 	EXP 	Display Fixation
23.9046 	EXP 	Display Fixation
23.9215 	EXP 	Display Fixation
23.9381 	EXP 	Display Fixation
23.9549 	EXP 	Display Fixation
23.9716 	EXP 	Display Fixation
23.9881 	EXP 	Display Fixation
24.0050 	EXP 	Display Fixation
24.0217 	EXP 	Display Fixation
24.0383 	EXP 	Display Fixation
24.0549 	EXP 	Display Fixation
24.0715 	EXP 	Display Fixation
24.0881 	EXP 	Display Fixation
24.1050 	EXP 	Display Fixation
24.1215 	EXP 	Display Fixation
24.1382 	EXP 	Display Fixation
24.1550 	EXP 	Display Fixation
24.1794 	EXP 	ImageStimulus: image = 'Faces/neutral/Man18_noEmotion.png'
24.1794 	EXP 	ImageStimulus: size = [0.8, 0.8]
24.1794 	EXP 	Display Faces/neutral/Man18_noEmotion.png
24.6497 	EXP 	Display Fixation
24.6534 	EXP 	Display Fixation
24.6698 	EXP 	Display Fixation
24.6879 	EXP 	Display Fixation
24.7049 	EXP 	Display Fixation
24.7215 	EXP 	Display Fixation
24.7382 	EXP 	Display Fixation
24.7549 	EXP 	Display Fixation
24.7709 	EXP 	Display Fixation
24.7883 	EXP 	Display Fixation
24.8050 	EXP 	Display Fixation
24.8218 	EXP 	Display Fixation
24.8382 	EXP 	Display Fixation
24.8550 	EXP 	Display Fixation
24.8716 	EXP 	Display Fixation
24.8883 	EXP 	Display Fixation
24.9049 	EXP 	Display Fixation
24.9217 	EXP 	Display Fixation
24.9383 	EXP 	Display Fixation
24.9549 	EXP 	Display Fixation
24.9715 	EXP 	Display Fixation
24.9882 	EXP 	Display Fixation
25.0049 	EXP 	Display Fixation
25.0215 	EXP 	Display Fixation
25.0383 	EXP 	Display Fixation
25.0548 	EXP 	Display Fixation
25.0716 	EXP 	Display Fixation
25.0883 	EXP 	Display Fixation
25.1049 	EXP 	Display Fixation
25.1215 	EXP 	Display Fixation
25.1382 	EXP 	Display Fixation
25.1549 	EXP 	Display Fixation
25.1716 	EXP 	Display Fixation
25.1881 	EXP 	Display Fixation
25.2049 	EXP 	Display Fixation
25.2216 	EXP 	Display Fixation
25.2383 	EXP 	Display Fixation
25.2551 	EXP 	Display Fixation
25.2715 	EXP 	Display Fixation
25.2881 	EXP 	Display Fixation
25.3048 	EXP 	Display Fixation
25.3216 	EXP 	Display Fixation
25.3381 	EXP 	Display Fixation
25.3548 	EXP 	Display Fixation
25.3716 	EXP 	Display Fixation
25.3881 	EXP 	Display Fixation
25.4049 	EXP 	Display Fixation
25.4219 	EXP 	Display Fixation
25.4381 	EXP 	Display Fixation
25.4550 	EXP 	Display Fixation
25.4716 	EXP 	Display Fixation
25.4883 	EXP 	Display Fixation
25.5048 	EXP 	Display Fixation
25.5214 	EXP 	Display Fixation
25.5382 	EXP 	Display Fixation
25.5550 	EXP 	Display Fixation
25.5715 	EXP 	Display Fixation
25.5885 	EXP 	Display Fixation
25.6049 	EXP 	Display Fixation
25.6221 	EXP 	Display Fixation
25.6383 	EXP 	Display Fixation
25.6548 	EXP 	Display Fixation
25.6716 	EXP 	Display Fixation
25.6883 	EXP 	Display Fixation
25.7046 	EXP 	Display Fixation
25.7214 	EXP 	Display Fixation
25.7383 	EXP 	Display Fixation
25.7548 	EXP 	Display Fixation
25.7715 	EXP 	Display Fixation
25.7881 	EXP 	Display Fixation
25.8047 	EXP 	Display Fixation
25.8215 	EXP 	Display Fixation
25.8382 	EXP 	Display Fixation
25.8553 	EXP 	Display Fixation
25.8715 	EXP 	Display Fixation
25.8883 	EXP 	Display Fixation
25.9049 	EXP 	Display Fixation
25.9214 	EXP 	Display Fixation
25.9382 	EXP 	Display Fixation
25.9549 	EXP 	Display Fixation
25.9716 	EXP 	Display Fixation
25.9880 	EXP 	Display Fixation
26.0050 	EXP 	Display Fixation
26.0217 	EXP 	Display Fixation
26.0384 	EXP 	Display Fixation
26.0548 	EXP 	Display Fixation
26.0718 	EXP 	Display Fixation
26.0882 	EXP 	Display Fixation
26.1049 	EXP 	Display Fixation
26.1215 	EXP 	Display Fixation
26.1381 	EXP 	Display Fixation
26.1551 	EXP 	Display Fixation
26.1716 	EXP 	Display Fixation
26.1881 	EXP 	Display Fixation
26.2049 	EXP 	Display Fixation
26.2215 	EXP 	Display Fixation
26.2384 	EXP 	Display Fixation
26.2552 	EXP 	Display Fixation
26.2716 	EXP 	Display Fixation
26.2881 	EXP 	Display Fixation
26.3049 	EXP 	Display Fixation
26.3219 	EXP 	Display Fixation
26.3383 	EXP 	Display Fixation
26.3547 	EXP 	Display Fixation
26.3717 	EXP 	Display Fixation
26.3881 	EXP 	Display Fixation
26.4050 	EXP 	Display Fixation
26.4215 	EXP 	Display Fixation
26.4381 	EXP 	Display Fixation
26.4550 	EXP 	Display Fixation
26.4717 	EXP 	Display Fixation
26.4881 	EXP 	Display Fixation
26.5048 	EXP 	Display Fixation
26.5216 	EXP 	Display Fixation
26.5382 	EXP 	Display Fixation
26.5549 	EXP 	Display Fixation
26.5715 	EXP 	Display Fixation
26.5882 	EXP 	Display Fixation
26.6043 	EXP 	Display Fixation
26.6258 	EXP 	Display Fixation
26.6371 	EXP 	Display Fixation
26.6551 	EXP 	Display Fixation
26.6712 	EXP 	Display Fixation
26.6882 	EXP 	Display Fixation
26.7050 	EXP 	Display Fixation
26.7215 	EXP 	Display Fixation
26.7383 	EXP 	Display Fixation
26.7549 	EXP 	Display Fixation
26.7717 	EXP 	Display Fixation
26.7882 	EXP 	Display Fixation
26.8051 	EXP 	Display Fixation
26.8220 	EXP 	Display Fixation
26.8382 	EXP 	Display Fixation
26.8548 	EXP 	Display Fixation
26.8717 	EXP 	Display Fixation
26.8884 	EXP 	Display Fixation
26.9050 	EXP 	Display Fixation
26.9215 	EXP 	Display Fixation
26.9381 	EXP 	Display Fixation
26.9544 	EXP 	Display Fixation
26.9701 	EXP 	Display Fixation
26.9873 	EXP 	Display Fixation
27.0050 	EXP 	Display Fixation
27.0216 	EXP 	Display Fixation
27.0384 	EXP 	Display Fixation
27.0551 	EXP 	Display Fixation
27.0716 	EXP 	Display Fixation
27.0883 	EXP 	Display Fixation
27.1048 	EXP 	Display Fixation
27.1218 	EXP 	Display Fixation
27.1387 	EXP 	Display Fixation
27.1552 	EXP 	Display Fixation
27.1718 	EXP 	Display Fixation
27.1885 	EXP 	Display Fixation
27.2051 	EXP 	Display Fixation
27.2218 	EXP 	Display Fixation
27.2387 	EXP 	Display Fixation
27.2552 	EXP 	Display Fixation
27.2719 	EXP 	Display Fixation
27.2884 	EXP 	Display Fixation
27.3053 	EXP 	Display Fixation
27.3218 	EXP 	Display Fixation
27.3384 	EXP 	Display Fixation
27.3551 	EXP 	Display Fixation
27.3719 	EXP 	Display Fixation
27.3884 	EXP 	Display Fixation
27.4051 	EXP 	Display Fixation
27.4222 	EXP 	Display Fixation
27.4385 	EXP 	Display Fixation
27.4550 	EXP 	Display Fixation
27.4719 	EXP 	Display Fixation
27.4885 	EXP 	Display Fixation
27.5051 	EXP 	Display Fixation
27.5221 	EXP 	Display Fixation
27.5384 	EXP 	Display Fixation
27.5551 	EXP 	Display Fixation
27.5719 	EXP 	Display Fixation
27.5888 	EXP 	Display Fixation
27.6052 	EXP 	Display Fixation
27.6220 	EXP 	Display Fixation
27.6381 	EXP 	Display Fixation
27.6552 	EXP 	Display Fixation
27.6721 	EXP 	Display Fixation
27.6886 	EXP 	Display Fixation
27.7056 	EXP 	Display Fixation
27.7221 	EXP 	Display Fixation
27.7386 	EXP 	Display Fixation
27.7552 	EXP 	Display Fixation
27.7718 	EXP 	Display Fixation
27.7885 	EXP 	Display Fixation
27.8051 	EXP 	Display Fixation
27.8218 	EXP 	Display Fixation
27.8385 	EXP 	Display Fixation
27.8552 	EXP 	Display Fixation
27.8718 	EXP 	Display Fixation
27.8884 	EXP 	Display Fixation
27.9051 	EXP 	Display Fixation
27.9217 	EXP 	Display Fixation
27.9386 	EXP 	Display Fixation
27.9551 	EXP 	Display Fixation
27.9718 	EXP 	Display Fixation
27.9886 	EXP 	Display Fixation
28.0053 	EXP 	Display Fixation
28.0220 	EXP 	Display Fixation
28.0385 	EXP 	Display Fixation
28.0552 	EXP 	Display Fixation
28.0719 	EXP 	Display Fixation
28.0885 	EXP 	Display Fixation
28.1051 	EXP 	Display Fixation
28.1221 	EXP 	Display Fixation
28.1385 	EXP 	Display Fixation
28.1545 	EXP 	Display Fixation
28.1719 	EXP 	Display Fixation
28.1885 	EXP 	Display Fixation
28.2051 	EXP 	Display Fixation
28.2221 	EXP 	Display Fixation
28.2386 	EXP 	Display Fixation
28.2552 	EXP 	Display Fixation
28.2718 	EXP 	Display Fixation
28.2888 	EXP 	Display Fixation
28.3051 	EXP 	Display Fixation
28.3219 	EXP 	Display Fixation
28.3387 	EXP 	Display Fixation
28.3550 	EXP 	Display Fixation
28.3721 	EXP 	Display Fixation
28.3888 	EXP 	Display Fixation
28.4053 	EXP 	Display Fixation
28.4217 	EXP 	Display Fixation
28.4386 	EXP 	Display Fixation
28.4555 	EXP 	Display Fixation
28.4718 	EXP 	Display Fixation
28.4884 	EXP 	Display Fixation
28.5053 	EXP 	Display Fixation
28.5218 	EXP 	Display Fixation
28.5385 	EXP 	Display Fixation
28.5551 	EXP 	Display Fixation
28.5717 	EXP 	Display Fixation
28.5886 	EXP 	Display Fixation
28.6050 	EXP 	Display Fixation
28.6224 	EXP 	Display Fixation
28.6386 	EXP 	Display Fixation
28.6551 	EXP 	Display Fixation
28.6721 	EXP 	Display Fixation
28.6884 	EXP 	Display Fixation
28.7050 	EXP 	Display Fixation
28.7299 	EXP 	ImageStimulus: image = 'Faces/neutral/No Emotion_Front_Woman8.png'
28.7299 	EXP 	ImageStimulus: size = [0.8, 0.8]
28.7299 	EXP 	Display Faces/neutral/No Emotion_Front_Woman8.png
29.1991 	EXP 	Display Fixation
29.2034 	EXP 	Display Fixation
29.2201 	EXP 	Display Fixation
29.2378 	EXP 	Display Fixation
29.2551 	EXP 	Display Fixation
29.2719 	EXP 	Display Fixation
29.2885 	EXP 	Display Fixation
29.3051 	EXP 	Display Fixation
29.3222 	EXP 	Display Fixation
29.3383 	EXP 	Display Fixation
29.3551 	EXP 	Display Fixation
29.3717 	EXP 	Display Fixation
29.3884 	EXP 	Display Fixation
29.4051 	EXP 	Display Fixation
29.4220 	EXP 	Display Fixation
29.4385 	EXP 	Display Fixation
29.4551 	EXP 	Display Fixation
29.4718 	EXP 	Display Fixation
29.4885 	EXP 	Display Fixation
29.5051 	EXP 	Display Fixation
29.5219 	EXP 	Display Fixation
29.5386 	EXP 	Display Fixation
29.5551 	EXP 	Display Fixation
29.5715 	EXP 	Display Fixation
29.5884 	EXP 	Display Fixation
29.6051 	EXP 	Display Fixation
29.6218 	EXP 	Display Fixation
29.6386 	EXP 	Display Fixation
29.6553 	EXP 	Display Fixation
29.6721 	EXP 	Display Fixation
29.6884 	EXP 	Display Fixation
29.7051 	EXP 	Display Fixation
29.7220 	EXP 	Display Fixation
29.7384 	EXP 	Display Fixation
29.7552 	EXP 	Display Fixation
29.7711 	EXP 	Display Fixation
29.7886 	EXP 	Display Fixation
29.8050 	EXP 	Display Fixation
29.8221 	EXP 	Display Fixation
29.8384 	EXP 	Display Fixation
29.8551 	EXP 	Display Fixation
29.8717 	EXP 	Display Fixation
29.8885 	EXP 	Display Fixation
29.9051 	EXP 	Display Fixation
29.9217 	EXP 	Display Fixation
29.9386 	EXP 	Display Fixation
29.9551 	EXP 	Display Fixation
29.9718 	EXP 	Display Fixation
29.9886 	EXP 	Display Fixation
30.0049 	EXP 	Display Fixation
30.0222 	EXP 	Display Fixation
30.0389 	EXP 	Display Fixation
30.0554 	EXP 	Display Fixation
30.0711 	EXP 	Display Fixation
30.0884 	EXP 	Display Fixation
30.1051 	EXP 	Display Fixation
30.1218 	EXP 	Display Fixation
30.1383 	EXP 	Display Fixation
30.1551 	EXP 	Display Fixation
30.1716 	EXP 	Display Fixation
30.1887 	EXP 	Display Fixation
30.2051 	EXP 	Display Fixation
30.2217 	EXP 	Display Fixation
30.2385 	EXP 	Display Fixation
30.2552 	EXP 	Display Fixation
30.2719 	EXP 	Display Fixation
30.2886 	EXP 	Display Fixation
30.3053 	EXP 	Display Fixation
30.3218 	EXP 	Display Fixation
30.3385 	EXP 	Display Fixation
30.3551 	EXP 	Display Fixation
30.3718 	EXP 	Display Fixation
30.3883 	EXP 	Display Fixation
30.4050 	EXP 	Display Fixation
30.4217 	EXP 	Display Fixation
30.4384 	EXP 	Display Fixation
30.4554 	EXP 	Display Fixation
30.4722 	EXP 	Display Fixation
30.4885 	EXP 	Display Fixation
30.5051 	EXP 	Display Fixation
30.5221 	EXP 	Display Fixation
30.5386 	EXP 	Display Fixation
30.5551 	EXP 	Display Fixation
30.5720 	EXP 	Display Fixation
30.5885 	EXP 	Display Fixation
30.6052 	EXP 	Display Fixation
30.6221 	EXP 	Display Fixation
30.6384 	EXP 	Display Fixation
30.6551 	EXP 	Display Fixation
30.6722 	EXP 	Display Fixation
30.6884 	EXP 	Display Fixation
30.7053 	EXP 	Display Fixation
30.7218 	EXP 	Display Fixation
30.7386 	EXP 	Display Fixation
30.7551 	EXP 	Display Fixation
30.7717 	EXP 	Display Fixation
30.7884 	EXP 	Display Fixation
30.8051 	EXP 	Display Fixation
30.8221 	EXP 	Display Fixation
30.8385 	EXP 	Display Fixation
30.8552 	EXP 	Display Fixation
30.8719 	EXP 	Display Fixation
30.8886 	EXP 	Display Fixation
30.9053 	EXP 	Display Fixation
30.9218 	EXP 	Display Fixation
30.9388 	EXP 	Display Fixation
30.9552 	EXP 	Display Fixation
30.9718 	EXP 	Display Fixation
30.9885 	EXP 	Display Fixation
31.0049 	EXP 	Display Fixation
31.0217 	EXP 	Display Fixation
31.0387 	EXP 	Display Fixation
31.0552 	EXP 	Display Fixation
31.0718 	EXP 	Display Fixation
31.0884 	EXP 	Display Fixation
31.1050 	EXP 	Display Fixation
31.1220 	EXP 	Display Fixation
31.1383 	EXP 	Display Fixation
31.1552 	EXP 	Display Fixation
31.1718 	EXP 	Display Fixation
31.1885 	EXP 	Display Fixation
31.2051 	EXP 	Display Fixation
31.2221 	EXP 	Display Fixation
31.2386 	EXP 	Display Fixation
31.2552 	EXP 	Display Fixation
31.2720 	EXP 	Display Fixation
31.2886 	EXP 	Display Fixation
31.3050 	EXP 	Display Fixation
31.3219 	EXP 	Display Fixation
31.3384 	EXP 	Display Fixation
31.3551 	EXP 	Display Fixation
31.3719 	EXP 	Display Fixation
31.3885 	EXP 	Display Fixation
31.4053 	EXP 	Display Fixation
31.4218 	EXP 	Display Fixation
31.4386 	EXP 	Display Fixation
31.4551 	EXP 	Display Fixation
31.4717 	EXP 	Display Fixation
31.4885 	EXP 	Display Fixation
31.5051 	EXP 	Display Fixation
31.5218 	EXP 	Display Fixation
31.5384 	EXP 	Display Fixation
31.5550 	EXP 	Display Fixation
31.5719 	EXP 	Display Fixation
31.5886 	EXP 	Display Fixation
31.6053 	EXP 	Display Fixation
31.6219 	EXP 	Display Fixation
31.6387 	EXP 	Display Fixation
31.6552 	EXP 	Display Fixation
31.6721 	EXP 	Display Fixation
31.6886 	EXP 	Display Fixation
31.7051 	EXP 	Display Fixation
31.7207 	EXP 	Display Fixation
31.7387 	EXP 	Display Fixation
31.7551 	EXP 	Display Fixation
31.7716 	EXP 	Display Fixation
31.7884 	EXP 	Display Fixation
31.8050 	EXP 	Display Fixation
31.8219 	EXP 	Display Fixation
31.8387 	EXP 	Display Fixation
31.8551 	EXP 	Display Fixation
31.8718 	EXP 	Display Fixation
31.8887 	EXP 	Display Fixation
31.9052 	EXP 	Display Fixation
31.9218 	EXP 	Display Fixation
31.9385 	EXP 	Display Fixation
31.9554 	EXP 	Display Fixation
31.9717 	EXP 	Display Fixation
31.9887 	EXP 	Display Fixation
32.0051 	EXP 	Display Fixation
32.0218 	EXP 	Display Fixation
32.0386 	EXP 	Display Fixation
32.0552 	EXP 	Display Fixation
32.0719 	EXP 	Display Fixation
32.0885 	EXP 	Display Fixation
32.1051 	EXP 	Display Fixation
32.1217 	EXP 	Display Fixation
32.1388 	EXP 	Display Fixation
32.1553 	EXP 	Display Fixation
32.1718 	EXP 	Display Fixation
32.1885 	EXP 	Display Fixation
32.2050 	EXP 	Display Fixation
32.2218 	EXP 	Display Fixation
32.2385 	EXP 	Display Fixation
32.2553 	EXP 	Display Fixation
32.2718 	EXP 	Display Fixation
32.2885 	EXP 	Display Fixation
32.3050 	EXP 	Display Fixation
32.3217 	EXP 	Display Fixation
32.3389 	EXP 	Display Fixation
32.3551 	EXP 	Display Fixation
32.3717 	EXP 	Display Fixation
32.3884 	EXP 	Display Fixation
32.4051 	EXP 	Display Fixation
32.4217 	EXP 	Display Fixation
32.4388 	EXP 	Display Fixation
32.4552 	EXP 	Display Fixation
32.4723 	EXP 	Display Fixation
32.4888 	EXP 	Display Fixation
32.5051 	EXP 	Display Fixation
32.5219 	EXP 	Display Fixation
32.5386 	EXP 	Display Fixation
32.5551 	EXP 	Display Fixation
32.5717 	EXP 	Display Fixation
32.5886 	EXP 	Display Fixation
32.6049 	EXP 	Display Fixation
32.6220 	EXP 	Display Fixation
32.6387 	EXP 	Display Fixation
32.6551 	EXP 	Display Fixation
32.6719 	EXP 	Display Fixation
32.6886 	EXP 	Display Fixation
32.7051 	EXP 	Display Fixation
32.7217 	EXP 	Display Fixation
32.7380 	EXP 	Display Fixation
32.7551 	EXP 	Display Fixation
32.7718 	EXP 	Display Fixation
32.7884 	EXP 	Display Fixation
32.8050 	EXP 	Display Fixation
32.8218 	EXP 	Display Fixation
32.8385 	EXP 	Display Fixation
32.8552 	EXP 	Display Fixation
32.8721 	EXP 	Display Fixation
32.8884 	EXP 	Display Fixation
32.9051 	EXP 	Display Fixation
32.9219 	EXP 	Display Fixation
32.9384 	EXP 	Display Fixation
32.9553 	EXP 	Display Fixation
32.9768 	EXP 	ImageStimulus: image = 'Faces/neutral/Man4_hat.png'
32.9768 	EXP 	ImageStimulus: size = [0.8, 0.8]
32.9768 	EXP 	Display Faces/neutral/Man4_hat.png
33.4497 	EXP 	Display Fixation
33.4528 	EXP 	Display Fixation
33.4551 	EXP 	Display Fixation
33.4703 	EXP 	Display Fixation
33.4877 	EXP 	Display Fixation
33.5050 	EXP 	Display Fixation
33.5219 	EXP 	Display Fixation
33.5387 	EXP 	Display Fixation
33.5551 	EXP 	Display Fixation
33.5717 	EXP 	Display Fixation
33.5884 	EXP 	Display Fixation
33.6050 	EXP 	Display Fixation
33.6220 	EXP 	Display Fixation
33.6384 	EXP 	Display Fixation
33.6551 	EXP 	Display Fixation
33.6718 	EXP 	Display Fixation
33.6885 	EXP 	Display Fixation
33.7050 	EXP 	Display Fixation
33.7218 	EXP 	Display Fixation
33.7386 	EXP 	Display Fixation
33.7550 	EXP 	Display Fixation
33.7717 	EXP 	Display Fixation
33.7885 	EXP 	Display Fixation
33.8051 	EXP 	Display Fixation
33.8217 	EXP 	Display Fixation
33.8384 	EXP 	Display Fixation
33.8551 	EXP 	Display Fixation
33.8718 	EXP 	Display Fixation
33.8884 	EXP 	Display Fixation
33.9051 	EXP 	Display Fixation
33.9218 	EXP 	Display Fixation
33.9384 	EXP 	Display Fixation
33.9551 	EXP 	Display Fixation
33.9717 	EXP 	Display Fixation
33.9885 	EXP 	Display Fixation
34.0052 	EXP 	Display Fixation
34.0218 	EXP 	Display Fixation
34.0387 	EXP 	Display Fixation
34.0551 	EXP 	Display Fixation
34.0718 	EXP 	Display Fixation
34.0886 	EXP 	Display Fixation
34.1051 	EXP 	Display Fixation
34.1220 	EXP 	Display Fixation
34.1384 	EXP 	Display Fixation
34.1552 	EXP 	Display Fixation
34.1720 	EXP 	Display Fixation
34.1883 	EXP 	Display Fixation
34.2050 	EXP 	Display Fixation
34.2218 	EXP 	Display Fixation
34.2385 	EXP 	Display Fixation
34.2551 	EXP 	Display Fixation
34.2717 	EXP 	Display Fixation
34.2884 	EXP 	Display Fixation
34.3051 	EXP 	Display Fixation
34.3219 	EXP 	Display Fixation
34.3385 	EXP 	Display Fixation
34.3551 	EXP 	Display Fixation
34.3718 	EXP 	Display Fixation
34.3884 	EXP 	Display Fixation
34.4051 	EXP 	Display Fixation
34.4218 	EXP 	Display Fixation
34.4385 	EXP 	Display Fixation
34.4552 	EXP 	Display Fixation
34.4719 	EXP 	Display Fixation
34.4884 	EXP 	Display Fixation
34.5051 	EXP 	Display Fixation
34.5219 	EXP 	Display Fixation
34.5385 	EXP 	Display Fixation
34.5551 	EXP 	Display Fixation
34.5719 	EXP 	Display Fixation
34.5883 	EXP 	Display Fixation
34.6051 	EXP 	Display Fixation
34.6218 	EXP 	Display Fixation
34.6385 	EXP 	Display Fixation
34.6551 	EXP 	Display Fixation
34.6717 	EXP 	Display Fixation
34.6887 	EXP 	Display Fixation
34.7052 	EXP 	Display Fixation
34.7212 	EXP 	Display Fixation
34.7385 	EXP 	Display Fixation
34.7551 	EXP 	Display Fixation
34.7718 	EXP 	Display Fixation
34.7872 	EXP 	Display Fixation
34.8051 	EXP 	Display Fixation
34.8218 	EXP 	Display Fixation
34.8387 	EXP 	Display Fixation
34.8552 	EXP 	Display Fixation
34.8718 	EXP 	Display Fixation
34.8886 	EXP 	Display Fixation
34.9050 	EXP 	Display Fixation
34.9220 	EXP 	Display Fixation
34.9388 	EXP 	Display Fixation
34.9553 	EXP 	Display Fixation
34.9718 	EXP 	Display Fixation
34.9884 	EXP 	Display Fixation
35.0050 	EXP 	Display Fixation
35.0219 	EXP 	Display Fixation
35.0384 	EXP 	Display Fixation
35.0551 	EXP 	Display Fixation
35.0719 	EXP 	Display Fixation
35.0885 	EXP 	Display Fixation
35.1051 	EXP 	Display Fixation
35.1217 	EXP 	Display Fixation
35.1384 	EXP 	Display Fixation
35.1549 	EXP 	Display Fixation
35.1710 	EXP 	Display Fixation
35.1883 	EXP 	Display Fixation
35.2051 	EXP 	Display Fixation
35.2217 	EXP 	Display Fixation
35.2384 	EXP 	Display Fixation
35.2551 	EXP 	Display Fixation
35.2718 	EXP 	Display Fixation
35.2886 	EXP 	Display Fixation
35.3051 	EXP 	Display Fixation
35.3218 	EXP 	Display Fixation
35.3386 	EXP 	Display Fixation
35.3551 	EXP 	Display Fixation
35.3718 	EXP 	Display Fixation
35.3885 	EXP 	Display Fixation
35.4052 	EXP 	Display Fixation
35.4217 	EXP 	Display Fixation
35.4385 	EXP 	Display Fixation
35.4551 	EXP 	Display Fixation
35.4719 	EXP 	Display Fixation
35.4886 	EXP 	Display Fixation
35.5051 	EXP 	Display Fixation
35.5218 	EXP 	Display Fixation
35.5385 	EXP 	Display Fixation
35.5550 	EXP 	Display Fixation
35.5719 	EXP 	Display Fixation
35.5883 	EXP 	Display Fixation
35.6051 	EXP 	Display Fixation
35.6218 	EXP 	Display Fixation
35.6384 	EXP 	Display Fixation
35.6554 	EXP 	Display Fixation
35.6716 	EXP 	Display Fixation
35.6888 	EXP 	Display Fixation
35.7052 	EXP 	Display Fixation
35.7219 	EXP 	Display Fixation
35.7387 	EXP 	Display Fixation
35.7551 	EXP 	Display Fixation
35.7718 	EXP 	Display Fixation
35.7886 	EXP 	Display Fixation
35.8054 	EXP 	Display Fixation
35.8218 	EXP 	Display Fixation
35.8384 	EXP 	Display Fixation
35.8551 	EXP 	Display Fixation
35.8718 	EXP 	Display Fixation
35.8884 	EXP 	Display Fixation
35.9051 	EXP 	Display Fixation
35.9217 	EXP 	Display Fixation
35.9384 	EXP 	Display Fixation
35.9551 	EXP 	Display Fixation
35.9718 	EXP 	Display Fixation
35.9884 	EXP 	Display Fixation
36.0051 	EXP 	Display Fixation
36.0217 	EXP 	Display Fixation
36.0386 	EXP 	Display Fixation
36.0552 	EXP 	Display Fixation
36.0718 	EXP 	Display Fixation
36.0887 	EXP 	Display Fixation
36.1051 	EXP 	Display Fixation
36.1218 	EXP 	Display Fixation
36.1387 	EXP 	Display Fixation
36.1551 	EXP 	Display Fixation
36.1719 	EXP 	Display Fixation
36.1886 	EXP 	Display Fixation
36.2050 	EXP 	Display Fixation
36.2218 	EXP 	Display Fixation
36.2385 	EXP 	Display Fixation
36.2551 	EXP 	Display Fixation
36.2717 	EXP 	Display Fixation
36.2884 	EXP 	Display Fixation
36.3049 	EXP 	Display Fixation
36.3218 	EXP 	Display Fixation
36.3386 	EXP 	Display Fixation
36.3551 	EXP 	Display Fixation
36.3718 	EXP 	Display Fixation
36.3884 	EXP 	Display Fixation
36.4051 	EXP 	Display Fixation
36.4218 	EXP 	Display Fixation
36.4383 	EXP 	Display Fixation
36.4552 	EXP 	Display Fixation
36.4719 	EXP 	Display Fixation
36.4884 	EXP 	Display Fixation
36.5053 	EXP 	Display Fixation
36.5218 	EXP 	Display Fixation
36.5386 	EXP 	Display Fixation
36.5551 	EXP 	Display Fixation
36.5719 	EXP 	Display Fixation
36.5887 	EXP 	Display Fixation
36.6051 	EXP 	Display Fixation
36.6218 	EXP 	Display Fixation
36.6386 	EXP 	Display Fixation
36.6552 	EXP 	Display Fixation
36.6718 	EXP 	Display Fixation
36.6887 	EXP 	Display Fixation
36.7051 	EXP 	Display Fixation
36.7219 	EXP 	Display Fixation
36.7387 	EXP 	Display Fixation
36.7551 	EXP 	Display Fixation
36.7718 	EXP 	Display Fixation
36.7886 	EXP 	Display Fixation
36.8050 	EXP 	Display Fixation
36.8219 	EXP 	Display Fixation
36.8385 	EXP 	Display Fixation
36.8551 	EXP 	Display Fixation
36.8718 	EXP 	Display Fixation
36.8884 	EXP 	Display Fixation
36.9052 	EXP 	Display Fixation
36.9220 	EXP 	Display Fixation
36.9383 	EXP 	Display Fixation
36.9551 	EXP 	Display Fixation
36.9714 	EXP 	Display Fixation
36.9883 	EXP 	Display Fixation
37.0053 	EXP 	Display Fixation
37.0218 	EXP 	Display Fixation
37.0386 	EXP 	Display Fixation
37.0551 	EXP 	Display Fixation
37.0720 	EXP 	Display Fixation
37.0868 	EXP 	Display Fixation
37.1035 	EXP 	Display Fixation
37.1208 	EXP 	Display Fixation
37.1384 	EXP 	Display Fixation
37.1549 	EXP 	Display Fixation
37.1718 	EXP 	Display Fixation
37.1883 	EXP 	Display Fixation
37.2049 	EXP 	Display Fixation
37.2208 	EXP 	Display Fixation
37.2384 	EXP 	Display Fixation
37.2548 	EXP 	Display Fixation
37.2717 	EXP 	Display Fixation
37.2883 	EXP 	Display Fixation
37.3051 	EXP 	Display Fixation
37.3219 	EXP 	Display Fixation
37.3383 	EXP 	Display Fixation
37.3554 	EXP 	Display Fixation
37.3716 	EXP 	Display Fixation
37.3883 	EXP 	Display Fixation
37.4050 	EXP 	Display Fixation
37.4217 	EXP 	Display Fixation
37.4385 	EXP 	Display Fixation
37.4553 	EXP 	Display Fixation
37.4715 	EXP 	Display Fixation
37.4882 	EXP 	Display Fixation
37.5051 	EXP 	Display Fixation
37.5216 	EXP 	Display Fixation
37.5382 	EXP 	Display Fixation
37.5549 	EXP 	Display Fixation
37.5716 	EXP 	Display Fixation
37.5881 	EXP 	Display Fixation
37.6051 	EXP 	Display Fixation
37.6215 	EXP 	Display Fixation
37.6384 	EXP 	Display Fixation
37.6549 	EXP 	Display Fixation
37.6717 	EXP 	Display Fixation
37.6885 	EXP 	Display Fixation
37.7051 	EXP 	Display Fixation
37.7219 	EXP 	Display Fixation
37.7384 	EXP 	Display Fixation
37.7549 	EXP 	Display Fixation
37.7716 	EXP 	Display Fixation
37.7883 	EXP 	Display Fixation
37.8051 	EXP 	Display Fixation
37.8218 	EXP 	Display Fixation
37.8385 	EXP 	Display Fixation
37.8549 	EXP 	Display Fixation
37.8715 	EXP 	Display Fixation
37.8883 	EXP 	Display Fixation
37.9050 	EXP 	Display Fixation
37.9211 	EXP 	Display Fixation
37.9384 	EXP 	Display Fixation
37.9549 	EXP 	Display Fixation
37.9716 	EXP 	Display Fixation
37.9881 	EXP 	Display Fixation
38.0049 	EXP 	Display Fixation
38.0276 	EXP 	ImageStimulus: image = 'Faces/neutral/Man8_hat.png'
38.0276 	EXP 	ImageStimulus: size = [0.8, 0.8]
38.0276 	EXP 	Display Faces/neutral/Man8_hat.png
38.4998 	EXP 	Display Fixation
38.5033 	EXP 	Display Fixation
38.5199 	EXP 	Display Fixation
38.5372 	EXP 	Display Fixation
38.5549 	EXP 	Display Fixation
38.5716 	EXP 	Display Fixation
38.5883 	EXP 	Display Fixation
38.6049 	EXP 	Display Fixation
38.6215 	EXP 	Display Fixation
38.6385 	EXP 	Display Fixation
38.6549 	EXP 	Display Fixation
38.6717 	EXP 	Display Fixation
38.6886 	EXP 	Display Fixation
38.7050 	EXP 	Display Fixation
38.7217 	EXP 	Display Fixation
38.7383 	EXP 	Display Fixation
38.7549 	EXP 	Display Fixation
38.7716 	EXP 	Display Fixation
38.7882 	EXP 	Display Fixation
38.8049 	EXP 	Display Fixation
38.8218 	EXP 	Display Fixation
38.8384 	EXP 	Display Fixation
38.8551 	EXP 	Display Fixation
38.8716 	EXP 	Display Fixation
38.8882 	EXP 	Display Fixation
38.9050 	EXP 	Display Fixation
38.9216 	EXP 	Display Fixation
38.9384 	EXP 	Display Fixation
38.9550 	EXP 	Display Fixation
38.9716 	EXP 	Display Fixation
38.9884 	EXP 	Display Fixation
39.0051 	EXP 	Display Fixation
39.0216 	EXP 	Display Fixation
39.0383 	EXP 	Display Fixation
39.0551 	EXP 	Display Fixation
39.0717 	EXP 	Display Fixation
39.0883 	EXP 	Display Fixation
39.1050 	EXP 	Display Fixation
39.1217 	EXP 	Display Fixation
39.1384 	EXP 	Display Fixation
39.1549 	EXP 	Display Fixation
39.1716 	EXP 	Display Fixation
39.1883 	EXP 	Display Fixation
39.2050 	EXP 	Display Fixation
39.2218 	EXP 	Display Fixation
39.2384 	EXP 	Display Fixation
39.2551 	EXP 	Display Fixation
39.2717 	EXP 	Display Fixation
39.2883 	EXP 	Display Fixation
39.3049 	EXP 	Display Fixation
39.3216 	EXP 	Display Fixation
39.3386 	EXP 	Display Fixation
39.3550 	EXP 	Display Fixation
39.3719 	EXP 	Display Fixation
39.3883 	EXP 	Display Fixation
39.4051 	EXP 	Display Fixation
39.4217 	EXP 	Display Fixation
39.4382 	EXP 	Display Fixation
39.4551 	EXP 	Display Fixation
39.4717 	EXP 	Display Fixation
39.4883 	EXP 	Display Fixation
39.5051 	EXP 	Display Fixation
39.5216 	EXP 	Display Fixation
39.5383 	EXP 	Display Fixation
39.5552 	EXP 	Display Fixation
39.5716 	EXP 	Display Fixation
39.5884 	EXP 	Display Fixation
39.6048 	EXP 	Display Fixation
39.6216 	EXP 	Display Fixation
39.6382 	EXP 	Display Fixation
39.6552 	EXP 	Display Fixation
39.6716 	EXP 	Display Fixation
39.6884 	EXP 	Display Fixation
39.7049 	EXP 	Display Fixation
39.7217 	EXP 	Display Fixation
39.7384 	EXP 	Display Fixation
39.7551 	EXP 	Display Fixation
39.7716 	EXP 	Display Fixation
39.7882 	EXP 	Display Fixation
39.8039 	EXP 	Display Fixation
39.8211 	EXP 	Display Fixation
39.8383 	EXP 	Display Fixation
39.8552 	EXP 	Display Fixation
39.8716 	EXP 	Display Fixation
39.8885 	EXP 	Display Fixation
39.9050 	EXP 	Display Fixation
39.9216 	EXP 	Display Fixation
39.9385 	EXP 	Display Fixation
39.9550 	EXP 	Display Fixation
39.9716 	EXP 	Display Fixation
39.9883 	EXP 	Display Fixation
40.0050 	EXP 	Display Fixation
40.0217 	EXP 	Display Fixation
40.0383 	EXP 	Display Fixation
40.0552 	EXP 	Display Fixation
40.0717 	EXP 	Display Fixation
40.0884 	EXP 	Display Fixation
40.1050 	EXP 	Display Fixation
40.1216 	EXP 	Display Fixation
40.1385 	EXP 	Display Fixation
40.1552 	EXP 	Display Fixation
40.1711 	EXP 	Display Fixation
40.1884 	EXP 	Display Fixation
40.2050 	EXP 	Display Fixation
40.2219 	EXP 	Display Fixation
40.2382 	EXP 	Display Fixation
40.2552 	EXP 	Display Fixation
40.2716 	EXP 	Display Fixation
40.2884 	EXP 	Display Fixation
40.3049 	EXP 	Display Fixation
40.3213 	EXP 	Display Fixation
40.3383 	EXP 	Display Fixation
40.3550 	EXP 	Display Fixation
40.3716 	EXP 	Display Fixation
40.3884 	EXP 	Display Fixation
40.4051 	EXP 	Display Fixation
40.4217 	EXP 	Display Fixation
40.4384 	EXP 	Display Fixation
40.4549 	EXP 	Display Fixation
40.4717 	EXP 	Display Fixation
40.4885 	EXP 	Display Fixation
40.5049 	EXP 	Display Fixation
40.5216 	EXP 	Display Fixation
40.5384 	EXP 	Display Fixation
40.5549 	EXP 	Display Fixation
40.5716 	EXP 	Display Fixation
40.5883 	EXP 	Display Fixation
40.6050 	EXP 	Display Fixation
40.6216 	EXP 	Display Fixation
40.6382 	EXP 	Display Fixation
40.6549 	EXP 	Display Fixation
40.6718 	EXP 	Display Fixation
40.6883 	EXP 	Display Fixation
40.7049 	EXP 	Display Fixation
40.7217 	EXP 	Display Fixation
40.7384 	EXP 	Display Fixation
40.7550 	EXP 	Display Fixation
40.7716 	EXP 	Display Fixation
40.7884 	EXP 	Display Fixation
40.8050 	EXP 	Display Fixation
40.8216 	EXP 	Display Fixation
40.8383 	EXP 	Display Fixation
40.8552 	EXP 	Display Fixation
40.8716 	EXP 	Display Fixation
40.8883 	EXP 	Display Fixation
40.9051 	EXP 	Display Fixation
40.9217 	EXP 	Display Fixation
40.9384 	EXP 	Display Fixation
40.9549 	EXP 	Display Fixation
40.9717 	EXP 	Display Fixation
40.9884 	EXP 	Display Fixation
41.0050 	EXP 	Display Fixation
41.0216 	EXP 	Display Fixation
41.0384 	EXP 	Display Fixation
41.0553 	EXP 	Display Fixation
41.0717 	EXP 	Display Fixation
41.0883 	EXP 	Display Fixation
41.1050 	EXP 	Display Fixation
41.1217 	EXP 	Display Fixation
41.1386 	EXP 	Display Fixation
41.1550 	EXP 	Display Fixation
41.1717 	EXP 	Display Fixation
41.1882 	EXP 	Display Fixation
41.2048 	EXP 	Display Fixation
41.2216 	EXP 	Display Fixation
41.2383 	EXP 	Display Fixation
41.2549 	EXP 	Display Fixation
41.2717 	EXP 	Display Fixation
41.2886 	EXP 	Display Fixation
41.3051 	EXP 	Display Fixation
41.3216 	EXP 	Display Fixation
41.3386 	EXP 	Display Fixation
41.3549 	EXP 	Display Fixation
41.3717 	EXP 	Display Fixation
41.3883 	EXP 	Display Fixation
41.4049 	EXP 	Display Fixation
41.4216 	EXP 	Display Fixation
41.4387 	EXP 	Display Fixation
41.4553 	EXP 	Display Fixation
41.4717 	EXP 	Display Fixation
41.4883 	EXP 	Display Fixation
41.5050 	EXP 	Display Fixation
41.5215 	EXP 	Display Fixation
41.5385 	EXP 	Display Fixation
41.5550 	EXP 	Display Fixation
41.5716 	EXP 	Display Fixation
41.5883 	EXP 	Display Fixation
41.6050 	EXP 	Display Fixation
41.6216 	EXP 	Display Fixation
41.6384 	EXP 	Display Fixation
41.6553 	EXP 	Display Fixation
41.6717 	EXP 	Display Fixation
41.6882 	EXP 	Display Fixation
41.7050 	EXP 	Display Fixation
41.7218 	EXP 	Display Fixation
41.7383 	EXP 	Display Fixation
41.7551 	EXP 	Display Fixation
41.7717 	EXP 	Display Fixation
41.7883 	EXP 	Display Fixation
41.8050 	EXP 	Display Fixation
41.8216 	EXP 	Display Fixation
41.8386 	EXP 	Display Fixation
41.8540 	EXP 	Display Fixation
41.8717 	EXP 	Display Fixation
41.8883 	EXP 	Display Fixation
41.9050 	EXP 	Display Fixation
41.9216 	EXP 	Display Fixation
41.9382 	EXP 	Display Fixation
41.9535 	EXP 	Display Fixation
41.9742 	EXP 	ImageStimulus: image = 'Faces/neutral/No Emotion_Front_Woman1.png'
41.9742 	EXP 	ImageStimulus: size = [0.8, 0.8]
41.9742 	EXP 	Display Faces/neutral/No Emotion_Front_Woman1.png
42.4491 	EXP 	Display Fixation
42.4516 	EXP 	Display Fixation
42.4540 	EXP 	Display Fixation
42.4698 	EXP 	Display Fixation
42.4883 	EXP 	Display Fixation
42.5049 	EXP 	Display Fixation
42.5217 	EXP 	Display Fixation
42.5383 	EXP 	Display Fixation
42.5548 	EXP 	Display Fixation
42.5718 	EXP 	Display Fixation
42.5883 	EXP 	Display Fixation
42.6050 	EXP 	Display Fixation
42.6215 	EXP 	Display Fixation
42.6383 	EXP 	Display Fixation
42.6549 	EXP 	Display Fixation
42.6716 	EXP 	Display Fixation
42.6882 	EXP 	Display Fixation
42.7051 	EXP 	Display Fixation
42.7214 	EXP 	Display Fixation
42.7382 	EXP 	Display Fixation
42.7551 	EXP 	Display Fixation
42.7715 	EXP 	Display Fixation
42.7882 	EXP 	Display Fixation
42.8050 	EXP 	Display Fixation
42.8215 	EXP 	Display Fixation
42.8383 	EXP 	Display Fixation
42.8553 	EXP 	Display Fixation
42.8717 	EXP 	Display Fixation
42.8882 	EXP 	Display Fixation
42.9048 	EXP 	Display Fixation
42.9215 	EXP 	Display Fixation
42.9383 	EXP 	Display Fixation
42.9547 	EXP 	Display Fixation
42.9713 	EXP 	Display Fixation
42.9873 	EXP 	Display Fixation
43.0051 	EXP 	Display Fixation
43.0221 	EXP 	Display Fixation
43.0383 	EXP 	Display Fixation
43.0550 	EXP 	Display Fixation
43.0716 	EXP 	Display Fixation
43.0883 	EXP 	Display Fixation
43.1050 	EXP 	Display Fixation
43.1217 	EXP 	Display Fixation
43.1384 	EXP 	Display Fixation
43.1550 	EXP 	Display Fixation
43.1710 	EXP 	Display Fixation
43.1882 	EXP 	Display Fixation
43.2050 	EXP 	Display Fixation
43.2216 	EXP 	Display Fixation
43.2382 	EXP 	Display Fixation
43.2549 	EXP 	Display Fixation
43.2716 	EXP 	Display Fixation
43.2882 	EXP 	Display Fixation
43.3050 	EXP 	Display Fixation
43.3216 	EXP 	Display Fixation
43.3382 	EXP 	Display Fixation
43.3549 	EXP 	Display Fixation
43.3718 	EXP 	Display Fixation
43.3884 	EXP 	Display Fixation
43.4050 	EXP 	Display Fixation
43.4217 	EXP 	Display Fixation
43.4383 	EXP 	Display Fixation
43.4550 	EXP 	Display Fixation
43.4717 	EXP 	Display Fixation
43.4883 	EXP 	Display Fixation
43.5053 	EXP 	Display Fixation
43.5215 	EXP 	Display Fixation
43.5383 	EXP 	Display Fixation
43.5548 	EXP 	Display Fixation
43.5716 	EXP 	Display Fixation
43.5884 	EXP 	Display Fixation
43.6049 	EXP 	Display Fixation
43.6216 	EXP 	Display Fixation
43.6384 	EXP 	Display Fixation
43.6549 	EXP 	Display Fixation
43.6716 	EXP 	Display Fixation
43.6882 	EXP 	Display Fixation
43.7052 	EXP 	Display Fixation
43.7215 	EXP 	Display Fixation
43.7383 	EXP 	Display Fixation
43.7551 	EXP 	Display Fixation
43.7717 	EXP 	Display Fixation
43.7882 	EXP 	Display Fixation
43.8050 	EXP 	Display Fixation
43.8216 	EXP 	Display Fixation
43.8383 	EXP 	Display Fixation
43.8550 	EXP 	Display Fixation
43.8716 	EXP 	Display Fixation
43.8882 	EXP 	Display Fixation
43.9049 	EXP 	Display Fixation
43.9216 	EXP 	Display Fixation
43.9385 	EXP 	Display Fixation
43.9549 	EXP 	Display Fixation
43.9716 	EXP 	Display Fixation
43.9883 	EXP 	Display Fixation
44.0050 	EXP 	Display Fixation
44.0216 	EXP 	Display Fixation
44.0382 	EXP 	Display Fixation
44.0552 	EXP 	Display Fixation
44.0717 	EXP 	Display Fixation
44.0883 	EXP 	Display Fixation
44.1050 	EXP 	Display Fixation
44.1216 	EXP 	Display Fixation
44.1383 	EXP 	Display Fixation
44.1539 	EXP 	Display Fixation
44.1717 	EXP 	Display Fixation
44.1883 	EXP 	Display Fixation
44.2050 	EXP 	Display Fixation
44.2215 	EXP 	Display Fixation
44.2382 	EXP 	Display Fixation
44.2550 	EXP 	Display Fixation
44.2717 	EXP 	Display Fixation
44.2882 	EXP 	Display Fixation
44.3049 	EXP 	Display Fixation
44.3216 	EXP 	Display Fixation
44.3382 	EXP 	Display Fixation
44.3549 	EXP 	Display Fixation
44.3717 	EXP 	Display Fixation
44.3881 	EXP 	Display Fixation
44.4049 	EXP 	Display Fixation
44.4217 	EXP 	Display Fixation
44.4384 	EXP 	Display Fixation
44.4549 	EXP 	Display Fixation
44.4716 	EXP 	Display Fixation
44.4882 	EXP 	Display Fixation
44.5049 	EXP 	Display Fixation
44.5207 	EXP 	Display Fixation
44.5384 	EXP 	Display Fixation
44.5549 	EXP 	Display Fixation
44.5716 	EXP 	Display Fixation
44.5883 	EXP 	Display Fixation
44.6050 	EXP 	Display Fixation
44.6216 	EXP 	Display Fixation
44.6384 	EXP 	Display Fixation
44.6550 	EXP 	Display Fixation
44.6719 	EXP 	Display Fixation
44.6884 	EXP 	Display Fixation
44.7053 	EXP 	Display Fixation
44.7217 	EXP 	Display Fixation
44.7381 	EXP 	Display Fixation
44.7549 	EXP 	Display Fixation
44.7717 	EXP 	Display Fixation
44.7881 	EXP 	Display Fixation
44.8049 	EXP 	Display Fixation
44.8205 	EXP 	Display Fixation
44.8383 	EXP 	Display Fixation
44.8549 	EXP 	Display Fixation
44.8717 	EXP 	Display Fixation
44.8883 	EXP 	Display Fixation
44.9051 	EXP 	Display Fixation
44.9216 	EXP 	Display Fixation
44.9384 	EXP 	Display Fixation
44.9550 	EXP 	Display Fixation
44.9715 	EXP 	Display Fixation
44.9883 	EXP 	Display Fixation
45.0051 	EXP 	Display Fixation
45.0218 	EXP 	Display Fixation
45.0383 	EXP 	Display Fixation
45.0551 	EXP 	Display Fixation
45.0716 	EXP 	Display Fixation
45.0881 	EXP 	Display Fixation
45.1049 	EXP 	Display Fixation
45.1217 	EXP 	Display Fixation
45.1384 	EXP 	Display Fixation
45.1549 	EXP 	Display Fixation
45.1719 	EXP 	Display Fixation
45.1883 	EXP 	Display Fixation
45.2047 	EXP 	Display Fixation
45.2049 	EXP 	--- END EXPERIMENT ---
45.2267 	EXP 	topMsg: text = "That's the end! "
45.2267 	EXP 	bottomMsg: text = "Press 'q' or 'escape' to end the session."
45.2267 	EXP 	Display TheEnd
59.5589 	DATA 	Keypress: q
60.1102 	EXP 	win: mouseVisible = True
66.3429 	EXP 	number of targets counted: 2
