0.9882 	WARNING 	We strongly recommend you activate the PTB sound engine in PsychoPy prefs as the preferred audio engine. Its timing is vastly superior. Your prefs are currently set to use ['sounddevice', 'PTB', 'pyo', 'pygame'] (in that order).
12.7127 	INFO 	---START PARAMETERS---
12.7127 	INFO 	filename: AttentionalSwitching_d1-1-2-Nov_10_1505
12.7127 	INFO 	subject: 1
12.7127 	INFO 	session: 2
12.7128 	INFO 	date: Nov_10_1505
12.7128 	INFO 	ISI: 1.75
12.7128 	INFO 	baudeRate: 115200
12.7128 	INFO 	blankMessage: bytearray(b'\x14')
12.7128 	INFO 	choices: [1, 2, 3]
12.7129 	INFO 	deviceName: /dev/cu.usbserial-DN2Q03JQ
12.7129 	INFO 	fixCrossPos: [0, 0]
12.7129 	INFO 	fixCrossSize: 0.1
12.7129 	INFO 	fullScreen: True
12.7129 	INFO 	imageDir_neutral: Faces/neutral/
12.7129 	INFO 	imageDir_social: Faces/social/
12.7129 	INFO 	imageDir_threat: Faces/threat/
12.7129 	INFO 	imageSize: [0.8, 0.8]
12.7130 	INFO 	imageSubstring: nontarget
12.7130 	INFO 	imageSuffix: .png
12.7130 	INFO 	nTrials: 5
12.7130 	INFO 	nontargetMessage: bytearray(b'(')
12.7130 	INFO 	postFixMessage: bytearray(b'\n')
12.7130 	INFO 	postStimDur: 1.0
12.7130 	INFO 	preFixMessage: bytearray(b'\x01')
12.7137 	INFO 	preStimDur: [0.5 0.6 0.7 0.8 0.9 1.  1.1 1.2 1.3 1.4 1.5 1.6 1.7 1.8 1.9]
12.7137 	INFO 	promptDir: Text/
12.7137 	INFO 	promptFile_neutral: NeutralPrompts.csv
12.7137 	INFO 	promptFile_social: SocialPrompts.csv
12.7138 	INFO 	promptFile_threat: ThreatPrompts.csv
12.7138 	INFO 	promptImageSize: [1.2, 0.3]
12.7138 	INFO 	respAdvances: True
12.7138 	INFO 	respKeys: ['r', 'b', 'y', 'g']
12.7138 	INFO 	screenColor: (128, 128, 128)
12.7139 	INFO 	screenToShow: 0
12.7139 	INFO 	skipPrompts: False
12.7140 	INFO 	stimDur: 0.5
12.7140 	INFO 	tStartup: 1
12.7140 	INFO 	targetMessage: bytearray(b'\x1e')
12.7140 	INFO 	triggerKey: t
12.7140 	INFO 	---END PARAMETERS---
13.1644 	INFO 	Loaded monitor calibration from ['2021_06_28 14:15']
13.1672 	WARNING 	User requested fullscreen with size [800 600], but screen is actually [1920, 1080]. Using actual size
13.7097 	EXP 	Created win = Window(allowGUI=False, allowStencil=False, autoLog=True, backendConf=UNKNOWN, bitsMode=UNKNOWN, blendMode='avg', bpc=(8, 8, 8), color=array([128, 128, 128]), colorSpace='rgb255', depthBits=8, fullscr=<method-wrapper '__getattribute__' of attributeSetter object at 0x7f8447edada0>, gamma=None, gammaErrorPolicy='raise', lms=UNKNOWN, monitor=<psychopy.monitors.calibTools.Monitor object at 0x7f84455d4da0>, multiSample=False, name='win', numSamples=2, pos=[0.0, 0.0], screen=0, size=array([1920, 1080]), stencilBits=0, stereo=False, units='height', useFBO=False, useRetina=False, viewOri=0.0, viewPos=None, viewScale=None, waitBlanking=True, winType='pyglet')
13.7101 	EXP 	win: mouseVisible = True
13.7157 	EXP 	Created fixCross = ShapeStim(__class__=<class 'psychopy.visual.shape.ShapeStim'>, autoDraw=False, autoLog=True, closeShape=False, color=method-wrapper(...), colorSpace='rgb', contrast=None, depth=0, fillColor=array([0, 0, 0]), fillColorSpace='rgb', fillRGB=UNKNOWN, interpolate=True, lineColor=array([-1., -1., -1.]), lineColorSpace='rgb', lineRGB=UNKNOWN, lineWidth=3.0, name='fixCross', opacity=0.5, ori=0.0, pos=array([0., 0.]), size=array([1., 1.]), units='height', vertices=ndarray(...), win=Window(...), windingRule=None)
13.7162 	WARNING 	TextStim.alignHoriz is deprecated. Use alignText and anchorHoriz attributes instead
13.7489 	EXP 	Created topMsg = TextStim(__class__=<class 'psychopy.visual.text.TextStim'>, alignHoriz='center', alignText='center', alignVert=method-wrapper(...), anchorHoriz='center', anchorVert='center', antialias=True, autoLog=True, bold=False, color=array([-1., -1., -1.]), colorSpace='rgb', contrast=1.0, depth=0, flipHoriz=False, flipVert=False, font='', fontFiles=[], height=0.1, italic=False, languageStyle='LTR', name='topMsg', opacity=1.0, ori=0.0, pos=array([0. , 0.5]), rgb=UNKNOWN, text='aaa', units='norm', win=Window(...), wrapWidth=1.5)
13.7490 	WARNING 	TextStim.alignHoriz is deprecated. Use alignText and anchorHoriz attributes instead
13.7519 	EXP 	Created bottomMsg = TextStim(__class__=<class 'psychopy.visual.text.TextStim'>, alignHoriz='center', alignText='center', alignVert=method-wrapper(...), anchorHoriz='center', anchorVert='center', antialias=True, autoLog=True, bold=False, color=array([-1., -1., -1.]), colorSpace='rgb', contrast=1.0, depth=0, flipHoriz=False, flipVert=False, font='', fontFiles=[], height=0.1, italic=False, languageStyle='LTR', name='bottomMsg', opacity=1.0, ori=0.0, pos=array([ 0. , -0.5]), rgb=UNKNOWN, text='bbb', units='norm', win=Window(...), wrapWidth=1.5)
13.7984 	EXP 	Created ImageStimulus = ImageStim(__class__=<class 'psychopy.visual.image.ImageStim'>, autoLog=True, color=array([1., 1., 1.]), colorSpace='rgb', contrast=1.0, depth=0, flipHoriz=False, flipVert=False, image='Faces/neutral/No Emotion_Front_Man2.png', interpolate=False, mask=None, maskParams=None, name='ImageStimulus', opacity=1, ori=0.0, pos=array([0., 0.]), size=array([0.46296296, 0.46296296]), texRes=128, units='height', win=Window(...))
13.8477 	EXP 	topMsg: text = 'In this task, you will see images briefly flashed on the screen. Your job is to count the images in a “target” category and ignore the others. At the end, we will ask you how many target images you saw.'
13.8477 	EXP 	bottomMsg: text = 'In this run, please count all the faces with hats. (Press ENTER to continue.)'
13.8477 	EXP 	Display Instructions1
17.1303 	DATA 	Keypress: return
17.1724 	EXP 	topMsg: text = 'Here are some examples of faces with hats (left) and no hats (right).'
17.1724 	EXP 	bottomMsg: text = 'Just before and after each image, there will be a cross in the middle of the screen. Please look directly at the cross and try not to blink during this period. (Press ENTER to continue.)'
17.1724 	EXP 	ImageStimulus: size = array([1.1787037 , 0.25555556])
17.1724 	EXP 	ImageStimulus: image = 'Faces/sample_images/sample_neutral.png'
17.1724 	EXP 	ImageStimulus: size = [1.2, 0.3]
17.1724 	EXP 	Display Instructions2
20.0139 	DATA 	Keypress: return
20.0310 	EXP 	topMsg: text = 'If you have any questions, please ask the experimenter now.'
20.0310 	EXP 	bottomMsg: text = 'WHEN YOU ARE READY TO BEGIN, press any button.'
20.0310 	EXP 	Display Instructions3
21.2984 	DATA 	Keypress: return
21.3076 	EXP 	topMsg: text = 'Waiting for scanner to start...'
21.3076 	EXP 	bottomMsg: text = "(Press 'T' to override.)"
21.3076 	EXP 	Display WaitingForScanner
25.0670 	DATA 	Keypress: t
25.0675 	EXP 	---START EXPERIMENT---
25.0765 	EXP 	Display Fixation
25.0891 	EXP 	Display Fixation
25.1059 	EXP 	Display Fixation
25.1241 	EXP 	Display Fixation
25.1408 	EXP 	Display Fixation
25.1574 	EXP 	Display Fixation
25.1740 	EXP 	Display Fixation
25.1907 	EXP 	Display Fixation
25.2075 	EXP 	Display Fixation
25.2240 	EXP 	Display Fixation
25.2409 	EXP 	Display Fixation
25.2574 	EXP 	Display Fixation
25.2741 	EXP 	Display Fixation
25.2909 	EXP 	Display Fixation
25.3075 	EXP 	Display Fixation
25.3242 	EXP 	Display Fixation
25.3411 	EXP 	Display Fixation
25.3575 	EXP 	Display Fixation
25.3739 	EXP 	Display Fixation
25.3908 	EXP 	Display Fixation
25.4075 	EXP 	Display Fixation
25.4242 	EXP 	Display Fixation
25.4408 	EXP 	Display Fixation
25.4575 	EXP 	Display Fixation
25.4742 	EXP 	Display Fixation
25.4907 	EXP 	Display Fixation
25.5075 	EXP 	Display Fixation
25.5243 	EXP 	Display Fixation
25.5408 	EXP 	Display Fixation
25.5573 	EXP 	Display Fixation
25.5741 	EXP 	Display Fixation
25.5907 	EXP 	Display Fixation
25.6074 	EXP 	Display Fixation
25.6241 	EXP 	Display Fixation
25.6409 	EXP 	Display Fixation
25.6576 	EXP 	Display Fixation
25.6743 	EXP 	Display Fixation
25.6908 	EXP 	Display Fixation
25.7076 	EXP 	Display Fixation
25.7242 	EXP 	Display Fixation
25.7402 	EXP 	Display Fixation
25.7574 	EXP 	Display Fixation
25.7741 	EXP 	Display Fixation
25.7908 	EXP 	Display Fixation
25.8073 	EXP 	Display Fixation
25.8241 	EXP 	Display Fixation
25.8408 	EXP 	Display Fixation
25.8578 	EXP 	Display Fixation
25.8742 	EXP 	Display Fixation
25.8908 	EXP 	Display Fixation
25.9074 	EXP 	Display Fixation
25.9240 	EXP 	Display Fixation
25.9408 	EXP 	Display Fixation
25.9575 	EXP 	Display Fixation
25.9740 	EXP 	Display Fixation
25.9909 	EXP 	Display Fixation
26.0075 	EXP 	Display Fixation
26.0240 	EXP 	Display Fixation
26.0407 	EXP 	Display Fixation
26.0574 	EXP 	Display Fixation
26.0745 	EXP 	Display Fixation
26.0910 	EXP 	Display Fixation
26.1075 	EXP 	Display Fixation
26.1241 	EXP 	Display Fixation
26.1409 	EXP 	Display Fixation
26.1575 	EXP 	Display Fixation
26.1740 	EXP 	Display Fixation
26.1907 	EXP 	Display Fixation
26.2075 	EXP 	Display Fixation
26.2242 	EXP 	Display Fixation
26.2409 	EXP 	Display Fixation
26.2575 	EXP 	Display Fixation
26.2741 	EXP 	Display Fixation
26.2907 	EXP 	Display Fixation
26.3076 	EXP 	Display Fixation
26.3240 	EXP 	Display Fixation
26.3406 	EXP 	Display Fixation
26.3576 	EXP 	Display Fixation
26.3741 	EXP 	Display Fixation
26.3908 	EXP 	Display Fixation
26.4071 	EXP 	Display Fixation
26.4242 	EXP 	Display Fixation
26.4407 	EXP 	Display Fixation
26.4575 	EXP 	Display Fixation
26.4743 	EXP 	Display Fixation
26.4911 	EXP 	Display Fixation
26.5079 	EXP 	Display Fixation
26.5245 	EXP 	Display Fixation
26.5410 	EXP 	Display Fixation
26.5577 	EXP 	Display Fixation
26.5745 	EXP 	Display Fixation
26.5911 	EXP 	Display Fixation
26.6076 	EXP 	Display Fixation
26.6245 	EXP 	Display Fixation
26.6412 	EXP 	Display Fixation
26.6579 	EXP 	Display Fixation
26.6745 	EXP 	Display Fixation
26.6912 	EXP 	Display Fixation
26.7077 	EXP 	Display Fixation
26.7246 	EXP 	Display Fixation
26.7414 	EXP 	Display Fixation
26.7577 	EXP 	Display Fixation
26.7746 	EXP 	Display Fixation
26.7912 	EXP 	Display Fixation
26.8078 	EXP 	Display Fixation
26.8246 	EXP 	Display Fixation
26.8410 	EXP 	Display Fixation
26.8578 	EXP 	Display Fixation
26.8744 	EXP 	Display Fixation
26.8913 	EXP 	Display Fixation
26.9080 	EXP 	Display Fixation
26.9244 	EXP 	Display Fixation
26.9411 	EXP 	Display Fixation
26.9579 	EXP 	Display Fixation
26.9744 	EXP 	Display Fixation
26.9911 	EXP 	Display Fixation
27.0078 	EXP 	Display Fixation
27.0244 	EXP 	Display Fixation
27.0411 	EXP 	Display Fixation
27.0577 	EXP 	Display Fixation
27.0747 	EXP 	Display Fixation
27.0910 	EXP 	Display Fixation
27.1077 	EXP 	Display Fixation
27.1244 	EXP 	Display Fixation
27.1414 	EXP 	Display Fixation
27.1576 	EXP 	Display Fixation
27.1743 	EXP 	Display Fixation
27.1910 	EXP 	Display Fixation
27.2077 	EXP 	Display Fixation
27.2243 	EXP 	Display Fixation
27.2411 	EXP 	Display Fixation
27.2577 	EXP 	Display Fixation
27.2745 	EXP 	Display Fixation
27.2911 	EXP 	Display Fixation
27.3077 	EXP 	Display Fixation
27.3243 	EXP 	Display Fixation
27.3411 	EXP 	Display Fixation
27.3577 	EXP 	Display Fixation
27.3744 	EXP 	Display Fixation
27.3911 	EXP 	Display Fixation
27.4078 	EXP 	Display Fixation
27.4245 	EXP 	Display Fixation
27.4412 	EXP 	Display Fixation
27.4581 	EXP 	Display Fixation
27.4746 	EXP 	Display Fixation
27.4911 	EXP 	Display Fixation
27.5080 	EXP 	Display Fixation
27.5244 	EXP 	Display Fixation
27.5414 	EXP 	Display Fixation
27.5577 	EXP 	Display Fixation
27.5744 	EXP 	Display Fixation
27.6007 	EXP 	ImageStimulus: image = 'Faces/neutral/No Emotion_Front_Man2.png'
27.6007 	EXP 	ImageStimulus: size = [0.8, 0.8]
27.6007 	EXP 	Display Faces/neutral/No Emotion_Front_Man2.png
28.0692 	EXP 	Display Fixation
28.0727 	EXP 	Display Fixation
28.0893 	EXP 	Display Fixation
28.1065 	EXP 	Display Fixation
28.1245 	EXP 	Display Fixation
28.1411 	EXP 	Display Fixation
28.1577 	EXP 	Display Fixation
28.1745 	EXP 	Display Fixation
28.1911 	EXP 	Display Fixation
28.2151 	EXP 	Display Fixation
28.2231 	EXP 	Display Fixation
28.2411 	EXP 	Display Fixation
28.2579 	EXP 	Display Fixation
28.2745 	EXP 	Display Fixation
28.2914 	EXP 	Display Fixation
28.3078 	EXP 	Display Fixation
28.3245 	EXP 	Display Fixation
28.3413 	EXP 	Display Fixation
28.3578 	EXP 	Display Fixation
28.3744 	EXP 	Display Fixation
28.3910 	EXP 	Display Fixation
28.4077 	EXP 	Display Fixation
28.4244 	EXP 	Display Fixation
28.4413 	EXP 	Display Fixation
28.4578 	EXP 	Display Fixation
28.4744 	EXP 	Display Fixation
28.4913 	EXP 	Display Fixation
28.5077 	EXP 	Display Fixation
28.5243 	EXP 	Display Fixation
28.5411 	EXP 	Display Fixation
28.5577 	EXP 	Display Fixation
28.5744 	EXP 	Display Fixation
28.5911 	EXP 	Display Fixation
28.6077 	EXP 	Display Fixation
28.6244 	EXP 	Display Fixation
28.6413 	EXP 	Display Fixation
28.6579 	EXP 	Display Fixation
28.6744 	EXP 	Display Fixation
28.6913 	EXP 	Display Fixation
28.7078 	EXP 	Display Fixation
28.7244 	EXP 	Display Fixation
28.7410 	EXP 	Display Fixation
28.7578 	EXP 	Display Fixation
28.7746 	EXP 	Display Fixation
28.7910 	EXP 	Display Fixation
28.8078 	EXP 	Display Fixation
28.8244 	EXP 	Display Fixation
28.8411 	EXP 	Display Fixation
28.8578 	EXP 	Display Fixation
28.8743 	EXP 	Display Fixation
28.8911 	EXP 	Display Fixation
28.9078 	EXP 	Display Fixation
28.9246 	EXP 	Display Fixation
28.9409 	EXP 	Display Fixation
28.9578 	EXP 	Display Fixation
28.9746 	EXP 	Display Fixation
28.9911 	EXP 	Display Fixation
29.0070 	EXP 	Display Fixation
29.0244 	EXP 	Display Fixation
29.0410 	EXP 	Display Fixation
29.0577 	EXP 	Display Fixation
29.0745 	EXP 	Display Fixation
29.0912 	EXP 	Display Fixation
29.1078 	EXP 	Display Fixation
29.1245 	EXP 	Display Fixation
29.1410 	EXP 	Display Fixation
29.1579 	EXP 	Display Fixation
29.1742 	EXP 	Display Fixation
29.1910 	EXP 	Display Fixation
29.2078 	EXP 	Display Fixation
29.2244 	EXP 	Display Fixation
29.2410 	EXP 	Display Fixation
29.2583 	EXP 	Display Fixation
29.2744 	EXP 	Display Fixation
29.2914 	EXP 	Display Fixation
29.3079 	EXP 	Display Fixation
29.3244 	EXP 	Display Fixation
29.3406 	EXP 	Display Fixation
29.3578 	EXP 	Display Fixation
29.3744 	EXP 	Display Fixation
29.3911 	EXP 	Display Fixation
29.4076 	EXP 	Display Fixation
29.4245 	EXP 	Display Fixation
29.4411 	EXP 	Display Fixation
29.4577 	EXP 	Display Fixation
29.4744 	EXP 	Display Fixation
29.4910 	EXP 	Display Fixation
29.5079 	EXP 	Display Fixation
29.5245 	EXP 	Display Fixation
29.5409 	EXP 	Display Fixation
29.5578 	EXP 	Display Fixation
29.5745 	EXP 	Display Fixation
29.5908 	EXP 	Display Fixation
29.6078 	EXP 	Display Fixation
29.6245 	EXP 	Display Fixation
29.6410 	EXP 	Display Fixation
29.6578 	EXP 	Display Fixation
29.6746 	EXP 	Display Fixation
29.6911 	EXP 	Display Fixation
29.7078 	EXP 	Display Fixation
29.7245 	EXP 	Display Fixation
29.7410 	EXP 	Display Fixation
29.7577 	EXP 	Display Fixation
29.7744 	EXP 	Display Fixation
29.7911 	EXP 	Display Fixation
29.8076 	EXP 	Display Fixation
29.8244 	EXP 	Display Fixation
29.8412 	EXP 	Display Fixation
29.8578 	EXP 	Display Fixation
29.8745 	EXP 	Display Fixation
29.8911 	EXP 	Display Fixation
29.9078 	EXP 	Display Fixation
29.9244 	EXP 	Display Fixation
29.9412 	EXP 	Display Fixation
29.9579 	EXP 	Display Fixation
29.9745 	EXP 	Display Fixation
29.9913 	EXP 	Display Fixation
30.0077 	EXP 	Display Fixation
30.0244 	EXP 	Display Fixation
30.0410 	EXP 	Display Fixation
30.0577 	EXP 	Display Fixation
30.0745 	EXP 	Display Fixation
30.0911 	EXP 	Display Fixation
30.1078 	EXP 	Display Fixation
30.1244 	EXP 	Display Fixation
30.1410 	EXP 	Display Fixation
30.1577 	EXP 	Display Fixation
30.1744 	EXP 	Display Fixation
30.1911 	EXP 	Display Fixation
30.2078 	EXP 	Display Fixation
30.2243 	EXP 	Display Fixation
30.2410 	EXP 	Display Fixation
30.2582 	EXP 	Display Fixation
30.2745 	EXP 	Display Fixation
30.2911 	EXP 	Display Fixation
30.3078 	EXP 	Display Fixation
30.3245 	EXP 	Display Fixation
30.3412 	EXP 	Display Fixation
30.3578 	EXP 	Display Fixation
30.3746 	EXP 	Display Fixation
30.3912 	EXP 	Display Fixation
30.4077 	EXP 	Display Fixation
30.4245 	EXP 	Display Fixation
30.4413 	EXP 	Display Fixation
30.4578 	EXP 	Display Fixation
30.4743 	EXP 	Display Fixation
30.4911 	EXP 	Display Fixation
30.5077 	EXP 	Display Fixation
30.5242 	EXP 	Display Fixation
30.5411 	EXP 	Display Fixation
30.5577 	EXP 	Display Fixation
30.5746 	EXP 	Display Fixation
30.5913 	EXP 	Display Fixation
30.6078 	EXP 	Display Fixation
30.6244 	EXP 	Display Fixation
30.6411 	EXP 	Display Fixation
30.6577 	EXP 	Display Fixation
30.6745 	EXP 	Display Fixation
30.6911 	EXP 	Display Fixation
30.7079 	EXP 	Display Fixation
30.7243 	EXP 	Display Fixation
30.7404 	EXP 	Display Fixation
30.7562 	EXP 	Display Fixation
30.7733 	EXP 	Display Fixation
30.7911 	EXP 	Display Fixation
30.8078 	EXP 	Display Fixation
30.8244 	EXP 	Display Fixation
30.8411 	EXP 	Display Fixation
30.8578 	EXP 	Display Fixation
30.8748 	EXP 	Display Fixation
30.8912 	EXP 	Display Fixation
30.9077 	EXP 	Display Fixation
30.9244 	EXP 	Display Fixation
30.9411 	EXP 	Display Fixation
30.9576 	EXP 	Display Fixation
30.9744 	EXP 	Display Fixation
30.9912 	EXP 	Display Fixation
31.0077 	EXP 	Display Fixation
31.0243 	EXP 	Display Fixation
31.0410 	EXP 	Display Fixation
31.0577 	EXP 	Display Fixation
31.0745 	EXP 	Display Fixation
31.0913 	EXP 	Display Fixation
31.1079 	EXP 	Display Fixation
31.1245 	EXP 	Display Fixation
31.1412 	EXP 	Display Fixation
31.1577 	EXP 	Display Fixation
31.1745 	EXP 	Display Fixation
31.1911 	EXP 	Display Fixation
31.2076 	EXP 	Display Fixation
31.2245 	EXP 	Display Fixation
31.2412 	EXP 	Display Fixation
31.2577 	EXP 	Display Fixation
31.2745 	EXP 	Display Fixation
31.2911 	EXP 	Display Fixation
31.3079 	EXP 	Display Fixation
31.3245 	EXP 	Display Fixation
31.3409 	EXP 	Display Fixation
31.3578 	EXP 	Display Fixation
31.3744 	EXP 	Display Fixation
31.3911 	EXP 	Display Fixation
31.4078 	EXP 	Display Fixation
31.4244 	EXP 	Display Fixation
31.4411 	EXP 	Display Fixation
31.4576 	EXP 	Display Fixation
31.4744 	EXP 	Display Fixation
31.4911 	EXP 	Display Fixation
31.5078 	EXP 	Display Fixation
31.5245 	EXP 	Display Fixation
31.5415 	EXP 	Display Fixation
31.5578 	EXP 	Display Fixation
31.5742 	EXP 	Display Fixation
31.5911 	EXP 	Display Fixation
31.6080 	EXP 	Display Fixation
31.6244 	EXP 	Display Fixation
31.6411 	EXP 	Display Fixation
31.6575 	EXP 	Display Fixation
31.6747 	EXP 	Display Fixation
31.6911 	EXP 	Display Fixation
31.7077 	EXP 	Display Fixation
31.7244 	EXP 	Display Fixation
31.7414 	EXP 	Display Fixation
31.7577 	EXP 	Display Fixation
31.7743 	EXP 	Display Fixation
31.7910 	EXP 	Display Fixation
31.8077 	EXP 	Display Fixation
31.8244 	EXP 	Display Fixation
31.8411 	EXP 	Display Fixation
31.8577 	EXP 	Display Fixation
31.8743 	EXP 	Display Fixation
31.8911 	EXP 	Display Fixation
31.9076 	EXP 	Display Fixation
31.9244 	EXP 	Display Fixation
31.9412 	EXP 	Display Fixation
31.9578 	EXP 	Display Fixation
31.9744 	EXP 	Display Fixation
31.9913 	EXP 	Display Fixation
32.0077 	EXP 	Display Fixation
32.0243 	EXP 	Display Fixation
32.0410 	EXP 	Display Fixation
32.0575 	EXP 	Display Fixation
32.0744 	EXP 	Display Fixation
32.0913 	EXP 	Display Fixation
32.1078 	EXP 	Display Fixation
32.1245 	EXP 	Display Fixation
32.1410 	EXP 	Display Fixation
32.1578 	EXP 	Display Fixation
32.1743 	EXP 	Display Fixation
32.1910 	EXP 	Display Fixation
32.2078 	EXP 	Display Fixation
32.2242 	EXP 	Display Fixation
32.2410 	EXP 	Display Fixation
32.2578 	EXP 	Display Fixation
32.2741 	EXP 	Display Fixation
32.2910 	EXP 	Display Fixation
32.3077 	EXP 	Display Fixation
32.3244 	EXP 	Display Fixation
32.3410 	EXP 	Display Fixation
32.3577 	EXP 	Display Fixation
32.3743 	EXP 	Display Fixation
32.3913 	EXP 	Display Fixation
32.4076 	EXP 	Display Fixation
32.4243 	EXP 	Display Fixation
32.4410 	EXP 	Display Fixation
32.4576 	EXP 	Display Fixation
32.4743 	EXP 	Display Fixation
32.4911 	EXP 	Display Fixation
32.5079 	EXP 	Display Fixation
32.5244 	EXP 	Display Fixation
32.5411 	EXP 	Display Fixation
32.5575 	EXP 	Display Fixation
32.5743 	EXP 	Display Fixation
32.5910 	EXP 	Display Fixation
32.6078 	EXP 	Display Fixation
32.6243 	EXP 	Display Fixation
32.6497 	EXP 	ImageStimulus: image = 'Faces/neutral/No Emotion_Front _Man1.png'
32.6497 	EXP 	ImageStimulus: size = [0.8, 0.8]
32.6497 	EXP 	Display Faces/neutral/No Emotion_Front _Man1.png
33.1195 	EXP 	Display Fixation
33.1226 	EXP 	Display Fixation
33.1393 	EXP 	Display Fixation
33.1562 	EXP 	Display Fixation
33.1743 	EXP 	Display Fixation
33.1911 	EXP 	Display Fixation
33.2077 	EXP 	Display Fixation
33.2245 	EXP 	Display Fixation
33.2411 	EXP 	Display Fixation
33.2576 	EXP 	Display Fixation
33.2743 	EXP 	Display Fixation
33.2911 	EXP 	Display Fixation
33.3077 	EXP 	Display Fixation
33.3244 	EXP 	Display Fixation
33.3411 	EXP 	Display Fixation
33.3576 	EXP 	Display Fixation
33.3747 	EXP 	Display Fixation
33.3910 	EXP 	Display Fixation
33.4077 	EXP 	Display Fixation
33.4244 	EXP 	Display Fixation
33.4411 	EXP 	Display Fixation
33.4576 	EXP 	Display Fixation
33.4743 	EXP 	Display Fixation
33.4910 	EXP 	Display Fixation
33.5077 	EXP 	Display Fixation
33.5247 	EXP 	Display Fixation
33.5413 	EXP 	Display Fixation
33.5576 	EXP 	Display Fixation
33.5744 	EXP 	Display Fixation
33.5909 	EXP 	Display Fixation
33.6078 	EXP 	Display Fixation
33.6242 	EXP 	Display Fixation
33.6410 	EXP 	Display Fixation
33.6577 	EXP 	Display Fixation
33.6743 	EXP 	Display Fixation
33.6910 	EXP 	Display Fixation
33.7080 	EXP 	Display Fixation
33.7245 	EXP 	Display Fixation
33.7410 	EXP 	Display Fixation
33.7577 	EXP 	Display Fixation
33.7744 	EXP 	Display Fixation
33.7911 	EXP 	Display Fixation
33.8077 	EXP 	Display Fixation
33.8244 	EXP 	Display Fixation
33.8410 	EXP 	Display Fixation
33.8578 	EXP 	Display Fixation
33.8747 	EXP 	Display Fixation
33.8910 	EXP 	Display Fixation
33.9078 	EXP 	Display Fixation
33.9247 	EXP 	Display Fixation
33.9411 	EXP 	Display Fixation
33.9577 	EXP 	Display Fixation
33.9744 	EXP 	Display Fixation
33.9910 	EXP 	Display Fixation
34.0068 	EXP 	Display Fixation
34.0241 	EXP 	Display Fixation
34.0410 	EXP 	Display Fixation
34.0576 	EXP 	Display Fixation
34.0744 	EXP 	Display Fixation
34.0912 	EXP 	Display Fixation
34.1077 	EXP 	Display Fixation
34.1247 	EXP 	Display Fixation
34.1411 	EXP 	Display Fixation
34.1576 	EXP 	Display Fixation
34.1743 	EXP 	Display Fixation
34.1912 	EXP 	Display Fixation
34.2077 	EXP 	Display Fixation
34.2244 	EXP 	Display Fixation
34.2411 	EXP 	Display Fixation
34.2577 	EXP 	Display Fixation
34.2745 	EXP 	Display Fixation
34.2911 	EXP 	Display Fixation
34.3077 	EXP 	Display Fixation
34.3245 	EXP 	Display Fixation
34.3410 	EXP 	Display Fixation
34.3577 	EXP 	Display Fixation
34.3744 	EXP 	Display Fixation
34.3910 	EXP 	Display Fixation
34.4078 	EXP 	Display Fixation
34.4245 	EXP 	Display Fixation
34.4409 	EXP 	Display Fixation
34.4576 	EXP 	Display Fixation
34.4743 	EXP 	Display Fixation
34.4910 	EXP 	Display Fixation
34.5078 	EXP 	Display Fixation
34.5245 	EXP 	Display Fixation
34.5410 	EXP 	Display Fixation
34.5577 	EXP 	Display Fixation
34.5744 	EXP 	Display Fixation
34.5910 	EXP 	Display Fixation
34.6079 	EXP 	Display Fixation
34.6244 	EXP 	Display Fixation
34.6411 	EXP 	Display Fixation
34.6576 	EXP 	Display Fixation
34.6744 	EXP 	Display Fixation
34.6909 	EXP 	Display Fixation
34.7077 	EXP 	Display Fixation
34.7245 	EXP 	Display Fixation
34.7410 	EXP 	Display Fixation
34.7581 	EXP 	Display Fixation
34.7745 	EXP 	Display Fixation
34.7909 	EXP 	Display Fixation
34.8077 	EXP 	Display Fixation
34.8243 	EXP 	Display Fixation
34.8410 	EXP 	Display Fixation
34.8576 	EXP 	Display Fixation
34.8743 	EXP 	Display Fixation
34.8910 	EXP 	Display Fixation
34.9077 	EXP 	Display Fixation
34.9244 	EXP 	Display Fixation
34.9410 	EXP 	Display Fixation
34.9569 	EXP 	Display Fixation
34.9742 	EXP 	Display Fixation
34.9910 	EXP 	Display Fixation
35.0078 	EXP 	Display Fixation
35.0243 	EXP 	Display Fixation
35.0410 	EXP 	Display Fixation
35.0576 	EXP 	Display Fixation
35.0746 	EXP 	Display Fixation
35.0912 	EXP 	Display Fixation
35.1077 	EXP 	Display Fixation
35.1246 	EXP 	Display Fixation
35.1412 	EXP 	Display Fixation
35.1577 	EXP 	Display Fixation
35.1743 	EXP 	Display Fixation
35.1910 	EXP 	Display Fixation
35.2077 	EXP 	Display Fixation
35.2246 	EXP 	Display Fixation
35.2411 	EXP 	Display Fixation
35.2577 	EXP 	Display Fixation
35.2743 	EXP 	Display Fixation
35.2910 	EXP 	Display Fixation
35.3078 	EXP 	Display Fixation
35.3245 	EXP 	Display Fixation
35.3412 	EXP 	Display Fixation
35.3577 	EXP 	Display Fixation
35.3743 	EXP 	Display Fixation
35.3910 	EXP 	Display Fixation
35.4076 	EXP 	Display Fixation
35.4244 	EXP 	Display Fixation
35.4410 	EXP 	Display Fixation
35.4579 	EXP 	Display Fixation
35.4740 	EXP 	Display Fixation
35.4910 	EXP 	Display Fixation
35.5081 	EXP 	Display Fixation
35.5245 	EXP 	Display Fixation
35.5414 	EXP 	Display Fixation
35.5577 	EXP 	Display Fixation
35.5743 	EXP 	Display Fixation
35.5911 	EXP 	Display Fixation
35.6077 	EXP 	Display Fixation
35.6244 	EXP 	Display Fixation
35.6409 	EXP 	Display Fixation
35.6576 	EXP 	Display Fixation
35.6742 	EXP 	Display Fixation
35.6912 	EXP 	Display Fixation
35.7076 	EXP 	Display Fixation
35.7244 	EXP 	Display Fixation
35.7410 	EXP 	Display Fixation
35.7577 	EXP 	Display Fixation
35.7744 	EXP 	Display Fixation
35.7910 	EXP 	Display Fixation
35.8076 	EXP 	Display Fixation
35.8244 	EXP 	Display Fixation
35.8411 	EXP 	Display Fixation
35.8573 	EXP 	Display Fixation
35.8743 	EXP 	Display Fixation
35.8912 	EXP 	Display Fixation
35.9078 	EXP 	Display Fixation
35.9246 	EXP 	Display Fixation
35.9411 	EXP 	Display Fixation
35.9578 	EXP 	Display Fixation
35.9744 	EXP 	Display Fixation
35.9910 	EXP 	Display Fixation
36.0078 	EXP 	Display Fixation
36.0247 	EXP 	Display Fixation
36.0410 	EXP 	Display Fixation
36.0576 	EXP 	Display Fixation
36.0742 	EXP 	Display Fixation
36.0910 	EXP 	Display Fixation
36.1079 	EXP 	Display Fixation
36.1249 	EXP 	Display Fixation
36.1409 	EXP 	Display Fixation
36.1579 	EXP 	Display Fixation
36.1743 	EXP 	Display Fixation
36.1909 	EXP 	Display Fixation
36.2076 	EXP 	Display Fixation
36.2244 	EXP 	Display Fixation
36.2411 	EXP 	Display Fixation
36.2576 	EXP 	Display Fixation
36.2744 	EXP 	Display Fixation
36.2910 	EXP 	Display Fixation
36.3078 	EXP 	Display Fixation
36.3243 	EXP 	Display Fixation
36.3411 	EXP 	Display Fixation
36.3578 	EXP 	Display Fixation
36.3744 	EXP 	Display Fixation
36.3914 	EXP 	Display Fixation
36.4076 	EXP 	Display Fixation
36.4245 	EXP 	Display Fixation
36.4409 	EXP 	Display Fixation
36.4578 	EXP 	Display Fixation
36.4746 	EXP 	Display Fixation
36.4910 	EXP 	Display Fixation
36.5078 	EXP 	Display Fixation
36.5245 	EXP 	Display Fixation
36.5413 	EXP 	Display Fixation
36.5576 	EXP 	Display Fixation
36.5744 	EXP 	Display Fixation
36.5910 	EXP 	Display Fixation
36.6077 	EXP 	Display Fixation
36.6244 	EXP 	Display Fixation
36.6411 	EXP 	Display Fixation
36.6576 	EXP 	Display Fixation
36.6744 	EXP 	Display Fixation
36.6912 	EXP 	Display Fixation
36.7077 	EXP 	Display Fixation
36.7243 	EXP 	Display Fixation
36.7411 	EXP 	Display Fixation
36.7571 	EXP 	Display Fixation
36.7744 	EXP 	Display Fixation
36.7913 	EXP 	Display Fixation
36.8077 	EXP 	Display Fixation
36.8244 	EXP 	Display Fixation
36.8411 	EXP 	Display Fixation
36.8576 	EXP 	Display Fixation
36.8745 	EXP 	Display Fixation
36.8911 	EXP 	Display Fixation
36.9076 	EXP 	Display Fixation
36.9244 	EXP 	Display Fixation
36.9410 	EXP 	Display Fixation
36.9577 	EXP 	Display Fixation
36.9744 	EXP 	Display Fixation
36.9912 	EXP 	Display Fixation
37.0076 	EXP 	Display Fixation
37.0243 	EXP 	Display Fixation
37.0410 	EXP 	Display Fixation
37.0576 	EXP 	Display Fixation
37.0744 	EXP 	Display Fixation
37.0911 	EXP 	Display Fixation
37.1079 	EXP 	Display Fixation
37.1248 	EXP 	Display Fixation
37.1411 	EXP 	Display Fixation
37.1577 	EXP 	Display Fixation
37.1744 	EXP 	Display Fixation
37.1957 	EXP 	ImageStimulus: image = 'Faces/neutral/Woman11_hat.png'
37.1957 	EXP 	ImageStimulus: size = [0.8, 0.8]
37.1957 	EXP 	Display Faces/neutral/Woman11_hat.png
37.6693 	EXP 	Display Fixation
37.6726 	EXP 	Display Fixation
37.6893 	EXP 	Display Fixation
37.7074 	EXP 	Display Fixation
37.7244 	EXP 	Display Fixation
37.7410 	EXP 	Display Fixation
37.7579 	EXP 	Display Fixation
37.7742 	EXP 	Display Fixation
37.7913 	EXP 	Display Fixation
37.8079 	EXP 	Display Fixation
37.8244 	EXP 	Display Fixation
37.8410 	EXP 	Display Fixation
37.8578 	EXP 	Display Fixation
37.8743 	EXP 	Display Fixation
37.8912 	EXP 	Display Fixation
37.9080 	EXP 	Display Fixation
37.9244 	EXP 	Display Fixation
37.9410 	EXP 	Display Fixation
37.9578 	EXP 	Display Fixation
37.9745 	EXP 	Display Fixation
37.9911 	EXP 	Display Fixation
38.0077 	EXP 	Display Fixation
38.0241 	EXP 	Display Fixation
38.0410 	EXP 	Display Fixation
38.0579 	EXP 	Display Fixation
38.0748 	EXP 	Display Fixation
38.0911 	EXP 	Display Fixation
38.1076 	EXP 	Display Fixation
38.1244 	EXP 	Display Fixation
38.1411 	EXP 	Display Fixation
38.1576 	EXP 	Display Fixation
38.1743 	EXP 	Display Fixation
38.1909 	EXP 	Display Fixation
38.2077 	EXP 	Display Fixation
38.2243 	EXP 	Display Fixation
38.2410 	EXP 	Display Fixation
38.2578 	EXP 	Display Fixation
38.2749 	EXP 	Display Fixation
38.2911 	EXP 	Display Fixation
38.3077 	EXP 	Display Fixation
38.3244 	EXP 	Display Fixation
38.3411 	EXP 	Display Fixation
38.3577 	EXP 	Display Fixation
38.3744 	EXP 	Display Fixation
38.3913 	EXP 	Display Fixation
38.4078 	EXP 	Display Fixation
38.4244 	EXP 	Display Fixation
38.4409 	EXP 	Display Fixation
38.4579 	EXP 	Display Fixation
38.4743 	EXP 	Display Fixation
38.4910 	EXP 	Display Fixation
38.5078 	EXP 	Display Fixation
38.5246 	EXP 	Display Fixation
38.5411 	EXP 	Display Fixation
38.5577 	EXP 	Display Fixation
38.5746 	EXP 	Display Fixation
38.5912 	EXP 	Display Fixation
38.6079 	EXP 	Display Fixation
38.6244 	EXP 	Display Fixation
38.6410 	EXP 	Display Fixation
38.6577 	EXP 	Display Fixation
38.6742 	EXP 	Display Fixation
38.6910 	EXP 	Display Fixation
38.7077 	EXP 	Display Fixation
38.7243 	EXP 	Display Fixation
38.7410 	EXP 	Display Fixation
38.7578 	EXP 	Display Fixation
38.7744 	EXP 	Display Fixation
38.7911 	EXP 	Display Fixation
38.8077 	EXP 	Display Fixation
38.8243 	EXP 	Display Fixation
38.8409 	EXP 	Display Fixation
38.8578 	EXP 	Display Fixation
38.8743 	EXP 	Display Fixation
38.8911 	EXP 	Display Fixation
38.9077 	EXP 	Display Fixation
38.9243 	EXP 	Display Fixation
38.9410 	EXP 	Display Fixation
38.9578 	EXP 	Display Fixation
38.9744 	EXP 	Display Fixation
38.9910 	EXP 	Display Fixation
39.0078 	EXP 	Display Fixation
39.0230 	EXP 	Display Fixation
39.0412 	EXP 	Display Fixation
39.0575 	EXP 	Display Fixation
39.0748 	EXP 	Display Fixation
39.0911 	EXP 	Display Fixation
39.1076 	EXP 	Display Fixation
39.1243 	EXP 	Display Fixation
39.1414 	EXP 	Display Fixation
39.1576 	EXP 	Display Fixation
39.1745 	EXP 	Display Fixation
39.1913 	EXP 	Display Fixation
39.2077 	EXP 	Display Fixation
39.2245 	EXP 	Display Fixation
39.2410 	EXP 	Display Fixation
39.2579 	EXP 	Display Fixation
39.2744 	EXP 	Display Fixation
39.2911 	EXP 	Display Fixation
39.3077 	EXP 	Display Fixation
39.3244 	EXP 	Display Fixation
39.3411 	EXP 	Display Fixation
39.3579 	EXP 	Display Fixation
39.3743 	EXP 	Display Fixation
39.3913 	EXP 	Display Fixation
39.4077 	EXP 	Display Fixation
39.4244 	EXP 	Display Fixation
39.4410 	EXP 	Display Fixation
39.4576 	EXP 	Display Fixation
39.4743 	EXP 	Display Fixation
39.4910 	EXP 	Display Fixation
39.5078 	EXP 	Display Fixation
39.5243 	EXP 	Display Fixation
39.5409 	EXP 	Display Fixation
39.5581 	EXP 	Display Fixation
39.5743 	EXP 	Display Fixation
39.5911 	EXP 	Display Fixation
39.6076 	EXP 	Display Fixation
39.6246 	EXP 	Display Fixation
39.6410 	EXP 	Display Fixation
39.6576 	EXP 	Display Fixation
39.6744 	EXP 	Display Fixation
39.6910 	EXP 	Display Fixation
39.7073 	EXP 	Display Fixation
39.7243 	EXP 	Display Fixation
39.7410 	EXP 	Display Fixation
39.7578 	EXP 	Display Fixation
39.7743 	EXP 	Display Fixation
39.7912 	EXP 	Display Fixation
39.8078 	EXP 	Display Fixation
39.8246 	EXP 	Display Fixation
39.8395 	EXP 	Display Fixation
39.8566 	EXP 	Display Fixation
39.8743 	EXP 	Display Fixation
39.8905 	EXP 	Display Fixation
39.9078 	EXP 	Display Fixation
39.9231 	EXP 	Display Fixation
39.9397 	EXP 	Display Fixation
39.9570 	EXP 	Display Fixation
39.9744 	EXP 	Display Fixation
39.9911 	EXP 	Display Fixation
40.0077 	EXP 	Display Fixation
40.0244 	EXP 	Display Fixation
40.0411 	EXP 	Display Fixation
40.0577 	EXP 	Display Fixation
40.0746 	EXP 	Display Fixation
40.0912 	EXP 	Display Fixation
40.1077 	EXP 	Display Fixation
40.1244 	EXP 	Display Fixation
40.1412 	EXP 	Display Fixation
40.1577 	EXP 	Display Fixation
40.1744 	EXP 	Display Fixation
40.1909 	EXP 	Display Fixation
40.2076 	EXP 	Display Fixation
40.2243 	EXP 	Display Fixation
40.2410 	EXP 	Display Fixation
40.2577 	EXP 	Display Fixation
40.2745 	EXP 	Display Fixation
40.2911 	EXP 	Display Fixation
40.3077 	EXP 	Display Fixation
40.3245 	EXP 	Display Fixation
40.3414 	EXP 	Display Fixation
40.3577 	EXP 	Display Fixation
40.3743 	EXP 	Display Fixation
40.3912 	EXP 	Display Fixation
40.4077 	EXP 	Display Fixation
40.4244 	EXP 	Display Fixation
40.4409 	EXP 	Display Fixation
40.4577 	EXP 	Display Fixation
40.4745 	EXP 	Display Fixation
40.4911 	EXP 	Display Fixation
40.5079 	EXP 	Display Fixation
40.5243 	EXP 	Display Fixation
40.5410 	EXP 	Display Fixation
40.5579 	EXP 	Display Fixation
40.5746 	EXP 	Display Fixation
40.5910 	EXP 	Display Fixation
40.6077 	EXP 	Display Fixation
40.6243 	EXP 	Display Fixation
40.6410 	EXP 	Display Fixation
40.6577 	EXP 	Display Fixation
40.6744 	EXP 	Display Fixation
40.6910 	EXP 	Display Fixation
40.7081 	EXP 	Display Fixation
40.7247 	EXP 	Display Fixation
40.7410 	EXP 	Display Fixation
40.7578 	EXP 	Display Fixation
40.7744 	EXP 	Display Fixation
40.7911 	EXP 	Display Fixation
40.8079 	EXP 	Display Fixation
40.8243 	EXP 	Display Fixation
40.8409 	EXP 	Display Fixation
40.8577 	EXP 	Display Fixation
40.8743 	EXP 	Display Fixation
40.8913 	EXP 	Display Fixation
40.9078 	EXP 	Display Fixation
40.9227 	EXP 	Display Fixation
40.9396 	EXP 	Display Fixation
40.9563 	EXP 	Display Fixation
40.9742 	EXP 	Display Fixation
40.9911 	EXP 	Display Fixation
41.0078 	EXP 	Display Fixation
41.0243 	EXP 	Display Fixation
41.0410 	EXP 	Display Fixation
41.0576 	EXP 	Display Fixation
41.0744 	EXP 	Display Fixation
41.0913 	EXP 	Display Fixation
41.1080 	EXP 	Display Fixation
41.1246 	EXP 	Display Fixation
41.1408 	EXP 	Display Fixation
41.1578 	EXP 	Display Fixation
41.1744 	EXP 	Display Fixation
41.1913 	EXP 	Display Fixation
41.2079 	EXP 	Display Fixation
41.2244 	EXP 	Display Fixation
41.2410 	EXP 	Display Fixation
41.2577 	EXP 	Display Fixation
41.2744 	EXP 	Display Fixation
41.2912 	EXP 	Display Fixation
41.3078 	EXP 	Display Fixation
41.3243 	EXP 	Display Fixation
41.3410 	EXP 	Display Fixation
41.3571 	EXP 	Display Fixation
41.3743 	EXP 	Display Fixation
41.3911 	EXP 	Display Fixation
41.4077 	EXP 	Display Fixation
41.4243 	EXP 	Display Fixation
41.4477 	EXP 	ImageStimulus: image = 'Faces/neutral/No Emotion_Front_Woman3.png'
41.4477 	EXP 	ImageStimulus: size = [0.8, 0.8]
41.4477 	EXP 	Display Faces/neutral/No Emotion_Front_Woman3.png
41.9195 	EXP 	Display Fixation
41.9224 	EXP 	Display Fixation
41.9392 	EXP 	Display Fixation
41.9559 	EXP 	Display Fixation
41.9737 	EXP 	Display Fixation
41.9911 	EXP 	Display Fixation
42.0075 	EXP 	Display Fixation
42.0242 	EXP 	Display Fixation
42.0408 	EXP 	Display Fixation
42.0576 	EXP 	Display Fixation
42.0741 	EXP 	Display Fixation
42.0908 	EXP 	Display Fixation
42.1076 	EXP 	Display Fixation
42.1242 	EXP 	Display Fixation
42.1410 	EXP 	Display Fixation
42.1575 	EXP 	Display Fixation
42.1740 	EXP 	Display Fixation
42.1909 	EXP 	Display Fixation
42.2074 	EXP 	Display Fixation
42.2241 	EXP 	Display Fixation
42.2410 	EXP 	Display Fixation
42.2574 	EXP 	Display Fixation
42.2742 	EXP 	Display Fixation
42.2906 	EXP 	Display Fixation
42.3074 	EXP 	Display Fixation
42.3242 	EXP 	Display Fixation
42.3408 	EXP 	Display Fixation
42.3575 	EXP 	Display Fixation
42.3742 	EXP 	Display Fixation
42.3907 	EXP 	Display Fixation
42.4074 	EXP 	Display Fixation
42.4241 	EXP 	Display Fixation
42.4408 	EXP 	Display Fixation
42.4575 	EXP 	Display Fixation
42.4741 	EXP 	Display Fixation
42.4908 	EXP 	Display Fixation
42.5076 	EXP 	Display Fixation
42.5241 	EXP 	Display Fixation
42.5410 	EXP 	Display Fixation
42.5575 	EXP 	Display Fixation
42.5741 	EXP 	Display Fixation
42.5908 	EXP 	Display Fixation
42.6075 	EXP 	Display Fixation
42.6241 	EXP 	Display Fixation
42.6407 	EXP 	Display Fixation
42.6574 	EXP 	Display Fixation
42.6741 	EXP 	Display Fixation
42.6909 	EXP 	Display Fixation
42.7075 	EXP 	Display Fixation
42.7241 	EXP 	Display Fixation
42.7408 	EXP 	Display Fixation
42.7574 	EXP 	Display Fixation
42.7741 	EXP 	Display Fixation
42.7908 	EXP 	Display Fixation
42.8074 	EXP 	Display Fixation
42.8244 	EXP 	Display Fixation
42.8408 	EXP 	Display Fixation
42.8576 	EXP 	Display Fixation
42.8742 	EXP 	Display Fixation
42.8907 	EXP 	Display Fixation
42.9074 	EXP 	Display Fixation
42.9240 	EXP 	Display Fixation
42.9409 	EXP 	Display Fixation
42.9574 	EXP 	Display Fixation
42.9741 	EXP 	Display Fixation
42.9907 	EXP 	Display Fixation
43.0077 	EXP 	Display Fixation
43.0241 	EXP 	Display Fixation
43.0408 	EXP 	Display Fixation
43.0576 	EXP 	Display Fixation
43.0741 	EXP 	Display Fixation
43.0907 	EXP 	Display Fixation
43.1078 	EXP 	Display Fixation
43.1241 	EXP 	Display Fixation
43.1410 	EXP 	Display Fixation
43.1575 	EXP 	Display Fixation
43.1744 	EXP 	Display Fixation
43.1908 	EXP 	Display Fixation
43.2077 	EXP 	Display Fixation
43.2241 	EXP 	Display Fixation
43.2409 	EXP 	Display Fixation
43.2574 	EXP 	Display Fixation
43.2741 	EXP 	Display Fixation
43.2899 	EXP 	Display Fixation
43.3073 	EXP 	Display Fixation
43.3242 	EXP 	Display Fixation
43.3408 	EXP 	Display Fixation
43.3574 	EXP 	Display Fixation
43.3742 	EXP 	Display Fixation
43.3909 	EXP 	Display Fixation
43.4075 	EXP 	Display Fixation
43.4241 	EXP 	Display Fixation
43.4408 	EXP 	Display Fixation
43.4574 	EXP 	Display Fixation
43.4741 	EXP 	Display Fixation
43.4909 	EXP 	Display Fixation
43.5076 	EXP 	Display Fixation
43.5240 	EXP 	Display Fixation
43.5408 	EXP 	Display Fixation
43.5574 	EXP 	Display Fixation
43.5744 	EXP 	Display Fixation
43.5908 	EXP 	Display Fixation
43.6075 	EXP 	Display Fixation
43.6242 	EXP 	Display Fixation
43.6409 	EXP 	Display Fixation
43.6577 	EXP 	Display Fixation
43.6743 	EXP 	Display Fixation
43.6908 	EXP 	Display Fixation
43.7075 	EXP 	Display Fixation
43.7242 	EXP 	Display Fixation
43.7409 	EXP 	Display Fixation
43.7574 	EXP 	Display Fixation
43.7744 	EXP 	Display Fixation
43.7907 	EXP 	Display Fixation
43.8076 	EXP 	Display Fixation
43.8241 	EXP 	Display Fixation
43.8407 	EXP 	Display Fixation
43.8576 	EXP 	Display Fixation
43.8741 	EXP 	Display Fixation
43.8908 	EXP 	Display Fixation
43.9078 	EXP 	Display Fixation
43.9240 	EXP 	Display Fixation
43.9406 	EXP 	Display Fixation
43.9575 	EXP 	Display Fixation
43.9741 	EXP 	Display Fixation
43.9907 	EXP 	Display Fixation
44.0074 	EXP 	Display Fixation
44.0242 	EXP 	Display Fixation
44.0410 	EXP 	Display Fixation
44.0574 	EXP 	Display Fixation
44.0740 	EXP 	Display Fixation
44.0908 	EXP 	Display Fixation
44.1073 	EXP 	Display Fixation
44.1241 	EXP 	Display Fixation
44.1414 	EXP 	Display Fixation
44.1575 	EXP 	Display Fixation
44.1735 	EXP 	Display Fixation
44.1908 	EXP 	Display Fixation
44.2075 	EXP 	Display Fixation
44.2242 	EXP 	Display Fixation
44.2407 	EXP 	Display Fixation
44.2574 	EXP 	Display Fixation
44.2741 	EXP 	Display Fixation
44.2908 	EXP 	Display Fixation
44.3076 	EXP 	Display Fixation
44.3241 	EXP 	Display Fixation
44.3408 	EXP 	Display Fixation
44.3575 	EXP 	Display Fixation
44.3741 	EXP 	Display Fixation
44.3907 	EXP 	Display Fixation
44.4074 	EXP 	Display Fixation
44.4243 	EXP 	Display Fixation
44.4408 	EXP 	Display Fixation
44.4574 	EXP 	Display Fixation
44.4741 	EXP 	Display Fixation
44.4908 	EXP 	Display Fixation
44.5075 	EXP 	Display Fixation
44.5242 	EXP 	Display Fixation
44.5412 	EXP 	Display Fixation
44.5569 	EXP 	Display Fixation
44.5743 	EXP 	Display Fixation
44.5908 	EXP 	Display Fixation
44.6075 	EXP 	Display Fixation
44.6243 	EXP 	Display Fixation
44.6406 	EXP 	Display Fixation
44.6576 	EXP 	Display Fixation
44.6741 	EXP 	Display Fixation
44.6909 	EXP 	Display Fixation
44.7073 	EXP 	Display Fixation
44.7241 	EXP 	Display Fixation
44.7409 	EXP 	Display Fixation
44.7576 	EXP 	Display Fixation
44.7741 	EXP 	Display Fixation
44.7908 	EXP 	Display Fixation
44.8074 	EXP 	Display Fixation
44.8242 	EXP 	Display Fixation
44.8407 	EXP 	Display Fixation
44.8574 	EXP 	Display Fixation
44.8742 	EXP 	Display Fixation
44.8908 	EXP 	Display Fixation
44.9075 	EXP 	Display Fixation
44.9242 	EXP 	Display Fixation
44.9408 	EXP 	Display Fixation
44.9574 	EXP 	Display Fixation
44.9741 	EXP 	Display Fixation
44.9908 	EXP 	Display Fixation
45.0076 	EXP 	Display Fixation
45.0241 	EXP 	Display Fixation
45.0408 	EXP 	Display Fixation
45.0575 	EXP 	Display Fixation
45.0742 	EXP 	Display Fixation
45.0908 	EXP 	Display Fixation
45.1075 	EXP 	Display Fixation
45.1241 	EXP 	Display Fixation
45.1407 	EXP 	Display Fixation
45.1575 	EXP 	Display Fixation
45.1739 	EXP 	Display Fixation
45.1906 	EXP 	Display Fixation
45.2075 	EXP 	Display Fixation
45.2244 	EXP 	Display Fixation
45.2409 	EXP 	Display Fixation
45.2574 	EXP 	Display Fixation
45.2741 	EXP 	Display Fixation
45.2909 	EXP 	Display Fixation
45.3075 	EXP 	Display Fixation
45.3241 	EXP 	Display Fixation
45.3408 	EXP 	Display Fixation
45.3574 	EXP 	Display Fixation
45.3741 	EXP 	Display Fixation
45.3907 	EXP 	Display Fixation
45.4074 	EXP 	Display Fixation
45.4241 	EXP 	Display Fixation
45.4407 	EXP 	Display Fixation
45.4575 	EXP 	Display Fixation
45.4740 	EXP 	Display Fixation
45.4901 	EXP 	Display Fixation
45.5075 	EXP 	Display Fixation
45.5242 	EXP 	Display Fixation
45.5409 	EXP 	Display Fixation
45.5574 	EXP 	Display Fixation
45.5740 	EXP 	Display Fixation
45.5907 	EXP 	Display Fixation
45.6073 	EXP 	Display Fixation
45.6242 	EXP 	Display Fixation
45.6408 	EXP 	Display Fixation
45.6576 	EXP 	Display Fixation
45.6743 	EXP 	Display Fixation
45.6907 	EXP 	Display Fixation
45.7075 	EXP 	Display Fixation
45.7241 	EXP 	Display Fixation
45.7408 	EXP 	Display Fixation
45.7574 	EXP 	Display Fixation
45.7741 	EXP 	Display Fixation
45.7907 	EXP 	Display Fixation
45.8076 	EXP 	Display Fixation
45.8241 	EXP 	Display Fixation
45.8409 	EXP 	Display Fixation
45.8575 	EXP 	Display Fixation
45.8741 	EXP 	Display Fixation
45.8902 	EXP 	Display Fixation
45.9074 	EXP 	Display Fixation
45.9242 	EXP 	Display Fixation
45.9409 	EXP 	Display Fixation
45.9574 	EXP 	Display Fixation
45.9741 	EXP 	Display Fixation
45.9907 	EXP 	Display Fixation
46.0075 	EXP 	Display Fixation
46.0241 	EXP 	Display Fixation
46.0409 	EXP 	Display Fixation
46.0576 	EXP 	Display Fixation
46.0742 	EXP 	Display Fixation
46.0906 	EXP 	Display Fixation
46.1074 	EXP 	Display Fixation
46.1240 	EXP 	Display Fixation
46.1412 	EXP 	Display Fixation
46.1574 	EXP 	Display Fixation
46.1744 	EXP 	Display Fixation
46.1967 	EXP 	ImageStimulus: image = 'Faces/neutral/Man2_hat.png'
46.1967 	EXP 	ImageStimulus: size = [0.8, 0.8]
46.1967 	EXP 	Display Faces/neutral/Man2_hat.png
46.6698 	EXP 	Display Fixation
46.6725 	EXP 	Display Fixation
46.6892 	EXP 	Display Fixation
46.7067 	EXP 	Display Fixation
46.7241 	EXP 	Display Fixation
46.7408 	EXP 	Display Fixation
46.7575 	EXP 	Display Fixation
46.7742 	EXP 	Display Fixation
46.7908 	EXP 	Display Fixation
46.8076 	EXP 	Display Fixation
46.8242 	EXP 	Display Fixation
46.8400 	EXP 	Display Fixation
46.8559 	EXP 	Display Fixation
46.8734 	EXP 	Display Fixation
46.8911 	EXP 	Display Fixation
46.9075 	EXP 	Display Fixation
46.9240 	EXP 	Display Fixation
46.9409 	EXP 	Display Fixation
46.9575 	EXP 	Display Fixation
46.9744 	EXP 	Display Fixation
46.9908 	EXP 	Display Fixation
47.0073 	EXP 	Display Fixation
47.0241 	EXP 	Display Fixation
47.0408 	EXP 	Display Fixation
47.0575 	EXP 	Display Fixation
47.0742 	EXP 	Display Fixation
47.0908 	EXP 	Display Fixation
47.1078 	EXP 	Display Fixation
47.1242 	EXP 	Display Fixation
47.1408 	EXP 	Display Fixation
47.1575 	EXP 	Display Fixation
47.1741 	EXP 	Display Fixation
47.1907 	EXP 	Display Fixation
47.2073 	EXP 	Display Fixation
47.2242 	EXP 	Display Fixation
47.2408 	EXP 	Display Fixation
47.2577 	EXP 	Display Fixation
47.2743 	EXP 	Display Fixation
47.2908 	EXP 	Display Fixation
47.3075 	EXP 	Display Fixation
47.3240 	EXP 	Display Fixation
47.3408 	EXP 	Display Fixation
47.3574 	EXP 	Display Fixation
47.3741 	EXP 	Display Fixation
47.3908 	EXP 	Display Fixation
47.4075 	EXP 	Display Fixation
47.4242 	EXP 	Display Fixation
47.4408 	EXP 	Display Fixation
47.4574 	EXP 	Display Fixation
47.4742 	EXP 	Display Fixation
47.4908 	EXP 	Display Fixation
47.5074 	EXP 	Display Fixation
47.5242 	EXP 	Display Fixation
47.5409 	EXP 	Display Fixation
47.5575 	EXP 	Display Fixation
47.5742 	EXP 	Display Fixation
47.5909 	EXP 	Display Fixation
47.6075 	EXP 	Display Fixation
47.6242 	EXP 	Display Fixation
47.6410 	EXP 	Display Fixation
47.6577 	EXP 	Display Fixation
47.6741 	EXP 	Display Fixation
47.6908 	EXP 	Display Fixation
47.7076 	EXP 	Display Fixation
47.7242 	EXP 	Display Fixation
47.7411 	EXP 	Display Fixation
47.7575 	EXP 	Display Fixation
47.7741 	EXP 	Display Fixation
47.7908 	EXP 	Display Fixation
47.8074 	EXP 	Display Fixation
47.8242 	EXP 	Display Fixation
47.8409 	EXP 	Display Fixation
47.8575 	EXP 	Display Fixation
47.8743 	EXP 	Display Fixation
47.8908 	EXP 	Display Fixation
47.9074 	EXP 	Display Fixation
47.9242 	EXP 	Display Fixation
47.9408 	EXP 	Display Fixation
47.9574 	EXP 	Display Fixation
47.9741 	EXP 	Display Fixation
47.9907 	EXP 	Display Fixation
48.0074 	EXP 	Display Fixation
48.0236 	EXP 	Display Fixation
48.0408 	EXP 	Display Fixation
48.0576 	EXP 	Display Fixation
48.0741 	EXP 	Display Fixation
48.0908 	EXP 	Display Fixation
48.1075 	EXP 	Display Fixation
48.1244 	EXP 	Display Fixation
48.1408 	EXP 	Display Fixation
48.1576 	EXP 	Display Fixation
48.1741 	EXP 	Display Fixation
48.1908 	EXP 	Display Fixation
48.2074 	EXP 	Display Fixation
48.2241 	EXP 	Display Fixation
48.2408 	EXP 	Display Fixation
48.2575 	EXP 	Display Fixation
48.2744 	EXP 	Display Fixation
48.2908 	EXP 	Display Fixation
48.3074 	EXP 	Display Fixation
48.3243 	EXP 	Display Fixation
48.3408 	EXP 	Display Fixation
48.3575 	EXP 	Display Fixation
48.3741 	EXP 	Display Fixation
48.3909 	EXP 	Display Fixation
48.4075 	EXP 	Display Fixation
48.4242 	EXP 	Display Fixation
48.4407 	EXP 	Display Fixation
48.4575 	EXP 	Display Fixation
48.4741 	EXP 	Display Fixation
48.4908 	EXP 	Display Fixation
48.5075 	EXP 	Display Fixation
48.5243 	EXP 	Display Fixation
48.5407 	EXP 	Display Fixation
48.5573 	EXP 	Display Fixation
48.5742 	EXP 	Display Fixation
48.5910 	EXP 	Display Fixation
48.6075 	EXP 	Display Fixation
48.6241 	EXP 	Display Fixation
48.6408 	EXP 	Display Fixation
48.6575 	EXP 	Display Fixation
48.6741 	EXP 	Display Fixation
48.6909 	EXP 	Display Fixation
48.7075 	EXP 	Display Fixation
48.7241 	EXP 	Display Fixation
48.7408 	EXP 	Display Fixation
48.7575 	EXP 	Display Fixation
48.7743 	EXP 	Display Fixation
48.7909 	EXP 	Display Fixation
48.8075 	EXP 	Display Fixation
48.8242 	EXP 	Display Fixation
48.8407 	EXP 	Display Fixation
48.8574 	EXP 	Display Fixation
48.8742 	EXP 	Display Fixation
48.8907 	EXP 	Display Fixation
48.9077 	EXP 	Display Fixation
48.9241 	EXP 	Display Fixation
48.9410 	EXP 	Display Fixation
48.9575 	EXP 	Display Fixation
48.9742 	EXP 	Display Fixation
48.9908 	EXP 	Display Fixation
49.0075 	EXP 	Display Fixation
49.0244 	EXP 	Display Fixation
49.0402 	EXP 	Display Fixation
49.0576 	EXP 	Display Fixation
49.0740 	EXP 	Display Fixation
49.0909 	EXP 	Display Fixation
49.1074 	EXP 	Display Fixation
49.1243 	EXP 	Display Fixation
49.1408 	EXP 	Display Fixation
49.1579 	EXP 	Display Fixation
49.1742 	EXP 	Display Fixation
49.1909 	EXP 	Display Fixation
49.2075 	EXP 	Display Fixation
49.2243 	EXP 	Display Fixation
49.2406 	EXP 	Display Fixation
49.2575 	EXP 	Display Fixation
49.2742 	EXP 	Display Fixation
49.2911 	EXP 	Display Fixation
49.3075 	EXP 	Display Fixation
49.3241 	EXP 	Display Fixation
49.3408 	EXP 	Display Fixation
49.3575 	EXP 	Display Fixation
49.3741 	EXP 	Display Fixation
49.3908 	EXP 	Display Fixation
49.4074 	EXP 	Display Fixation
49.4242 	EXP 	Display Fixation
49.4244 	EXP 	--- END EXPERIMENT ---
49.4482 	EXP 	topMsg: text = "That's the end! "
49.4482 	EXP 	bottomMsg: text = "Press 'q' or 'escape' to end the session."
49.4482 	EXP 	Display TheEnd
51.5792 	DATA 	Keypress: escape
52.1263 	EXP 	win: mouseVisible = True
56.1876 	EXP 	number of targets counted: 2
