1.1004 	WARNING 	We strongly recommend you activate the PTB sound engine in PsychoPy prefs as the preferred audio engine. Its timing is vastly superior. Your prefs are currently set to use ['sounddevice', 'PTB', 'pyo', 'pygame'] (in that order).
9.4109 	INFO 	---START PARAMETERS---
9.4109 	INFO 	filename: SampleExperiment_d1-1-53-Nov_10_1408
9.4109 	INFO 	subject: 1
9.4109 	INFO 	session: 53
9.4110 	INFO 	date: Nov_10_1408
9.4110 	INFO 	ISI: 1.75
9.4110 	INFO 	baudeRate: 115200
9.4110 	INFO 	blankMessage: bytearray(b'\x14')
9.4110 	INFO 	choices: [1, 2, 3]
9.4110 	INFO 	deviceName: /dev/cu.usbserial-DN2Q03JQ
9.4110 	INFO 	fixCrossPos: [0, 0]
9.4110 	INFO 	fixCrossSize: 0.1
9.4111 	INFO 	fullScreen: True
9.4111 	INFO 	imageDir_neutral: Faces/neutral/
9.4111 	INFO 	imageDir_social: Faces/social/
9.4111 	INFO 	imageDir_threat: Faces/threat/
9.4111 	INFO 	imageSize: [0.8, 0.8]
9.4111 	INFO 	imageSubstring: nontarget
9.4111 	INFO 	imageSuffix: .png
9.4111 	INFO 	nTrials: 5
9.4111 	INFO 	nontargetMessage: bytearray(b'(')
9.4112 	INFO 	postFixMessage: bytearray(b'\n')
9.4112 	INFO 	postStimDur: 1.0
9.4112 	INFO 	preFixMessage: bytearray(b'\x01')
9.4117 	INFO 	preStimDur: [0.5 0.6 0.7 0.8 0.9 1.  1.1 1.2 1.3 1.4 1.5 1.6 1.7 1.8 1.9]
9.4117 	INFO 	promptDir: Text/
9.4118 	INFO 	promptFile_neutral: NeutralPrompts.csv
9.4118 	INFO 	promptFile_social: SocialPrompts.csv
9.4118 	INFO 	promptFile_threat: ThreatPrompts.csv
9.4118 	INFO 	promptImageSize: [1.2, 0.3]
9.4118 	INFO 	respAdvances: True
9.4118 	INFO 	respKeys: ['r', 'b', 'y', 'g']
9.4118 	INFO 	screenColor: (128, 128, 128)
9.4118 	INFO 	screenToShow: 0
9.4118 	INFO 	skipPrompts: False
9.4119 	INFO 	stimDur: 0.5
9.4119 	INFO 	tStartup: 1
9.4119 	INFO 	targetMessage: bytearray(b'\x1e')
9.4119 	INFO 	triggerKey: t
9.4119 	INFO 	---END PARAMETERS---
9.8409 	INFO 	Loaded monitor calibration from ['2021_06_28 14:15']
9.8437 	WARNING 	User requested fullscreen with size [800 600], but screen is actually [1920, 1080]. Using actual size
10.6021 	EXP 	Created win = Window(allowGUI=False, allowStencil=False, autoLog=True, backendConf=UNKNOWN, bitsMode=UNKNOWN, blendMode='avg', bpc=(8, 8, 8), color=array([128, 128, 128]), colorSpace='rgb255', depthBits=8, fullscr=<method-wrapper '__getattribute__' of attributeSetter object at 0x7fc529f2fb70>, gamma=None, gammaErrorPolicy='raise', lms=UNKNOWN, monitor=<psychopy.monitors.calibTools.Monitor object at 0x7fc52747f9e8>, multiSample=False, name='win', numSamples=2, pos=[0.0, 0.0], screen=0, size=array([1920, 1080]), stencilBits=0, stereo=False, units='height', useFBO=False, useRetina=False, viewOri=0.0, viewPos=None, viewScale=None, waitBlanking=True, winType='pyglet')
10.6025 	EXP 	win: mouseVisible = True
10.6083 	EXP 	Created fixCross = ShapeStim(__class__=<class 'psychopy.visual.shape.ShapeStim'>, autoDraw=False, autoLog=True, closeShape=False, color=method-wrapper(...), colorSpace='rgb', contrast=None, depth=0, fillColor=array([0, 0, 0]), fillColorSpace='rgb', fillRGB=UNKNOWN, interpolate=True, lineColor=array([-1., -1., -1.]), lineColorSpace='rgb', lineRGB=UNKNOWN, lineWidth=3.0, name='fixCross', opacity=0.5, ori=0.0, pos=array([0., 0.]), size=array([1., 1.]), units='height', vertices=ndarray(...), win=Window(...), windingRule=None)
10.6088 	WARNING 	TextStim.alignHoriz is deprecated. Use alignText and anchorHoriz attributes instead
10.6403 	EXP 	Created topMsg = TextStim(__class__=<class 'psychopy.visual.text.TextStim'>, alignHoriz='center', alignText='center', alignVert=method-wrapper(...), anchorHoriz='center', anchorVert='center', antialias=True, autoLog=True, bold=False, color=array([-1., -1., -1.]), colorSpace='rgb', contrast=1.0, depth=0, flipHoriz=False, flipVert=False, font='', fontFiles=[], height=0.1, italic=False, languageStyle='LTR', name='topMsg', opacity=1.0, ori=0.0, pos=array([0. , 0.5]), rgb=UNKNOWN, text='aaa', units='norm', win=Window(...), wrapWidth=1.5)
10.6404 	WARNING 	TextStim.alignHoriz is deprecated. Use alignText and anchorHoriz attributes instead
10.6433 	EXP 	Created bottomMsg = TextStim(__class__=<class 'psychopy.visual.text.TextStim'>, alignHoriz='center', alignText='center', alignVert=method-wrapper(...), anchorHoriz='center', anchorVert='center', antialias=True, autoLog=True, bold=False, color=array([-1., -1., -1.]), colorSpace='rgb', contrast=1.0, depth=0, flipHoriz=False, flipVert=False, font='', fontFiles=[], height=0.1, italic=False, languageStyle='LTR', name='bottomMsg', opacity=1.0, ori=0.0, pos=array([ 0. , -0.5]), rgb=UNKNOWN, text='bbb', units='norm', win=Window(...), wrapWidth=1.5)
10.6883 	EXP 	Created ImageStimulus = ImageStim(__class__=<class 'psychopy.visual.image.ImageStim'>, autoLog=True, color=array([1., 1., 1.]), colorSpace='rgb', contrast=1.0, depth=0, flipHoriz=False, flipVert=False, image='Faces/neutral/Woman19_noEmotion.png', interpolate=False, mask=None, maskParams=None, name='ImageStimulus', opacity=1, ori=0.0, pos=array([0., 0.]), size=array([0.46296296, 0.46296296]), texRes=128, units='height', win=Window(...))
10.7457 	EXP 	topMsg: text = 'In this task, you will see images briefly flashed on the screen. Your job is to count the images in a “target” category and ignore the others. At the end, we will ask you how many target images you saw.'
10.7457 	EXP 	bottomMsg: text = 'In this run, please count all the faces with hats. (Press ENTER to continue.)'
10.7457 	EXP 	Display Instructions1
11.8857 	DATA 	Keypress: return
11.9331 	EXP 	topMsg: text = 'Here are some examples of faces with hats (left) and no hats (right).'
11.9331 	EXP 	bottomMsg: text = 'Just before and after each image, there will be a cross in the middle of the screen. Please look directly at the cross and try not to blink during this period. (Press ENTER to continue.)'
11.9331 	EXP 	ImageStimulus: size = array([1.1787037 , 0.25555556])
11.9331 	EXP 	ImageStimulus: image = 'Faces/sample_images/sample_neutral.png'
11.9331 	EXP 	ImageStimulus: size = [1.2, 0.3]
11.9331 	EXP 	Display Instructions2
12.4667 	DATA 	Keypress: return
12.4883 	EXP 	topMsg: text = 'If you have any questions, please ask the experimenter now.'
12.4883 	EXP 	bottomMsg: text = 'WHEN YOU ARE READY TO BEGIN, press any button.'
12.4883 	EXP 	Display Instructions3
13.4775 	DATA 	Keypress: return
13.4875 	EXP 	topMsg: text = 'Waiting for scanner to start...'
13.4875 	EXP 	bottomMsg: text = "(Press 'T' to override.)"
13.4875 	EXP 	Display WaitingForScanner
14.0721 	DATA 	Keypress: t
14.0732 	EXP 	---START EXPERIMENT---
14.0851 	EXP 	Display Fixation
14.0983 	EXP 	Display Fixation
14.1152 	EXP 	Display Fixation
14.1316 	EXP 	Display Fixation
14.1485 	EXP 	Display Fixation
14.1654 	EXP 	Display Fixation
14.1823 	EXP 	Display Fixation
14.1996 	EXP 	Display Fixation
14.2166 	EXP 	Display Fixation
14.2330 	EXP 	Display Fixation
14.2497 	EXP 	Display Fixation
14.2667 	EXP 	Display Fixation
14.2829 	EXP 	Display Fixation
14.2994 	EXP 	Display Fixation
14.3162 	EXP 	Display Fixation
14.3327 	EXP 	Display Fixation
14.3500 	EXP 	Display Fixation
14.3667 	EXP 	Display Fixation
14.3835 	EXP 	Display Fixation
14.4003 	EXP 	Display Fixation
14.4169 	EXP 	Display Fixation
14.4335 	EXP 	Display Fixation
14.4502 	EXP 	Display Fixation
14.4661 	EXP 	Display Fixation
14.4832 	EXP 	Display Fixation
14.4996 	EXP 	Display Fixation
14.5165 	EXP 	Display Fixation
14.5327 	EXP 	Display Fixation
14.5493 	EXP 	Display Fixation
14.5667 	EXP 	Display Fixation
14.5836 	EXP 	Display Fixation
14.6004 	EXP 	Display Fixation
14.6170 	EXP 	Display Fixation
14.6337 	EXP 	Display Fixation
14.6493 	EXP 	Display Fixation
14.6660 	EXP 	Display Fixation
14.6828 	EXP 	Display Fixation
14.6995 	EXP 	Display Fixation
14.7162 	EXP 	Display Fixation
14.7327 	EXP 	Display Fixation
14.7500 	EXP 	Display Fixation
14.7660 	EXP 	Display Fixation
14.7827 	EXP 	Display Fixation
14.7996 	EXP 	Display Fixation
14.8162 	EXP 	Display Fixation
14.8333 	EXP 	Display Fixation
14.8494 	EXP 	Display Fixation
14.8662 	EXP 	Display Fixation
14.8832 	EXP 	Display Fixation
14.8994 	EXP 	Display Fixation
14.9162 	EXP 	Display Fixation
14.9330 	EXP 	Display Fixation
14.9494 	EXP 	Display Fixation
14.9666 	EXP 	Display Fixation
14.9833 	EXP 	Display Fixation
14.9996 	EXP 	Display Fixation
15.0167 	EXP 	Display Fixation
15.0328 	EXP 	Display Fixation
15.0497 	EXP 	Display Fixation
15.0662 	EXP 	Display Fixation
15.0831 	EXP 	Display Fixation
15.0994 	EXP 	Display Fixation
15.1164 	EXP 	Display Fixation
15.1333 	EXP 	Display Fixation
15.1497 	EXP 	Display Fixation
15.1661 	EXP 	Display Fixation
15.1829 	EXP 	Display Fixation
15.1995 	EXP 	Display Fixation
15.2162 	EXP 	Display Fixation
15.2331 	EXP 	Display Fixation
15.2494 	EXP 	Display Fixation
15.2668 	EXP 	Display Fixation
15.2834 	EXP 	Display Fixation
15.2994 	EXP 	Display Fixation
15.3162 	EXP 	Display Fixation
15.3329 	EXP 	Display Fixation
15.3494 	EXP 	Display Fixation
15.3665 	EXP 	Display Fixation
15.3833 	EXP 	Display Fixation
15.3991 	EXP 	Display Fixation
15.4158 	EXP 	Display Fixation
15.4329 	EXP 	Display Fixation
15.4497 	EXP 	Display Fixation
15.4661 	EXP 	Display Fixation
15.4831 	EXP 	Display Fixation
15.4999 	EXP 	Display Fixation
15.5161 	EXP 	Display Fixation
15.5333 	EXP 	Display Fixation
15.5495 	EXP 	Display Fixation
15.5664 	EXP 	Display Fixation
15.5828 	EXP 	Display Fixation
15.5995 	EXP 	Display Fixation
15.6164 	EXP 	Display Fixation
15.6330 	EXP 	Display Fixation
15.6497 	EXP 	Display Fixation
15.6668 	EXP 	Display Fixation
15.6831 	EXP 	Display Fixation
15.6994 	EXP 	Display Fixation
15.7167 	EXP 	Display Fixation
15.7328 	EXP 	Display Fixation
15.7494 	EXP 	Display Fixation
15.7665 	EXP 	Display Fixation
15.7830 	EXP 	Display Fixation
15.7995 	EXP 	Display Fixation
15.8165 	EXP 	Display Fixation
15.8328 	EXP 	Display Fixation
15.8493 	EXP 	Display Fixation
15.8661 	EXP 	Display Fixation
15.8828 	EXP 	Display Fixation
15.8996 	EXP 	Display Fixation
15.9162 	EXP 	Display Fixation
15.9328 	EXP 	Display Fixation
15.9493 	EXP 	Display Fixation
15.9666 	EXP 	Display Fixation
15.9828 	EXP 	Display Fixation
15.9995 	EXP 	Display Fixation
16.0163 	EXP 	Display Fixation
16.0335 	EXP 	Display Fixation
16.0494 	EXP 	Display Fixation
16.0661 	EXP 	Display Fixation
16.0828 	EXP 	Display Fixation
16.0993 	EXP 	Display Fixation
16.1165 	EXP 	Display Fixation
16.1332 	EXP 	Display Fixation
16.1495 	EXP 	Display Fixation
16.1668 	EXP 	Display Fixation
16.1835 	EXP 	Display Fixation
16.2000 	EXP 	Display Fixation
16.2167 	EXP 	Display Fixation
16.2331 	EXP 	Display Fixation
16.2502 	EXP 	Display Fixation
16.2661 	EXP 	Display Fixation
16.2828 	EXP 	Display Fixation
16.2995 	EXP 	Display Fixation
16.3167 	EXP 	Display Fixation
16.3330 	EXP 	Display Fixation
16.3495 	EXP 	Display Fixation
16.3662 	EXP 	Display Fixation
16.3831 	EXP 	Display Fixation
16.3997 	EXP 	Display Fixation
16.4166 	EXP 	Display Fixation
16.4331 	EXP 	Display Fixation
16.4495 	EXP 	Display Fixation
16.4661 	EXP 	Display Fixation
16.4828 	EXP 	Display Fixation
16.4998 	EXP 	Display Fixation
16.5162 	EXP 	Display Fixation
16.5332 	EXP 	Display Fixation
16.5502 	EXP 	Display Fixation
16.5668 	EXP 	Display Fixation
16.5827 	EXP 	Display Fixation
16.6001 	EXP 	Display Fixation
16.6166 	EXP 	Display Fixation
16.6328 	EXP 	Display Fixation
16.6496 	EXP 	Display Fixation
16.6664 	EXP 	Display Fixation
16.6829 	EXP 	Display Fixation
16.6995 	EXP 	Display Fixation
16.7165 	EXP 	Display Fixation
16.7333 	EXP 	Display Fixation
16.7498 	EXP 	Display Fixation
16.7666 	EXP 	Display Fixation
16.7828 	EXP 	Display Fixation
16.7998 	EXP 	Display Fixation
16.8164 	EXP 	Display Fixation
16.8328 	EXP 	Display Fixation
16.8499 	EXP 	Display Fixation
16.8662 	EXP 	Display Fixation
16.8828 	EXP 	Display Fixation
16.9124 	EXP 	ImageStimulus: image = 'Faces/neutral/Woman19_noEmotion.png'
16.9124 	EXP 	ImageStimulus: size = [0.8, 0.8]
16.9124 	EXP 	Display Faces/neutral/Woman19_noEmotion.png
17.3754 	EXP 	Display Fixation
17.3820 	EXP 	Display Fixation
17.3985 	EXP 	Display Fixation
17.4161 	EXP 	Display Fixation
17.4331 	EXP 	Display Fixation
17.4495 	EXP 	Display Fixation
17.4666 	EXP 	Display Fixation
17.4830 	EXP 	Display Fixation
17.5000 	EXP 	Display Fixation
17.5162 	EXP 	Display Fixation
17.5328 	EXP 	Display Fixation
17.5501 	EXP 	Display Fixation
17.5668 	EXP 	Display Fixation
17.5830 	EXP 	Display Fixation
17.5999 	EXP 	Display Fixation
17.6161 	EXP 	Display Fixation
17.6328 	EXP 	Display Fixation
17.6498 	EXP 	Display Fixation
17.6661 	EXP 	Display Fixation
17.6831 	EXP 	Display Fixation
17.7002 	EXP 	Display Fixation
17.7161 	EXP 	Display Fixation
17.7328 	EXP 	Display Fixation
17.7497 	EXP 	Display Fixation
17.7661 	EXP 	Display Fixation
17.7834 	EXP 	Display Fixation
17.7996 	EXP 	Display Fixation
17.8163 	EXP 	Display Fixation
17.8325 	EXP 	Display Fixation
17.8495 	EXP 	Display Fixation
17.8661 	EXP 	Display Fixation
17.8828 	EXP 	Display Fixation
17.8995 	EXP 	Display Fixation
17.9163 	EXP 	Display Fixation
17.9328 	EXP 	Display Fixation
17.9504 	EXP 	Display Fixation
17.9667 	EXP 	Display Fixation
17.9830 	EXP 	Display Fixation
18.0001 	EXP 	Display Fixation
18.0165 	EXP 	Display Fixation
18.0329 	EXP 	Display Fixation
18.0498 	EXP 	Display Fixation
18.0661 	EXP 	Display Fixation
18.0833 	EXP 	Display Fixation
18.0997 	EXP 	Display Fixation
18.1162 	EXP 	Display Fixation
18.1333 	EXP 	Display Fixation
18.1497 	EXP 	Display Fixation
18.1666 	EXP 	Display Fixation
18.1835 	EXP 	Display Fixation
18.1999 	EXP 	Display Fixation
18.2162 	EXP 	Display Fixation
18.2322 	EXP 	Display Fixation
18.2494 	EXP 	Display Fixation
18.2664 	EXP 	Display Fixation
18.2828 	EXP 	Display Fixation
18.2996 	EXP 	Display Fixation
18.3162 	EXP 	Display Fixation
18.3334 	EXP 	Display Fixation
18.3497 	EXP 	Display Fixation
18.3666 	EXP 	Display Fixation
18.3827 	EXP 	Display Fixation
18.3995 	EXP 	Display Fixation
18.4166 	EXP 	Display Fixation
18.4329 	EXP 	Display Fixation
18.4495 	EXP 	Display Fixation
18.4667 	EXP 	Display Fixation
18.4828 	EXP 	Display Fixation
18.5001 	EXP 	Display Fixation
18.5162 	EXP 	Display Fixation
18.5333 	EXP 	Display Fixation
18.5493 	EXP 	Display Fixation
18.5662 	EXP 	Display Fixation
18.5835 	EXP 	Display Fixation
18.6000 	EXP 	Display Fixation
18.6162 	EXP 	Display Fixation
18.6330 	EXP 	Display Fixation
18.6498 	EXP 	Display Fixation
18.6661 	EXP 	Display Fixation
18.6830 	EXP 	Display Fixation
18.6997 	EXP 	Display Fixation
18.7167 	EXP 	Display Fixation
18.7331 	EXP 	Display Fixation
18.7498 	EXP 	Display Fixation
18.7664 	EXP 	Display Fixation
18.7831 	EXP 	Display Fixation
18.7996 	EXP 	Display Fixation
18.8166 	EXP 	Display Fixation
18.8333 	EXP 	Display Fixation
18.8504 	EXP 	Display Fixation
18.8664 	EXP 	Display Fixation
18.8829 	EXP 	Display Fixation
18.9003 	EXP 	Display Fixation
18.9163 	EXP 	Display Fixation
18.9330 	EXP 	Display Fixation
18.9500 	EXP 	Display Fixation
18.9676 	EXP 	Display Fixation
18.9831 	EXP 	Display Fixation
19.0001 	EXP 	Display Fixation
19.0165 	EXP 	Display Fixation
19.0330 	EXP 	Display Fixation
19.0501 	EXP 	Display Fixation
19.0663 	EXP 	Display Fixation
19.0834 	EXP 	Display Fixation
19.1000 	EXP 	Display Fixation
19.1166 	EXP 	Display Fixation
19.1331 	EXP 	Display Fixation
19.1499 	EXP 	Display Fixation
19.1671 	EXP 	Display Fixation
19.1830 	EXP 	Display Fixation
19.2003 	EXP 	Display Fixation
19.2163 	EXP 	Display Fixation
19.2331 	EXP 	Display Fixation
19.2503 	EXP 	Display Fixation
19.2663 	EXP 	Display Fixation
19.2829 	EXP 	Display Fixation
19.3004 	EXP 	Display Fixation
19.3167 	EXP 	Display Fixation
19.3330 	EXP 	Display Fixation
19.3500 	EXP 	Display Fixation
19.3665 	EXP 	Display Fixation
19.3835 	EXP 	Display Fixation
19.4000 	EXP 	Display Fixation
19.4168 	EXP 	Display Fixation
19.4331 	EXP 	Display Fixation
19.4502 	EXP 	Display Fixation
19.4670 	EXP 	Display Fixation
19.4830 	EXP 	Display Fixation
19.5005 	EXP 	Display Fixation
19.5162 	EXP 	Display Fixation
19.5330 	EXP 	Display Fixation
19.5503 	EXP 	Display Fixation
19.5663 	EXP 	Display Fixation
19.5832 	EXP 	Display Fixation
19.5987 	EXP 	Display Fixation
19.6150 	EXP 	Display Fixation
19.6319 	EXP 	Display Fixation
19.6489 	EXP 	Display Fixation
19.6667 	EXP 	Display Fixation
19.6832 	EXP 	Display Fixation
19.6999 	EXP 	Display Fixation
19.7158 	EXP 	Display Fixation
19.7328 	EXP 	Display Fixation
19.7508 	EXP 	Display Fixation
19.7676 	EXP 	Display Fixation
19.7834 	EXP 	Display Fixation
19.7998 	EXP 	Display Fixation
19.8167 	EXP 	Display Fixation
19.8332 	EXP 	Display Fixation
19.8505 	EXP 	Display Fixation
19.8670 	EXP 	Display Fixation
19.8838 	EXP 	Display Fixation
19.9001 	EXP 	Display Fixation
19.9167 	EXP 	Display Fixation
19.9337 	EXP 	Display Fixation
19.9498 	EXP 	Display Fixation
19.9671 	EXP 	Display Fixation
19.9831 	EXP 	Display Fixation
20.0001 	EXP 	Display Fixation
20.0170 	EXP 	Display Fixation
20.0333 	EXP 	Display Fixation
20.0503 	EXP 	Display Fixation
20.0670 	EXP 	Display Fixation
20.0834 	EXP 	Display Fixation
20.1002 	EXP 	Display Fixation
20.1168 	EXP 	Display Fixation
20.1334 	EXP 	Display Fixation
20.1508 	EXP 	Display Fixation
20.1666 	EXP 	Display Fixation
20.1833 	EXP 	Display Fixation
20.2002 	EXP 	Display Fixation
20.2167 	EXP 	Display Fixation
20.2334 	EXP 	Display Fixation
20.2487 	EXP 	Display Fixation
20.2651 	EXP 	Display Fixation
20.2820 	EXP 	Display Fixation
20.2990 	EXP 	Display Fixation
20.3158 	EXP 	Display Fixation
20.3333 	EXP 	Display Fixation
20.3503 	EXP 	Display Fixation
20.3671 	EXP 	Display Fixation
20.3837 	EXP 	Display Fixation
20.3995 	EXP 	Display Fixation
20.4161 	EXP 	Display Fixation
20.4336 	EXP 	Display Fixation
20.4500 	EXP 	Display Fixation
20.4665 	EXP 	Display Fixation
20.4835 	EXP 	Display Fixation
20.5001 	EXP 	Display Fixation
20.5168 	EXP 	Display Fixation
20.5336 	EXP 	Display Fixation
20.5502 	EXP 	Display Fixation
20.5670 	EXP 	Display Fixation
20.5833 	EXP 	Display Fixation
20.5999 	EXP 	Display Fixation
20.6170 	EXP 	Display Fixation
20.6340 	EXP 	Display Fixation
20.6503 	EXP 	Display Fixation
20.6670 	EXP 	Display Fixation
20.6832 	EXP 	Display Fixation
20.7003 	EXP 	Display Fixation
20.7165 	EXP 	Display Fixation
20.7334 	EXP 	Display Fixation
20.7500 	EXP 	Display Fixation
20.7671 	EXP 	Display Fixation
20.7856 	EXP 	Display Fixation
20.7998 	EXP 	Display Fixation
20.8171 	EXP 	Display Fixation
20.8332 	EXP 	Display Fixation
20.8499 	EXP 	Display Fixation
20.8667 	EXP 	Display Fixation
20.8833 	EXP 	Display Fixation
20.9005 	EXP 	Display Fixation
20.9164 	EXP 	Display Fixation
20.9334 	EXP 	Display Fixation
20.9499 	EXP 	Display Fixation
20.9671 	EXP 	Display Fixation
20.9834 	EXP 	Display Fixation
21.0003 	EXP 	Display Fixation
21.0169 	EXP 	Display Fixation
21.0335 	EXP 	Display Fixation
21.0506 	EXP 	Display Fixation
21.0667 	EXP 	Display Fixation
21.0831 	EXP 	Display Fixation
21.0998 	EXP 	Display Fixation
21.1172 	EXP 	Display Fixation
21.1331 	EXP 	Display Fixation
21.1504 	EXP 	Display Fixation
21.1670 	EXP 	Display Fixation
21.1834 	EXP 	Display Fixation
21.2001 	EXP 	Display Fixation
21.2165 	EXP 	Display Fixation
21.2330 	EXP 	Display Fixation
21.2502 	EXP 	Display Fixation
21.2664 	EXP 	Display Fixation
21.2836 	EXP 	Display Fixation
21.2999 	EXP 	Display Fixation
21.3170 	EXP 	Display Fixation
21.3332 	EXP 	Display Fixation
21.3497 	EXP 	Display Fixation
21.3667 	EXP 	Display Fixation
21.3831 	EXP 	Display Fixation
21.3999 	EXP 	Display Fixation
21.4164 	EXP 	Display Fixation
21.4347 	EXP 	Display Fixation
21.4500 	EXP 	Display Fixation
21.4664 	EXP 	Display Fixation
21.4828 	EXP 	Display Fixation
21.4999 	EXP 	Display Fixation
21.5167 	EXP 	Display Fixation
21.5332 	EXP 	Display Fixation
21.5496 	EXP 	Display Fixation
21.5670 	EXP 	Display Fixation
21.5830 	EXP 	Display Fixation
21.5998 	EXP 	Display Fixation
21.6165 	EXP 	Display Fixation
21.6329 	EXP 	Display Fixation
21.6496 	EXP 	Display Fixation
21.6664 	EXP 	Display Fixation
21.6830 	EXP 	Display Fixation
21.6996 	EXP 	Display Fixation
21.7163 	EXP 	Display Fixation
21.7330 	EXP 	Display Fixation
21.7498 	EXP 	Display Fixation
21.7665 	EXP 	Display Fixation
21.7831 	EXP 	Display Fixation
21.7997 	EXP 	Display Fixation
21.8168 	EXP 	Display Fixation
21.8330 	EXP 	Display Fixation
21.8499 	EXP 	Display Fixation
21.8663 	EXP 	Display Fixation
21.8834 	EXP 	Display Fixation
21.8997 	EXP 	Display Fixation
21.9167 	EXP 	Display Fixation
21.9330 	EXP 	Display Fixation
21.9499 	EXP 	Display Fixation
21.9663 	EXP 	Display Fixation
21.9829 	EXP 	Display Fixation
21.9996 	EXP 	Display Fixation
22.0167 	EXP 	Display Fixation
22.0330 	EXP 	Display Fixation
22.0607 	EXP 	ImageStimulus: image = 'Faces/neutral/No Emotion_Front_Man2.png'
22.0607 	EXP 	ImageStimulus: size = [0.8, 0.8]
22.0607 	EXP 	Display Faces/neutral/No Emotion_Front_Man2.png
22.5262 	EXP 	Display Fixation
22.5292 	EXP 	Display Fixation
22.5324 	EXP 	Display Fixation
22.5488 	EXP 	Display Fixation
22.5659 	EXP 	Display Fixation
22.5833 	EXP 	Display Fixation
22.5998 	EXP 	Display Fixation
22.6163 	EXP 	Display Fixation
22.6334 	EXP 	Display Fixation
22.6496 	EXP 	Display Fixation
22.6668 	EXP 	Display Fixation
22.6830 	EXP 	Display Fixation
22.6997 	EXP 	Display Fixation
22.7163 	EXP 	Display Fixation
22.7331 	EXP 	Display Fixation
22.7499 	EXP 	Display Fixation
22.7664 	EXP 	Display Fixation
22.7832 	EXP 	Display Fixation
22.8000 	EXP 	Display Fixation
22.8171 	EXP 	Display Fixation
22.8334 	EXP 	Display Fixation
22.8501 	EXP 	Display Fixation
22.8663 	EXP 	Display Fixation
22.8830 	EXP 	Display Fixation
22.8999 	EXP 	Display Fixation
22.9162 	EXP 	Display Fixation
22.9330 	EXP 	Display Fixation
22.9502 	EXP 	Display Fixation
22.9670 	EXP 	Display Fixation
22.9834 	EXP 	Display Fixation
23.0001 	EXP 	Display Fixation
23.0169 	EXP 	Display Fixation
23.0330 	EXP 	Display Fixation
23.0503 	EXP 	Display Fixation
23.0664 	EXP 	Display Fixation
23.0832 	EXP 	Display Fixation
23.0998 	EXP 	Display Fixation
23.1163 	EXP 	Display Fixation
23.1335 	EXP 	Display Fixation
23.1497 	EXP 	Display Fixation
23.1670 	EXP 	Display Fixation
23.1833 	EXP 	Display Fixation
23.2000 	EXP 	Display Fixation
23.2164 	EXP 	Display Fixation
23.2329 	EXP 	Display Fixation
23.2497 	EXP 	Display Fixation
23.2663 	EXP 	Display Fixation
23.2831 	EXP 	Display Fixation
23.2997 	EXP 	Display Fixation
23.3166 	EXP 	Display Fixation
23.3337 	EXP 	Display Fixation
23.3502 	EXP 	Display Fixation
23.3666 	EXP 	Display Fixation
23.3831 	EXP 	Display Fixation
23.3996 	EXP 	Display Fixation
23.4169 	EXP 	Display Fixation
23.4333 	EXP 	Display Fixation
23.4505 	EXP 	Display Fixation
23.4663 	EXP 	Display Fixation
23.4830 	EXP 	Display Fixation
23.5002 	EXP 	Display Fixation
23.5163 	EXP 	Display Fixation
23.5337 	EXP 	Display Fixation
23.5497 	EXP 	Display Fixation
23.5666 	EXP 	Display Fixation
23.5835 	EXP 	Display Fixation
23.5997 	EXP 	Display Fixation
23.6162 	EXP 	Display Fixation
23.6333 	EXP 	Display Fixation
23.6502 	EXP 	Display Fixation
23.6663 	EXP 	Display Fixation
23.6831 	EXP 	Display Fixation
23.7000 	EXP 	Display Fixation
23.7171 	EXP 	Display Fixation
23.7330 	EXP 	Display Fixation
23.7499 	EXP 	Display Fixation
23.7665 	EXP 	Display Fixation
23.7835 	EXP 	Display Fixation
23.7999 	EXP 	Display Fixation
23.8166 	EXP 	Display Fixation
23.8330 	EXP 	Display Fixation
23.8509 	EXP 	Display Fixation
23.8669 	EXP 	Display Fixation
23.8830 	EXP 	Display Fixation
23.9003 	EXP 	Display Fixation
23.9166 	EXP 	Display Fixation
23.9330 	EXP 	Display Fixation
23.9499 	EXP 	Display Fixation
23.9668 	EXP 	Display Fixation
23.9831 	EXP 	Display Fixation
23.9997 	EXP 	Display Fixation
24.0165 	EXP 	Display Fixation
24.0331 	EXP 	Display Fixation
24.0501 	EXP 	Display Fixation
24.0672 	EXP 	Display Fixation
24.0830 	EXP 	Display Fixation
24.1002 	EXP 	Display Fixation
24.1163 	EXP 	Display Fixation
24.1334 	EXP 	Display Fixation
24.1499 	EXP 	Display Fixation
24.1668 	EXP 	Display Fixation
24.1835 	EXP 	Display Fixation
24.1997 	EXP 	Display Fixation
24.2168 	EXP 	Display Fixation
24.2339 	EXP 	Display Fixation
24.2498 	EXP 	Display Fixation
24.2665 	EXP 	Display Fixation
24.2836 	EXP 	Display Fixation
24.2997 	EXP 	Display Fixation
24.3163 	EXP 	Display Fixation
24.3329 	EXP 	Display Fixation
24.3504 	EXP 	Display Fixation
24.3667 	EXP 	Display Fixation
24.3832 	EXP 	Display Fixation
24.3997 	EXP 	Display Fixation
24.4163 	EXP 	Display Fixation
24.4330 	EXP 	Display Fixation
24.4499 	EXP 	Display Fixation
24.4662 	EXP 	Display Fixation
24.4830 	EXP 	Display Fixation
24.4997 	EXP 	Display Fixation
24.5164 	EXP 	Display Fixation
24.5335 	EXP 	Display Fixation
24.5501 	EXP 	Display Fixation
24.5667 	EXP 	Display Fixation
24.5832 	EXP 	Display Fixation
24.6000 	EXP 	Display Fixation
24.6170 	EXP 	Display Fixation
24.6331 	EXP 	Display Fixation
24.6504 	EXP 	Display Fixation
24.6666 	EXP 	Display Fixation
24.6835 	EXP 	Display Fixation
24.6999 	EXP 	Display Fixation
24.7164 	EXP 	Display Fixation
24.7329 	EXP 	Display Fixation
24.7504 	EXP 	Display Fixation
24.7670 	EXP 	Display Fixation
24.7830 	EXP 	Display Fixation
24.7999 	EXP 	Display Fixation
24.8172 	EXP 	Display Fixation
24.8333 	EXP 	Display Fixation
24.8499 	EXP 	Display Fixation
24.8667 	EXP 	Display Fixation
24.8830 	EXP 	Display Fixation
24.8997 	EXP 	Display Fixation
24.9229 	EXP 	Display Fixation
24.9322 	EXP 	Display Fixation
24.9495 	EXP 	Display Fixation
24.9666 	EXP 	Display Fixation
24.9836 	EXP 	Display Fixation
25.0004 	EXP 	Display Fixation
25.0165 	EXP 	Display Fixation
25.0331 	EXP 	Display Fixation
25.0496 	EXP 	Display Fixation
25.0668 	EXP 	Display Fixation
25.0830 	EXP 	Display Fixation
25.0997 	EXP 	Display Fixation
25.1165 	EXP 	Display Fixation
25.1332 	EXP 	Display Fixation
25.1501 	EXP 	Display Fixation
25.1666 	EXP 	Display Fixation
25.1830 	EXP 	Display Fixation
25.1995 	EXP 	Display Fixation
25.2164 	EXP 	Display Fixation
25.2330 	EXP 	Display Fixation
25.2499 	EXP 	Display Fixation
25.2664 	EXP 	Display Fixation
25.2831 	EXP 	Display Fixation
25.2997 	EXP 	Display Fixation
25.3164 	EXP 	Display Fixation
25.3333 	EXP 	Display Fixation
25.3499 	EXP 	Display Fixation
25.3668 	EXP 	Display Fixation
25.3834 	EXP 	Display Fixation
25.4000 	EXP 	Display Fixation
25.4173 	EXP 	Display Fixation
25.4323 	EXP 	Display Fixation
25.4500 	EXP 	Display Fixation
25.4668 	EXP 	Display Fixation
25.4833 	EXP 	Display Fixation
25.4997 	EXP 	Display Fixation
25.5164 	EXP 	Display Fixation
25.5331 	EXP 	Display Fixation
25.5493 	EXP 	Display Fixation
25.5658 	EXP 	Display Fixation
25.5830 	EXP 	Display Fixation
25.5997 	EXP 	Display Fixation
25.6167 	EXP 	Display Fixation
25.6330 	EXP 	Display Fixation
25.6497 	EXP 	Display Fixation
25.6665 	EXP 	Display Fixation
25.6836 	EXP 	Display Fixation
25.7002 	EXP 	Display Fixation
25.7164 	EXP 	Display Fixation
25.7330 	EXP 	Display Fixation
25.7499 	EXP 	Display Fixation
25.7671 	EXP 	Display Fixation
25.7832 	EXP 	Display Fixation
25.7998 	EXP 	Display Fixation
25.8167 	EXP 	Display Fixation
25.8329 	EXP 	Display Fixation
25.8502 	EXP 	Display Fixation
25.8663 	EXP 	Display Fixation
25.8838 	EXP 	Display Fixation
25.8999 	EXP 	Display Fixation
25.9170 	EXP 	Display Fixation
25.9332 	EXP 	Display Fixation
25.9497 	EXP 	Display Fixation
25.9675 	EXP 	Display Fixation
25.9830 	EXP 	Display Fixation
25.9995 	EXP 	Display Fixation
26.0167 	EXP 	Display Fixation
26.0334 	EXP 	Display Fixation
26.0502 	EXP 	Display Fixation
26.0665 	EXP 	Display Fixation
26.0830 	EXP 	Display Fixation
26.0999 	EXP 	Display Fixation
26.1163 	EXP 	Display Fixation
26.1333 	EXP 	Display Fixation
26.1503 	EXP 	Display Fixation
26.1667 	EXP 	Display Fixation
26.1831 	EXP 	Display Fixation
26.1999 	EXP 	Display Fixation
26.2163 	EXP 	Display Fixation
26.2330 	EXP 	Display Fixation
26.2499 	EXP 	Display Fixation
26.2665 	EXP 	Display Fixation
26.2836 	EXP 	Display Fixation
26.2996 	EXP 	Display Fixation
26.3166 	EXP 	Display Fixation
26.3330 	EXP 	Display Fixation
26.3499 	EXP 	Display Fixation
26.3671 	EXP 	Display Fixation
26.3829 	EXP 	Display Fixation
26.4002 	EXP 	Display Fixation
26.4165 	EXP 	Display Fixation
26.4331 	EXP 	Display Fixation
26.4499 	EXP 	Display Fixation
26.4664 	EXP 	Display Fixation
26.4830 	EXP 	Display Fixation
26.4997 	EXP 	Display Fixation
26.5163 	EXP 	Display Fixation
26.5333 	EXP 	Display Fixation
26.5497 	EXP 	Display Fixation
26.5667 	EXP 	Display Fixation
26.5831 	EXP 	Display Fixation
26.6000 	EXP 	Display Fixation
26.6164 	EXP 	Display Fixation
26.6330 	EXP 	Display Fixation
26.6496 	EXP 	Display Fixation
26.6670 	EXP 	Display Fixation
26.6830 	EXP 	Display Fixation
26.7098 	EXP 	ImageStimulus: image = 'Faces/neutral/No Emotion_Front_Woman6.png'
26.7098 	EXP 	ImageStimulus: size = [0.8, 0.8]
26.7098 	EXP 	Display Faces/neutral/No Emotion_Front_Woman6.png
27.1753 	EXP 	Display Fixation
27.1783 	EXP 	Display Fixation
27.1819 	EXP 	Display Fixation
27.1988 	EXP 	Display Fixation
27.2167 	EXP 	Display Fixation
27.2330 	EXP 	Display Fixation
27.2500 	EXP 	Display Fixation
27.2666 	EXP 	Display Fixation
27.2830 	EXP 	Display Fixation
27.3001 	EXP 	Display Fixation
27.3163 	EXP 	Display Fixation
27.3330 	EXP 	Display Fixation
27.3501 	EXP 	Display Fixation
27.3666 	EXP 	Display Fixation
27.3834 	EXP 	Display Fixation
27.4000 	EXP 	Display Fixation
27.4166 	EXP 	Display Fixation
27.4336 	EXP 	Display Fixation
27.4498 	EXP 	Display Fixation
27.4663 	EXP 	Display Fixation
27.4831 	EXP 	Display Fixation
27.5002 	EXP 	Display Fixation
27.5165 	EXP 	Display Fixation
27.5332 	EXP 	Display Fixation
27.5496 	EXP 	Display Fixation
27.5670 	EXP 	Display Fixation
27.5833 	EXP 	Display Fixation
27.5999 	EXP 	Display Fixation
27.6163 	EXP 	Display Fixation
27.6331 	EXP 	Display Fixation
27.6496 	EXP 	Display Fixation
27.6665 	EXP 	Display Fixation
27.6836 	EXP 	Display Fixation
27.6997 	EXP 	Display Fixation
27.7163 	EXP 	Display Fixation
27.7330 	EXP 	Display Fixation
27.7498 	EXP 	Display Fixation
27.7663 	EXP 	Display Fixation
27.7834 	EXP 	Display Fixation
27.7997 	EXP 	Display Fixation
27.8164 	EXP 	Display Fixation
27.8333 	EXP 	Display Fixation
27.8498 	EXP 	Display Fixation
27.8665 	EXP 	Display Fixation
27.8836 	EXP 	Display Fixation
27.9001 	EXP 	Display Fixation
27.9165 	EXP 	Display Fixation
27.9340 	EXP 	Display Fixation
27.9498 	EXP 	Display Fixation
27.9667 	EXP 	Display Fixation
27.9832 	EXP 	Display Fixation
27.9997 	EXP 	Display Fixation
28.0166 	EXP 	Display Fixation
28.0330 	EXP 	Display Fixation
28.0499 	EXP 	Display Fixation
28.0663 	EXP 	Display Fixation
28.0831 	EXP 	Display Fixation
28.1000 	EXP 	Display Fixation
28.1168 	EXP 	Display Fixation
28.1329 	EXP 	Display Fixation
28.1497 	EXP 	Display Fixation
28.1664 	EXP 	Display Fixation
28.1833 	EXP 	Display Fixation
28.2001 	EXP 	Display Fixation
28.2166 	EXP 	Display Fixation
28.2330 	EXP 	Display Fixation
28.2497 	EXP 	Display Fixation
28.2666 	EXP 	Display Fixation
28.2829 	EXP 	Display Fixation
28.3000 	EXP 	Display Fixation
28.3164 	EXP 	Display Fixation
28.3335 	EXP 	Display Fixation
28.3500 	EXP 	Display Fixation
28.3665 	EXP 	Display Fixation
28.3830 	EXP 	Display Fixation
28.3998 	EXP 	Display Fixation
28.4163 	EXP 	Display Fixation
28.4339 	EXP 	Display Fixation
28.4504 	EXP 	Display Fixation
28.4664 	EXP 	Display Fixation
28.4833 	EXP 	Display Fixation
28.5000 	EXP 	Display Fixation
28.5167 	EXP 	Display Fixation
28.5332 	EXP 	Display Fixation
28.5498 	EXP 	Display Fixation
28.5669 	EXP 	Display Fixation
28.5832 	EXP 	Display Fixation
28.6002 	EXP 	Display Fixation
28.6164 	EXP 	Display Fixation
28.6330 	EXP 	Display Fixation
28.6499 	EXP 	Display Fixation
28.6661 	EXP 	Display Fixation
28.6831 	EXP 	Display Fixation
28.6998 	EXP 	Display Fixation
28.7166 	EXP 	Display Fixation
28.7331 	EXP 	Display Fixation
28.7503 	EXP 	Display Fixation
28.7669 	EXP 	Display Fixation
28.7831 	EXP 	Display Fixation
28.7994 	EXP 	Display Fixation
28.8165 	EXP 	Display Fixation
28.8330 	EXP 	Display Fixation
28.8498 	EXP 	Display Fixation
28.8662 	EXP 	Display Fixation
28.8827 	EXP 	Display Fixation
28.8995 	EXP 	Display Fixation
28.9160 	EXP 	Display Fixation
28.9331 	EXP 	Display Fixation
28.9501 	EXP 	Display Fixation
28.9667 	EXP 	Display Fixation
28.9828 	EXP 	Display Fixation
28.9995 	EXP 	Display Fixation
29.0161 	EXP 	Display Fixation
29.0327 	EXP 	Display Fixation
29.0494 	EXP 	Display Fixation
29.0662 	EXP 	Display Fixation
29.0828 	EXP 	Display Fixation
29.1003 	EXP 	Display Fixation
29.1165 	EXP 	Display Fixation
29.1328 	EXP 	Display Fixation
29.1495 	EXP 	Display Fixation
29.1666 	EXP 	Display Fixation
29.1836 	EXP 	Display Fixation
29.1993 	EXP 	Display Fixation
29.2164 	EXP 	Display Fixation
29.2334 	EXP 	Display Fixation
29.2494 	EXP 	Display Fixation
29.2661 	EXP 	Display Fixation
29.2828 	EXP 	Display Fixation
29.2997 	EXP 	Display Fixation
29.3162 	EXP 	Display Fixation
29.3327 	EXP 	Display Fixation
29.3494 	EXP 	Display Fixation
29.3665 	EXP 	Display Fixation
29.3834 	EXP 	Display Fixation
29.3998 	EXP 	Display Fixation
29.4164 	EXP 	Display Fixation
29.4331 	EXP 	Display Fixation
29.4496 	EXP 	Display Fixation
29.4661 	EXP 	Display Fixation
29.4833 	EXP 	Display Fixation
29.4994 	EXP 	Display Fixation
29.5164 	EXP 	Display Fixation
29.5327 	EXP 	Display Fixation
29.5499 	EXP 	Display Fixation
29.5671 	EXP 	Display Fixation
29.5828 	EXP 	Display Fixation
29.5999 	EXP 	Display Fixation
29.6162 	EXP 	Display Fixation
29.6327 	EXP 	Display Fixation
29.6496 	EXP 	Display Fixation
29.6661 	EXP 	Display Fixation
29.6829 	EXP 	Display Fixation
29.6998 	EXP 	Display Fixation
29.7160 	EXP 	Display Fixation
29.7332 	EXP 	Display Fixation
29.7485 	EXP 	Display Fixation
29.7648 	EXP 	Display Fixation
29.7814 	EXP 	Display Fixation
29.7987 	EXP 	Display Fixation
29.8160 	EXP 	Display Fixation
29.8332 	EXP 	Display Fixation
29.8494 	EXP 	Display Fixation
29.8664 	EXP 	Display Fixation
29.8830 	EXP 	Display Fixation
29.8994 	EXP 	Display Fixation
29.9163 	EXP 	Display Fixation
29.9332 	EXP 	Display Fixation
29.9495 	EXP 	Display Fixation
29.9668 	EXP 	Display Fixation
29.9836 	EXP 	Display Fixation
29.9993 	EXP 	Display Fixation
30.0150 	EXP 	Display Fixation
30.0314 	EXP 	Display Fixation
30.0485 	EXP 	Display Fixation
30.0661 	EXP 	Display Fixation
30.0833 	EXP 	Display Fixation
30.0997 	EXP 	Display Fixation
30.1169 	EXP 	Display Fixation
30.1332 	EXP 	Display Fixation
30.1488 	EXP 	Display Fixation
30.1665 	EXP 	Display Fixation
30.1830 	EXP 	Display Fixation
30.2003 	EXP 	Display Fixation
30.2165 	EXP 	Display Fixation
30.2330 	EXP 	Display Fixation
30.2494 	EXP 	Display Fixation
30.2664 	EXP 	Display Fixation
30.2833 	EXP 	Display Fixation
30.2996 	EXP 	Display Fixation
30.3164 	EXP 	Display Fixation
30.3331 	EXP 	Display Fixation
30.3502 	EXP 	Display Fixation
30.3670 	EXP 	Display Fixation
30.3834 	EXP 	Display Fixation
30.3998 	EXP 	Display Fixation
30.4163 	EXP 	Display Fixation
30.4334 	EXP 	Display Fixation
30.4496 	EXP 	Display Fixation
30.4663 	EXP 	Display Fixation
30.4835 	EXP 	Display Fixation
30.5003 	EXP 	Display Fixation
30.5166 	EXP 	Display Fixation
30.5332 	EXP 	Display Fixation
30.5504 	EXP 	Display Fixation
30.5668 	EXP 	Display Fixation
30.5833 	EXP 	Display Fixation
30.6001 	EXP 	Display Fixation
30.6164 	EXP 	Display Fixation
30.6333 	EXP 	Display Fixation
30.6497 	EXP 	Display Fixation
30.6663 	EXP 	Display Fixation
30.6831 	EXP 	Display Fixation
30.6996 	EXP 	Display Fixation
30.7167 	EXP 	Display Fixation
30.7336 	EXP 	Display Fixation
30.7504 	EXP 	Display Fixation
30.7668 	EXP 	Display Fixation
30.7837 	EXP 	Display Fixation
30.7999 	EXP 	Display Fixation
30.8163 	EXP 	Display Fixation
30.8331 	EXP 	Display Fixation
30.8497 	EXP 	Display Fixation
30.8668 	EXP 	Display Fixation
30.8837 	EXP 	Display Fixation
30.8999 	EXP 	Display Fixation
30.9164 	EXP 	Display Fixation
30.9355 	EXP 	Display Fixation
30.9497 	EXP 	Display Fixation
30.9665 	EXP 	Display Fixation
30.9829 	EXP 	Display Fixation
30.9996 	EXP 	Display Fixation
31.0162 	EXP 	Display Fixation
31.0328 	EXP 	Display Fixation
31.0500 	EXP 	Display Fixation
31.0649 	EXP 	Display Fixation
31.0817 	EXP 	Display Fixation
31.0986 	EXP 	Display Fixation
31.1163 	EXP 	Display Fixation
31.1337 	EXP 	Display Fixation
31.1504 	EXP 	Display Fixation
31.1667 	EXP 	Display Fixation
31.1835 	EXP 	Display Fixation
31.2005 	EXP 	Display Fixation
31.2161 	EXP 	Display Fixation
31.2332 	EXP 	Display Fixation
31.2494 	EXP 	Display Fixation
31.2667 	EXP 	Display Fixation
31.2828 	EXP 	Display Fixation
31.2996 	EXP 	Display Fixation
31.3161 	EXP 	Display Fixation
31.3327 	EXP 	Display Fixation
31.3551 	EXP 	ImageStimulus: image = 'Faces/neutral/Man19_angry.png'
31.3551 	EXP 	ImageStimulus: size = [0.8, 0.8]
31.3551 	EXP 	Display Faces/neutral/Man19_angry.png
31.8263 	EXP 	Display Fixation
31.8319 	EXP 	Display Fixation
31.8486 	EXP 	Display Fixation
31.8655 	EXP 	Display Fixation
31.8827 	EXP 	Display Fixation
31.8997 	EXP 	Display Fixation
31.9163 	EXP 	Display Fixation
31.9329 	EXP 	Display Fixation
31.9500 	EXP 	Display Fixation
31.9667 	EXP 	Display Fixation
31.9833 	EXP 	Display Fixation
31.9996 	EXP 	Display Fixation
32.0161 	EXP 	Display Fixation
32.0331 	EXP 	Display Fixation
32.0496 	EXP 	Display Fixation
32.0664 	EXP 	Display Fixation
32.0830 	EXP 	Display Fixation
32.0994 	EXP 	Display Fixation
32.1161 	EXP 	Display Fixation
32.1329 	EXP 	Display Fixation
32.1495 	EXP 	Display Fixation
32.1667 	EXP 	Display Fixation
32.1833 	EXP 	Display Fixation
32.1998 	EXP 	Display Fixation
32.2158 	EXP 	Display Fixation
32.2318 	EXP 	Display Fixation
32.2493 	EXP 	Display Fixation
32.2660 	EXP 	Display Fixation
32.2829 	EXP 	Display Fixation
32.2997 	EXP 	Display Fixation
32.3161 	EXP 	Display Fixation
32.3331 	EXP 	Display Fixation
32.3498 	EXP 	Display Fixation
32.3667 	EXP 	Display Fixation
32.3832 	EXP 	Display Fixation
32.3998 	EXP 	Display Fixation
32.4169 	EXP 	Display Fixation
32.4330 	EXP 	Display Fixation
32.4500 	EXP 	Display Fixation
32.4661 	EXP 	Display Fixation
32.4832 	EXP 	Display Fixation
32.4998 	EXP 	Display Fixation
32.5164 	EXP 	Display Fixation
32.5331 	EXP 	Display Fixation
32.5494 	EXP 	Display Fixation
32.5663 	EXP 	Display Fixation
32.5832 	EXP 	Display Fixation
32.5998 	EXP 	Display Fixation
32.6161 	EXP 	Display Fixation
32.6332 	EXP 	Display Fixation
32.6494 	EXP 	Display Fixation
32.6661 	EXP 	Display Fixation
32.6828 	EXP 	Display Fixation
32.6995 	EXP 	Display Fixation
32.7161 	EXP 	Display Fixation
32.7331 	EXP 	Display Fixation
32.7495 	EXP 	Display Fixation
32.7666 	EXP 	Display Fixation
32.7830 	EXP 	Display Fixation
32.8000 	EXP 	Display Fixation
32.8162 	EXP 	Display Fixation
32.8331 	EXP 	Display Fixation
32.8495 	EXP 	Display Fixation
32.8661 	EXP 	Display Fixation
32.8830 	EXP 	Display Fixation
32.8998 	EXP 	Display Fixation
32.9161 	EXP 	Display Fixation
32.9333 	EXP 	Display Fixation
32.9498 	EXP 	Display Fixation
32.9666 	EXP 	Display Fixation
32.9831 	EXP 	Display Fixation
32.9997 	EXP 	Display Fixation
33.0161 	EXP 	Display Fixation
33.0328 	EXP 	Display Fixation
33.0495 	EXP 	Display Fixation
33.0667 	EXP 	Display Fixation
33.0828 	EXP 	Display Fixation
33.0998 	EXP 	Display Fixation
33.1164 	EXP 	Display Fixation
33.1327 	EXP 	Display Fixation
33.1499 	EXP 	Display Fixation
33.1664 	EXP 	Display Fixation
33.1835 	EXP 	Display Fixation
33.1995 	EXP 	Display Fixation
33.2162 	EXP 	Display Fixation
33.2328 	EXP 	Display Fixation
33.2495 	EXP 	Display Fixation
33.2662 	EXP 	Display Fixation
33.2832 	EXP 	Display Fixation
33.2993 	EXP 	Display Fixation
33.3162 	EXP 	Display Fixation
33.3328 	EXP 	Display Fixation
33.3495 	EXP 	Display Fixation
33.3661 	EXP 	Display Fixation
33.3830 	EXP 	Display Fixation
33.3994 	EXP 	Display Fixation
33.4162 	EXP 	Display Fixation
33.4327 	EXP 	Display Fixation
33.4496 	EXP 	Display Fixation
33.4662 	EXP 	Display Fixation
33.4827 	EXP 	Display Fixation
33.4994 	EXP 	Display Fixation
33.5165 	EXP 	Display Fixation
33.5328 	EXP 	Display Fixation
33.5499 	EXP 	Display Fixation
33.5668 	EXP 	Display Fixation
33.5830 	EXP 	Display Fixation
33.5995 	EXP 	Display Fixation
33.6164 	EXP 	Display Fixation
33.6327 	EXP 	Display Fixation
33.6494 	EXP 	Display Fixation
33.6661 	EXP 	Display Fixation
33.6828 	EXP 	Display Fixation
33.6995 	EXP 	Display Fixation
33.7165 	EXP 	Display Fixation
33.7327 	EXP 	Display Fixation
33.7498 	EXP 	Display Fixation
33.7661 	EXP 	Display Fixation
33.7834 	EXP 	Display Fixation
33.7997 	EXP 	Display Fixation
33.8163 	EXP 	Display Fixation
33.8339 	EXP 	Display Fixation
33.8498 	EXP 	Display Fixation
33.8663 	EXP 	Display Fixation
33.8831 	EXP 	Display Fixation
33.8996 	EXP 	Display Fixation
33.9163 	EXP 	Display Fixation
33.9331 	EXP 	Display Fixation
33.9502 	EXP 	Display Fixation
33.9664 	EXP 	Display Fixation
33.9831 	EXP 	Display Fixation
33.9998 	EXP 	Display Fixation
34.0165 	EXP 	Display Fixation
34.0332 	EXP 	Display Fixation
34.0499 	EXP 	Display Fixation
34.0663 	EXP 	Display Fixation
34.0837 	EXP 	Display Fixation
34.1005 	EXP 	Display Fixation
34.1167 	EXP 	Display Fixation
34.1330 	EXP 	Display Fixation
34.1498 	EXP 	Display Fixation
34.1668 	EXP 	Display Fixation
34.1832 	EXP 	Display Fixation
34.2001 	EXP 	Display Fixation
34.2170 	EXP 	Display Fixation
34.2329 	EXP 	Display Fixation
34.2506 	EXP 	Display Fixation
34.2667 	EXP 	Display Fixation
34.2830 	EXP 	Display Fixation
34.2998 	EXP 	Display Fixation
34.3166 	EXP 	Display Fixation
34.3333 	EXP 	Display Fixation
34.3498 	EXP 	Display Fixation
34.3671 	EXP 	Display Fixation
34.3831 	EXP 	Display Fixation
34.3997 	EXP 	Display Fixation
34.4164 	EXP 	Display Fixation
34.4331 	EXP 	Display Fixation
34.4497 	EXP 	Display Fixation
34.4669 	EXP 	Display Fixation
34.4833 	EXP 	Display Fixation
34.4997 	EXP 	Display Fixation
34.5162 	EXP 	Display Fixation
34.5330 	EXP 	Display Fixation
34.5498 	EXP 	Display Fixation
34.5667 	EXP 	Display Fixation
34.5833 	EXP 	Display Fixation
34.6000 	EXP 	Display Fixation
34.6164 	EXP 	Display Fixation
34.6330 	EXP 	Display Fixation
34.6499 	EXP 	Display Fixation
34.6664 	EXP 	Display Fixation
34.6830 	EXP 	Display Fixation
34.6998 	EXP 	Display Fixation
34.7165 	EXP 	Display Fixation
34.7334 	EXP 	Display Fixation
34.7499 	EXP 	Display Fixation
34.7669 	EXP 	Display Fixation
34.7831 	EXP 	Display Fixation
34.8002 	EXP 	Display Fixation
34.8165 	EXP 	Display Fixation
34.8335 	EXP 	Display Fixation
34.8499 	EXP 	Display Fixation
34.8663 	EXP 	Display Fixation
34.8830 	EXP 	Display Fixation
34.8997 	EXP 	Display Fixation
34.9164 	EXP 	Display Fixation
34.9331 	EXP 	Display Fixation
34.9504 	EXP 	Display Fixation
34.9663 	EXP 	Display Fixation
34.9830 	EXP 	Display Fixation
34.9999 	EXP 	Display Fixation
35.0164 	EXP 	Display Fixation
35.0331 	EXP 	Display Fixation
35.0499 	EXP 	Display Fixation
35.0663 	EXP 	Display Fixation
35.0832 	EXP 	Display Fixation
35.1069 	EXP 	ImageStimulus: image = 'Faces/neutral/Man4_angry.png'
35.1069 	EXP 	ImageStimulus: size = [0.8, 0.8]
35.1069 	EXP 	Display Faces/neutral/Man4_angry.png
35.5759 	EXP 	Display Fixation
35.5789 	EXP 	Display Fixation
35.5822 	EXP 	Display Fixation
35.5989 	EXP 	Display Fixation
35.6164 	EXP 	Display Fixation
35.6329 	EXP 	Display Fixation
35.6497 	EXP 	Display Fixation
35.6667 	EXP 	Display Fixation
35.6831 	EXP 	Display Fixation
35.6996 	EXP 	Display Fixation
35.7165 	EXP 	Display Fixation
35.7331 	EXP 	Display Fixation
35.7496 	EXP 	Display Fixation
35.7666 	EXP 	Display Fixation
35.7831 	EXP 	Display Fixation
35.7999 	EXP 	Display Fixation
35.8164 	EXP 	Display Fixation
35.8336 	EXP 	Display Fixation
35.8500 	EXP 	Display Fixation
35.8664 	EXP 	Display Fixation
35.8834 	EXP 	Display Fixation
35.8997 	EXP 	Display Fixation
35.9168 	EXP 	Display Fixation
35.9330 	EXP 	Display Fixation
35.9501 	EXP 	Display Fixation
35.9669 	EXP 	Display Fixation
35.9837 	EXP 	Display Fixation
36.0003 	EXP 	Display Fixation
36.0165 	EXP 	Display Fixation
36.0331 	EXP 	Display Fixation
36.0501 	EXP 	Display Fixation
36.0664 	EXP 	Display Fixation
36.0833 	EXP 	Display Fixation
36.0999 	EXP 	Display Fixation
36.1166 	EXP 	Display Fixation
36.1338 	EXP 	Display Fixation
36.1500 	EXP 	Display Fixation
36.1668 	EXP 	Display Fixation
36.1835 	EXP 	Display Fixation
36.1997 	EXP 	Display Fixation
36.2166 	EXP 	Display Fixation
36.2330 	EXP 	Display Fixation
36.2500 	EXP 	Display Fixation
36.2664 	EXP 	Display Fixation
36.2832 	EXP 	Display Fixation
36.2997 	EXP 	Display Fixation
36.3166 	EXP 	Display Fixation
36.3331 	EXP 	Display Fixation
36.3497 	EXP 	Display Fixation
36.3670 	EXP 	Display Fixation
36.3832 	EXP 	Display Fixation
36.3996 	EXP 	Display Fixation
36.4165 	EXP 	Display Fixation
36.4335 	EXP 	Display Fixation
36.4497 	EXP 	Display Fixation
36.4665 	EXP 	Display Fixation
36.4833 	EXP 	Display Fixation
36.5000 	EXP 	Display Fixation
36.5168 	EXP 	Display Fixation
36.5330 	EXP 	Display Fixation
36.5499 	EXP 	Display Fixation
36.5663 	EXP 	Display Fixation
36.5830 	EXP 	Display Fixation
36.5997 	EXP 	Display Fixation
36.6163 	EXP 	Display Fixation
36.6336 	EXP 	Display Fixation
36.6508 	EXP 	Display Fixation
36.6664 	EXP 	Display Fixation
36.6830 	EXP 	Display Fixation
36.6999 	EXP 	Display Fixation
36.7162 	EXP 	Display Fixation
36.7332 	EXP 	Display Fixation
36.7497 	EXP 	Display Fixation
36.7669 	EXP 	Display Fixation
36.7838 	EXP 	Display Fixation
36.7997 	EXP 	Display Fixation
36.8166 	EXP 	Display Fixation
36.8331 	EXP 	Display Fixation
36.8496 	EXP 	Display Fixation
36.8666 	EXP 	Display Fixation
36.8830 	EXP 	Display Fixation
36.8998 	EXP 	Display Fixation
36.9165 	EXP 	Display Fixation
36.9331 	EXP 	Display Fixation
36.9497 	EXP 	Display Fixation
36.9663 	EXP 	Display Fixation
36.9830 	EXP 	Display Fixation
36.9997 	EXP 	Display Fixation
37.0168 	EXP 	Display Fixation
37.0330 	EXP 	Display Fixation
37.0501 	EXP 	Display Fixation
37.0664 	EXP 	Display Fixation
37.0831 	EXP 	Display Fixation
37.1001 	EXP 	Display Fixation
37.1163 	EXP 	Display Fixation
37.1331 	EXP 	Display Fixation
37.1500 	EXP 	Display Fixation
37.1665 	EXP 	Display Fixation
37.1836 	EXP 	Display Fixation
37.1998 	EXP 	Display Fixation
37.2165 	EXP 	Display Fixation
37.2330 	EXP 	Display Fixation
37.2499 	EXP 	Display Fixation
37.2667 	EXP 	Display Fixation
37.2836 	EXP 	Display Fixation
37.2997 	EXP 	Display Fixation
37.3164 	EXP 	Display Fixation
37.3333 	EXP 	Display Fixation
37.3496 	EXP 	Display Fixation
37.3667 	EXP 	Display Fixation
37.3831 	EXP 	Display Fixation
37.3997 	EXP 	Display Fixation
37.4168 	EXP 	Display Fixation
37.4332 	EXP 	Display Fixation
37.4503 	EXP 	Display Fixation
37.4663 	EXP 	Display Fixation
37.4833 	EXP 	Display Fixation
37.4997 	EXP 	Display Fixation
37.5163 	EXP 	Display Fixation
37.5341 	EXP 	Display Fixation
37.5500 	EXP 	Display Fixation
37.5669 	EXP 	Display Fixation
37.5832 	EXP 	Display Fixation
37.5997 	EXP 	Display Fixation
37.6164 	EXP 	Display Fixation
37.6330 	EXP 	Display Fixation
37.6497 	EXP 	Display Fixation
37.6670 	EXP 	Display Fixation
37.6833 	EXP 	Display Fixation
37.6997 	EXP 	Display Fixation
37.7163 	EXP 	Display Fixation
37.7331 	EXP 	Display Fixation
37.7499 	EXP 	Display Fixation
37.7665 	EXP 	Display Fixation
37.7830 	EXP 	Display Fixation
37.8003 	EXP 	Display Fixation
37.8171 	EXP 	Display Fixation
37.8331 	EXP 	Display Fixation
37.8498 	EXP 	Display Fixation
37.8663 	EXP 	Display Fixation
37.8835 	EXP 	Display Fixation
37.8997 	EXP 	Display Fixation
37.9166 	EXP 	Display Fixation
37.9334 	EXP 	Display Fixation
37.9497 	EXP 	Display Fixation
37.9668 	EXP 	Display Fixation
37.9835 	EXP 	Display Fixation
38.0003 	EXP 	Display Fixation
38.0164 	EXP 	Display Fixation
38.0331 	EXP 	Display Fixation
38.0505 	EXP 	Display Fixation
38.0670 	EXP 	Display Fixation
38.0832 	EXP 	Display Fixation
38.0996 	EXP 	Display Fixation
38.1163 	EXP 	Display Fixation
38.1330 	EXP 	Display Fixation
38.1496 	EXP 	Display Fixation
38.1664 	EXP 	Display Fixation
38.1838 	EXP 	Display Fixation
38.1999 	EXP 	Display Fixation
38.2163 	EXP 	Display Fixation
38.2334 	EXP 	Display Fixation
38.2500 	EXP 	Display Fixation
38.2664 	EXP 	Display Fixation
38.2830 	EXP 	Display Fixation
38.2999 	EXP 	Display Fixation
38.3170 	EXP 	Display Fixation
38.3330 	EXP 	Display Fixation
38.3332 	EXP 	--- END EXPERIMENT ---
38.3578 	EXP 	topMsg: text = "That's the end! "
38.3578 	EXP 	bottomMsg: text = "Press 'q' or 'escape' to end the session."
38.3578 	EXP 	Display TheEnd
40.5905 	DATA 	Keypress: escape
41.1503 	EXP 	win: mouseVisible = True
43.9601 	EXP 	number of targets counted: 1
