2.0986 	WARNING 	We strongly recommend you activate the PTB sound engine in PsychoPy prefs as the preferred audio engine. Its timing is vastly superior. Your prefs are currently set to use ['sounddevice', 'PTB', 'pyo', 'pygame'] (in that order).
8.2189 	INFO 	---START PARAMETERS---
8.2189 	INFO 	filename: SampleExperiment_d1-1-38-Nov_01_1010
8.2189 	INFO 	subject: 1
8.2189 	INFO 	session: 38
8.2189 	INFO 	date: Nov_01_1010
8.2189 	INFO 	ISI: 1.75
8.2190 	INFO 	choices: [1, 2, 3]
8.2190 	INFO 	fixCrossPos: [0, 0]
8.2190 	INFO 	fixCrossSize: 0.1
8.2190 	INFO 	fullScreen: True
8.2190 	INFO 	imageDir_neutral: Faces/neutral/
8.2190 	INFO 	imageDir_social: Faces/social/
8.2190 	INFO 	imageDir_threat: Faces/threat/
8.2191 	INFO 	imageSize: [0.8, 0.8]
8.2191 	INFO 	imageSuffix: .png
8.2191 	INFO 	nTrials: 3
8.2191 	INFO 	postStimDur: 1.0
8.2196 	INFO 	preStimDur: [0.5 0.6 0.7 0.8 0.9 1.  1.1 1.2 1.3 1.4 1.5 1.6 1.7 1.8 1.9]
8.2196 	INFO 	promptDir: Text/
8.2196 	INFO 	promptFile_neutral: NeutralPrompts.csv
8.2196 	INFO 	promptFile_social: SocialPrompts.csv
8.2196 	INFO 	promptFile_threat: ThreatPrompts.csv
8.2197 	INFO 	promptImageSize: [1.2, 0.3]
8.2197 	INFO 	respAdvances: True
8.2197 	INFO 	respKeys: ['r', 'b', 'y', 'g']
8.2197 	INFO 	screenColor: (128, 128, 128)
8.2197 	INFO 	screenToShow: 0
8.2197 	INFO 	skipPrompts: False
8.2197 	INFO 	stimDur: 0.5
8.2197 	INFO 	tStartup: 1
8.2198 	INFO 	triggerKey: t
8.2198 	INFO 	---END PARAMETERS---
8.5700 	INFO 	Loaded monitor calibration from ['2021_02_22 10:21']
8.5728 	WARNING 	User requested fullscreen with size [800 600], but screen is actually [1440, 900]. Using actual size
9.2592 	EXP 	Created win = Window(allowGUI=False, allowStencil=False, autoLog=True, backendConf=UNKNOWN, bitsMode=UNKNOWN, blendMode='avg', bpc=(8, 8, 8), color=array([128, 128, 128]), colorSpace='rgb255', depthBits=8, fullscr=<method-wrapper '__getattribute__' of attributeSetter object at 0x7fef83b8ac18>, gamma=None, gammaErrorPolicy='raise', lms=UNKNOWN, monitor=<psychopy.monitors.calibTools.Monitor object at 0x7fef70de95c0>, multiSample=False, name='win', numSamples=2, pos=[360.0, 225.0], screen=0, size=array([2880, 1800]), stencilBits=0, stereo=False, units='height', useFBO=False, useRetina=True, viewOri=0.0, viewPos=None, viewScale=None, waitBlanking=True, winType='pyglet')
9.2594 	EXP 	win: mouseVisible = True
9.2623 	EXP 	Created fixCross = ShapeStim(__class__=<class 'psychopy.visual.shape.ShapeStim'>, autoDraw=False, autoLog=True, closeShape=False, color=method-wrapper(...), colorSpace='rgb', contrast=None, depth=0, fillColor=array([0, 0, 0]), fillColorSpace='rgb', fillRGB=UNKNOWN, interpolate=True, lineColor=array([-1., -1., -1.]), lineColorSpace='rgb', lineRGB=UNKNOWN, lineWidth=3.0, name='fixCross', opacity=1.0, ori=0.0, pos=array([0., 0.]), size=array([1., 1.]), units='height', vertices=ndarray(...), win=Window(...), windingRule=None)
9.2625 	WARNING 	TextStim.alignHoriz is deprecated. Use alignText and anchorHoriz attributes instead
9.2906 	EXP 	Created topMsg = TextStim(__class__=<class 'psychopy.visual.text.TextStim'>, alignHoriz='center', alignText='center', alignVert=method-wrapper(...), anchorHoriz='center', anchorVert='center', antialias=True, autoLog=True, bold=False, color=array([-1., -1., -1.]), colorSpace='rgb', contrast=1.0, depth=0, flipHoriz=False, flipVert=False, font='', fontFiles=[], height=0.1, italic=False, languageStyle='LTR', name='topMsg', opacity=1.0, ori=0.0, pos=array([0. , 0.5]), rgb=UNKNOWN, text='aaa', units='norm', win=Window(...), wrapWidth=1.5)
9.2906 	WARNING 	TextStim.alignHoriz is deprecated. Use alignText and anchorHoriz attributes instead
9.2926 	EXP 	Created bottomMsg = TextStim(__class__=<class 'psychopy.visual.text.TextStim'>, alignHoriz='center', alignText='center', alignVert=method-wrapper(...), anchorHoriz='center', anchorVert='center', antialias=True, autoLog=True, bold=False, color=array([-1., -1., -1.]), colorSpace='rgb', contrast=1.0, depth=0, flipHoriz=False, flipVert=False, font='', fontFiles=[], height=0.1, italic=False, languageStyle='LTR', name='bottomMsg', opacity=1.0, ori=0.0, pos=array([ 0. , -0.5]), rgb=UNKNOWN, text='bbb', units='norm', win=Window(...), wrapWidth=1.5)
9.3440 	EXP 	Created ImageStimulus = ImageStim(__class__=<class 'psychopy.visual.image.ImageStim'>, autoLog=True, color=array([1., 1., 1.]), colorSpace='rgb', contrast=1.0, depth=0, flipHoriz=False, flipVert=False, image='Faces/neutral/Man16_noEmotion.png', interpolate=False, mask=None, maskParams=None, name='ImageStimulus', opacity=1, ori=0.0, pos=array([0., 0.]), size=array([0.55555556, 0.55555556]), texRes=128, units='height', win=Window(...))
9.3864 	EXP 	topMsg: text = 'In this task, you will see images briefly flashed on the screen. Your job is to count the images in a “target” category and ignore the others. At the end, we will ask you how many target images you saw.'
9.3864 	EXP 	bottomMsg: text = 'In this run, please count all the faces with hats. (Press ENTER to continue.)'
9.3864 	EXP 	Display Instructions1
11.3192 	DATA 	Keypress: space
11.3611 	EXP 	topMsg: text = 'Here are some examples of faces with hats (left) and no hats (right).'
11.3611 	EXP 	bottomMsg: text = 'Just before and after each image, there will be a cross in the middle of the screen. Please look directly at the cross and try not to blink during this period. (Press ENTER to continue.)'
11.3611 	EXP 	ImageStimulus: size = array([1.41444444, 0.30666667])
11.3611 	EXP 	ImageStimulus: image = 'Faces/sample_images/sample_neutral.png'
11.3611 	EXP 	ImageStimulus: size = [1.2, 0.3]
11.3611 	EXP 	Display Instructions2
14.8785 	DATA 	Keypress: space
14.8968 	EXP 	topMsg: text = 'If you have any questions, please ask the experimenter now.'
14.8968 	EXP 	bottomMsg: text = 'WHEN YOU ARE READY TO BEGIN, press any button.'
14.8968 	EXP 	Display Instructions3
16.0266 	DATA 	Keypress: space
16.0353 	EXP 	topMsg: text = 'Waiting for scanner to start...'
16.0353 	EXP 	bottomMsg: text = "(Press 'T' to override.)"
16.0353 	EXP 	Display WaitingForScanner
17.2713 	DATA 	Keypress: t
17.2716 	EXP 	---START EXPERIMENT---
17.2836 	EXP 	Display Fixation
17.2920 	EXP 	Display Fixation
17.3082 	EXP 	Display Fixation
17.3256 	EXP 	Display Fixation
17.3424 	EXP 	Display Fixation
17.3591 	EXP 	Display Fixation
17.3757 	EXP 	Display Fixation
17.3923 	EXP 	Display Fixation
17.4091 	EXP 	Display Fixation
17.4253 	EXP 	Display Fixation
17.4423 	EXP 	Display Fixation
17.4591 	EXP 	Display Fixation
17.4756 	EXP 	Display Fixation
17.4923 	EXP 	Display Fixation
17.5087 	EXP 	Display Fixation
17.5256 	EXP 	Display Fixation
17.5423 	EXP 	Display Fixation
17.5587 	EXP 	Display Fixation
17.5756 	EXP 	Display Fixation
17.5923 	EXP 	Display Fixation
17.6088 	EXP 	Display Fixation
17.6257 	EXP 	Display Fixation
17.6426 	EXP 	Display Fixation
17.6589 	EXP 	Display Fixation
17.6756 	EXP 	Display Fixation
17.6923 	EXP 	Display Fixation
17.7090 	EXP 	Display Fixation
17.7255 	EXP 	Display Fixation
17.7421 	EXP 	Display Fixation
17.7589 	EXP 	Display Fixation
17.7755 	EXP 	Display Fixation
17.7922 	EXP 	Display Fixation
17.8093 	EXP 	Display Fixation
17.8267 	EXP 	Display Fixation
17.8430 	EXP 	Display Fixation
17.8590 	EXP 	Display Fixation
17.8757 	EXP 	Display Fixation
17.8929 	EXP 	Display Fixation
17.9090 	EXP 	Display Fixation
17.9268 	EXP 	Display Fixation
17.9435 	EXP 	Display Fixation
17.9591 	EXP 	Display Fixation
17.9756 	EXP 	Display Fixation
17.9933 	EXP 	Display Fixation
18.0097 	EXP 	Display Fixation
18.0257 	EXP 	Display Fixation
18.0430 	EXP 	Display Fixation
18.0588 	EXP 	Display Fixation
18.0755 	EXP 	Display Fixation
18.0922 	EXP 	Display Fixation
18.1088 	EXP 	Display Fixation
18.1255 	EXP 	Display Fixation
18.1424 	EXP 	Display Fixation
18.1597 	EXP 	Display Fixation
18.1759 	EXP 	Display Fixation
18.1923 	EXP 	Display Fixation
18.2092 	EXP 	Display Fixation
18.2259 	EXP 	Display Fixation
18.2426 	EXP 	Display Fixation
18.2592 	EXP 	Display Fixation
18.2758 	EXP 	Display Fixation
18.2923 	EXP 	Display Fixation
18.3101 	EXP 	Display Fixation
18.3263 	EXP 	Display Fixation
18.3426 	EXP 	Display Fixation
18.3591 	EXP 	Display Fixation
18.3758 	EXP 	Display Fixation
18.3923 	EXP 	Display Fixation
18.4100 	EXP 	Display Fixation
18.4263 	EXP 	Display Fixation
18.4427 	EXP 	Display Fixation
18.4590 	EXP 	Display Fixation
18.4756 	EXP 	Display Fixation
18.4923 	EXP 	Display Fixation
18.5090 	EXP 	Display Fixation
18.5258 	EXP 	Display Fixation
18.5423 	EXP 	Display Fixation
18.5589 	EXP 	Display Fixation
18.5756 	EXP 	Display Fixation
18.5921 	EXP 	Display Fixation
18.6093 	EXP 	Display Fixation
18.6264 	EXP 	Display Fixation
18.6427 	EXP 	Display Fixation
18.6590 	EXP 	Display Fixation
18.6757 	EXP 	Display Fixation
18.6930 	EXP 	Display Fixation
18.7102 	EXP 	Display Fixation
18.7261 	EXP 	Display Fixation
18.7428 	EXP 	Display Fixation
18.7595 	EXP 	Display Fixation
18.7758 	EXP 	Display Fixation
18.7927 	EXP 	ImageStimulus: image = 'Faces/neutral/Man16_noEmotion.png'
18.7927 	EXP 	ImageStimulus: size = [0.8, 0.8]
18.7927 	EXP 	Display Faces/neutral/Man16_noEmotion.png
19.2742 	EXP 	Display Fixation
19.2762 	EXP 	Display Fixation
19.2781 	EXP 	Display Fixation
19.2800 	EXP 	Display Fixation
19.2818 	EXP 	Display Fixation
19.2838 	EXP 	Display Fixation
19.2856 	EXP 	Display Fixation
19.2876 	EXP 	Display Fixation
19.2894 	EXP 	Display Fixation
19.2918 	EXP 	Display Fixation
19.3085 	EXP 	Display Fixation
19.3250 	EXP 	Display Fixation
19.3428 	EXP 	Display Fixation
19.3588 	EXP 	Display Fixation
19.3759 	EXP 	Display Fixation
19.3928 	EXP 	Display Fixation
19.4092 	EXP 	Display Fixation
19.4259 	EXP 	Display Fixation
19.4419 	EXP 	Display Fixation
19.4596 	EXP 	Display Fixation
19.4765 	EXP 	Display Fixation
19.4927 	EXP 	Display Fixation
19.5090 	EXP 	Display Fixation
19.5259 	EXP 	Display Fixation
19.5422 	EXP 	Display Fixation
19.5590 	EXP 	Display Fixation
19.5757 	EXP 	Display Fixation
19.5927 	EXP 	Display Fixation
19.6091 	EXP 	Display Fixation
19.6259 	EXP 	Display Fixation
19.6424 	EXP 	Display Fixation
19.6591 	EXP 	Display Fixation
19.6757 	EXP 	Display Fixation
19.6925 	EXP 	Display Fixation
19.7090 	EXP 	Display Fixation
19.7258 	EXP 	Display Fixation
19.7423 	EXP 	Display Fixation
19.7591 	EXP 	Display Fixation
19.7758 	EXP 	Display Fixation
19.7925 	EXP 	Display Fixation
19.8099 	EXP 	Display Fixation
19.8257 	EXP 	Display Fixation
19.8425 	EXP 	Display Fixation
19.8602 	EXP 	Display Fixation
19.8767 	EXP 	Display Fixation
19.8932 	EXP 	Display Fixation
19.9093 	EXP 	Display Fixation
19.9259 	EXP 	Display Fixation
19.9426 	EXP 	Display Fixation
19.9592 	EXP 	Display Fixation
19.9759 	EXP 	Display Fixation
19.9929 	EXP 	Display Fixation
20.0092 	EXP 	Display Fixation
20.0258 	EXP 	Display Fixation
20.0423 	EXP 	Display Fixation
20.0591 	EXP 	Display Fixation
20.0757 	EXP 	Display Fixation
20.0935 	EXP 	Display Fixation
20.1097 	EXP 	Display Fixation
20.1259 	EXP 	Display Fixation
20.1424 	EXP 	Display Fixation
20.1594 	EXP 	Display Fixation
20.1759 	EXP 	Display Fixation
20.1924 	EXP 	Display Fixation
20.2091 	EXP 	Display Fixation
20.2257 	EXP 	Display Fixation
20.2422 	EXP 	Display Fixation
20.2589 	EXP 	Display Fixation
20.2757 	EXP 	Display Fixation
20.2926 	EXP 	Display Fixation
20.3098 	EXP 	Display Fixation
20.3259 	EXP 	Display Fixation
20.3436 	EXP 	Display Fixation
20.3598 	EXP 	Display Fixation
20.3760 	EXP 	Display Fixation
20.3930 	EXP 	Display Fixation
20.4097 	EXP 	Display Fixation
20.4258 	EXP 	Display Fixation
20.4436 	EXP 	Display Fixation
20.4599 	EXP 	Display Fixation
20.4810 	EXP 	Display Fixation
20.4928 	EXP 	Display Fixation
20.5092 	EXP 	Display Fixation
20.5256 	EXP 	Display Fixation
20.5424 	EXP 	Display Fixation
20.5601 	EXP 	Display Fixation
20.5763 	EXP 	Display Fixation
20.5923 	EXP 	Display Fixation
20.6093 	EXP 	Display Fixation
20.6264 	EXP 	Display Fixation
20.6430 	EXP 	Display Fixation
20.6592 	EXP 	Display Fixation
20.6759 	EXP 	Display Fixation
20.6926 	EXP 	Display Fixation
20.7101 	EXP 	Display Fixation
20.7263 	EXP 	Display Fixation
20.7423 	EXP 	Display Fixation
20.7590 	EXP 	Display Fixation
20.7759 	EXP 	Display Fixation
20.7928 	EXP 	Display Fixation
20.8096 	EXP 	Display Fixation
20.8257 	EXP 	Display Fixation
20.8424 	EXP 	Display Fixation
20.8593 	EXP 	Display Fixation
20.8771 	EXP 	Display Fixation
20.8932 	EXP 	Display Fixation
20.9092 	EXP 	Display Fixation
20.9269 	EXP 	Display Fixation
20.9429 	EXP 	Display Fixation
20.9591 	EXP 	Display Fixation
20.9758 	EXP 	Display Fixation
20.9928 	EXP 	Display Fixation
21.0097 	EXP 	Display Fixation
21.0257 	EXP 	Display Fixation
21.0426 	EXP 	Display Fixation
21.0597 	EXP 	Display Fixation
21.0763 	EXP 	Display Fixation
21.0925 	EXP 	Display Fixation
21.1091 	EXP 	Display Fixation
21.1263 	EXP 	Display Fixation
21.1427 	EXP 	Display Fixation
21.1590 	EXP 	Display Fixation
21.1758 	EXP 	Display Fixation
21.1930 	EXP 	Display Fixation
21.2090 	EXP 	Display Fixation
21.2259 	EXP 	Display Fixation
21.2432 	EXP 	Display Fixation
21.2596 	EXP 	Display Fixation
21.2758 	EXP 	Display Fixation
21.2935 	EXP 	Display Fixation
21.3096 	EXP 	Display Fixation
21.3257 	EXP 	Display Fixation
21.3427 	EXP 	Display Fixation
21.3602 	EXP 	Display Fixation
21.3765 	EXP 	Display Fixation
21.3929 	EXP 	Display Fixation
21.4091 	EXP 	Display Fixation
21.4268 	EXP 	Display Fixation
21.4429 	EXP 	Display Fixation
21.4589 	EXP 	Display Fixation
21.4758 	EXP 	Display Fixation
21.4934 	EXP 	Display Fixation
21.5096 	EXP 	Display Fixation
21.5257 	EXP 	Display Fixation
21.5426 	EXP 	Display Fixation
21.5602 	EXP 	Display Fixation
21.5764 	EXP 	Display Fixation
21.5925 	EXP 	Display Fixation
21.6101 	EXP 	Display Fixation
21.6263 	EXP 	Display Fixation
21.6423 	EXP 	Display Fixation
21.6591 	EXP 	Display Fixation
21.6769 	EXP 	Display Fixation
21.6932 	EXP 	Display Fixation
21.7090 	EXP 	Display Fixation
21.7259 	EXP 	Display Fixation
21.7432 	EXP 	Display Fixation
21.7596 	EXP 	Display Fixation
21.7757 	EXP 	Display Fixation
21.7926 	EXP 	Display Fixation
21.8095 	EXP 	Display Fixation
21.8263 	EXP 	Display Fixation
21.8425 	EXP 	Display Fixation
21.8601 	EXP 	Display Fixation
21.8762 	EXP 	Display Fixation
21.8924 	EXP 	Display Fixation
21.9093 	EXP 	Display Fixation
21.9261 	EXP 	Display Fixation
21.9429 	EXP 	Display Fixation
21.9593 	EXP 	Display Fixation
21.9758 	EXP 	Display Fixation
21.9925 	EXP 	Display Fixation
22.0100 	EXP 	Display Fixation
22.0263 	EXP 	Display Fixation
22.0424 	EXP 	Display Fixation
22.0590 	EXP 	Display Fixation
22.0758 	EXP 	Display Fixation
22.0933 	EXP 	Display Fixation
22.1097 	EXP 	Display Fixation
22.1259 	EXP 	Display Fixation
22.1436 	EXP 	Display Fixation
22.1597 	EXP 	Display Fixation
22.1760 	EXP 	Display Fixation
22.1929 	EXP 	Display Fixation
22.2095 	EXP 	Display Fixation
22.2259 	EXP 	Display Fixation
22.2429 	EXP 	Display Fixation
22.2596 	EXP 	Display Fixation
22.2759 	EXP 	Display Fixation
22.2924 	EXP 	Display Fixation
22.3090 	EXP 	Display Fixation
22.3257 	EXP 	Display Fixation
22.3427 	EXP 	Display Fixation
22.3600 	EXP 	Display Fixation
22.3760 	EXP 	Display Fixation
22.3926 	EXP 	Display Fixation
22.4093 	EXP 	Display Fixation
22.4267 	EXP 	Display Fixation
22.4430 	EXP 	Display Fixation
22.4590 	EXP 	Display Fixation
22.4761 	EXP 	Display Fixation
22.4925 	EXP 	Display Fixation
22.5098 	EXP 	Display Fixation
22.5261 	EXP 	Display Fixation
22.5430 	EXP 	Display Fixation
22.5593 	EXP 	Display Fixation
22.5760 	EXP 	Display Fixation
22.5927 	EXP 	Display Fixation
22.6090 	EXP 	Display Fixation
22.6257 	EXP 	Display Fixation
22.6425 	EXP 	Display Fixation
22.6591 	EXP 	Display Fixation
22.6759 	EXP 	Display Fixation
22.6924 	EXP 	Display Fixation
22.7093 	EXP 	Display Fixation
22.7270 	EXP 	Display Fixation
22.7431 	EXP 	Display Fixation
22.7593 	EXP 	Display Fixation
22.7767 	EXP 	Display Fixation
22.7934 	EXP 	Display Fixation
22.8094 	EXP 	Display Fixation
22.8262 	EXP 	Display Fixation
22.8428 	EXP 	Display Fixation
22.8594 	EXP 	Display Fixation
22.8761 	EXP 	Display Fixation
22.8929 	EXP 	Display Fixation
22.9093 	EXP 	Display Fixation
22.9262 	EXP 	Display Fixation
22.9540 	EXP 	ImageStimulus: image = 'Faces/neutral/Man9_noEmotion.png'
22.9540 	EXP 	ImageStimulus: size = [0.8, 0.8]
22.9540 	EXP 	Display Faces/neutral/Man9_noEmotion.png
23.4241 	EXP 	Display Fixation
23.4261 	EXP 	Display Fixation
23.4280 	EXP 	Display Fixation
23.4299 	EXP 	Display Fixation
23.4318 	EXP 	Display Fixation
23.4338 	EXP 	Display Fixation
23.4356 	EXP 	Display Fixation
23.4375 	EXP 	Display Fixation
23.4395 	EXP 	Display Fixation
23.4428 	EXP 	Display Fixation
23.4586 	EXP 	Display Fixation
23.4749 	EXP 	Display Fixation
23.4925 	EXP 	Display Fixation
23.5089 	EXP 	Display Fixation
23.5256 	EXP 	Display Fixation
23.5427 	EXP 	Display Fixation
23.5589 	EXP 	Display Fixation
23.5760 	EXP 	Display Fixation
23.5927 	EXP 	Display Fixation
23.6090 	EXP 	Display Fixation
23.6263 	EXP 	Display Fixation
23.6424 	EXP 	Display Fixation
23.6592 	EXP 	Display Fixation
23.6759 	EXP 	Display Fixation
23.6925 	EXP 	Display Fixation
23.7091 	EXP 	Display Fixation
23.7258 	EXP 	Display Fixation
23.7424 	EXP 	Display Fixation
23.7591 	EXP 	Display Fixation
23.7759 	EXP 	Display Fixation
23.7928 	EXP 	Display Fixation
23.8092 	EXP 	Display Fixation
23.8259 	EXP 	Display Fixation
23.8434 	EXP 	Display Fixation
23.8602 	EXP 	Display Fixation
23.8762 	EXP 	Display Fixation
23.8926 	EXP 	Display Fixation
23.9092 	EXP 	Display Fixation
23.9258 	EXP 	Display Fixation
23.9432 	EXP 	Display Fixation
23.9596 	EXP 	Display Fixation
23.9760 	EXP 	Display Fixation
23.9924 	EXP 	Display Fixation
24.0092 	EXP 	Display Fixation
24.0258 	EXP 	Display Fixation
24.0428 	EXP 	Display Fixation
24.0597 	EXP 	Display Fixation
24.0759 	EXP 	Display Fixation
24.0925 	EXP 	Display Fixation
24.1094 	EXP 	Display Fixation
24.1258 	EXP 	Display Fixation
24.1427 	EXP 	Display Fixation
24.1602 	EXP 	Display Fixation
24.1767 	EXP 	Display Fixation
24.1930 	EXP 	Display Fixation
24.2091 	EXP 	Display Fixation
24.2266 	EXP 	Display Fixation
24.2429 	EXP 	Display Fixation
24.2593 	EXP 	Display Fixation
24.2758 	EXP 	Display Fixation
24.2926 	EXP 	Display Fixation
24.3091 	EXP 	Display Fixation
24.3265 	EXP 	Display Fixation
24.3429 	EXP 	Display Fixation
24.3591 	EXP 	Display Fixation
24.3767 	EXP 	Display Fixation
24.3931 	EXP 	Display Fixation
24.4093 	EXP 	Display Fixation
24.4258 	EXP 	Display Fixation
24.4426 	EXP 	Display Fixation
24.4594 	EXP 	Display Fixation
24.4765 	EXP 	Display Fixation
24.4929 	EXP 	Display Fixation
24.5094 	EXP 	Display Fixation
24.5258 	EXP 	Display Fixation
24.5425 	EXP 	Display Fixation
24.5595 	EXP 	Display Fixation
24.5765 	EXP 	Display Fixation
24.5927 	EXP 	Display Fixation
24.6092 	EXP 	Display Fixation
24.6259 	EXP 	Display Fixation
24.6425 	EXP 	Display Fixation
24.6593 	EXP 	Display Fixation
24.6759 	EXP 	Display Fixation
24.6925 	EXP 	Display Fixation
24.7091 	EXP 	Display Fixation
24.7258 	EXP 	Display Fixation
24.7426 	EXP 	Display Fixation
24.7598 	EXP 	Display Fixation
24.7760 	EXP 	Display Fixation
24.7937 	EXP 	Display Fixation
24.8099 	EXP 	Display Fixation
24.8258 	EXP 	Display Fixation
24.8427 	EXP 	Display Fixation
24.8600 	EXP 	Display Fixation
24.8766 	EXP 	Display Fixation
24.8927 	EXP 	Display Fixation
24.9092 	EXP 	Display Fixation
24.9257 	EXP 	Display Fixation
24.9425 	EXP 	Display Fixation
24.9599 	EXP 	Display Fixation
24.9760 	EXP 	Display Fixation
24.9937 	EXP 	Display Fixation
25.0100 	EXP 	Display Fixation
25.0261 	EXP 	Display Fixation
25.0440 	EXP 	Display Fixation
25.0600 	EXP 	Display Fixation
25.0760 	EXP 	Display Fixation
25.0928 	EXP 	Display Fixation
25.1104 	EXP 	Display Fixation
25.1265 	EXP 	Display Fixation
25.1427 	EXP 	Display Fixation
25.1592 	EXP 	Display Fixation
25.1760 	EXP 	Display Fixation
25.1925 	EXP 	Display Fixation
25.2091 	EXP 	Display Fixation
25.2257 	EXP 	Display Fixation
25.2427 	EXP 	Display Fixation
25.2604 	EXP 	Display Fixation
25.2769 	EXP 	Display Fixation
25.2933 	EXP 	Display Fixation
25.3092 	EXP 	Display Fixation
25.3270 	EXP 	Display Fixation
25.3433 	EXP 	Display Fixation
25.3598 	EXP 	Display Fixation
25.3762 	EXP 	Display Fixation
25.3925 	EXP 	Display Fixation
25.4091 	EXP 	Display Fixation
25.4258 	EXP 	Display Fixation
25.4436 	EXP 	Display Fixation
25.4599 	EXP 	Display Fixation
25.4759 	EXP 	Display Fixation
25.4938 	EXP 	Display Fixation
25.5102 	EXP 	Display Fixation
25.5260 	EXP 	Display Fixation
25.5438 	EXP 	Display Fixation
25.5599 	EXP 	Display Fixation
25.5758 	EXP 	Display Fixation
25.5985 	EXP 	Display Fixation
25.6096 	EXP 	Display Fixation
25.6258 	EXP 	Display Fixation
25.6425 	EXP 	Display Fixation
25.6594 	EXP 	Display Fixation
25.6758 	EXP 	Display Fixation
25.6925 	EXP 	Display Fixation
25.7094 	EXP 	Display Fixation
25.7263 	EXP 	Display Fixation
25.7425 	EXP 	Display Fixation
25.7603 	EXP 	Display Fixation
25.7765 	EXP 	Display Fixation
25.7925 	EXP 	Display Fixation
25.8093 	EXP 	Display Fixation
25.8265 	EXP 	Display Fixation
25.8431 	EXP 	Display Fixation
25.8595 	EXP 	Display Fixation
25.8761 	EXP 	Display Fixation
25.8925 	EXP 	Display Fixation
25.9093 	EXP 	Display Fixation
25.9266 	EXP 	Display Fixation
25.9425 	EXP 	Display Fixation
25.9602 	EXP 	Display Fixation
25.9764 	EXP 	Display Fixation
25.9925 	EXP 	Display Fixation
26.0094 	EXP 	Display Fixation
26.0264 	EXP 	Display Fixation
26.0432 	EXP 	Display Fixation
26.0592 	EXP 	Display Fixation
26.0767 	EXP 	Display Fixation
26.0925 	EXP 	Display Fixation
26.1101 	EXP 	Display Fixation
26.1258 	EXP 	Display Fixation
26.1427 	EXP 	Display Fixation
26.1602 	EXP 	Display Fixation
26.1764 	EXP 	Display Fixation
26.1925 	EXP 	Display Fixation
26.2090 	EXP 	Display Fixation
26.2258 	EXP 	Display Fixation
26.2434 	EXP 	Display Fixation
26.2602 	EXP 	Display Fixation
26.2760 	EXP 	Display Fixation
26.2925 	EXP 	Display Fixation
26.3090 	EXP 	Display Fixation
26.3260 	EXP 	Display Fixation
26.3431 	EXP 	Display Fixation
26.3600 	EXP 	Display Fixation
26.3763 	EXP 	Display Fixation
26.3928 	EXP 	Display Fixation
26.4094 	EXP 	Display Fixation
26.4260 	EXP 	Display Fixation
26.4428 	EXP 	Display Fixation
26.4593 	EXP 	Display Fixation
26.4763 	EXP 	Display Fixation
26.4929 	EXP 	Display Fixation
26.5092 	EXP 	Display Fixation
26.5259 	EXP 	Display Fixation
26.5429 	EXP 	Display Fixation
26.5592 	EXP 	Display Fixation
26.5757 	EXP 	Display Fixation
26.5924 	EXP 	Display Fixation
26.6091 	EXP 	Display Fixation
26.6258 	EXP 	Display Fixation
26.6423 	EXP 	Display Fixation
26.6590 	EXP 	Display Fixation
26.6758 	EXP 	Display Fixation
26.7061 	EXP 	ImageStimulus: image = 'Faces/neutral/Woman18_hat.png'
26.7061 	EXP 	ImageStimulus: size = [0.8, 0.8]
26.7061 	EXP 	Display Faces/neutral/Woman18_hat.png
27.1741 	EXP 	Display Fixation
27.1762 	EXP 	Display Fixation
27.1782 	EXP 	Display Fixation
27.1801 	EXP 	Display Fixation
27.1821 	EXP 	Display Fixation
27.1841 	EXP 	Display Fixation
27.1861 	EXP 	Display Fixation
27.1882 	EXP 	Display Fixation
27.1903 	EXP 	Display Fixation
27.1928 	EXP 	Display Fixation
27.2081 	EXP 	Display Fixation
27.2247 	EXP 	Display Fixation
27.2425 	EXP 	Display Fixation
27.2592 	EXP 	Display Fixation
27.2758 	EXP 	Display Fixation
27.2924 	EXP 	Display Fixation
27.3095 	EXP 	Display Fixation
27.3263 	EXP 	Display Fixation
27.3423 	EXP 	Display Fixation
27.3590 	EXP 	Display Fixation
27.3758 	EXP 	Display Fixation
27.3924 	EXP 	Display Fixation
27.4089 	EXP 	Display Fixation
27.4257 	EXP 	Display Fixation
27.4425 	EXP 	Display Fixation
27.4591 	EXP 	Display Fixation
27.4758 	EXP 	Display Fixation
27.4925 	EXP 	Display Fixation
27.5092 	EXP 	Display Fixation
27.5262 	EXP 	Display Fixation
27.5425 	EXP 	Display Fixation
27.5591 	EXP 	Display Fixation
27.5759 	EXP 	Display Fixation
27.5928 	EXP 	Display Fixation
27.6095 	EXP 	Display Fixation
27.6259 	EXP 	Display Fixation
27.6427 	EXP 	Display Fixation
27.6592 	EXP 	Display Fixation
27.6759 	EXP 	Display Fixation
27.6925 	EXP 	Display Fixation
27.7090 	EXP 	Display Fixation
27.7259 	EXP 	Display Fixation
27.7429 	EXP 	Display Fixation
27.7592 	EXP 	Display Fixation
27.7759 	EXP 	Display Fixation
27.7925 	EXP 	Display Fixation
27.8094 	EXP 	Display Fixation
27.8263 	EXP 	Display Fixation
27.8426 	EXP 	Display Fixation
27.8593 	EXP 	Display Fixation
27.8765 	EXP 	Display Fixation
27.8930 	EXP 	Display Fixation
27.9092 	EXP 	Display Fixation
27.9265 	EXP 	Display Fixation
27.9434 	EXP 	Display Fixation
27.9593 	EXP 	Display Fixation
27.9758 	EXP 	Display Fixation
27.9929 	EXP 	Display Fixation
28.0095 	EXP 	Display Fixation
28.0259 	EXP 	Display Fixation
28.0427 	EXP 	Display Fixation
28.0593 	EXP 	Display Fixation
28.0768 	EXP 	Display Fixation
28.0932 	EXP 	Display Fixation
28.1096 	EXP 	Display Fixation
28.1263 	EXP 	Display Fixation
28.1426 	EXP 	Display Fixation
28.1591 	EXP 	Display Fixation
28.1765 	EXP 	Display Fixation
28.1929 	EXP 	Display Fixation
28.2092 	EXP 	Display Fixation
28.2259 	EXP 	Display Fixation
28.2432 	EXP 	Display Fixation
28.2596 	EXP 	Display Fixation
28.2759 	EXP 	Display Fixation
28.2931 	EXP 	Display Fixation
28.3093 	EXP 	Display Fixation
28.3268 	EXP 	Display Fixation
28.3430 	EXP 	Display Fixation
28.3592 	EXP 	Display Fixation
28.3761 	EXP 	Display Fixation
28.3935 	EXP 	Display Fixation
28.4098 	EXP 	Display Fixation
28.4259 	EXP 	Display Fixation
28.4428 	EXP 	Display Fixation
28.4603 	EXP 	Display Fixation
28.4763 	EXP 	Display Fixation
28.4926 	EXP 	Display Fixation
28.5091 	EXP 	Display Fixation
28.5259 	EXP 	Display Fixation
28.5432 	EXP 	Display Fixation
28.5594 	EXP 	Display Fixation
28.5759 	EXP 	Display Fixation
28.5934 	EXP 	Display Fixation
28.6097 	EXP 	Display Fixation
28.6260 	EXP 	Display Fixation
28.6435 	EXP 	Display Fixation
28.6596 	EXP 	Display Fixation
28.6758 	EXP 	Display Fixation
28.6926 	EXP 	Display Fixation
28.7095 	EXP 	Display Fixation
28.7258 	EXP 	Display Fixation
28.7427 	EXP 	Display Fixation
28.7602 	EXP 	Display Fixation
28.7765 	EXP 	Display Fixation
28.7927 	EXP 	Display Fixation
28.8094 	EXP 	Display Fixation
28.8261 	EXP 	Display Fixation
28.8426 	EXP 	Display Fixation
28.8593 	EXP 	Display Fixation
28.8768 	EXP 	Display Fixation
28.8931 	EXP 	Display Fixation
28.9095 	EXP 	Display Fixation
28.9269 	EXP 	Display Fixation
28.9432 	EXP 	Display Fixation
28.9598 	EXP 	Display Fixation
28.9760 	EXP 	Display Fixation
28.9927 	EXP 	Display Fixation
29.0098 	EXP 	Display Fixation
29.0263 	EXP 	Display Fixation
29.0427 	EXP 	Display Fixation
29.0597 	EXP 	Display Fixation
29.0758 	EXP 	Display Fixation
29.0934 	EXP 	Display Fixation
29.1099 	EXP 	Display Fixation
29.1264 	EXP 	Display Fixation
29.1426 	EXP 	Display Fixation
29.1601 	EXP 	Display Fixation
29.1763 	EXP 	Display Fixation
29.1925 	EXP 	Display Fixation
29.2095 	EXP 	Display Fixation
29.2262 	EXP 	Display Fixation
29.2430 	EXP 	Display Fixation
29.2591 	EXP 	Display Fixation
29.2759 	EXP 	Display Fixation
29.2930 	EXP 	Display Fixation
29.3098 	EXP 	Display Fixation
29.3264 	EXP 	Display Fixation
29.3425 	EXP 	Display Fixation
29.3591 	EXP 	Display Fixation
29.3761 	EXP 	Display Fixation
29.3936 	EXP 	Display Fixation
29.4099 	EXP 	Display Fixation
29.4263 	EXP 	Display Fixation
29.4426 	EXP 	Display Fixation
29.4596 	EXP 	Display Fixation
29.4760 	EXP 	Display Fixation
29.4927 	EXP 	Display Fixation
29.5092 	EXP 	Display Fixation
29.5258 	EXP 	Display Fixation
29.5425 	EXP 	Display Fixation
29.5592 	EXP 	Display Fixation
29.5762 	EXP 	Display Fixation
29.5931 	EXP 	Display Fixation
29.6096 	EXP 	Display Fixation
29.6262 	EXP 	Display Fixation
29.6429 	EXP 	Display Fixation
29.6595 	EXP 	Display Fixation
29.6760 	EXP 	Display Fixation
29.6926 	EXP 	Display Fixation
29.7094 	EXP 	Display Fixation
29.7258 	EXP 	Display Fixation
29.7425 	EXP 	Display Fixation
29.7595 	EXP 	Display Fixation
29.7770 	EXP 	Display Fixation
29.7933 	EXP 	Display Fixation
29.8095 	EXP 	Display Fixation
29.8271 	EXP 	Display Fixation
29.8435 	EXP 	Display Fixation
29.8599 	EXP 	Display Fixation
29.8760 	EXP 	Display Fixation
29.8933 	EXP 	Display Fixation
29.9094 	EXP 	Display Fixation
29.9266 	EXP 	Display Fixation
29.9267 	EXP 	--- END EXPERIMENT ---
29.9457 	EXP 	topMsg: text = "That's the end! "
29.9457 	EXP 	bottomMsg: text = "Press 'q' or 'escape' to end the session."
29.9457 	EXP 	Display TheEnd
31.5374 	DATA 	Keypress: q
37.5676 	EXP 	number of targets counted: 
37.5856 	EXP 	win: mouseVisible = True
