4.5878 	WARNING 	We strongly recommend you activate the PTB sound engine in PsychoPy prefs as the preferred audio engine. Its timing is vastly superior. Your prefs are currently set to use ['sounddevice', 'PTB', 'pyo', 'pygame'] (in that order).
11.6570 	INFO 	---START PARAMETERS---
11.6571 	INFO 	filename: SampleExperiment_d1-1-26-Oct_25_1453
11.6571 	INFO 	subject: 1
11.6571 	INFO 	session: 26
11.6571 	INFO 	date: Oct_25_1453
11.6572 	INFO 	ISI: 1.75
11.6572 	INFO 	choices: [1, 2, 3]
11.6572 	INFO 	fixCrossPos: [0, 0]
11.6572 	INFO 	fixCrossSize: 0.1
11.6572 	INFO 	fullScreen: True
11.6572 	INFO 	imageDir_neutral: Faces/neutral/
11.6572 	INFO 	imageDir_social: Faces/social/
11.6572 	INFO 	imageDir_threat: Faces/threat/
11.6572 	INFO 	imageSize: [0.8, 0.8]
11.6572 	INFO 	imageSuffix: .png
11.6572 	INFO 	nTrials: 3
11.6573 	INFO 	postStimDur: 1.0
11.6580 	INFO 	preStimDur: [0.5 0.6 0.7 0.8 0.9 1.  1.1 1.2 1.3 1.4 1.5 1.6 1.7 1.8 1.9]
11.6580 	INFO 	promptDir: Text/
11.6580 	INFO 	promptFile_neutral: NeutralPrompts.csv
11.6580 	INFO 	promptFile_social: SocialPrompts.csv
11.6580 	INFO 	promptFile_threat: ThreatPrompts.csv
11.6580 	INFO 	respAdvances: True
11.6581 	INFO 	respKeys: ['r', 'b', 'y', 'g']
11.6581 	INFO 	screenColor: (128, 128, 128)
11.6581 	INFO 	screenToShow: 0
11.6581 	INFO 	shrinkPromptImage: 0.8
11.6581 	INFO 	skipPrompts: False
11.6581 	INFO 	stimDur: 0.5
11.6581 	INFO 	tStartup: 1
11.6581 	INFO 	triggerKey: t
11.6581 	INFO 	---END PARAMETERS---
14.1708 	INFO 	Loaded monitor calibration from ['2021_02_22 10:21']
14.1807 	WARNING 	User requested fullscreen with size [800 600], but screen is actually [1440, 900]. Using actual size
14.9077 	EXP 	Created win = Window(allowGUI=False, allowStencil=False, autoLog=True, backendConf=UNKNOWN, bitsMode=UNKNOWN, blendMode='avg', bpc=(8, 8, 8), color=array([128, 128, 128]), colorSpace='rgb255', depthBits=8, fullscr=<method-wrapper '__getattribute__' of attributeSetter object at 0x7fe454b10c50>, gamma=None, gammaErrorPolicy='raise', lms=UNKNOWN, monitor=<psychopy.monitors.calibTools.Monitor object at 0x7fe452198630>, multiSample=False, name='win', numSamples=2, pos=[0.0, 0.0], screen=0, size=array([1440,  900]), stencilBits=0, stereo=False, units='height', useFBO=False, useRetina=False, viewOri=0.0, viewPos=None, viewScale=None, waitBlanking=True, winType='pyglet')
14.9081 	EXP 	win: mouseVisible = True
14.9165 	EXP 	Created fixCross = ShapeStim(__class__=<class 'psychopy.visual.shape.ShapeStim'>, autoDraw=False, autoLog=True, closeShape=False, color=method-wrapper(...), colorSpace='rgb', contrast=None, depth=0, fillColor=array([0, 0, 0]), fillColorSpace='rgb', fillRGB=UNKNOWN, interpolate=True, lineColor=array([-1., -1., -1.]), lineColorSpace='rgb', lineRGB=UNKNOWN, lineWidth=3.0, name='fixCross', opacity=1.0, ori=0.0, pos=array([0., 0.]), size=array([1., 1.]), units='height', vertices=ndarray(...), win=Window(...), windingRule=None)
14.9172 	WARNING 	TextStim.alignHoriz is deprecated. Use alignText and anchorHoriz attributes instead
15.0189 	EXP 	Created topMsg = TextStim(__class__=<class 'psychopy.visual.text.TextStim'>, alignHoriz='center', alignText='center', alignVert=method-wrapper(...), anchorHoriz='center', anchorVert='center', antialias=True, autoLog=True, bold=False, color=array([-1., -1., -1.]), colorSpace='rgb', contrast=1.0, depth=0, flipHoriz=False, flipVert=False, font='', fontFiles=[], height=0.1, italic=False, languageStyle='LTR', name='topMsg', opacity=1.0, ori=0.0, pos=array([0. , 0.5]), rgb=UNKNOWN, text='aaa', units='norm', win=Window(...), wrapWidth=1.5)
15.0191 	WARNING 	TextStim.alignHoriz is deprecated. Use alignText and anchorHoriz attributes instead
15.0249 	EXP 	Created bottomMsg = TextStim(__class__=<class 'psychopy.visual.text.TextStim'>, alignHoriz='center', alignText='center', alignVert=method-wrapper(...), anchorHoriz='center', anchorVert='center', antialias=True, autoLog=True, bold=False, color=array([-1., -1., -1.]), colorSpace='rgb', contrast=1.0, depth=0, flipHoriz=False, flipVert=False, font='', fontFiles=[], height=0.1, italic=False, languageStyle='LTR', name='bottomMsg', opacity=1.0, ori=0.0, pos=array([ 0. , -0.5]), rgb=UNKNOWN, text='bbb', units='norm', win=Window(...), wrapWidth=1.5)
15.1525 	EXP 	Created ImageStimulus = ImageStim(__class__=<class 'psychopy.visual.image.ImageStim'>, autoLog=True, color=array([1., 1., 1.]), colorSpace='rgb', contrast=1.0, depth=0, flipHoriz=False, flipVert=False, image='Faces/social/No Emotion_Side_Man18.png', interpolate=False, mask=None, maskParams=None, name='ImageStimulus', opacity=1, ori=0.0, pos=array([0., 0.]), size=array([0.55555556, 0.55555556]), texRes=128, units='height', win=Window(...))
15.2244 	EXP 	topMsg: text = 'In this task, you will see images briefly flashed on the screen. Your job is to count the images in a “target” category and ignore the others. At the end, we will ask you how many target images you saw.'
15.2244 	EXP 	bottomMsg: text = 'In this run, please count all the faces looking directly at you. (Press ENTER to continue.)'
15.2244 	EXP 	Display Instructions1
16.1487 	DATA 	Keypress: return
16.1924 	EXP 	topMsg: text = 'Here are some examples of faces not looking at you (left) and looking at you (right).'
16.1924 	EXP 	bottomMsg: text = 'Just before and after each image, there will be a cross in the middle of the screen. Please look directly at the cross and try not to blink during this period. (Press ENTER to continue.)'
16.1924 	EXP 	ImageStimulus: size = array([0.63666667, 0.13444444])
16.1924 	EXP 	ImageStimulus: image = 'Faces/sample_images/sample_social.png'
16.1924 	EXP 	ImageStimulus: size = array([0.50933333, 0.10755556])
16.1924 	EXP 	Display Instructions2
23.1532 	DATA 	Keypress: return
23.1798 	EXP 	topMsg: text = 'If you have any questions, please ask the experimenter now.'
23.1798 	EXP 	bottomMsg: text = 'WHEN YOU ARE READY TO BEGIN, press any button.'
23.1798 	EXP 	Display Instructions3
23.8848 	DATA 	Keypress: return
23.9022 	EXP 	topMsg: text = 'Waiting for scanner to start...'
23.9022 	EXP 	bottomMsg: text = "(Press 'T' to override.)"
23.9022 	EXP 	Display WaitingForScanner
25.2931 	DATA 	Keypress: t
25.2941 	EXP 	---START EXPERIMENT---
25.3000 	EXP 	Display Fixation
25.3048 	EXP 	Display Fixation
25.3241 	EXP 	Display Fixation
25.3405 	EXP 	Display Fixation
25.3571 	EXP 	Display Fixation
25.3739 	EXP 	Display Fixation
25.3906 	EXP 	Display Fixation
25.4077 	EXP 	Display Fixation
25.4230 	EXP 	Display Fixation
25.4404 	EXP 	Display Fixation
25.4572 	EXP 	Display Fixation
25.4739 	EXP 	Display Fixation
25.4906 	EXP 	Display Fixation
25.5072 	EXP 	Display Fixation
25.5238 	EXP 	Display Fixation
25.5405 	EXP 	Display Fixation
25.5573 	EXP 	Display Fixation
25.5739 	EXP 	Display Fixation
25.5904 	EXP 	Display Fixation
25.6072 	EXP 	Display Fixation
25.6239 	EXP 	Display Fixation
25.6405 	EXP 	Display Fixation
25.6570 	EXP 	Display Fixation
25.6739 	EXP 	Display Fixation
25.6904 	EXP 	Display Fixation
25.7072 	EXP 	Display Fixation
25.7237 	EXP 	Display Fixation
25.7406 	EXP 	Display Fixation
25.7572 	EXP 	Display Fixation
25.7738 	EXP 	Display Fixation
25.7905 	EXP 	Display Fixation
25.8072 	EXP 	Display Fixation
25.8239 	EXP 	Display Fixation
25.8406 	EXP 	Display Fixation
25.8573 	EXP 	Display Fixation
25.8740 	EXP 	Display Fixation
25.8905 	EXP 	Display Fixation
25.9072 	EXP 	Display Fixation
25.9239 	EXP 	Display Fixation
25.9406 	EXP 	Display Fixation
25.9572 	EXP 	Display Fixation
25.9740 	EXP 	Display Fixation
25.9904 	EXP 	Display Fixation
26.0072 	EXP 	Display Fixation
26.0248 	EXP 	Display Fixation
26.0408 	EXP 	Display Fixation
26.0573 	EXP 	Display Fixation
26.0741 	EXP 	Display Fixation
26.0908 	EXP 	Display Fixation
26.1075 	EXP 	Display Fixation
26.1239 	EXP 	Display Fixation
26.1407 	EXP 	Display Fixation
26.1574 	EXP 	Display Fixation
26.1740 	EXP 	Display Fixation
26.1905 	EXP 	Display Fixation
26.2075 	EXP 	Display Fixation
26.2242 	EXP 	Display Fixation
26.2407 	EXP 	Display Fixation
26.2574 	EXP 	Display Fixation
26.2741 	EXP 	Display Fixation
26.2908 	EXP 	Display Fixation
26.3074 	EXP 	Display Fixation
26.3241 	EXP 	Display Fixation
26.3407 	EXP 	Display Fixation
26.3576 	EXP 	Display Fixation
26.3741 	EXP 	Display Fixation
26.3906 	EXP 	Display Fixation
26.4074 	EXP 	Display Fixation
26.4241 	EXP 	Display Fixation
26.4408 	EXP 	Display Fixation
26.4574 	EXP 	Display Fixation
26.4742 	EXP 	Display Fixation
26.4909 	EXP 	Display Fixation
26.5074 	EXP 	Display Fixation
26.5246 	EXP 	Display Fixation
26.5408 	EXP 	Display Fixation
26.5573 	EXP 	Display Fixation
26.5740 	EXP 	Display Fixation
26.5908 	EXP 	Display Fixation
26.6075 	EXP 	Display Fixation
26.6237 	EXP 	Display Fixation
26.6397 	EXP 	Display Fixation
26.6571 	EXP 	Display Fixation
26.6732 	EXP 	Display Fixation
26.6907 	EXP 	Display Fixation
26.7073 	EXP 	Display Fixation
26.7241 	EXP 	Display Fixation
26.7408 	EXP 	Display Fixation
26.7575 	EXP 	Display Fixation
26.7744 	EXP 	Display Fixation
26.7907 	EXP 	Display Fixation
26.8074 	EXP 	Display Fixation
26.8241 	EXP 	Display Fixation
26.8408 	EXP 	Display Fixation
26.8576 	EXP 	Display Fixation
26.8741 	EXP 	Display Fixation
26.8907 	EXP 	Display Fixation
26.9073 	EXP 	Display Fixation
26.9241 	EXP 	Display Fixation
26.9406 	EXP 	Display Fixation
26.9574 	EXP 	Display Fixation
26.9740 	EXP 	Display Fixation
26.9908 	EXP 	Display Fixation
27.0074 	EXP 	Display Fixation
27.0239 	EXP 	Display Fixation
27.0407 	EXP 	Display Fixation
27.0573 	EXP 	Display Fixation
27.0742 	EXP 	Display Fixation
27.0908 	EXP 	Display Fixation
27.1075 	EXP 	Display Fixation
27.1240 	EXP 	Display Fixation
27.1407 	EXP 	Display Fixation
27.1574 	EXP 	Display Fixation
27.1741 	EXP 	Display Fixation
27.1909 	EXP 	Display Fixation
27.2077 	EXP 	Display Fixation
27.2241 	EXP 	Display Fixation
27.2407 	EXP 	Display Fixation
27.2575 	EXP 	Display Fixation
27.2741 	EXP 	Display Fixation
27.2908 	EXP 	Display Fixation
27.3075 	EXP 	Display Fixation
27.3242 	EXP 	Display Fixation
27.3407 	EXP 	Display Fixation
27.3573 	EXP 	Display Fixation
27.3740 	EXP 	Display Fixation
27.3907 	EXP 	Display Fixation
27.4074 	EXP 	Display Fixation
27.4245 	EXP 	Display Fixation
27.4408 	EXP 	Display Fixation
27.4575 	EXP 	Display Fixation
27.4741 	EXP 	Display Fixation
27.4907 	EXP 	Display Fixation
27.5074 	EXP 	Display Fixation
27.5242 	EXP 	Display Fixation
27.5407 	EXP 	Display Fixation
27.5576 	EXP 	Display Fixation
27.5741 	EXP 	Display Fixation
27.5909 	EXP 	Display Fixation
27.6075 	EXP 	Display Fixation
27.6313 	EXP 	ImageStimulus: image = 'Faces/social/No Emotion_Side_Man18.png'
27.6313 	EXP 	ImageStimulus: size = [0.8, 0.8]
27.6313 	EXP 	Display Faces/social/No Emotion_Side_Man18.png
28.0976 	EXP 	Display Fixation
28.1016 	EXP 	Display Fixation
28.1065 	EXP 	Display Fixation
28.1242 	EXP 	Display Fixation
28.1410 	EXP 	Display Fixation
28.1574 	EXP 	Display Fixation
28.1741 	EXP 	Display Fixation
28.1908 	EXP 	Display Fixation
28.2075 	EXP 	Display Fixation
28.2242 	EXP 	Display Fixation
28.2408 	EXP 	Display Fixation
28.2580 	EXP 	Display Fixation
28.2745 	EXP 	Display Fixation
28.2909 	EXP 	Display Fixation
28.3076 	EXP 	Display Fixation
28.3242 	EXP 	Display Fixation
28.3407 	EXP 	Display Fixation
28.3575 	EXP 	Display Fixation
28.3742 	EXP 	Display Fixation
28.3909 	EXP 	Display Fixation
28.4075 	EXP 	Display Fixation
28.4242 	EXP 	Display Fixation
28.4409 	EXP 	Display Fixation
28.4575 	EXP 	Display Fixation
28.4741 	EXP 	Display Fixation
28.4909 	EXP 	Display Fixation
28.5075 	EXP 	Display Fixation
28.5240 	EXP 	Display Fixation
28.5408 	EXP 	Display Fixation
28.5574 	EXP 	Display Fixation
28.5743 	EXP 	Display Fixation
28.5909 	EXP 	Display Fixation
28.6076 	EXP 	Display Fixation
28.6242 	EXP 	Display Fixation
28.6407 	EXP 	Display Fixation
28.6575 	EXP 	Display Fixation
28.6742 	EXP 	Display Fixation
28.6908 	EXP 	Display Fixation
28.7075 	EXP 	Display Fixation
28.7241 	EXP 	Display Fixation
28.7408 	EXP 	Display Fixation
28.7574 	EXP 	Display Fixation
28.7739 	EXP 	Display Fixation
28.7909 	EXP 	Display Fixation
28.8076 	EXP 	Display Fixation
28.8242 	EXP 	Display Fixation
28.8409 	EXP 	Display Fixation
28.8576 	EXP 	Display Fixation
28.8742 	EXP 	Display Fixation
28.8910 	EXP 	Display Fixation
28.9075 	EXP 	Display Fixation
28.9242 	EXP 	Display Fixation
28.9409 	EXP 	Display Fixation
28.9577 	EXP 	Display Fixation
28.9742 	EXP 	Display Fixation
28.9909 	EXP 	Display Fixation
29.0075 	EXP 	Display Fixation
29.0245 	EXP 	Display Fixation
29.0410 	EXP 	Display Fixation
29.0575 	EXP 	Display Fixation
29.0743 	EXP 	Display Fixation
29.0910 	EXP 	Display Fixation
29.1077 	EXP 	Display Fixation
29.1243 	EXP 	Display Fixation
29.1409 	EXP 	Display Fixation
29.1577 	EXP 	Display Fixation
29.1743 	EXP 	Display Fixation
29.1910 	EXP 	Display Fixation
29.2077 	EXP 	Display Fixation
29.2239 	EXP 	Display Fixation
29.2399 	EXP 	Display Fixation
29.2569 	EXP 	Display Fixation
29.2745 	EXP 	Display Fixation
29.2909 	EXP 	Display Fixation
29.3076 	EXP 	Display Fixation
29.3243 	EXP 	Display Fixation
29.3412 	EXP 	Display Fixation
29.3576 	EXP 	Display Fixation
29.3742 	EXP 	Display Fixation
29.3909 	EXP 	Display Fixation
29.4076 	EXP 	Display Fixation
29.4243 	EXP 	Display Fixation
29.4409 	EXP 	Display Fixation
29.4575 	EXP 	Display Fixation
29.4742 	EXP 	Display Fixation
29.4911 	EXP 	Display Fixation
29.5076 	EXP 	Display Fixation
29.5243 	EXP 	Display Fixation
29.5410 	EXP 	Display Fixation
29.5577 	EXP 	Display Fixation
29.5744 	EXP 	Display Fixation
29.5909 	EXP 	Display Fixation
29.6075 	EXP 	Display Fixation
29.6243 	EXP 	Display Fixation
29.6410 	EXP 	Display Fixation
29.6577 	EXP 	Display Fixation
29.6743 	EXP 	Display Fixation
29.6910 	EXP 	Display Fixation
29.7076 	EXP 	Display Fixation
29.7243 	EXP 	Display Fixation
29.7409 	EXP 	Display Fixation
29.7576 	EXP 	Display Fixation
29.7742 	EXP 	Display Fixation
29.7911 	EXP 	Display Fixation
29.8078 	EXP 	Display Fixation
29.8243 	EXP 	Display Fixation
29.8410 	EXP 	Display Fixation
29.8577 	EXP 	Display Fixation
29.8743 	EXP 	Display Fixation
29.8910 	EXP 	Display Fixation
29.9076 	EXP 	Display Fixation
29.9242 	EXP 	Display Fixation
29.9410 	EXP 	Display Fixation
29.9576 	EXP 	Display Fixation
29.9742 	EXP 	Display Fixation
29.9910 	EXP 	Display Fixation
30.0076 	EXP 	Display Fixation
30.0243 	EXP 	Display Fixation
30.0409 	EXP 	Display Fixation
30.0576 	EXP 	Display Fixation
30.0748 	EXP 	Display Fixation
30.0914 	EXP 	Display Fixation
30.1071 	EXP 	Display Fixation
30.1241 	EXP 	Display Fixation
30.1410 	EXP 	Display Fixation
30.1576 	EXP 	Display Fixation
30.1744 	EXP 	Display Fixation
30.1911 	EXP 	Display Fixation
30.2076 	EXP 	Display Fixation
30.2244 	EXP 	Display Fixation
30.2411 	EXP 	Display Fixation
30.2576 	EXP 	Display Fixation
30.2744 	EXP 	Display Fixation
30.2909 	EXP 	Display Fixation
30.3077 	EXP 	Display Fixation
30.3243 	EXP 	Display Fixation
30.3415 	EXP 	Display Fixation
30.3577 	EXP 	Display Fixation
30.3743 	EXP 	Display Fixation
30.3910 	EXP 	Display Fixation
30.4079 	EXP 	Display Fixation
30.4243 	EXP 	Display Fixation
30.4410 	EXP 	Display Fixation
30.4577 	EXP 	Display Fixation
30.4744 	EXP 	Display Fixation
30.4913 	EXP 	Display Fixation
30.5077 	EXP 	Display Fixation
30.5244 	EXP 	Display Fixation
30.5411 	EXP 	Display Fixation
30.5576 	EXP 	Display Fixation
30.5742 	EXP 	Display Fixation
30.5911 	EXP 	Display Fixation
30.6077 	EXP 	Display Fixation
30.6244 	EXP 	Display Fixation
30.6411 	EXP 	Display Fixation
30.6576 	EXP 	Display Fixation
30.6744 	EXP 	Display Fixation
30.6911 	EXP 	Display Fixation
30.7076 	EXP 	Display Fixation
30.7242 	EXP 	Display Fixation
30.7410 	EXP 	Display Fixation
30.7576 	EXP 	Display Fixation
30.7743 	EXP 	Display Fixation
30.7909 	EXP 	Display Fixation
30.8076 	EXP 	Display Fixation
30.8242 	EXP 	Display Fixation
30.8409 	EXP 	Display Fixation
30.8577 	EXP 	Display Fixation
30.8745 	EXP 	Display Fixation
30.8909 	EXP 	Display Fixation
30.9077 	EXP 	Display Fixation
30.9244 	EXP 	Display Fixation
30.9409 	EXP 	Display Fixation
30.9577 	EXP 	Display Fixation
30.9744 	EXP 	Display Fixation
30.9910 	EXP 	Display Fixation
31.0077 	EXP 	Display Fixation
31.0244 	EXP 	Display Fixation
31.0411 	EXP 	Display Fixation
31.0577 	EXP 	Display Fixation
31.0743 	EXP 	Display Fixation
31.0914 	EXP 	Display Fixation
31.1077 	EXP 	Display Fixation
31.1244 	EXP 	Display Fixation
31.1410 	EXP 	Display Fixation
31.1577 	EXP 	Display Fixation
31.1745 	EXP 	Display Fixation
31.1911 	EXP 	Display Fixation
31.2075 	EXP 	Display Fixation
31.2244 	EXP 	Display Fixation
31.2411 	EXP 	Display Fixation
31.2578 	EXP 	Display Fixation
31.2744 	EXP 	Display Fixation
31.2911 	EXP 	Display Fixation
31.3079 	EXP 	Display Fixation
31.3243 	EXP 	Display Fixation
31.3411 	EXP 	Display Fixation
31.3576 	EXP 	Display Fixation
31.3743 	EXP 	Display Fixation
31.3910 	EXP 	Display Fixation
31.4076 	EXP 	Display Fixation
31.4244 	EXP 	Display Fixation
31.4411 	EXP 	Display Fixation
31.4577 	EXP 	Display Fixation
31.4744 	EXP 	Display Fixation
31.4910 	EXP 	Display Fixation
31.5078 	EXP 	Display Fixation
31.5243 	EXP 	Display Fixation
31.5411 	EXP 	Display Fixation
31.5579 	EXP 	Display Fixation
31.5743 	EXP 	Display Fixation
31.5910 	EXP 	Display Fixation
31.6078 	EXP 	Display Fixation
31.6242 	EXP 	Display Fixation
31.6410 	EXP 	Display Fixation
31.6576 	EXP 	Display Fixation
31.6743 	EXP 	Display Fixation
31.6912 	EXP 	Display Fixation
31.7079 	EXP 	Display Fixation
31.7243 	EXP 	Display Fixation
31.7412 	EXP 	Display Fixation
31.7578 	EXP 	Display Fixation
31.7744 	EXP 	Display Fixation
31.7911 	EXP 	Display Fixation
31.8080 	EXP 	Display Fixation
31.8245 	EXP 	Display Fixation
31.8412 	EXP 	Display Fixation
31.8578 	EXP 	Display Fixation
31.8744 	EXP 	Display Fixation
31.8911 	EXP 	Display Fixation
31.9077 	EXP 	Display Fixation
31.9244 	EXP 	Display Fixation
31.9410 	EXP 	Display Fixation
31.9577 	EXP 	Display Fixation
31.9744 	EXP 	Display Fixation
31.9911 	EXP 	Display Fixation
32.0078 	EXP 	Display Fixation
32.0245 	EXP 	Display Fixation
32.0410 	EXP 	Display Fixation
32.0578 	EXP 	Display Fixation
32.0902 	EXP 	ImageStimulus: image = 'Faces/social/No Emotion_Side_Man2.png'
32.0902 	EXP 	ImageStimulus: size = [0.8, 0.8]
32.0902 	EXP 	Display Faces/social/No Emotion_Side_Man2.png
32.5475 	EXP 	Display Fixation
32.5511 	EXP 	Display Fixation
32.5548 	EXP 	Display Fixation
32.5588 	EXP 	Display Fixation
32.5746 	EXP 	Display Fixation
32.5912 	EXP 	Display Fixation
32.6079 	EXP 	Display Fixation
32.6245 	EXP 	Display Fixation
32.6412 	EXP 	Display Fixation
32.6565 	EXP 	Display Fixation
32.6734 	EXP 	Display Fixation
32.6899 	EXP 	Display Fixation
32.7065 	EXP 	Display Fixation
32.7230 	EXP 	Display Fixation
32.7396 	EXP 	Display Fixation
32.7564 	EXP 	Display Fixation
32.7731 	EXP 	Display Fixation
32.7897 	EXP 	Display Fixation
32.8065 	EXP 	Display Fixation
32.8230 	EXP 	Display Fixation
32.8397 	EXP 	Display Fixation
32.8565 	EXP 	Display Fixation
32.8730 	EXP 	Display Fixation
32.8896 	EXP 	Display Fixation
32.9065 	EXP 	Display Fixation
32.9232 	EXP 	Display Fixation
32.9397 	EXP 	Display Fixation
32.9571 	EXP 	Display Fixation
32.9745 	EXP 	Display Fixation
32.9911 	EXP 	Display Fixation
33.0078 	EXP 	Display Fixation
33.0244 	EXP 	Display Fixation
33.0412 	EXP 	Display Fixation
33.0579 	EXP 	Display Fixation
33.0749 	EXP 	Display Fixation
33.1111 	EXP 	Display Fixation
33.1246 	EXP 	Display Fixation
33.1414 	EXP 	Display Fixation
33.1579 	EXP 	Display Fixation
33.1746 	EXP 	Display Fixation
33.1913 	EXP 	Display Fixation
33.2078 	EXP 	Display Fixation
33.2247 	EXP 	Display Fixation
33.2412 	EXP 	Display Fixation
33.2578 	EXP 	Display Fixation
33.2746 	EXP 	Display Fixation
33.2911 	EXP 	Display Fixation
33.3078 	EXP 	Display Fixation
33.3245 	EXP 	Display Fixation
33.3413 	EXP 	Display Fixation
33.3578 	EXP 	Display Fixation
33.3746 	EXP 	Display Fixation
33.3911 	EXP 	Display Fixation
33.4079 	EXP 	Display Fixation
33.4246 	EXP 	Display Fixation
33.4411 	EXP 	Display Fixation
33.4580 	EXP 	Display Fixation
33.4746 	EXP 	Display Fixation
33.4913 	EXP 	Display Fixation
33.5079 	EXP 	Display Fixation
33.5246 	EXP 	Display Fixation
33.5413 	EXP 	Display Fixation
33.5578 	EXP 	Display Fixation
33.5745 	EXP 	Display Fixation
33.5912 	EXP 	Display Fixation
33.6079 	EXP 	Display Fixation
33.6245 	EXP 	Display Fixation
33.6411 	EXP 	Display Fixation
33.6578 	EXP 	Display Fixation
33.6745 	EXP 	Display Fixation
33.6912 	EXP 	Display Fixation
33.7078 	EXP 	Display Fixation
33.7245 	EXP 	Display Fixation
33.7412 	EXP 	Display Fixation
33.7579 	EXP 	Display Fixation
33.7746 	EXP 	Display Fixation
33.7912 	EXP 	Display Fixation
33.8080 	EXP 	Display Fixation
33.8246 	EXP 	Display Fixation
33.8412 	EXP 	Display Fixation
33.8578 	EXP 	Display Fixation
33.8747 	EXP 	Display Fixation
33.8913 	EXP 	Display Fixation
33.9081 	EXP 	Display Fixation
33.9245 	EXP 	Display Fixation
33.9413 	EXP 	Display Fixation
33.9579 	EXP 	Display Fixation
33.9747 	EXP 	Display Fixation
33.9913 	EXP 	Display Fixation
34.0079 	EXP 	Display Fixation
34.0246 	EXP 	Display Fixation
34.0413 	EXP 	Display Fixation
34.0579 	EXP 	Display Fixation
34.0746 	EXP 	Display Fixation
34.0913 	EXP 	Display Fixation
34.1080 	EXP 	Display Fixation
34.1246 	EXP 	Display Fixation
34.1412 	EXP 	Display Fixation
34.1579 	EXP 	Display Fixation
34.1747 	EXP 	Display Fixation
34.1912 	EXP 	Display Fixation
34.2079 	EXP 	Display Fixation
34.2247 	EXP 	Display Fixation
34.2413 	EXP 	Display Fixation
34.2579 	EXP 	Display Fixation
34.2745 	EXP 	Display Fixation
34.2913 	EXP 	Display Fixation
34.3080 	EXP 	Display Fixation
34.3245 	EXP 	Display Fixation
34.3412 	EXP 	Display Fixation
34.3580 	EXP 	Display Fixation
34.3747 	EXP 	Display Fixation
34.3912 	EXP 	Display Fixation
34.4080 	EXP 	Display Fixation
34.4246 	EXP 	Display Fixation
34.4413 	EXP 	Display Fixation
34.4579 	EXP 	Display Fixation
34.4749 	EXP 	Display Fixation
34.4912 	EXP 	Display Fixation
34.5080 	EXP 	Display Fixation
34.5246 	EXP 	Display Fixation
34.5400 	EXP 	Display Fixation
34.5574 	EXP 	Display Fixation
34.5739 	EXP 	Display Fixation
34.5912 	EXP 	Display Fixation
34.6079 	EXP 	Display Fixation
34.6247 	EXP 	Display Fixation
34.6412 	EXP 	Display Fixation
34.6578 	EXP 	Display Fixation
34.6746 	EXP 	Display Fixation
34.6914 	EXP 	Display Fixation
34.7079 	EXP 	Display Fixation
34.7248 	EXP 	Display Fixation
34.7415 	EXP 	Display Fixation
34.7584 	EXP 	Display Fixation
34.7750 	EXP 	Display Fixation
34.7914 	EXP 	Display Fixation
34.8082 	EXP 	Display Fixation
34.8247 	EXP 	Display Fixation
34.8410 	EXP 	Display Fixation
34.8578 	EXP 	Display Fixation
34.8738 	EXP 	Display Fixation
34.8914 	EXP 	Display Fixation
34.9080 	EXP 	Display Fixation
34.9246 	EXP 	Display Fixation
34.9413 	EXP 	Display Fixation
34.9586 	EXP 	Display Fixation
34.9747 	EXP 	Display Fixation
34.9912 	EXP 	Display Fixation
35.0079 	EXP 	Display Fixation
35.0247 	EXP 	Display Fixation
35.0414 	EXP 	Display Fixation
35.0579 	EXP 	Display Fixation
35.0747 	EXP 	Display Fixation
35.0913 	EXP 	Display Fixation
35.1080 	EXP 	Display Fixation
35.1246 	EXP 	Display Fixation
35.1414 	EXP 	Display Fixation
35.1580 	EXP 	Display Fixation
35.1747 	EXP 	Display Fixation
35.1914 	EXP 	Display Fixation
35.2081 	EXP 	Display Fixation
35.2248 	EXP 	Display Fixation
35.2414 	EXP 	Display Fixation
35.2579 	EXP 	Display Fixation
35.2747 	EXP 	Display Fixation
35.2914 	EXP 	Display Fixation
35.3080 	EXP 	Display Fixation
35.3246 	EXP 	Display Fixation
35.3414 	EXP 	Display Fixation
35.3580 	EXP 	Display Fixation
35.3747 	EXP 	Display Fixation
35.3917 	EXP 	Display Fixation
35.4080 	EXP 	Display Fixation
35.4246 	EXP 	Display Fixation
35.4412 	EXP 	Display Fixation
35.4582 	EXP 	Display Fixation
35.4747 	EXP 	Display Fixation
35.4914 	EXP 	Display Fixation
35.5080 	EXP 	Display Fixation
35.5246 	EXP 	Display Fixation
35.5414 	EXP 	Display Fixation
35.5581 	EXP 	Display Fixation
35.5746 	EXP 	Display Fixation
35.5914 	EXP 	Display Fixation
35.6079 	EXP 	Display Fixation
35.6247 	EXP 	Display Fixation
35.6416 	EXP 	Display Fixation
35.6580 	EXP 	Display Fixation
35.6748 	EXP 	Display Fixation
35.6914 	EXP 	Display Fixation
35.7080 	EXP 	Display Fixation
35.7246 	EXP 	Display Fixation
35.7414 	EXP 	Display Fixation
35.7580 	EXP 	Display Fixation
35.7748 	EXP 	Display Fixation
35.7914 	EXP 	Display Fixation
35.8083 	EXP 	Display Fixation
35.8252 	EXP 	Display Fixation
35.8414 	EXP 	Display Fixation
35.8581 	EXP 	Display Fixation
35.8748 	EXP 	Display Fixation
35.8915 	EXP 	Display Fixation
35.9082 	EXP 	Display Fixation
35.9246 	EXP 	Display Fixation
35.9417 	EXP 	Display Fixation
35.9580 	EXP 	Display Fixation
35.9747 	EXP 	Display Fixation
35.9913 	EXP 	Display Fixation
36.0081 	EXP 	Display Fixation
36.0247 	EXP 	Display Fixation
36.0414 	EXP 	Display Fixation
36.0581 	EXP 	Display Fixation
36.0749 	EXP 	Display Fixation
36.0914 	EXP 	Display Fixation
36.1082 	EXP 	Display Fixation
36.1247 	EXP 	Display Fixation
36.1416 	EXP 	Display Fixation
36.1581 	EXP 	Display Fixation
36.1746 	EXP 	Display Fixation
36.1913 	EXP 	Display Fixation
36.2081 	EXP 	Display Fixation
36.2248 	EXP 	Display Fixation
36.2414 	EXP 	Display Fixation
36.2580 	EXP 	Display Fixation
36.2748 	EXP 	Display Fixation
36.2914 	EXP 	Display Fixation
36.3081 	EXP 	Display Fixation
36.3247 	EXP 	Display Fixation
36.3414 	EXP 	Display Fixation
36.3581 	EXP 	Display Fixation
36.3747 	EXP 	Display Fixation
36.3912 	EXP 	Display Fixation
36.4081 	EXP 	Display Fixation
36.4247 	EXP 	Display Fixation
36.4414 	EXP 	Display Fixation
36.4579 	EXP 	Display Fixation
36.4747 	EXP 	Display Fixation
36.4915 	EXP 	Display Fixation
36.5081 	EXP 	Display Fixation
36.5397 	EXP 	ImageStimulus: image = 'Faces/social/No Emotion_Front_Man11.png'
36.5397 	EXP 	ImageStimulus: size = [0.8, 0.8]
36.5397 	EXP 	Display Faces/social/No Emotion_Front_Man11.png
36.9974 	EXP 	Display Fixation
37.0012 	EXP 	Display Fixation
37.0049 	EXP 	Display Fixation
37.0092 	EXP 	Display Fixation
37.0248 	EXP 	Display Fixation
37.0415 	EXP 	Display Fixation
37.0581 	EXP 	Display Fixation
37.0748 	EXP 	Display Fixation
37.0917 	EXP 	Display Fixation
37.1081 	EXP 	Display Fixation
37.1248 	EXP 	Display Fixation
37.1418 	EXP 	Display Fixation
37.1581 	EXP 	Display Fixation
37.1747 	EXP 	Display Fixation
37.1915 	EXP 	Display Fixation
37.2082 	EXP 	Display Fixation
37.2248 	EXP 	Display Fixation
37.2414 	EXP 	Display Fixation
37.2580 	EXP 	Display Fixation
37.2747 	EXP 	Display Fixation
37.2915 	EXP 	Display Fixation
37.3081 	EXP 	Display Fixation
37.3249 	EXP 	Display Fixation
37.3414 	EXP 	Display Fixation
37.3581 	EXP 	Display Fixation
37.3747 	EXP 	Display Fixation
37.3915 	EXP 	Display Fixation
37.4082 	EXP 	Display Fixation
37.4249 	EXP 	Display Fixation
37.4412 	EXP 	Display Fixation
37.4582 	EXP 	Display Fixation
37.4748 	EXP 	Display Fixation
37.4914 	EXP 	Display Fixation
37.5082 	EXP 	Display Fixation
37.5249 	EXP 	Display Fixation
37.5415 	EXP 	Display Fixation
37.5581 	EXP 	Display Fixation
37.5750 	EXP 	Display Fixation
37.5916 	EXP 	Display Fixation
37.6082 	EXP 	Display Fixation
37.6248 	EXP 	Display Fixation
37.6414 	EXP 	Display Fixation
37.6581 	EXP 	Display Fixation
37.6753 	EXP 	Display Fixation
37.6917 	EXP 	Display Fixation
37.7082 	EXP 	Display Fixation
37.7249 	EXP 	Display Fixation
37.7415 	EXP 	Display Fixation
37.7581 	EXP 	Display Fixation
37.7747 	EXP 	Display Fixation
37.7915 	EXP 	Display Fixation
37.8081 	EXP 	Display Fixation
37.8249 	EXP 	Display Fixation
37.8414 	EXP 	Display Fixation
37.8581 	EXP 	Display Fixation
37.8749 	EXP 	Display Fixation
37.8915 	EXP 	Display Fixation
37.9082 	EXP 	Display Fixation
37.9248 	EXP 	Display Fixation
37.9415 	EXP 	Display Fixation
37.9580 	EXP 	Display Fixation
37.9747 	EXP 	Display Fixation
37.9915 	EXP 	Display Fixation
38.0081 	EXP 	Display Fixation
38.0249 	EXP 	Display Fixation
38.0414 	EXP 	Display Fixation
38.0583 	EXP 	Display Fixation
38.0748 	EXP 	Display Fixation
38.0915 	EXP 	Display Fixation
38.1081 	EXP 	Display Fixation
38.1249 	EXP 	Display Fixation
38.1416 	EXP 	Display Fixation
38.1582 	EXP 	Display Fixation
38.1747 	EXP 	Display Fixation
38.1915 	EXP 	Display Fixation
38.2082 	EXP 	Display Fixation
38.2250 	EXP 	Display Fixation
38.2415 	EXP 	Display Fixation
38.2582 	EXP 	Display Fixation
38.2749 	EXP 	Display Fixation
38.2915 	EXP 	Display Fixation
38.3081 	EXP 	Display Fixation
38.3250 	EXP 	Display Fixation
38.3415 	EXP 	Display Fixation
38.3581 	EXP 	Display Fixation
38.3748 	EXP 	Display Fixation
38.3916 	EXP 	Display Fixation
38.4082 	EXP 	Display Fixation
38.4249 	EXP 	Display Fixation
38.4415 	EXP 	Display Fixation
38.4582 	EXP 	Display Fixation
38.4749 	EXP 	Display Fixation
38.4915 	EXP 	Display Fixation
38.5081 	EXP 	Display Fixation
38.5248 	EXP 	Display Fixation
38.5416 	EXP 	Display Fixation
38.5582 	EXP 	Display Fixation
38.5748 	EXP 	Display Fixation
38.5916 	EXP 	Display Fixation
38.6082 	EXP 	Display Fixation
38.6249 	EXP 	Display Fixation
38.6415 	EXP 	Display Fixation
38.6582 	EXP 	Display Fixation
38.6750 	EXP 	Display Fixation
38.6916 	EXP 	Display Fixation
38.7081 	EXP 	Display Fixation
38.7249 	EXP 	Display Fixation
38.7416 	EXP 	Display Fixation
38.7582 	EXP 	Display Fixation
38.7748 	EXP 	Display Fixation
38.7916 	EXP 	Display Fixation
38.8082 	EXP 	Display Fixation
38.8250 	EXP 	Display Fixation
38.8413 	EXP 	Display Fixation
38.8584 	EXP 	Display Fixation
38.8750 	EXP 	Display Fixation
38.8916 	EXP 	Display Fixation
38.9084 	EXP 	Display Fixation
38.9248 	EXP 	Display Fixation
38.9416 	EXP 	Display Fixation
38.9581 	EXP 	Display Fixation
38.9749 	EXP 	Display Fixation
38.9916 	EXP 	Display Fixation
39.0083 	EXP 	Display Fixation
39.0249 	EXP 	Display Fixation
39.0416 	EXP 	Display Fixation
39.0583 	EXP 	Display Fixation
39.0748 	EXP 	Display Fixation
39.0917 	EXP 	Display Fixation
39.1082 	EXP 	Display Fixation
39.1249 	EXP 	Display Fixation
39.1416 	EXP 	Display Fixation
39.1584 	EXP 	Display Fixation
39.1748 	EXP 	Display Fixation
39.1916 	EXP 	Display Fixation
39.2083 	EXP 	Display Fixation
39.2251 	EXP 	Display Fixation
39.2416 	EXP 	Display Fixation
39.2584 	EXP 	Display Fixation
39.2749 	EXP 	Display Fixation
39.2916 	EXP 	Display Fixation
39.3083 	EXP 	Display Fixation
39.3249 	EXP 	Display Fixation
39.3417 	EXP 	Display Fixation
39.3582 	EXP 	Display Fixation
39.3751 	EXP 	Display Fixation
39.3916 	EXP 	Display Fixation
39.4083 	EXP 	Display Fixation
39.4249 	EXP 	Display Fixation
39.4416 	EXP 	Display Fixation
39.4583 	EXP 	Display Fixation
39.4750 	EXP 	Display Fixation
39.4918 	EXP 	Display Fixation
39.5082 	EXP 	Display Fixation
39.5250 	EXP 	Display Fixation
39.5415 	EXP 	Display Fixation
39.5583 	EXP 	Display Fixation
39.5749 	EXP 	Display Fixation
39.5916 	EXP 	Display Fixation
39.6082 	EXP 	Display Fixation
39.6249 	EXP 	Display Fixation
39.6416 	EXP 	Display Fixation
39.6583 	EXP 	Display Fixation
39.6753 	EXP 	Display Fixation
39.6916 	EXP 	Display Fixation
39.7082 	EXP 	Display Fixation
39.7249 	EXP 	Display Fixation
39.7416 	EXP 	Display Fixation
39.7582 	EXP 	Display Fixation
39.7583 	EXP 	--- END EXPERIMENT ---
39.7820 	EXP 	topMsg: text = "That's the end! "
39.7820 	EXP 	bottomMsg: text = "Press 'q' or 'escape' to end the session."
39.7820 	EXP 	Display TheEnd
40.7601 	DATA 	Keypress: escape
41.3103 	EXP 	win: mouseVisible = True
