4.3540 	WARNING 	We strongly recommend you activate the PTB sound engine in PsychoPy prefs as the preferred audio engine. Its timing is vastly superior. Your prefs are currently set to use ['sounddevice', 'PTB', 'pyo', 'pygame'] (in that order).
10.8950 	INFO 	---START PARAMETERS---
10.8950 	INFO 	filename: SampleExperiment_d1-1-23-Oct_25_1330
10.8951 	INFO 	subject: 1
10.8951 	INFO 	session: 23
10.8951 	INFO 	date: Oct_25_1330
10.8951 	INFO 	ISI: 1.75
10.8951 	INFO 	choices: [1, 2, 3]
10.8951 	INFO 	fixCrossPos: [0, 0]
10.8951 	INFO 	fixCrossSize: 0.1
10.8951 	INFO 	fullScreen: True
10.8952 	INFO 	imageDir_neutral: Faces/neutral/
10.8952 	INFO 	imageDir_social: Faces/social/
10.8952 	INFO 	imageDir_threat: Faces/threat/
10.8952 	INFO 	imageSize: [0.7, 0.7]
10.8952 	INFO 	imageSuffix: .png
10.8952 	INFO 	nTrials: 3
10.8952 	INFO 	postStimDur: 1.0
10.8961 	INFO 	preStimDur: [0.5 0.6 0.7 0.8 0.9 1.  1.1 1.2 1.3 1.4 1.5 1.6 1.7 1.8 1.9]
10.8961 	INFO 	promptDir: Text/
10.8961 	INFO 	promptFile_neutral: NeutralPrompts.csv
10.8961 	INFO 	promptFile_social: SocialPrompts.csv
10.8962 	INFO 	promptFile_threat: ThreatPrompts.csv
10.8962 	INFO 	respAdvances: True
10.8962 	INFO 	respKeys: ['r', 'b', 'y', 'g']
10.8962 	INFO 	screenColor: (128, 128, 128)
10.8962 	INFO 	screenToShow: 0
10.8962 	INFO 	shrinkPromptImage: 0.8
10.8963 	INFO 	skipPrompts: False
10.8963 	INFO 	stimDur: 0.5
10.8963 	INFO 	tStartup: 1
10.8963 	INFO 	triggerKey: t
10.8963 	INFO 	---END PARAMETERS---
16.5508 	INFO 	Loaded monitor calibration from ['2021_02_22 10:21']
16.5609 	WARNING 	User requested fullscreen with size [800 600], but screen is actually [1440, 900]. Using actual size
17.3048 	EXP 	Created win = Window(allowGUI=False, allowStencil=False, autoLog=True, backendConf=UNKNOWN, bitsMode=UNKNOWN, blendMode='avg', bpc=(8, 8, 8), color=array([128, 128, 128]), colorSpace='rgb255', depthBits=8, fullscr=<method-wrapper '__getattribute__' of attributeSetter object at 0x7fc9ee38fc50>, gamma=None, gammaErrorPolicy='raise', lms=UNKNOWN, monitor=<psychopy.monitors.calibTools.Monitor object at 0x7fc9eb991630>, multiSample=False, name='win', numSamples=2, pos=[0.0, 0.0], screen=0, size=array([1440,  900]), stencilBits=0, stereo=False, units='height', useFBO=False, useRetina=False, viewOri=0.0, viewPos=None, viewScale=None, waitBlanking=True, winType='pyglet')
17.3051 	EXP 	win: mouseVisible = True
17.3103 	EXP 	Created fixCross = ShapeStim(__class__=<class 'psychopy.visual.shape.ShapeStim'>, autoDraw=False, autoLog=True, closeShape=False, color=method-wrapper(...), colorSpace='rgb', contrast=None, depth=0, fillColor=array([0, 0, 0]), fillColorSpace='rgb', fillRGB=UNKNOWN, interpolate=True, lineColor=array([-1., -1., -1.]), lineColorSpace='rgb', lineRGB=UNKNOWN, lineWidth=3.0, name='fixCross', opacity=1.0, ori=0.0, pos=array([0., 0.]), size=array([1., 1.]), units='height', vertices=ndarray(...), win=Window(...), windingRule=None)
17.3107 	WARNING 	TextStim.alignHoriz is deprecated. Use alignText and anchorHoriz attributes instead
17.4303 	EXP 	Created topMsg = TextStim(__class__=<class 'psychopy.visual.text.TextStim'>, alignHoriz='center', alignText='center', alignVert=method-wrapper(...), anchorHoriz='center', anchorVert='center', antialias=True, autoLog=True, bold=False, color=array([-1., -1., -1.]), colorSpace='rgb', contrast=1.0, depth=0, flipHoriz=False, flipVert=False, font='', fontFiles=[], height=0.1, italic=False, languageStyle='LTR', name='topMsg', opacity=1.0, ori=0.0, pos=array([0. , 0.5]), rgb=UNKNOWN, text='aaa', units='norm', win=Window(...), wrapWidth=1.5)
17.4304 	WARNING 	TextStim.alignHoriz is deprecated. Use alignText and anchorHoriz attributes instead
17.4346 	EXP 	Created bottomMsg = TextStim(__class__=<class 'psychopy.visual.text.TextStim'>, alignHoriz='center', alignText='center', alignVert=method-wrapper(...), anchorHoriz='center', anchorVert='center', antialias=True, autoLog=True, bold=False, color=array([-1., -1., -1.]), colorSpace='rgb', contrast=1.0, depth=0, flipHoriz=False, flipVert=False, font='', fontFiles=[], height=0.1, italic=False, languageStyle='LTR', name='bottomMsg', opacity=1.0, ori=0.0, pos=array([ 0. , -0.5]), rgb=UNKNOWN, text='bbb', units='norm', win=Window(...), wrapWidth=1.5)
17.5755 	EXP 	Created ImageStimulus = ImageStim(__class__=<class 'psychopy.visual.image.ImageStim'>, autoLog=True, color=array([1., 1., 1.]), colorSpace='rgb', contrast=1.0, depth=0, flipHoriz=False, flipVert=False, image='Faces/threat/No Emotion_Front_Man2.png', interpolate=False, mask=None, maskParams=None, name='ImageStimulus', opacity=1, ori=0.0, pos=array([0., 0.]), size=array([0.55555556, 0.55555556]), texRes=128, units='height', win=Window(...))
17.6433 	EXP 	topMsg: text = 'In this task, you will see images briefly flashed on the screen. Your job is to count the images in a “target” category and ignore the others. At the end, we will ask you how many target images you saw.'
17.6433 	EXP 	bottomMsg: text = 'In this run, please count all the angry faces. (Press ENTER to continue.)'
17.6433 	EXP 	Display Instructions1
19.2558 	DATA 	Keypress: return
19.3173 	EXP 	topMsg: text = 'Here are some examples of angry (left) and neutral (right) faces.'
19.3173 	EXP 	bottomMsg: text = 'Just before and after each image, there will be a cross in the middle of the screen. Please look directly at the cross and try not to blink during this period. (Press ENTER to continue.)'
19.3173 	EXP 	ImageStimulus: size = array([0.84777778, 0.37555556])
19.3173 	EXP 	ImageStimulus: image = 'Faces/sample_images/sample_threat.png'
19.3173 	EXP 	ImageStimulus: size = array([0.67822222, 0.30044444])
19.3173 	EXP 	Display Instructions2
19.9743 	DATA 	Keypress: return
19.9993 	EXP 	topMsg: text = 'If you have any questions, please ask the experimenter now.'
19.9993 	EXP 	bottomMsg: text = 'WHEN YOU ARE READY TO BEGIN, press any button.'
19.9993 	EXP 	Display Instructions3
20.9999 	DATA 	Keypress: return
21.0163 	EXP 	topMsg: text = 'Waiting for scanner to start...'
21.0163 	EXP 	bottomMsg: text = "(Press 'T' to override.)"
21.0163 	EXP 	Display WaitingForScanner
21.6047 	DATA 	Keypress: t
21.6057 	EXP 	---START EXPERIMENT---
21.6117 	EXP 	Display Fixation
21.6154 	EXP 	Display Fixation
21.6204 	EXP 	Display Fixation
21.6379 	EXP 	Display Fixation
21.6544 	EXP 	Display Fixation
21.6711 	EXP 	Display Fixation
21.6880 	EXP 	Display Fixation
21.7043 	EXP 	Display Fixation
21.7211 	EXP 	Display Fixation
21.7377 	EXP 	Display Fixation
21.7545 	EXP 	Display Fixation
21.7713 	EXP 	Display Fixation
21.7877 	EXP 	Display Fixation
21.8044 	EXP 	Display Fixation
21.8212 	EXP 	Display Fixation
21.8381 	EXP 	Display Fixation
21.8544 	EXP 	Display Fixation
21.8712 	EXP 	Display Fixation
21.8879 	EXP 	Display Fixation
21.9044 	EXP 	Display Fixation
21.9212 	EXP 	Display Fixation
21.9379 	EXP 	Display Fixation
21.9544 	EXP 	Display Fixation
21.9712 	EXP 	Display Fixation
21.9877 	EXP 	Display Fixation
22.0045 	EXP 	Display Fixation
22.0213 	EXP 	Display Fixation
22.0378 	EXP 	Display Fixation
22.0545 	EXP 	Display Fixation
22.0711 	EXP 	Display Fixation
22.0880 	EXP 	Display Fixation
22.1045 	EXP 	Display Fixation
22.1211 	EXP 	Display Fixation
22.1381 	EXP 	Display Fixation
22.1545 	EXP 	Display Fixation
22.1718 	EXP 	Display Fixation
22.1878 	EXP 	Display Fixation
22.2045 	EXP 	Display Fixation
22.2213 	EXP 	Display Fixation
22.2379 	EXP 	Display Fixation
22.2546 	EXP 	Display Fixation
22.2712 	EXP 	Display Fixation
22.2878 	EXP 	Display Fixation
22.3046 	EXP 	Display Fixation
22.3212 	EXP 	Display Fixation
22.3380 	EXP 	Display Fixation
22.3546 	EXP 	Display Fixation
22.3713 	EXP 	Display Fixation
22.3880 	EXP 	Display Fixation
22.4045 	EXP 	Display Fixation
22.4211 	EXP 	Display Fixation
22.4378 	EXP 	Display Fixation
22.4545 	EXP 	Display Fixation
22.4711 	EXP 	Display Fixation
22.4878 	EXP 	Display Fixation
22.5046 	EXP 	Display Fixation
22.5213 	EXP 	Display Fixation
22.5378 	EXP 	Display Fixation
22.5546 	EXP 	Display Fixation
22.5713 	EXP 	Display Fixation
22.5877 	EXP 	Display Fixation
22.6045 	EXP 	Display Fixation
22.6213 	EXP 	Display Fixation
22.6380 	EXP 	Display Fixation
22.6546 	EXP 	Display Fixation
22.6713 	EXP 	Display Fixation
22.6878 	EXP 	Display Fixation
22.7046 	EXP 	Display Fixation
22.7212 	EXP 	Display Fixation
22.7378 	EXP 	Display Fixation
22.7547 	EXP 	Display Fixation
22.7714 	EXP 	Display Fixation
22.7879 	EXP 	Display Fixation
22.8045 	EXP 	Display Fixation
22.8211 	EXP 	Display Fixation
22.8380 	EXP 	Display Fixation
22.8545 	EXP 	Display Fixation
22.8713 	EXP 	Display Fixation
22.8878 	EXP 	Display Fixation
22.9045 	EXP 	Display Fixation
22.9214 	EXP 	Display Fixation
22.9379 	EXP 	Display Fixation
22.9545 	EXP 	Display Fixation
22.9713 	EXP 	Display Fixation
22.9877 	EXP 	Display Fixation
23.0045 	EXP 	Display Fixation
23.0213 	EXP 	Display Fixation
23.0378 	EXP 	Display Fixation
23.0545 	EXP 	Display Fixation
23.0713 	EXP 	Display Fixation
23.0879 	EXP 	Display Fixation
23.1046 	EXP 	Display Fixation
23.1212 	EXP 	Display Fixation
23.1377 	EXP 	Display Fixation
23.1543 	EXP 	Display Fixation
23.1713 	EXP 	Display Fixation
23.1879 	EXP 	Display Fixation
23.2047 	EXP 	Display Fixation
23.2213 	EXP 	Display Fixation
23.2379 	EXP 	Display Fixation
23.2534 	EXP 	Display Fixation
23.2701 	EXP 	Display Fixation
23.2867 	EXP 	Display Fixation
23.3034 	EXP 	Display Fixation
23.3200 	EXP 	Display Fixation
23.3367 	EXP 	Display Fixation
23.3534 	EXP 	Display Fixation
23.3700 	EXP 	Display Fixation
23.3867 	EXP 	Display Fixation
23.4034 	EXP 	Display Fixation
23.4201 	EXP 	Display Fixation
23.4367 	EXP 	Display Fixation
23.4535 	EXP 	Display Fixation
23.4702 	EXP 	Display Fixation
23.4879 	EXP 	Display Fixation
23.5045 	EXP 	Display Fixation
23.5213 	EXP 	Display Fixation
23.5379 	EXP 	Display Fixation
23.5545 	EXP 	Display Fixation
23.5711 	EXP 	Display Fixation
23.5876 	EXP 	Display Fixation
23.6101 	EXP 	Display Fixation
23.6213 	EXP 	Display Fixation
23.6380 	EXP 	Display Fixation
23.6547 	EXP 	Display Fixation
23.6713 	EXP 	Display Fixation
23.6879 	EXP 	Display Fixation
23.7048 	EXP 	Display Fixation
23.7212 	EXP 	Display Fixation
23.7380 	EXP 	Display Fixation
23.7547 	EXP 	Display Fixation
23.7717 	EXP 	Display Fixation
23.7878 	EXP 	Display Fixation
23.8047 	EXP 	Display Fixation
23.8213 	EXP 	Display Fixation
23.8379 	EXP 	Display Fixation
23.8546 	EXP 	Display Fixation
23.8712 	EXP 	Display Fixation
23.8880 	EXP 	Display Fixation
23.9048 	EXP 	Display Fixation
23.9214 	EXP 	Display Fixation
23.9379 	EXP 	Display Fixation
23.9536 	EXP 	Display Fixation
23.9714 	EXP 	Display Fixation
23.9880 	EXP 	Display Fixation
24.0047 	EXP 	Display Fixation
24.0214 	EXP 	Display Fixation
24.0381 	EXP 	Display Fixation
24.0546 	EXP 	Display Fixation
24.0713 	EXP 	Display Fixation
24.0880 	EXP 	Display Fixation
24.1047 	EXP 	Display Fixation
24.1212 	EXP 	Display Fixation
24.1470 	EXP 	ImageStimulus: image = 'Faces/threat/No Emotion_Front_Man2.png'
24.1470 	EXP 	ImageStimulus: size = [0.7, 0.7]
24.1470 	EXP 	Display Faces/threat/No Emotion_Front_Man2.png
24.6090 	EXP 	Display Fixation
24.6127 	EXP 	Display Fixation
24.6164 	EXP 	Display Fixation
24.6211 	EXP 	Display Fixation
24.6380 	EXP 	Display Fixation
24.6546 	EXP 	Display Fixation
24.6712 	EXP 	Display Fixation
24.6882 	EXP 	Display Fixation
24.7046 	EXP 	Display Fixation
24.7214 	EXP 	Display Fixation
24.7380 	EXP 	Display Fixation
24.7548 	EXP 	Display Fixation
24.7716 	EXP 	Display Fixation
24.7880 	EXP 	Display Fixation
24.8047 	EXP 	Display Fixation
24.8215 	EXP 	Display Fixation
24.8380 	EXP 	Display Fixation
24.8545 	EXP 	Display Fixation
24.8713 	EXP 	Display Fixation
24.8883 	EXP 	Display Fixation
24.9047 	EXP 	Display Fixation
24.9213 	EXP 	Display Fixation
24.9382 	EXP 	Display Fixation
24.9546 	EXP 	Display Fixation
24.9713 	EXP 	Display Fixation
24.9879 	EXP 	Display Fixation
25.0046 	EXP 	Display Fixation
25.0213 	EXP 	Display Fixation
25.0381 	EXP 	Display Fixation
25.0549 	EXP 	Display Fixation
25.0714 	EXP 	Display Fixation
25.0881 	EXP 	Display Fixation
25.1048 	EXP 	Display Fixation
25.1214 	EXP 	Display Fixation
25.1381 	EXP 	Display Fixation
25.1546 	EXP 	Display Fixation
25.1715 	EXP 	Display Fixation
25.1875 	EXP 	Display Fixation
25.2048 	EXP 	Display Fixation
25.2215 	EXP 	Display Fixation
25.2381 	EXP 	Display Fixation
25.2548 	EXP 	Display Fixation
25.2713 	EXP 	Display Fixation
25.2881 	EXP 	Display Fixation
25.3047 	EXP 	Display Fixation
25.3215 	EXP 	Display Fixation
25.3381 	EXP 	Display Fixation
25.3546 	EXP 	Display Fixation
25.3714 	EXP 	Display Fixation
25.3879 	EXP 	Display Fixation
25.4050 	EXP 	Display Fixation
25.4215 	EXP 	Display Fixation
25.4381 	EXP 	Display Fixation
25.4548 	EXP 	Display Fixation
25.4714 	EXP 	Display Fixation
25.4882 	EXP 	Display Fixation
25.5046 	EXP 	Display Fixation
25.5213 	EXP 	Display Fixation
25.5380 	EXP 	Display Fixation
25.5547 	EXP 	Display Fixation
25.5713 	EXP 	Display Fixation
25.5883 	EXP 	Display Fixation
25.6049 	EXP 	Display Fixation
25.6215 	EXP 	Display Fixation
25.6381 	EXP 	Display Fixation
25.6548 	EXP 	Display Fixation
25.6715 	EXP 	Display Fixation
25.6882 	EXP 	Display Fixation
25.7045 	EXP 	Display Fixation
25.7214 	EXP 	Display Fixation
25.7380 	EXP 	Display Fixation
25.7549 	EXP 	Display Fixation
25.7718 	EXP 	Display Fixation
25.7882 	EXP 	Display Fixation
25.8047 	EXP 	Display Fixation
25.8215 	EXP 	Display Fixation
25.8382 	EXP 	Display Fixation
25.8550 	EXP 	Display Fixation
25.8716 	EXP 	Display Fixation
25.8881 	EXP 	Display Fixation
25.9046 	EXP 	Display Fixation
25.9215 	EXP 	Display Fixation
25.9379 	EXP 	Display Fixation
25.9548 	EXP 	Display Fixation
25.9715 	EXP 	Display Fixation
25.9880 	EXP 	Display Fixation
26.0046 	EXP 	Display Fixation
26.0215 	EXP 	Display Fixation
26.0382 	EXP 	Display Fixation
26.0547 	EXP 	Display Fixation
26.0716 	EXP 	Display Fixation
26.0881 	EXP 	Display Fixation
26.1048 	EXP 	Display Fixation
26.1214 	EXP 	Display Fixation
26.1381 	EXP 	Display Fixation
26.1549 	EXP 	Display Fixation
26.1714 	EXP 	Display Fixation
26.1883 	EXP 	Display Fixation
26.2050 	EXP 	Display Fixation
26.2214 	EXP 	Display Fixation
26.2382 	EXP 	Display Fixation
26.2548 	EXP 	Display Fixation
26.2715 	EXP 	Display Fixation
26.2882 	EXP 	Display Fixation
26.3049 	EXP 	Display Fixation
26.3216 	EXP 	Display Fixation
26.3380 	EXP 	Display Fixation
26.3549 	EXP 	Display Fixation
26.3716 	EXP 	Display Fixation
26.3882 	EXP 	Display Fixation
26.4049 	EXP 	Display Fixation
26.4214 	EXP 	Display Fixation
26.4381 	EXP 	Display Fixation
26.4548 	EXP 	Display Fixation
26.4714 	EXP 	Display Fixation
26.4883 	EXP 	Display Fixation
26.5049 	EXP 	Display Fixation
26.5217 	EXP 	Display Fixation
26.5384 	EXP 	Display Fixation
26.5551 	EXP 	Display Fixation
26.5717 	EXP 	Display Fixation
26.5884 	EXP 	Display Fixation
26.6049 	EXP 	Display Fixation
26.6216 	EXP 	Display Fixation
26.6384 	EXP 	Display Fixation
26.6550 	EXP 	Display Fixation
26.6716 	EXP 	Display Fixation
26.6883 	EXP 	Display Fixation
26.7049 	EXP 	Display Fixation
26.7216 	EXP 	Display Fixation
26.7383 	EXP 	Display Fixation
26.7550 	EXP 	Display Fixation
26.7717 	EXP 	Display Fixation
26.7883 	EXP 	Display Fixation
26.8050 	EXP 	Display Fixation
26.8217 	EXP 	Display Fixation
26.8383 	EXP 	Display Fixation
26.8549 	EXP 	Display Fixation
26.8716 	EXP 	Display Fixation
26.8884 	EXP 	Display Fixation
26.9050 	EXP 	Display Fixation
26.9217 	EXP 	Display Fixation
26.9383 	EXP 	Display Fixation
26.9551 	EXP 	Display Fixation
26.9716 	EXP 	Display Fixation
26.9884 	EXP 	Display Fixation
27.0049 	EXP 	Display Fixation
27.0218 	EXP 	Display Fixation
27.0384 	EXP 	Display Fixation
27.0550 	EXP 	Display Fixation
27.0717 	EXP 	Display Fixation
27.0883 	EXP 	Display Fixation
27.1049 	EXP 	Display Fixation
27.1216 	EXP 	Display Fixation
27.1382 	EXP 	Display Fixation
27.1550 	EXP 	Display Fixation
27.1715 	EXP 	Display Fixation
27.1884 	EXP 	Display Fixation
27.2050 	EXP 	Display Fixation
27.2217 	EXP 	Display Fixation
27.2384 	EXP 	Display Fixation
27.2550 	EXP 	Display Fixation
27.2717 	EXP 	Display Fixation
27.2884 	EXP 	Display Fixation
27.3050 	EXP 	Display Fixation
27.3217 	EXP 	Display Fixation
27.3384 	EXP 	Display Fixation
27.3550 	EXP 	Display Fixation
27.3717 	EXP 	Display Fixation
27.3884 	EXP 	Display Fixation
27.4051 	EXP 	Display Fixation
27.4218 	EXP 	Display Fixation
27.4384 	EXP 	Display Fixation
27.4552 	EXP 	Display Fixation
27.4717 	EXP 	Display Fixation
27.4884 	EXP 	Display Fixation
27.5050 	EXP 	Display Fixation
27.5217 	EXP 	Display Fixation
27.5383 	EXP 	Display Fixation
27.5551 	EXP 	Display Fixation
27.5717 	EXP 	Display Fixation
27.5883 	EXP 	Display Fixation
27.6051 	EXP 	Display Fixation
27.6218 	EXP 	Display Fixation
27.6384 	EXP 	Display Fixation
27.6551 	EXP 	Display Fixation
27.6717 	EXP 	Display Fixation
27.6883 	EXP 	Display Fixation
27.7050 	EXP 	Display Fixation
27.7218 	EXP 	Display Fixation
27.7384 	EXP 	Display Fixation
27.7550 	EXP 	Display Fixation
27.7718 	EXP 	Display Fixation
27.7884 	EXP 	Display Fixation
27.8050 	EXP 	Display Fixation
27.8217 	EXP 	Display Fixation
27.8384 	EXP 	Display Fixation
27.8550 	EXP 	Display Fixation
27.8718 	EXP 	Display Fixation
27.8883 	EXP 	Display Fixation
27.9050 	EXP 	Display Fixation
27.9218 	EXP 	Display Fixation
27.9384 	EXP 	Display Fixation
27.9551 	EXP 	Display Fixation
27.9718 	EXP 	Display Fixation
27.9885 	EXP 	Display Fixation
28.0050 	EXP 	Display Fixation
28.0216 	EXP 	Display Fixation
28.0384 	EXP 	Display Fixation
28.0551 	EXP 	Display Fixation
28.0717 	EXP 	Display Fixation
28.0884 	EXP 	Display Fixation
28.1051 	EXP 	Display Fixation
28.1218 	EXP 	Display Fixation
28.1384 	EXP 	Display Fixation
28.1551 	EXP 	Display Fixation
28.1718 	EXP 	Display Fixation
28.1885 	EXP 	Display Fixation
28.2051 	EXP 	Display Fixation
28.2218 	EXP 	Display Fixation
28.2384 	EXP 	Display Fixation
28.2551 	EXP 	Display Fixation
28.2718 	EXP 	Display Fixation
28.2884 	EXP 	Display Fixation
28.3051 	EXP 	Display Fixation
28.3217 	EXP 	Display Fixation
28.3384 	EXP 	Display Fixation
28.3552 	EXP 	Display Fixation
28.3717 	EXP 	Display Fixation
28.3884 	EXP 	Display Fixation
28.4051 	EXP 	Display Fixation
28.4221 	EXP 	Display Fixation
28.4384 	EXP 	Display Fixation
28.4551 	EXP 	Display Fixation
28.4717 	EXP 	Display Fixation
28.4886 	EXP 	Display Fixation
28.5051 	EXP 	Display Fixation
28.5215 	EXP 	Display Fixation
28.5386 	EXP 	Display Fixation
28.5544 	EXP 	Display Fixation
28.5719 	EXP 	Display Fixation
28.5886 	EXP 	Display Fixation
28.6048 	EXP 	Display Fixation
28.6213 	EXP 	Display Fixation
28.6378 	EXP 	Display Fixation
28.6545 	EXP 	Display Fixation
28.6712 	EXP 	Display Fixation
28.7008 	EXP 	ImageStimulus: image = 'Faces/threat/Man16_angry.png'
28.7008 	EXP 	ImageStimulus: size = [0.7, 0.7]
28.7008 	EXP 	Display Faces/threat/Man16_angry.png
29.1596 	EXP 	Display Fixation
29.1814 	EXP 	Display Fixation
29.1873 	EXP 	Display Fixation
29.2052 	EXP 	Display Fixation
29.2225 	EXP 	Display Fixation
29.2377 	EXP 	Display Fixation
29.2540 	EXP 	Display Fixation
29.2707 	EXP 	Display Fixation
29.2877 	EXP 	Display Fixation
29.3039 	EXP 	Display Fixation
29.3206 	EXP 	Display Fixation
29.3372 	EXP 	Display Fixation
29.3538 	EXP 	Display Fixation
29.3707 	EXP 	Display Fixation
29.3873 	EXP 	Display Fixation
29.4040 	EXP 	Display Fixation
29.4207 	EXP 	Display Fixation
29.4374 	EXP 	Display Fixation
29.4540 	EXP 	Display Fixation
29.4706 	EXP 	Display Fixation
29.4874 	EXP 	Display Fixation
29.5051 	EXP 	Display Fixation
29.5209 	EXP 	Display Fixation
29.5384 	EXP 	Display Fixation
29.5552 	EXP 	Display Fixation
29.5719 	EXP 	Display Fixation
29.5886 	EXP 	Display Fixation
29.6050 	EXP 	Display Fixation
29.6223 	EXP 	Display Fixation
29.6448 	EXP 	Display Fixation
29.6542 	EXP 	Display Fixation
29.6713 	EXP 	Display Fixation
29.6886 	EXP 	Display Fixation
29.7052 	EXP 	Display Fixation
29.7218 	EXP 	Display Fixation
29.7386 	EXP 	Display Fixation
29.7554 	EXP 	Display Fixation
29.7706 	EXP 	Display Fixation
29.7887 	EXP 	Display Fixation
29.8042 	EXP 	Display Fixation
29.8221 	EXP 	Display Fixation
29.8388 	EXP 	Display Fixation
29.8555 	EXP 	Display Fixation
29.8716 	EXP 	Display Fixation
29.8884 	EXP 	Display Fixation
29.9052 	EXP 	Display Fixation
29.9216 	EXP 	Display Fixation
29.9385 	EXP 	Display Fixation
29.9553 	EXP 	Display Fixation
29.9717 	EXP 	Display Fixation
29.9885 	EXP 	Display Fixation
30.0049 	EXP 	Display Fixation
30.0213 	EXP 	Display Fixation
30.0378 	EXP 	Display Fixation
30.0554 	EXP 	Display Fixation
30.0718 	EXP 	Display Fixation
30.0883 	EXP 	Display Fixation
30.1053 	EXP 	Display Fixation
30.1218 	EXP 	Display Fixation
30.1385 	EXP 	Display Fixation
30.1554 	EXP 	Display Fixation
30.1720 	EXP 	Display Fixation
30.1886 	EXP 	Display Fixation
30.2053 	EXP 	Display Fixation
30.2217 	EXP 	Display Fixation
30.2376 	EXP 	Display Fixation
30.2540 	EXP 	Display Fixation
30.2715 	EXP 	Display Fixation
30.2876 	EXP 	Display Fixation
30.3043 	EXP 	Display Fixation
30.3219 	EXP 	Display Fixation
30.3387 	EXP 	Display Fixation
30.3553 	EXP 	Display Fixation
30.3720 	EXP 	Display Fixation
30.3886 	EXP 	Display Fixation
30.4053 	EXP 	Display Fixation
30.4223 	EXP 	Display Fixation
30.4390 	EXP 	Display Fixation
30.4554 	EXP 	Display Fixation
30.4720 	EXP 	Display Fixation
30.4886 	EXP 	Display Fixation
30.5052 	EXP 	Display Fixation
30.5221 	EXP 	Display Fixation
30.5386 	EXP 	Display Fixation
30.5553 	EXP 	Display Fixation
30.5720 	EXP 	Display Fixation
30.5886 	EXP 	Display Fixation
30.6053 	EXP 	Display Fixation
30.6223 	EXP 	Display Fixation
30.6387 	EXP 	Display Fixation
30.6552 	EXP 	Display Fixation
30.6717 	EXP 	Display Fixation
30.6885 	EXP 	Display Fixation
30.7050 	EXP 	Display Fixation
30.7223 	EXP 	Display Fixation
30.7383 	EXP 	Display Fixation
30.7552 	EXP 	Display Fixation
30.7722 	EXP 	Display Fixation
30.7888 	EXP 	Display Fixation
30.8054 	EXP 	Display Fixation
30.8219 	EXP 	Display Fixation
30.8386 	EXP 	Display Fixation
30.8548 	EXP 	Display Fixation
30.8721 	EXP 	Display Fixation
30.8885 	EXP 	Display Fixation
30.9054 	EXP 	Display Fixation
30.9219 	EXP 	Display Fixation
30.9389 	EXP 	Display Fixation
30.9553 	EXP 	Display Fixation
30.9721 	EXP 	Display Fixation
30.9886 	EXP 	Display Fixation
31.0051 	EXP 	Display Fixation
31.0219 	EXP 	Display Fixation
31.0384 	EXP 	Display Fixation
31.0548 	EXP 	Display Fixation
31.0711 	EXP 	Display Fixation
31.0878 	EXP 	Display Fixation
31.1046 	EXP 	Display Fixation
31.1215 	EXP 	Display Fixation
31.1413 	EXP 	Display Fixation
31.1549 	EXP 	Display Fixation
31.1712 	EXP 	Display Fixation
31.1878 	EXP 	Display Fixation
31.2041 	EXP 	Display Fixation
31.2208 	EXP 	Display Fixation
31.2379 	EXP 	Display Fixation
31.2542 	EXP 	Display Fixation
31.2715 	EXP 	Display Fixation
31.2877 	EXP 	Display Fixation
31.3046 	EXP 	Display Fixation
31.3216 	EXP 	Display Fixation
31.3387 	EXP 	Display Fixation
31.3551 	EXP 	Display Fixation
31.3725 	EXP 	Display Fixation
31.3883 	EXP 	Display Fixation
31.4054 	EXP 	Display Fixation
31.4221 	EXP 	Display Fixation
31.4387 	EXP 	Display Fixation
31.4549 	EXP 	Display Fixation
31.4722 	EXP 	Display Fixation
31.4883 	EXP 	Display Fixation
31.5047 	EXP 	Display Fixation
31.5215 	EXP 	Display Fixation
31.5371 	EXP 	Display Fixation
31.5551 	EXP 	Display Fixation
31.5718 	EXP 	Display Fixation
31.5873 	EXP 	Display Fixation
31.6048 	EXP 	Display Fixation
31.6216 	EXP 	Display Fixation
31.6375 	EXP 	Display Fixation
31.6553 	EXP 	Display Fixation
31.6719 	EXP 	Display Fixation
31.6885 	EXP 	Display Fixation
31.7052 	EXP 	Display Fixation
31.7223 	EXP 	Display Fixation
31.7387 	EXP 	Display Fixation
31.7554 	EXP 	Display Fixation
31.7714 	EXP 	Display Fixation
31.7888 	EXP 	Display Fixation
31.8048 	EXP 	Display Fixation
31.8218 	EXP 	Display Fixation
31.8385 	EXP 	Display Fixation
31.8551 	EXP 	Display Fixation
31.8717 	EXP 	Display Fixation
31.8878 	EXP 	Display Fixation
31.9052 	EXP 	Display Fixation
31.9219 	EXP 	Display Fixation
31.9388 	EXP 	Display Fixation
31.9551 	EXP 	Display Fixation
31.9720 	EXP 	Display Fixation
31.9886 	EXP 	Display Fixation
32.0058 	EXP 	Display Fixation
32.0219 	EXP 	Display Fixation
32.0388 	EXP 	Display Fixation
32.0555 	EXP 	Display Fixation
32.0716 	EXP 	Display Fixation
32.0886 	EXP 	Display Fixation
32.1052 	EXP 	Display Fixation
32.1216 	EXP 	Display Fixation
32.1376 	EXP 	Display Fixation
32.1545 	EXP 	Display Fixation
32.1708 	EXP 	Display Fixation
32.1881 	EXP 	Display Fixation
32.2059 	EXP 	Display Fixation
32.2219 	EXP 	Display Fixation
32.2383 	EXP 	Display Fixation
32.2546 	EXP 	Display Fixation
32.2715 	EXP 	Display Fixation
32.2875 	EXP 	Display Fixation
32.3041 	EXP 	Display Fixation
32.3218 	EXP 	Display Fixation
32.3389 	EXP 	Display Fixation
32.3540 	EXP 	Display Fixation
32.3712 	EXP 	Display Fixation
32.3881 	EXP 	Display Fixation
32.4055 	EXP 	Display Fixation
32.4221 	EXP 	Display Fixation
32.4388 	EXP 	Display Fixation
32.4554 	EXP 	Display Fixation
32.4719 	EXP 	Display Fixation
32.4887 	EXP 	Display Fixation
32.5055 	EXP 	Display Fixation
32.5220 	EXP 	Display Fixation
32.5386 	EXP 	Display Fixation
32.5554 	EXP 	Display Fixation
32.5720 	EXP 	Display Fixation
32.5889 	EXP 	Display Fixation
32.6055 	EXP 	Display Fixation
32.6210 	EXP 	Display Fixation
32.6377 	EXP 	Display Fixation
32.6551 	EXP 	Display Fixation
32.6709 	EXP 	Display Fixation
32.6883 	EXP 	Display Fixation
32.7056 	EXP 	Display Fixation
32.7221 	EXP 	Display Fixation
32.7380 	EXP 	Display Fixation
32.7553 	EXP 	Display Fixation
32.7716 	EXP 	Display Fixation
32.7887 	EXP 	Display Fixation
32.8045 	EXP 	Display Fixation
32.8222 	EXP 	Display Fixation
32.8387 	EXP 	Display Fixation
32.8541 	EXP 	Display Fixation
32.8707 	EXP 	Display Fixation
32.8880 	EXP 	Display Fixation
32.9042 	EXP 	Display Fixation
32.9211 	EXP 	Display Fixation
32.9389 	EXP 	Display Fixation
32.9552 	EXP 	Display Fixation
32.9713 	EXP 	Display Fixation
32.9877 	EXP 	Display Fixation
33.0045 	EXP 	Display Fixation
33.0214 	EXP 	Display Fixation
33.0375 	EXP 	Display Fixation
33.0543 	EXP 	Display Fixation
33.0711 	EXP 	Display Fixation
33.0878 	EXP 	Display Fixation
33.1044 	EXP 	Display Fixation
33.1209 	EXP 	Display Fixation
33.1383 	EXP 	Display Fixation
33.1553 	EXP 	Display Fixation
33.1721 	EXP 	Display Fixation
33.1888 	EXP 	Display Fixation
33.2042 	EXP 	Display Fixation
33.2211 	EXP 	Display Fixation
33.2382 	EXP 	Display Fixation
33.2547 	EXP 	Display Fixation
33.2713 	EXP 	Display Fixation
33.2891 	EXP 	Display Fixation
33.3047 	EXP 	Display Fixation
33.3209 	EXP 	Display Fixation
33.3374 	EXP 	Display Fixation
33.3542 	EXP 	Display Fixation
33.3709 	EXP 	Display Fixation
33.3876 	EXP 	Display Fixation
33.4042 	EXP 	Display Fixation
33.4208 	EXP 	Display Fixation
33.4375 	EXP 	Display Fixation
33.4542 	EXP 	Display Fixation
33.4709 	EXP 	Display Fixation
33.4875 	EXP 	Display Fixation
33.5053 	EXP 	Display Fixation
33.5221 	EXP 	Display Fixation
33.5388 	EXP 	Display Fixation
33.5554 	EXP 	Display Fixation
33.5719 	EXP 	Display Fixation
33.5888 	EXP 	Display Fixation
33.6047 	EXP 	Display Fixation
33.6279 	EXP 	Display Fixation
33.6389 	EXP 	Display Fixation
33.6554 	EXP 	Display Fixation
33.6721 	EXP 	Display Fixation
33.6887 	EXP 	Display Fixation
33.7054 	EXP 	Display Fixation
33.7221 	EXP 	Display Fixation
33.7387 	EXP 	Display Fixation
33.7554 	EXP 	Display Fixation
33.7720 	EXP 	Display Fixation
33.7888 	EXP 	Display Fixation
33.8055 	EXP 	Display Fixation
33.8220 	EXP 	Display Fixation
33.8633 	EXP 	ImageStimulus: image = 'Faces/threat/No Emotion_Front_Woman6.png'
33.8633 	EXP 	ImageStimulus: size = [0.7, 0.7]
33.8633 	EXP 	Display Faces/threat/No Emotion_Front_Woman6.png
34.3088 	EXP 	Display Fixation
34.3120 	EXP 	Display Fixation
34.3160 	EXP 	Display Fixation
34.3216 	EXP 	Display Fixation
34.3382 	EXP 	Display Fixation
34.3546 	EXP 	Display Fixation
34.3709 	EXP 	Display Fixation
34.3875 	EXP 	Display Fixation
34.4042 	EXP 	Display Fixation
34.4209 	EXP 	Display Fixation
34.4380 	EXP 	Display Fixation
34.4542 	EXP 	Display Fixation
34.4709 	EXP 	Display Fixation
34.4876 	EXP 	Display Fixation
34.5042 	EXP 	Display Fixation
34.5209 	EXP 	Display Fixation
34.5376 	EXP 	Display Fixation
34.5542 	EXP 	Display Fixation
34.5722 	EXP 	Display Fixation
34.5887 	EXP 	Display Fixation
34.6053 	EXP 	Display Fixation
34.6222 	EXP 	Display Fixation
34.6389 	EXP 	Display Fixation
34.6554 	EXP 	Display Fixation
34.6716 	EXP 	Display Fixation
34.6894 	EXP 	Display Fixation
34.7110 	EXP 	Display Fixation
34.7222 	EXP 	Display Fixation
34.7388 	EXP 	Display Fixation
34.7555 	EXP 	Display Fixation
34.7721 	EXP 	Display Fixation
34.7888 	EXP 	Display Fixation
34.8054 	EXP 	Display Fixation
34.8222 	EXP 	Display Fixation
34.8389 	EXP 	Display Fixation
34.8554 	EXP 	Display Fixation
34.8721 	EXP 	Display Fixation
34.8889 	EXP 	Display Fixation
34.9054 	EXP 	Display Fixation
34.9221 	EXP 	Display Fixation
34.9392 	EXP 	Display Fixation
34.9555 	EXP 	Display Fixation
34.9722 	EXP 	Display Fixation
34.9888 	EXP 	Display Fixation
35.0056 	EXP 	Display Fixation
35.0221 	EXP 	Display Fixation
35.0392 	EXP 	Display Fixation
35.0552 	EXP 	Display Fixation
35.0726 	EXP 	Display Fixation
35.0892 	EXP 	Display Fixation
35.1057 	EXP 	Display Fixation
35.1220 	EXP 	Display Fixation
35.1390 	EXP 	Display Fixation
35.1555 	EXP 	Display Fixation
35.1715 	EXP 	Display Fixation
35.1884 	EXP 	Display Fixation
35.2056 	EXP 	Display Fixation
35.2225 	EXP 	Display Fixation
35.2389 	EXP 	Display Fixation
35.2556 	EXP 	Display Fixation
35.2721 	EXP 	Display Fixation
35.2889 	EXP 	Display Fixation
35.3056 	EXP 	Display Fixation
35.3223 	EXP 	Display Fixation
35.3389 	EXP 	Display Fixation
35.3555 	EXP 	Display Fixation
35.3722 	EXP 	Display Fixation
35.3889 	EXP 	Display Fixation
35.4057 	EXP 	Display Fixation
35.4222 	EXP 	Display Fixation
35.4387 	EXP 	Display Fixation
35.4555 	EXP 	Display Fixation
35.4723 	EXP 	Display Fixation
35.4894 	EXP 	Display Fixation
35.5056 	EXP 	Display Fixation
35.5222 	EXP 	Display Fixation
35.5388 	EXP 	Display Fixation
35.5555 	EXP 	Display Fixation
35.5722 	EXP 	Display Fixation
35.5888 	EXP 	Display Fixation
35.6057 	EXP 	Display Fixation
35.6221 	EXP 	Display Fixation
35.6389 	EXP 	Display Fixation
35.6556 	EXP 	Display Fixation
35.6722 	EXP 	Display Fixation
35.6888 	EXP 	Display Fixation
35.7057 	EXP 	Display Fixation
35.7222 	EXP 	Display Fixation
35.7390 	EXP 	Display Fixation
35.7555 	EXP 	Display Fixation
35.7723 	EXP 	Display Fixation
35.7888 	EXP 	Display Fixation
35.8055 	EXP 	Display Fixation
35.8222 	EXP 	Display Fixation
35.8389 	EXP 	Display Fixation
35.8555 	EXP 	Display Fixation
35.8721 	EXP 	Display Fixation
35.8889 	EXP 	Display Fixation
35.9055 	EXP 	Display Fixation
35.9223 	EXP 	Display Fixation
35.9389 	EXP 	Display Fixation
35.9555 	EXP 	Display Fixation
35.9721 	EXP 	Display Fixation
35.9891 	EXP 	Display Fixation
36.0056 	EXP 	Display Fixation
36.0223 	EXP 	Display Fixation
36.0389 	EXP 	Display Fixation
36.0556 	EXP 	Display Fixation
36.0722 	EXP 	Display Fixation
36.0889 	EXP 	Display Fixation
36.1056 	EXP 	Display Fixation
36.1222 	EXP 	Display Fixation
36.1389 	EXP 	Display Fixation
36.1556 	EXP 	Display Fixation
36.1723 	EXP 	Display Fixation
36.1890 	EXP 	Display Fixation
36.2055 	EXP 	Display Fixation
36.2222 	EXP 	Display Fixation
36.2389 	EXP 	Display Fixation
36.2555 	EXP 	Display Fixation
36.2723 	EXP 	Display Fixation
36.2888 	EXP 	Display Fixation
36.3056 	EXP 	Display Fixation
36.3223 	EXP 	Display Fixation
36.3389 	EXP 	Display Fixation
36.3556 	EXP 	Display Fixation
36.3723 	EXP 	Display Fixation
36.3891 	EXP 	Display Fixation
36.4056 	EXP 	Display Fixation
36.4222 	EXP 	Display Fixation
36.4389 	EXP 	Display Fixation
36.4560 	EXP 	Display Fixation
36.4710 	EXP 	Display Fixation
36.4875 	EXP 	Display Fixation
36.5056 	EXP 	Display Fixation
36.5223 	EXP 	Display Fixation
36.5388 	EXP 	Display Fixation
36.5555 	EXP 	Display Fixation
36.5722 	EXP 	Display Fixation
36.5889 	EXP 	Display Fixation
36.6056 	EXP 	Display Fixation
36.6222 	EXP 	Display Fixation
36.6393 	EXP 	Display Fixation
36.6557 	EXP 	Display Fixation
36.6723 	EXP 	Display Fixation
36.6889 	EXP 	Display Fixation
36.7057 	EXP 	Display Fixation
36.7223 	EXP 	Display Fixation
36.7390 	EXP 	Display Fixation
36.7556 	EXP 	Display Fixation
36.7724 	EXP 	Display Fixation
36.7889 	EXP 	Display Fixation
36.8057 	EXP 	Display Fixation
36.8223 	EXP 	Display Fixation
36.8390 	EXP 	Display Fixation
36.8557 	EXP 	Display Fixation
36.8724 	EXP 	Display Fixation
36.8891 	EXP 	Display Fixation
36.9055 	EXP 	Display Fixation
36.9223 	EXP 	Display Fixation
36.9389 	EXP 	Display Fixation
36.9556 	EXP 	Display Fixation
36.9722 	EXP 	Display Fixation
36.9891 	EXP 	Display Fixation
37.0056 	EXP 	Display Fixation
37.0223 	EXP 	Display Fixation
37.0389 	EXP 	Display Fixation
37.0555 	EXP 	Display Fixation
37.0724 	EXP 	Display Fixation
37.0725 	EXP 	--- END EXPERIMENT ---
37.0999 	EXP 	topMsg: text = "That's the end! "
37.0999 	EXP 	bottomMsg: text = "Press 'q' or 'escape' to end the session."
37.0999 	EXP 	Display TheEnd
43.0064 	DATA 	Keypress: escape
43.6301 	EXP 	win: mouseVisible = True
