0.9006 	WARNING 	We strongly recommend you activate the PTB sound engine in PsychoPy prefs as the preferred audio engine. Its timing is vastly superior. Your prefs are currently set to use ['sounddevice', 'PTB', 'pyo', 'pygame'] (in that order).
5.1990 	INFO 	---START PARAMETERS---
5.1990 	INFO 	filename: SampleExperiment_d1-1-45-Nov_01_1026
5.1990 	INFO 	subject: 1
5.1990 	INFO 	session: 45
5.1990 	INFO 	date: Nov_01_1026
5.1991 	INFO 	ISI: 1.75
5.1991 	INFO 	choices: [1, 2, 3]
5.1991 	INFO 	fixCrossPos: [0, 0]
5.1991 	INFO 	fixCrossSize: 0.1
5.1991 	INFO 	fullScreen: True
5.1991 	INFO 	imageDir_neutral: Faces/neutral/
5.1991 	INFO 	imageDir_social: Faces/social/
5.1992 	INFO 	imageDir_threat: Faces/threat/
5.1992 	INFO 	imageSize: [0.8, 0.8]
5.1992 	INFO 	imageSuffix: .png
5.1992 	INFO 	nTrials: 3
5.1992 	INFO 	postStimDur: 1.0
5.1998 	INFO 	preStimDur: [0.5 0.6 0.7 0.8 0.9 1.  1.1 1.2 1.3 1.4 1.5 1.6 1.7 1.8 1.9]
5.1998 	INFO 	promptDir: Text/
5.1998 	INFO 	promptFile_neutral: NeutralPrompts.csv
5.1998 	INFO 	promptFile_social: SocialPrompts.csv
5.1999 	INFO 	promptFile_threat: ThreatPrompts.csv
5.1999 	INFO 	promptImageSize: [1.2, 0.3]
5.1999 	INFO 	respAdvances: True
5.1999 	INFO 	respKeys: ['r', 'b', 'y', 'g']
5.1999 	INFO 	screenColor: (128, 128, 128)
5.1999 	INFO 	screenToShow: 0
5.1999 	INFO 	skipPrompts: False
5.1999 	INFO 	stimDur: 0.5
5.1999 	INFO 	tStartup: 1
5.2000 	INFO 	triggerKey: t
5.2000 	INFO 	---END PARAMETERS---
5.4805 	INFO 	Loaded monitor calibration from ['2021_02_22 10:21']
5.4832 	WARNING 	User requested fullscreen with size [800 600], but screen is actually [1440, 900]. Using actual size
6.0672 	EXP 	Created win = Window(allowGUI=True, allowStencil=False, autoLog=True, backendConf=UNKNOWN, bitsMode=UNKNOWN, blendMode='avg', bpc=(8, 8, 8), color=array([128, 128, 128]), colorSpace='rgb255', depthBits=8, fullscr=<method-wrapper '__getattribute__' of attributeSetter object at 0x7fbd2339ab38>, gamma=None, gammaErrorPolicy='raise', lms=UNKNOWN, monitor=<psychopy.monitors.calibTools.Monitor object at 0x7fbd22817278>, multiSample=False, name='win', numSamples=2, pos=[360.0, 225.0], screen=0, size=array([2880, 1800]), stencilBits=0, stereo=False, units='height', useFBO=False, useRetina=True, viewOri=0.0, viewPos=None, viewScale=None, waitBlanking=True, winType='pyglet')
6.0675 	EXP 	win: mouseVisible = True
6.0734 	EXP 	Created fixCross = ShapeStim(__class__=<class 'psychopy.visual.shape.ShapeStim'>, autoDraw=False, autoLog=True, closeShape=False, color=method-wrapper(...), colorSpace='rgb', contrast=None, depth=0, fillColor=array([0, 0, 0]), fillColorSpace='rgb', fillRGB=UNKNOWN, interpolate=True, lineColor=array([-1., -1., -1.]), lineColorSpace='rgb', lineRGB=UNKNOWN, lineWidth=3.0, name='fixCross', opacity=1.0, ori=0.0, pos=array([0., 0.]), size=array([1., 1.]), units='height', vertices=ndarray(...), win=Window(...), windingRule=None)
6.0739 	WARNING 	TextStim.alignHoriz is deprecated. Use alignText and anchorHoriz attributes instead
6.1093 	EXP 	Created topMsg = TextStim(__class__=<class 'psychopy.visual.text.TextStim'>, alignHoriz='center', alignText='center', alignVert=method-wrapper(...), anchorHoriz='center', anchorVert='center', antialias=True, autoLog=True, bold=False, color=array([-1., -1., -1.]), colorSpace='rgb', contrast=1.0, depth=0, flipHoriz=False, flipVert=False, font='', fontFiles=[], height=0.1, italic=False, languageStyle='LTR', name='topMsg', opacity=1.0, ori=0.0, pos=array([0. , 0.5]), rgb=UNKNOWN, text='aaa', units='norm', win=Window(...), wrapWidth=1.5)
6.1094 	WARNING 	TextStim.alignHoriz is deprecated. Use alignText and anchorHoriz attributes instead
6.1120 	EXP 	Created bottomMsg = TextStim(__class__=<class 'psychopy.visual.text.TextStim'>, alignHoriz='center', alignText='center', alignVert=method-wrapper(...), anchorHoriz='center', anchorVert='center', antialias=True, autoLog=True, bold=False, color=array([-1., -1., -1.]), colorSpace='rgb', contrast=1.0, depth=0, flipHoriz=False, flipVert=False, font='', fontFiles=[], height=0.1, italic=False, languageStyle='LTR', name='bottomMsg', opacity=1.0, ori=0.0, pos=array([ 0. , -0.5]), rgb=UNKNOWN, text='bbb', units='norm', win=Window(...), wrapWidth=1.5)
6.1612 	EXP 	Created ImageStimulus = ImageStim(__class__=<class 'psychopy.visual.image.ImageStim'>, autoLog=True, color=array([1., 1., 1.]), colorSpace='rgb', contrast=1.0, depth=0, flipHoriz=False, flipVert=False, image='Faces/neutral/No Emotion_Front_Woman1.png', interpolate=False, mask=None, maskParams=None, name='ImageStimulus', opacity=1, ori=0.0, pos=array([0., 0.]), size=array([0.55555556, 0.55555556]), texRes=128, units='height', win=Window(...))
6.1964 	EXP 	topMsg: text = 'In this task, you will see images briefly flashed on the screen. Your job is to count the images in a “target” category and ignore the others. At the end, we will ask you how many target images you saw.'
6.1964 	EXP 	bottomMsg: text = 'In this run, please count all the faces with hats. (Press ENTER to continue.)'
6.1964 	EXP 	Display Instructions1
6.9190 	DATA 	Keypress: return
6.9514 	EXP 	topMsg: text = 'Here are some examples of faces with hats (left) and no hats (right).'
6.9514 	EXP 	bottomMsg: text = 'Just before and after each image, there will be a cross in the middle of the screen. Please look directly at the cross and try not to blink during this period. (Press ENTER to continue.)'
6.9514 	EXP 	ImageStimulus: size = array([1.41444444, 0.30666667])
6.9514 	EXP 	ImageStimulus: image = 'Faces/sample_images/sample_neutral.png'
6.9514 	EXP 	ImageStimulus: size = [1.2, 0.3]
6.9514 	EXP 	Display Instructions2
8.7140 	DATA 	Keypress: return
8.7278 	EXP 	topMsg: text = 'If you have any questions, please ask the experimenter now.'
8.7278 	EXP 	bottomMsg: text = 'WHEN YOU ARE READY TO BEGIN, press any button.'
8.7278 	EXP 	Display Instructions3
9.6862 	DATA 	Keypress: return
9.6967 	EXP 	topMsg: text = 'Waiting for scanner to start...'
9.6967 	EXP 	bottomMsg: text = "(Press 'T' to override.)"
9.6967 	EXP 	Display WaitingForScanner
10.3413 	DATA 	Keypress: t
10.3417 	EXP 	---START EXPERIMENT---
10.3461 	EXP 	Display Fixation
10.3495 	EXP 	Display Fixation
10.3655 	EXP 	Display Fixation
10.3816 	EXP 	Display Fixation
10.3999 	EXP 	Display Fixation
10.4160 	EXP 	Display Fixation
10.4327 	EXP 	Display Fixation
10.4493 	EXP 	Display Fixation
10.4657 	EXP 	Display Fixation
10.4827 	EXP 	Display Fixation
10.4997 	EXP 	Display Fixation
10.5165 	EXP 	Display Fixation
10.5331 	EXP 	Display Fixation
10.5493 	EXP 	Display Fixation
10.5661 	EXP 	Display Fixation
10.5827 	EXP 	Display Fixation
10.5992 	EXP 	Display Fixation
10.6161 	EXP 	Display Fixation
10.6330 	EXP 	Display Fixation
10.6492 	EXP 	Display Fixation
10.6661 	EXP 	Display Fixation
10.6825 	EXP 	Display Fixation
10.6993 	EXP 	Display Fixation
10.7159 	EXP 	Display Fixation
10.7330 	EXP 	Display Fixation
10.7495 	EXP 	Display Fixation
10.7668 	EXP 	Display Fixation
10.7829 	EXP 	Display Fixation
10.7994 	EXP 	Display Fixation
10.8160 	EXP 	Display Fixation
10.8329 	EXP 	Display Fixation
10.8493 	EXP 	Display Fixation
10.8662 	EXP 	Display Fixation
10.8830 	EXP 	Display Fixation
10.8995 	EXP 	Display Fixation
10.9160 	EXP 	Display Fixation
10.9325 	EXP 	Display Fixation
10.9494 	EXP 	Display Fixation
10.9665 	EXP 	Display Fixation
10.9836 	EXP 	Display Fixation
10.9996 	EXP 	Display Fixation
11.0161 	EXP 	Display Fixation
11.0328 	EXP 	Display Fixation
11.0494 	EXP 	Display Fixation
11.0666 	EXP 	Display Fixation
11.0827 	EXP 	Display Fixation
11.0994 	EXP 	Display Fixation
11.1160 	EXP 	Display Fixation
11.1332 	EXP 	Display Fixation
11.1497 	EXP 	Display Fixation
11.1665 	EXP 	Display Fixation
11.1832 	EXP 	Display Fixation
11.1998 	EXP 	Display Fixation
11.2163 	EXP 	Display Fixation
11.2328 	EXP 	Display Fixation
11.2495 	EXP 	Display Fixation
11.2671 	EXP 	Display Fixation
11.2834 	EXP 	Display Fixation
11.2996 	EXP 	Display Fixation
11.3161 	EXP 	Display Fixation
11.3333 	EXP 	Display Fixation
11.3494 	EXP 	Display Fixation
11.3661 	EXP 	Display Fixation
11.3826 	EXP 	Display Fixation
11.3995 	EXP 	Display Fixation
11.4161 	EXP 	Display Fixation
11.4327 	EXP 	Display Fixation
11.4494 	EXP 	Display Fixation
11.4660 	EXP 	Display Fixation
11.4828 	EXP 	Display Fixation
11.4996 	EXP 	Display Fixation
11.5162 	EXP 	Display Fixation
11.5330 	EXP 	Display Fixation
11.5495 	EXP 	Display Fixation
11.5663 	EXP 	Display Fixation
11.5832 	EXP 	Display Fixation
11.5998 	EXP 	Display Fixation
11.6161 	EXP 	Display Fixation
11.6331 	EXP 	Display Fixation
11.6497 	EXP 	Display Fixation
11.6662 	EXP 	Display Fixation
11.6827 	EXP 	Display Fixation
11.6995 	EXP 	Display Fixation
11.7161 	EXP 	Display Fixation
11.7331 	EXP 	Display Fixation
11.7495 	EXP 	Display Fixation
11.7671 	EXP 	Display Fixation
11.7833 	EXP 	Display Fixation
11.7995 	EXP 	Display Fixation
11.8168 	EXP 	Display Fixation
11.8328 	EXP 	Display Fixation
11.8496 	EXP 	Display Fixation
11.8667 	EXP 	Display Fixation
11.8828 	EXP 	Display Fixation
11.8998 	EXP 	Display Fixation
11.9173 	EXP 	Display Fixation
11.9334 	EXP 	Display Fixation
11.9504 	EXP 	Display Fixation
11.9671 	EXP 	Display Fixation
11.9828 	EXP 	Display Fixation
12.0041 	EXP 	Display Fixation
12.0162 	EXP 	Display Fixation
12.0330 	EXP 	Display Fixation
12.0495 	EXP 	Display Fixation
12.0809 	EXP 	ImageStimulus: image = 'Faces/neutral/No Emotion_Front_Woman1.png'
12.0809 	EXP 	ImageStimulus: size = [0.8, 0.8]
12.0809 	EXP 	Display Faces/neutral/No Emotion_Front_Woman1.png
12.5438 	EXP 	Display Fixation
12.5457 	EXP 	Display Fixation
12.5477 	EXP 	Display Fixation
12.5498 	EXP 	Display Fixation
12.5655 	EXP 	Display Fixation
12.5821 	EXP 	Display Fixation
12.5995 	EXP 	Display Fixation
12.6159 	EXP 	Display Fixation
12.6326 	EXP 	Display Fixation
12.6496 	EXP 	Display Fixation
12.6660 	EXP 	Display Fixation
12.6825 	EXP 	Display Fixation
12.6992 	EXP 	Display Fixation
12.7159 	EXP 	Display Fixation
12.7327 	EXP 	Display Fixation
12.7497 	EXP 	Display Fixation
12.7663 	EXP 	Display Fixation
12.7830 	EXP 	Display Fixation
12.7994 	EXP 	Display Fixation
12.8163 	EXP 	Display Fixation
12.8327 	EXP 	Display Fixation
12.8495 	EXP 	Display Fixation
12.8659 	EXP 	Display Fixation
12.8826 	EXP 	Display Fixation
12.8993 	EXP 	Display Fixation
12.9158 	EXP 	Display Fixation
12.9326 	EXP 	Display Fixation
12.9494 	EXP 	Display Fixation
12.9660 	EXP 	Display Fixation
12.9826 	EXP 	Display Fixation
12.9992 	EXP 	Display Fixation
13.0160 	EXP 	Display Fixation
13.0328 	EXP 	Display Fixation
13.0495 	EXP 	Display Fixation
13.0661 	EXP 	Display Fixation
13.0826 	EXP 	Display Fixation
13.0996 	EXP 	Display Fixation
13.1168 	EXP 	Display Fixation
13.1328 	EXP 	Display Fixation
13.1497 	EXP 	Display Fixation
13.1672 	EXP 	Display Fixation
13.1835 	EXP 	Display Fixation
13.1996 	EXP 	Display Fixation
13.2162 	EXP 	Display Fixation
13.2330 	EXP 	Display Fixation
13.2500 	EXP 	Display Fixation
13.2664 	EXP 	Display Fixation
13.2828 	EXP 	Display Fixation
13.2995 	EXP 	Display Fixation
13.3160 	EXP 	Display Fixation
13.3326 	EXP 	Display Fixation
13.3494 	EXP 	Display Fixation
13.3668 	EXP 	Display Fixation
13.3828 	EXP 	Display Fixation
13.3993 	EXP 	Display Fixation
13.4161 	EXP 	Display Fixation
13.4335 	EXP 	Display Fixation
13.4502 	EXP 	Display Fixation
13.4666 	EXP 	Display Fixation
13.4830 	EXP 	Display Fixation
13.4994 	EXP 	Display Fixation
13.5163 	EXP 	Display Fixation
13.5334 	EXP 	Display Fixation
13.5495 	EXP 	Display Fixation
13.5662 	EXP 	Display Fixation
13.5840 	EXP 	Display Fixation
13.6001 	EXP 	Display Fixation
13.6162 	EXP 	Display Fixation
13.6341 	EXP 	Display Fixation
13.6501 	EXP 	Display Fixation
13.6661 	EXP 	Display Fixation
13.6832 	EXP 	Display Fixation
13.7005 	EXP 	Display Fixation
13.7169 	EXP 	Display Fixation
13.7335 	EXP 	Display Fixation
13.7495 	EXP 	Display Fixation
13.7672 	EXP 	Display Fixation
13.7835 	EXP 	Display Fixation
13.7994 	EXP 	Display Fixation
13.8163 	EXP 	Display Fixation
13.8336 	EXP 	Display Fixation
13.8501 	EXP 	Display Fixation
13.8661 	EXP 	Display Fixation
13.8835 	EXP 	Display Fixation
13.8995 	EXP 	Display Fixation
13.9170 	EXP 	Display Fixation
13.9334 	EXP 	Display Fixation
13.9494 	EXP 	Display Fixation
13.9662 	EXP 	Display Fixation
13.9838 	EXP 	Display Fixation
14.0001 	EXP 	Display Fixation
14.0161 	EXP 	Display Fixation
14.0340 	EXP 	Display Fixation
14.0502 	EXP 	Display Fixation
14.0662 	EXP 	Display Fixation
14.0833 	EXP 	Display Fixation
14.0995 	EXP 	Display Fixation
14.1164 	EXP 	Display Fixation
14.1330 	EXP 	Display Fixation
14.1495 	EXP 	Display Fixation
14.1661 	EXP 	Display Fixation
14.1828 	EXP 	Display Fixation
14.1999 	EXP 	Display Fixation
14.2168 	EXP 	Display Fixation
14.2338 	EXP 	Display Fixation
14.2498 	EXP 	Display Fixation
14.2658 	EXP 	Display Fixation
14.2826 	EXP 	Display Fixation
14.3005 	EXP 	Display Fixation
14.3169 	EXP 	Display Fixation
14.3334 	EXP 	Display Fixation
14.3494 	EXP 	Display Fixation
14.3673 	EXP 	Display Fixation
14.3834 	EXP 	Display Fixation
14.3994 	EXP 	Display Fixation
14.4162 	EXP 	Display Fixation
14.4337 	EXP 	Display Fixation
14.4501 	EXP 	Display Fixation
14.4660 	EXP 	Display Fixation
14.4839 	EXP 	Display Fixation
14.5001 	EXP 	Display Fixation
14.5164 	EXP 	Display Fixation
14.5328 	EXP 	Display Fixation
14.5506 	EXP 	Display Fixation
14.5667 	EXP 	Display Fixation
14.5828 	EXP 	Display Fixation
14.5996 	EXP 	Display Fixation
14.6172 	EXP 	Display Fixation
14.6333 	EXP 	Display Fixation
14.6493 	EXP 	Display Fixation
14.6662 	EXP 	Display Fixation
14.6839 	EXP 	Display Fixation
14.7002 	EXP 	Display Fixation
14.7168 	EXP 	Display Fixation
14.7328 	EXP 	Display Fixation
14.7504 	EXP 	Display Fixation
14.7666 	EXP 	Display Fixation
14.7828 	EXP 	Display Fixation
14.7994 	EXP 	Display Fixation
14.8167 	EXP 	Display Fixation
14.8329 	EXP 	Display Fixation
14.8503 	EXP 	Display Fixation
14.8667 	EXP 	Display Fixation
14.8827 	EXP 	Display Fixation
14.9006 	EXP 	Display Fixation
14.9168 	EXP 	Display Fixation
14.9330 	EXP 	Display Fixation
14.9503 	EXP 	Display Fixation
14.9661 	EXP 	Display Fixation
14.9828 	EXP 	Display Fixation
15.0006 	EXP 	Display Fixation
15.0168 	EXP 	Display Fixation
15.0328 	EXP 	Display Fixation
15.0497 	EXP 	Display Fixation
15.0673 	EXP 	Display Fixation
15.0834 	EXP 	Display Fixation
15.1000 	EXP 	Display Fixation
15.1161 	EXP 	Display Fixation
15.1341 	EXP 	Display Fixation
15.1501 	EXP 	Display Fixation
15.1661 	EXP 	Display Fixation
15.1839 	EXP 	Display Fixation
15.2001 	EXP 	Display Fixation
15.2161 	EXP 	Display Fixation
15.2328 	EXP 	Display Fixation
15.2503 	EXP 	Display Fixation
15.2667 	EXP 	Display Fixation
15.2829 	EXP 	Display Fixation
15.3004 	EXP 	Display Fixation
15.3167 	EXP 	Display Fixation
15.3328 	EXP 	Display Fixation
15.3505 	EXP 	Display Fixation
15.3666 	EXP 	Display Fixation
15.3830 	EXP 	Display Fixation
15.3995 	EXP 	Display Fixation
15.4162 	EXP 	Display Fixation
15.4331 	EXP 	Display Fixation
15.4495 	EXP 	Display Fixation
15.4659 	EXP 	Display Fixation
15.4827 	EXP 	Display Fixation
15.4996 	EXP 	Display Fixation
15.5165 	EXP 	Display Fixation
15.5326 	EXP 	Display Fixation
15.5503 	EXP 	Display Fixation
15.5662 	EXP 	Display Fixation
15.5829 	EXP 	Display Fixation
15.5994 	EXP 	Display Fixation
15.6161 	EXP 	Display Fixation
15.6328 	EXP 	Display Fixation
15.6498 	EXP 	Display Fixation
15.6661 	EXP 	Display Fixation
15.6826 	EXP 	Display Fixation
15.6993 	EXP 	Display Fixation
15.7160 	EXP 	Display Fixation
15.7327 	EXP 	Display Fixation
15.7495 	EXP 	Display Fixation
15.7661 	EXP 	Display Fixation
15.7826 	EXP 	Display Fixation
15.7996 	EXP 	Display Fixation
15.8169 	EXP 	Display Fixation
15.8329 	EXP 	Display Fixation
15.8495 	EXP 	Display Fixation
15.8661 	EXP 	Display Fixation
15.8828 	EXP 	Display Fixation
15.9005 	EXP 	Display Fixation
15.9168 	EXP 	Display Fixation
15.9328 	EXP 	Display Fixation
15.9496 	EXP 	Display Fixation
15.9662 	EXP 	Display Fixation
15.9840 	EXP 	Display Fixation
16.0002 	EXP 	Display Fixation
16.0162 	EXP 	Display Fixation
16.0341 	EXP 	Display Fixation
16.0506 	EXP 	Display Fixation
16.0670 	EXP 	Display Fixation
16.0830 	EXP 	Display Fixation
16.0996 	EXP 	Display Fixation
16.1163 	EXP 	Display Fixation
16.1340 	EXP 	Display Fixation
16.1505 	EXP 	Display Fixation
16.1671 	EXP 	Display Fixation
16.1829 	EXP 	Display Fixation
16.1995 	EXP 	Display Fixation
16.2283 	EXP 	ImageStimulus: image = 'Faces/neutral/No Emotion_Front_Woman6.png'
16.2283 	EXP 	ImageStimulus: size = [0.8, 0.8]
16.2283 	EXP 	Display Faces/neutral/No Emotion_Front_Woman6.png
16.6939 	EXP 	Display Fixation
16.6958 	EXP 	Display Fixation
16.6977 	EXP 	Display Fixation
16.7004 	EXP 	Display Fixation
16.7153 	EXP 	Display Fixation
16.7319 	EXP 	Display Fixation
16.7497 	EXP 	Display Fixation
16.7661 	EXP 	Display Fixation
16.7826 	EXP 	Display Fixation
16.7993 	EXP 	Display Fixation
16.8157 	EXP 	Display Fixation
16.8326 	EXP 	Display Fixation
16.8496 	EXP 	Display Fixation
16.8662 	EXP 	Display Fixation
16.8826 	EXP 	Display Fixation
16.8994 	EXP 	Display Fixation
16.9159 	EXP 	Display Fixation
16.9326 	EXP 	Display Fixation
16.9493 	EXP 	Display Fixation
16.9661 	EXP 	Display Fixation
16.9826 	EXP 	Display Fixation
16.9993 	EXP 	Display Fixation
17.0162 	EXP 	Display Fixation
17.0328 	EXP 	Display Fixation
17.0493 	EXP 	Display Fixation
17.0662 	EXP 	Display Fixation
17.0831 	EXP 	Display Fixation
17.0994 	EXP 	Display Fixation
17.1162 	EXP 	Display Fixation
17.1328 	EXP 	Display Fixation
17.1492 	EXP 	Display Fixation
17.1662 	EXP 	Display Fixation
17.1834 	EXP 	Display Fixation
17.1995 	EXP 	Display Fixation
17.2162 	EXP 	Display Fixation
17.2329 	EXP 	Display Fixation
17.2505 	EXP 	Display Fixation
17.2667 	EXP 	Display Fixation
17.2829 	EXP 	Display Fixation
17.2994 	EXP 	Display Fixation
17.3162 	EXP 	Display Fixation
17.3329 	EXP 	Display Fixation
17.3506 	EXP 	Display Fixation
17.3671 	EXP 	Display Fixation
17.3834 	EXP 	Display Fixation
17.3994 	EXP 	Display Fixation
17.4171 	EXP 	Display Fixation
17.4338 	EXP 	Display Fixation
17.4497 	EXP 	Display Fixation
17.4661 	EXP 	Display Fixation
17.4827 	EXP 	Display Fixation
17.4999 	EXP 	Display Fixation
17.5173 	EXP 	Display Fixation
17.5335 	EXP 	Display Fixation
17.5497 	EXP 	Display Fixation
17.5662 	EXP 	Display Fixation
17.5831 	EXP 	Display Fixation
17.6001 	EXP 	Display Fixation
17.6162 	EXP 	Display Fixation
17.6332 	EXP 	Display Fixation
17.6501 	EXP 	Display Fixation
17.6662 	EXP 	Display Fixation
17.6828 	EXP 	Display Fixation
17.6995 	EXP 	Display Fixation
17.7161 	EXP 	Display Fixation
17.7339 	EXP 	Display Fixation
17.7502 	EXP 	Display Fixation
17.7662 	EXP 	Display Fixation
17.7834 	EXP 	Display Fixation
17.7999 	EXP 	Display Fixation
17.8168 	EXP 	Display Fixation
17.8328 	EXP 	Display Fixation
17.8495 	EXP 	Display Fixation
17.8662 	EXP 	Display Fixation
17.8834 	EXP 	Display Fixation
17.8995 	EXP 	Display Fixation
17.9172 	EXP 	Display Fixation
17.9334 	EXP 	Display Fixation
17.9493 	EXP 	Display Fixation
17.9662 	EXP 	Display Fixation
17.9835 	EXP 	Display Fixation
18.0001 	EXP 	Display Fixation
18.0162 	EXP 	Display Fixation
18.0340 	EXP 	Display Fixation
18.0503 	EXP 	Display Fixation
18.0662 	EXP 	Display Fixation
18.0829 	EXP 	Display Fixation
18.1000 	EXP 	Display Fixation
18.1162 	EXP 	Display Fixation
18.1330 	EXP 	Display Fixation
18.1501 	EXP 	Display Fixation
18.1668 	EXP 	Display Fixation
18.1828 	EXP 	Display Fixation
18.2002 	EXP 	Display Fixation
18.2162 	EXP 	Display Fixation
18.2340 	EXP 	Display Fixation
18.2503 	EXP 	Display Fixation
18.2668 	EXP 	Display Fixation
18.2833 	EXP 	Display Fixation
18.2995 	EXP 	Display Fixation
18.3163 	EXP 	Display Fixation
18.3331 	EXP 	Display Fixation
18.3495 	EXP 	Display Fixation
18.3661 	EXP 	Display Fixation
18.3827 	EXP 	Display Fixation
18.3996 	EXP 	Display Fixation
18.4168 	EXP 	Display Fixation
18.4338 	EXP 	Display Fixation
18.4503 	EXP 	Display Fixation
18.4671 	EXP 	Display Fixation
18.4832 	EXP 	Display Fixation
18.4994 	EXP 	Display Fixation
18.5161 	EXP 	Display Fixation
18.5332 	EXP 	Display Fixation
18.5500 	EXP 	Display Fixation
18.5664 	EXP 	Display Fixation
18.5841 	EXP 	Display Fixation
18.6001 	EXP 	Display Fixation
18.6162 	EXP 	Display Fixation
18.6330 	EXP 	Display Fixation
18.6500 	EXP 	Display Fixation
18.6670 	EXP 	Display Fixation
18.6830 	EXP 	Display Fixation
18.6993 	EXP 	Display Fixation
18.7160 	EXP 	Display Fixation
18.7331 	EXP 	Display Fixation
18.7499 	EXP 	Display Fixation
18.7672 	EXP 	Display Fixation
18.7837 	EXP 	Display Fixation
18.8001 	EXP 	Display Fixation
18.8161 	EXP 	Display Fixation
18.8341 	EXP 	Display Fixation
18.8503 	EXP 	Display Fixation
18.8668 	EXP 	Display Fixation
18.8829 	EXP 	Display Fixation
18.8995 	EXP 	Display Fixation
18.9170 	EXP 	Display Fixation
18.9334 	EXP 	Display Fixation
18.9495 	EXP 	Display Fixation
18.9664 	EXP 	Display Fixation
18.9833 	EXP 	Display Fixation
19.0000 	EXP 	Display Fixation
19.0160 	EXP 	Display Fixation
19.0329 	EXP 	Display Fixation
19.0501 	EXP 	Display Fixation
19.0662 	EXP 	Display Fixation
19.0835 	EXP 	Display Fixation
19.0998 	EXP 	Display Fixation
19.1163 	EXP 	Display Fixation
19.1340 	EXP 	Display Fixation
19.1501 	EXP 	Display Fixation
19.1662 	EXP 	Display Fixation
19.1830 	EXP 	Display Fixation
19.2004 	EXP 	Display Fixation
19.2167 	EXP 	Display Fixation
19.2330 	EXP 	Display Fixation
19.2505 	EXP 	Display Fixation
19.2668 	EXP 	Display Fixation
19.2829 	EXP 	Display Fixation
19.2999 	EXP 	Display Fixation
19.3164 	EXP 	Display Fixation
19.3339 	EXP 	Display Fixation
19.3502 	EXP 	Display Fixation
19.3662 	EXP 	Display Fixation
19.3839 	EXP 	Display Fixation
19.4002 	EXP 	Display Fixation
19.4161 	EXP 	Display Fixation
19.4331 	EXP 	Display Fixation
19.4505 	EXP 	Display Fixation
19.4669 	EXP 	Display Fixation
19.4829 	EXP 	Display Fixation
19.4994 	EXP 	Display Fixation
19.5167 	EXP 	Display Fixation
19.5331 	EXP 	Display Fixation
19.5504 	EXP 	Display Fixation
19.5667 	EXP 	Display Fixation
19.5828 	EXP 	Display Fixation
19.5993 	EXP 	Display Fixation
19.6162 	EXP 	Display Fixation
19.6339 	EXP 	Display Fixation
19.6503 	EXP 	Display Fixation
19.6671 	EXP 	Display Fixation
19.6829 	EXP 	Display Fixation
19.6995 	EXP 	Display Fixation
19.7175 	EXP 	Display Fixation
19.7335 	EXP 	Display Fixation
19.7494 	EXP 	Display Fixation
19.7662 	EXP 	Display Fixation
19.7827 	EXP 	Display Fixation
19.7993 	EXP 	Display Fixation
19.8160 	EXP 	Display Fixation
19.8330 	EXP 	Display Fixation
19.8496 	EXP 	Display Fixation
19.8669 	EXP 	Display Fixation
19.8829 	EXP 	Display Fixation
19.8993 	EXP 	Display Fixation
19.9162 	EXP 	Display Fixation
19.9332 	EXP 	Display Fixation
19.9498 	EXP 	Display Fixation
19.9780 	EXP 	ImageStimulus: image = 'Faces/neutral/Woman10_hat.png'
19.9780 	EXP 	ImageStimulus: size = [0.8, 0.8]
19.9780 	EXP 	Display Faces/neutral/Woman10_hat.png
20.4439 	EXP 	Display Fixation
20.4458 	EXP 	Display Fixation
20.4478 	EXP 	Display Fixation
20.4504 	EXP 	Display Fixation
20.4653 	EXP 	Display Fixation
20.4822 	EXP 	Display Fixation
20.4998 	EXP 	Display Fixation
20.5165 	EXP 	Display Fixation
20.5327 	EXP 	Display Fixation
20.5494 	EXP 	Display Fixation
20.5663 	EXP 	Display Fixation
20.5828 	EXP 	Display Fixation
20.5994 	EXP 	Display Fixation
20.6164 	EXP 	Display Fixation
20.6328 	EXP 	Display Fixation
20.6494 	EXP 	Display Fixation
20.6660 	EXP 	Display Fixation
20.6828 	EXP 	Display Fixation
20.6995 	EXP 	Display Fixation
20.7160 	EXP 	Display Fixation
20.7328 	EXP 	Display Fixation
20.7500 	EXP 	Display Fixation
20.7665 	EXP 	Display Fixation
20.7829 	EXP 	Display Fixation
20.7999 	EXP 	Display Fixation
20.8164 	EXP 	Display Fixation
20.8329 	EXP 	Display Fixation
20.8497 	EXP 	Display Fixation
20.8684 	EXP 	Display Fixation
20.8856 	EXP 	Display Fixation
20.8996 	EXP 	Display Fixation
20.9160 	EXP 	Display Fixation
20.9327 	EXP 	Display Fixation
20.9494 	EXP 	Display Fixation
20.9672 	EXP 	Display Fixation
20.9839 	EXP 	Display Fixation
20.9994 	EXP 	Display Fixation
21.0165 	EXP 	Display Fixation
21.0332 	EXP 	Display Fixation
21.0492 	EXP 	Display Fixation
21.0659 	EXP 	Display Fixation
21.0828 	EXP 	Display Fixation
21.0995 	EXP 	Display Fixation
21.1165 	EXP 	Display Fixation
21.1336 	EXP 	Display Fixation
21.1495 	EXP 	Display Fixation
21.1663 	EXP 	Display Fixation
21.1834 	EXP 	Display Fixation
21.1996 	EXP 	Display Fixation
21.2163 	EXP 	Display Fixation
21.2331 	EXP 	Display Fixation
21.2498 	EXP 	Display Fixation
21.2664 	EXP 	Display Fixation
21.2828 	EXP 	Display Fixation
21.2996 	EXP 	Display Fixation
21.3166 	EXP 	Display Fixation
21.3330 	EXP 	Display Fixation
21.3495 	EXP 	Display Fixation
21.3663 	EXP 	Display Fixation
21.3839 	EXP 	Display Fixation
21.4002 	EXP 	Display Fixation
21.4162 	EXP 	Display Fixation
21.4328 	EXP 	Display Fixation
21.4496 	EXP 	Display Fixation
21.4674 	EXP 	Display Fixation
21.4836 	EXP 	Display Fixation
21.4999 	EXP 	Display Fixation
21.5164 	EXP 	Display Fixation
21.5332 	EXP 	Display Fixation
21.5498 	EXP 	Display Fixation
21.5676 	EXP 	Display Fixation
21.5836 	EXP 	Display Fixation
21.5996 	EXP 	Display Fixation
21.6164 	EXP 	Display Fixation
21.6331 	EXP 	Display Fixation
21.6495 	EXP 	Display Fixation
21.6666 	EXP 	Display Fixation
21.6838 	EXP 	Display Fixation
21.7002 	EXP 	Display Fixation
21.7162 	EXP 	Display Fixation
21.7332 	EXP 	Display Fixation
21.7501 	EXP 	Display Fixation
21.7664 	EXP 	Display Fixation
21.7840 	EXP 	Display Fixation
21.8002 	EXP 	Display Fixation
21.8162 	EXP 	Display Fixation
21.8339 	EXP 	Display Fixation
21.8501 	EXP 	Display Fixation
21.8663 	EXP 	Display Fixation
21.8831 	EXP 	Display Fixation
21.9005 	EXP 	Display Fixation
21.9168 	EXP 	Display Fixation
21.9329 	EXP 	Display Fixation
21.9497 	EXP 	Display Fixation
21.9667 	EXP 	Display Fixation
21.9834 	EXP 	Display Fixation
21.9997 	EXP 	Display Fixation
22.0164 	EXP 	Display Fixation
22.0334 	EXP 	Display Fixation
22.0497 	EXP 	Display Fixation
22.0673 	EXP 	Display Fixation
22.0836 	EXP 	Display Fixation
22.0995 	EXP 	Display Fixation
22.1164 	EXP 	Display Fixation
22.1334 	EXP 	Display Fixation
22.1545 	EXP 	Display Fixation
22.1665 	EXP 	Display Fixation
22.1831 	EXP 	Display Fixation
22.1996 	EXP 	Display Fixation
22.2165 	EXP 	Display Fixation
22.2331 	EXP 	Display Fixation
22.2504 	EXP 	Display Fixation
22.2667 	EXP 	Display Fixation
22.2833 	EXP 	Display Fixation
22.2997 	EXP 	Display Fixation
22.3172 	EXP 	Display Fixation
22.3333 	EXP 	Display Fixation
22.3498 	EXP 	Display Fixation
22.3670 	EXP 	Display Fixation
22.3833 	EXP 	Display Fixation
22.3999 	EXP 	Display Fixation
22.4163 	EXP 	Display Fixation
22.4329 	EXP 	Display Fixation
22.4495 	EXP 	Display Fixation
22.4666 	EXP 	Display Fixation
22.4834 	EXP 	Display Fixation
22.4998 	EXP 	Display Fixation
22.5170 	EXP 	Display Fixation
22.5333 	EXP 	Display Fixation
22.5497 	EXP 	Display Fixation
22.5673 	EXP 	Display Fixation
22.5840 	EXP 	Display Fixation
22.5996 	EXP 	Display Fixation
22.6163 	EXP 	Display Fixation
22.6328 	EXP 	Display Fixation
22.6497 	EXP 	Display Fixation
22.6662 	EXP 	Display Fixation
22.6830 	EXP 	Display Fixation
22.6997 	EXP 	Display Fixation
22.7163 	EXP 	Display Fixation
22.7329 	EXP 	Display Fixation
22.7500 	EXP 	Display Fixation
22.7663 	EXP 	Display Fixation
22.7828 	EXP 	Display Fixation
22.8003 	EXP 	Display Fixation
22.8167 	EXP 	Display Fixation
22.8336 	EXP 	Display Fixation
22.8497 	EXP 	Display Fixation
22.8674 	EXP 	Display Fixation
22.8835 	EXP 	Display Fixation
22.8995 	EXP 	Display Fixation
22.9163 	EXP 	Display Fixation
22.9338 	EXP 	Display Fixation
22.9502 	EXP 	Display Fixation
22.9663 	EXP 	Display Fixation
22.9840 	EXP 	Display Fixation
23.0002 	EXP 	Display Fixation
23.0163 	EXP 	Display Fixation
23.0339 	EXP 	Display Fixation
23.0505 	EXP 	Display Fixation
23.0668 	EXP 	Display Fixation
23.0828 	EXP 	Display Fixation
23.1007 	EXP 	Display Fixation
23.1169 	EXP 	Display Fixation
23.1329 	EXP 	Display Fixation
23.1507 	EXP 	Display Fixation
23.1668 	EXP 	Display Fixation
23.1829 	EXP 	Display Fixation
23.1994 	EXP 	Display Fixation
23.1994 	EXP 	--- END EXPERIMENT ---
23.2175 	EXP 	topMsg: text = "That's the end! "
23.2175 	EXP 	bottomMsg: text = "Press 'q' or 'escape' to end the session."
23.2175 	EXP 	Display TheEnd
23.9927 	DATA 	Keypress: escape
26.8560 	EXP 	number of targets counted: 
26.8728 	EXP 	win: mouseVisible = True
