1.0243 	WARNING 	We strongly recommend you activate the PTB sound engine in PsychoPy prefs as the preferred audio engine. Its timing is vastly superior. Your prefs are currently set to use ['sounddevice', 'PTB', 'pyo', 'pygame'] (in that order).
6.6028 	INFO 	---START PARAMETERS---
6.6028 	INFO 	filename: SampleExperiment_d1-1-48-Nov_01_1649
6.6029 	INFO 	subject: 1
6.6029 	INFO 	session: 48
6.6029 	INFO 	date: Nov_01_1649
6.6029 	INFO 	ISI: 1.75
6.6029 	INFO 	choices: [1, 2, 3]
6.6029 	INFO 	fixCrossPos: [0, 0]
6.6029 	INFO 	fixCrossSize: 0.1
6.6030 	INFO 	fullScreen: True
6.6030 	INFO 	imageDir_neutral: Faces/neutral/
6.6030 	INFO 	imageDir_social: Faces/social/
6.6030 	INFO 	imageDir_threat: Faces/threat/
6.6030 	INFO 	imageSize: [0.8, 0.8]
6.6030 	INFO 	imageSuffix: .png
6.6030 	INFO 	nTrials: 3
6.6030 	INFO 	postStimDur: 1.0
6.6035 	INFO 	preStimDur: [0.5 0.6 0.7 0.8 0.9 1.  1.1 1.2 1.3 1.4 1.5 1.6 1.7 1.8 1.9]
6.6036 	INFO 	promptDir: Text/
6.6036 	INFO 	promptFile_neutral: NeutralPrompts.csv
6.6036 	INFO 	promptFile_social: SocialPrompts.csv
6.6036 	INFO 	promptFile_threat: ThreatPrompts.csv
6.6036 	INFO 	promptImageSize: [1.2, 0.3]
6.6036 	INFO 	respAdvances: True
6.6036 	INFO 	respKeys: ['r', 'b', 'y', 'g']
6.6036 	INFO 	screenColor: (128, 128, 128)
6.6037 	INFO 	screenToShow: 0
6.6037 	INFO 	skipPrompts: False
6.6037 	INFO 	stimDur: 0.5
6.6037 	INFO 	tStartup: 1
6.6037 	INFO 	triggerKey: t
6.6037 	INFO 	---END PARAMETERS---
6.9970 	INFO 	Loaded monitor calibration from ['2021_02_22 10:21']
6.9998 	WARNING 	User requested fullscreen with size [800 600], but screen is actually [1920, 1080]. Using actual size
7.6035 	EXP 	Created win = Window(allowGUI=False, allowStencil=False, autoLog=True, backendConf=UNKNOWN, bitsMode=UNKNOWN, blendMode='avg', bpc=(8, 8, 8), color=array([128, 128, 128]), colorSpace='rgb255', depthBits=8, fullscr=<method-wrapper '__getattribute__' of attributeSetter object at 0x7fdb52fdfc50>, gamma=None, gammaErrorPolicy='raise', lms=UNKNOWN, monitor=<psychopy.monitors.calibTools.Monitor object at 0x7fdb703a7630>, multiSample=False, name='win', numSamples=2, pos=[0.0, 0.0], screen=0, size=array([1920, 1080]), stencilBits=0, stereo=False, units='height', useFBO=False, useRetina=False, viewOri=0.0, viewPos=None, viewScale=None, waitBlanking=True, winType='pyglet')
7.6037 	EXP 	win: mouseVisible = True
7.6066 	EXP 	Created fixCross = ShapeStim(__class__=<class 'psychopy.visual.shape.ShapeStim'>, autoDraw=False, autoLog=True, closeShape=False, color=method-wrapper(...), colorSpace='rgb', contrast=None, depth=0, fillColor=array([0, 0, 0]), fillColorSpace='rgb', fillRGB=UNKNOWN, interpolate=True, lineColor=array([-1., -1., -1.]), lineColorSpace='rgb', lineRGB=UNKNOWN, lineWidth=3.0, name='fixCross', opacity=1.0, ori=0.0, pos=array([0., 0.]), size=array([1., 1.]), units='height', vertices=ndarray(...), win=Window(...), windingRule=None)
7.6069 	WARNING 	TextStim.alignHoriz is deprecated. Use alignText and anchorHoriz attributes instead
7.6344 	EXP 	Created topMsg = TextStim(__class__=<class 'psychopy.visual.text.TextStim'>, alignHoriz='center', alignText='center', alignVert=method-wrapper(...), anchorHoriz='center', anchorVert='center', antialias=True, autoLog=True, bold=False, color=array([-1., -1., -1.]), colorSpace='rgb', contrast=1.0, depth=0, flipHoriz=False, flipVert=False, font='', fontFiles=[], height=0.1, italic=False, languageStyle='LTR', name='topMsg', opacity=1.0, ori=0.0, pos=array([0. , 0.5]), rgb=UNKNOWN, text='aaa', units='norm', win=Window(...), wrapWidth=1.5)
7.6345 	WARNING 	TextStim.alignHoriz is deprecated. Use alignText and anchorHoriz attributes instead
7.6365 	EXP 	Created bottomMsg = TextStim(__class__=<class 'psychopy.visual.text.TextStim'>, alignHoriz='center', alignText='center', alignVert=method-wrapper(...), anchorHoriz='center', anchorVert='center', antialias=True, autoLog=True, bold=False, color=array([-1., -1., -1.]), colorSpace='rgb', contrast=1.0, depth=0, flipHoriz=False, flipVert=False, font='', fontFiles=[], height=0.1, italic=False, languageStyle='LTR', name='bottomMsg', opacity=1.0, ori=0.0, pos=array([ 0. , -0.5]), rgb=UNKNOWN, text='bbb', units='norm', win=Window(...), wrapWidth=1.5)
7.6806 	EXP 	Created ImageStimulus = ImageStim(__class__=<class 'psychopy.visual.image.ImageStim'>, autoLog=True, color=array([1., 1., 1.]), colorSpace='rgb', contrast=1.0, depth=0, flipHoriz=False, flipVert=False, image='Faces/neutral/Man6_hat.png', interpolate=False, mask=None, maskParams=None, name='ImageStimulus', opacity=1, ori=0.0, pos=array([0., 0.]), size=array([0.46296296, 0.46296296]), texRes=128, units='height', win=Window(...))
7.7164 	EXP 	topMsg: text = 'In this task, you will see images briefly flashed on the screen. Your job is to count the images in a “target” category and ignore the others. At the end, we will ask you how many target images you saw.'
7.7164 	EXP 	bottomMsg: text = 'In this run, please count all the faces with hats. (Press ENTER to continue.)'
7.7164 	EXP 	Display Instructions1
8.5191 	DATA 	Keypress: return
8.5500 	EXP 	topMsg: text = 'Here are some examples of faces with hats (left) and no hats (right).'
8.5500 	EXP 	bottomMsg: text = 'Just before and after each image, there will be a cross in the middle of the screen. Please look directly at the cross and try not to blink during this period. (Press ENTER to continue.)'
8.5500 	EXP 	ImageStimulus: size = array([1.1787037 , 0.25555556])
8.5500 	EXP 	ImageStimulus: image = 'Faces/sample_images/sample_neutral.png'
8.5500 	EXP 	ImageStimulus: size = [1.2, 0.3]
8.5500 	EXP 	Display Instructions2
9.7429 	DATA 	Keypress: return
9.7560 	EXP 	topMsg: text = 'If you have any questions, please ask the experimenter now.'
9.7560 	EXP 	bottomMsg: text = 'WHEN YOU ARE READY TO BEGIN, press any button.'
9.7560 	EXP 	Display Instructions3
10.9148 	DATA 	Keypress: space
10.9244 	EXP 	topMsg: text = 'Waiting for scanner to start...'
10.9244 	EXP 	bottomMsg: text = "(Press 'T' to override.)"
10.9244 	EXP 	Display WaitingForScanner
11.6514 	DATA 	Keypress: t
11.6516 	EXP 	---START EXPERIMENT---
11.6571 	EXP 	Display Fixation
11.6592 	EXP 	Display Fixation
11.6609 	EXP 	Display Fixation
11.6624 	EXP 	Display Fixation
11.6637 	EXP 	Display Fixation
11.6652 	EXP 	Display Fixation
11.6680 	EXP 	Display Fixation
11.6864 	EXP 	Display Fixation
11.7028 	EXP 	Display Fixation
11.7189 	EXP 	Display Fixation
11.7352 	EXP 	Display Fixation
11.7521 	EXP 	Display Fixation
11.7689 	EXP 	Display Fixation
11.7854 	EXP 	Display Fixation
11.8021 	EXP 	Display Fixation
11.8189 	EXP 	Display Fixation
11.8355 	EXP 	Display Fixation
11.8524 	EXP 	Display Fixation
11.8695 	EXP 	Display Fixation
11.8856 	EXP 	Display Fixation
11.9047 	EXP 	Display Fixation
11.9187 	EXP 	Display Fixation
11.9356 	EXP 	Display Fixation
11.9521 	EXP 	Display Fixation
11.9691 	EXP 	Display Fixation
11.9861 	EXP 	Display Fixation
12.0022 	EXP 	Display Fixation
12.0190 	EXP 	Display Fixation
12.0355 	EXP 	Display Fixation
12.0533 	EXP 	Display Fixation
12.0695 	EXP 	Display Fixation
12.0856 	EXP 	Display Fixation
12.1020 	EXP 	Display Fixation
12.1191 	EXP 	Display Fixation
12.1355 	EXP 	Display Fixation
12.1518 	EXP 	Display Fixation
12.1696 	EXP 	Display Fixation
12.1858 	EXP 	Display Fixation
12.2025 	EXP 	Display Fixation
12.2190 	EXP 	Display Fixation
12.2357 	EXP 	Display Fixation
12.2521 	EXP 	Display Fixation
12.2687 	EXP 	Display Fixation
12.2861 	EXP 	Display Fixation
12.3026 	EXP 	Display Fixation
12.3189 	EXP 	Display Fixation
12.3356 	EXP 	Display Fixation
12.3524 	EXP 	Display Fixation
12.3693 	EXP 	Display Fixation
12.3856 	EXP 	Display Fixation
12.4022 	EXP 	Display Fixation
12.4187 	EXP 	Display Fixation
12.4357 	EXP 	Display Fixation
12.4523 	EXP 	Display Fixation
12.4688 	EXP 	Display Fixation
12.4856 	EXP 	Display Fixation
12.5020 	EXP 	Display Fixation
12.5191 	EXP 	Display Fixation
12.5353 	EXP 	Display Fixation
12.5521 	EXP 	Display Fixation
12.5687 	EXP 	Display Fixation
12.5855 	EXP 	Display Fixation
12.6022 	EXP 	Display Fixation
12.6192 	EXP 	Display Fixation
12.6360 	EXP 	Display Fixation
12.6526 	EXP 	Display Fixation
12.6689 	EXP 	Display Fixation
12.6855 	EXP 	Display Fixation
12.7023 	EXP 	Display Fixation
12.7189 	EXP 	Display Fixation
12.7355 	EXP 	Display Fixation
12.7522 	EXP 	Display Fixation
12.7689 	EXP 	Display Fixation
12.7861 	EXP 	Display Fixation
12.8032 	EXP 	Display Fixation
12.8190 	EXP 	Display Fixation
12.8361 	EXP 	Display Fixation
12.8525 	EXP 	Display Fixation
12.8689 	EXP 	Display Fixation
12.8856 	EXP 	Display Fixation
12.9023 	EXP 	Display Fixation
12.9188 	EXP 	Display Fixation
12.9354 	EXP 	Display Fixation
12.9523 	EXP 	Display Fixation
12.9688 	EXP 	Display Fixation
12.9855 	EXP 	Display Fixation
13.0022 	EXP 	Display Fixation
13.0189 	EXP 	Display Fixation
13.0356 	EXP 	Display Fixation
13.0524 	EXP 	Display Fixation
13.0694 	EXP 	Display Fixation
13.0865 	EXP 	Display Fixation
13.1026 	EXP 	Display Fixation
13.1189 	EXP 	Display Fixation
13.1356 	EXP 	Display Fixation
13.1522 	EXP 	Display Fixation
13.1689 	EXP 	Display Fixation
13.1856 	EXP 	Display Fixation
13.2025 	EXP 	Display Fixation
13.2189 	EXP 	Display Fixation
13.2355 	EXP 	Display Fixation
13.2523 	EXP 	Display Fixation
13.2689 	EXP 	Display Fixation
13.2857 	EXP 	Display Fixation
13.3022 	EXP 	Display Fixation
13.3194 	EXP 	Display Fixation
13.3356 	EXP 	Display Fixation
13.3523 	EXP 	Display Fixation
13.3690 	EXP 	Display Fixation
13.3855 	EXP 	Display Fixation
13.4023 	EXP 	Display Fixation
13.4188 	EXP 	Display Fixation
13.4356 	EXP 	Display Fixation
13.4522 	EXP 	Display Fixation
13.4688 	EXP 	Display Fixation
13.4861 	EXP 	Display Fixation
13.5021 	EXP 	Display Fixation
13.5189 	EXP 	Display Fixation
13.5355 	EXP 	Display Fixation
13.5520 	EXP 	Display Fixation
13.5689 	EXP 	Display Fixation
13.5857 	EXP 	Display Fixation
13.6025 	EXP 	Display Fixation
13.6191 	EXP 	Display Fixation
13.6363 	EXP 	Display Fixation
13.6526 	EXP 	Display Fixation
13.6688 	EXP 	Display Fixation
13.6859 	EXP 	Display Fixation
13.7023 	EXP 	Display Fixation
13.7189 	EXP 	Display Fixation
13.7356 	EXP 	Display Fixation
13.7524 	EXP 	Display Fixation
13.7688 	EXP 	Display Fixation
13.7855 	EXP 	Display Fixation
13.8025 	EXP 	Display Fixation
13.8190 	EXP 	Display Fixation
13.8360 	EXP 	Display Fixation
13.8524 	EXP 	Display Fixation
13.8691 	EXP 	Display Fixation
13.8858 	EXP 	Display Fixation
13.9033 	EXP 	Display Fixation
13.9190 	EXP 	Display Fixation
13.9357 	EXP 	Display Fixation
13.9522 	EXP 	Display Fixation
13.9689 	EXP 	Display Fixation
13.9855 	EXP 	Display Fixation
14.0022 	EXP 	Display Fixation
14.0189 	EXP 	Display Fixation
14.0354 	EXP 	Display Fixation
14.0526 	EXP 	Display Fixation
14.0693 	EXP 	Display Fixation
14.0857 	EXP 	Display Fixation
14.1024 	EXP 	Display Fixation
14.1189 	EXP 	Display Fixation
14.1356 	EXP 	Display Fixation
14.1522 	EXP 	Display Fixation
14.1689 	EXP 	Display Fixation
14.1856 	EXP 	Display Fixation
14.2022 	EXP 	Display Fixation
14.2189 	EXP 	Display Fixation
14.2355 	EXP 	Display Fixation
14.2526 	EXP 	Display Fixation
14.2692 	EXP 	Display Fixation
14.2855 	EXP 	Display Fixation
14.3026 	EXP 	Display Fixation
14.3192 	EXP 	Display Fixation
14.3359 	EXP 	Display Fixation
14.3522 	EXP 	Display Fixation
14.3688 	EXP 	Display Fixation
14.3858 	EXP 	Display Fixation
14.4023 	EXP 	Display Fixation
14.4192 	EXP 	Display Fixation
14.4355 	EXP 	Display Fixation
14.4523 	EXP 	Display Fixation
14.4801 	EXP 	ImageStimulus: image = 'Faces/neutral/Man6_hat.png'
14.4801 	EXP 	ImageStimulus: size = [0.8, 0.8]
14.4801 	EXP 	Display Faces/neutral/Man6_hat.png
14.9532 	EXP 	Display Fixation
14.9546 	EXP 	Display Fixation
14.9560 	EXP 	Display Fixation
14.9573 	EXP 	Display Fixation
14.9585 	EXP 	Display Fixation
14.9597 	EXP 	Display Fixation
14.9609 	EXP 	Display Fixation
14.9621 	EXP 	Display Fixation
14.9633 	EXP 	Display Fixation
14.9646 	EXP 	Display Fixation
14.9658 	EXP 	Display Fixation
14.9688 	EXP 	Display Fixation
14.9862 	EXP 	Display Fixation
15.0025 	EXP 	Display Fixation
15.0190 	EXP 	Display Fixation
15.0361 	EXP 	Display Fixation
15.0528 	EXP 	Display Fixation
15.0692 	EXP 	Display Fixation
15.0861 	EXP 	Display Fixation
15.1020 	EXP 	Display Fixation
15.1188 	EXP 	Display Fixation
15.1361 	EXP 	Display Fixation
15.1529 	EXP 	Display Fixation
15.1686 	EXP 	Display Fixation
15.1853 	EXP 	Display Fixation
15.2022 	EXP 	Display Fixation
15.2188 	EXP 	Display Fixation
15.2355 	EXP 	Display Fixation
15.2520 	EXP 	Display Fixation
15.2688 	EXP 	Display Fixation
15.2855 	EXP 	Display Fixation
15.3022 	EXP 	Display Fixation
15.3189 	EXP 	Display Fixation
15.3359 	EXP 	Display Fixation
15.3524 	EXP 	Display Fixation
15.3689 	EXP 	Display Fixation
15.3856 	EXP 	Display Fixation
15.4026 	EXP 	Display Fixation
15.4189 	EXP 	Display Fixation
15.4356 	EXP 	Display Fixation
15.4521 	EXP 	Display Fixation
15.4687 	EXP 	Display Fixation
15.4856 	EXP 	Display Fixation
15.5023 	EXP 	Display Fixation
15.5190 	EXP 	Display Fixation
15.5357 	EXP 	Display Fixation
15.5524 	EXP 	Display Fixation
15.5689 	EXP 	Display Fixation
15.5856 	EXP 	Display Fixation
15.6022 	EXP 	Display Fixation
15.6191 	EXP 	Display Fixation
15.6358 	EXP 	Display Fixation
15.6528 	EXP 	Display Fixation
15.6694 	EXP 	Display Fixation
15.6860 	EXP 	Display Fixation
15.7023 	EXP 	Display Fixation
15.7193 	EXP 	Display Fixation
15.7358 	EXP 	Display Fixation
15.7521 	EXP 	Display Fixation
15.7692 	EXP 	Display Fixation
15.7858 	EXP 	Display Fixation
15.8021 	EXP 	Display Fixation
15.8190 	EXP 	Display Fixation
15.8355 	EXP 	Display Fixation
15.8531 	EXP 	Display Fixation
15.8690 	EXP 	Display Fixation
15.8856 	EXP 	Display Fixation
15.9021 	EXP 	Display Fixation
15.9188 	EXP 	Display Fixation
15.9355 	EXP 	Display Fixation
15.9522 	EXP 	Display Fixation
15.9692 	EXP 	Display Fixation
15.9865 	EXP 	Display Fixation
16.0031 	EXP 	Display Fixation
16.0193 	EXP 	Display Fixation
16.0354 	EXP 	Display Fixation
16.0524 	EXP 	Display Fixation
16.0692 	EXP 	Display Fixation
16.0857 	EXP 	Display Fixation
16.1022 	EXP 	Display Fixation
16.1191 	EXP 	Display Fixation
16.1356 	EXP 	Display Fixation
16.1525 	EXP 	Display Fixation
16.1693 	EXP 	Display Fixation
16.1855 	EXP 	Display Fixation
16.2025 	EXP 	Display Fixation
16.2190 	EXP 	Display Fixation
16.2355 	EXP 	Display Fixation
16.2523 	EXP 	Display Fixation
16.2691 	EXP 	Display Fixation
16.2856 	EXP 	Display Fixation
16.3023 	EXP 	Display Fixation
16.3188 	EXP 	Display Fixation
16.3356 	EXP 	Display Fixation
16.3521 	EXP 	Display Fixation
16.3688 	EXP 	Display Fixation
16.3858 	EXP 	Display Fixation
16.4024 	EXP 	Display Fixation
16.4189 	EXP 	Display Fixation
16.4356 	EXP 	Display Fixation
16.4523 	EXP 	Display Fixation
16.4687 	EXP 	Display Fixation
16.4856 	EXP 	Display Fixation
16.5023 	EXP 	Display Fixation
16.5190 	EXP 	Display Fixation
16.5356 	EXP 	Display Fixation
16.5523 	EXP 	Display Fixation
16.5687 	EXP 	Display Fixation
16.5856 	EXP 	Display Fixation
16.6023 	EXP 	Display Fixation
16.6190 	EXP 	Display Fixation
16.6354 	EXP 	Display Fixation
16.6523 	EXP 	Display Fixation
16.6688 	EXP 	Display Fixation
16.6855 	EXP 	Display Fixation
16.7021 	EXP 	Display Fixation
16.7188 	EXP 	Display Fixation
16.7355 	EXP 	Display Fixation
16.7522 	EXP 	Display Fixation
16.7690 	EXP 	Display Fixation
16.7857 	EXP 	Display Fixation
16.8021 	EXP 	Display Fixation
16.8186 	EXP 	Display Fixation
16.8358 	EXP 	Display Fixation
16.8522 	EXP 	Display Fixation
16.8689 	EXP 	Display Fixation
16.8856 	EXP 	Display Fixation
16.9024 	EXP 	Display Fixation
16.9188 	EXP 	Display Fixation
16.9358 	EXP 	Display Fixation
16.9523 	EXP 	Display Fixation
16.9689 	EXP 	Display Fixation
16.9856 	EXP 	Display Fixation
17.0022 	EXP 	Display Fixation
17.0187 	EXP 	Display Fixation
17.0358 	EXP 	Display Fixation
17.0520 	EXP 	Display Fixation
17.0691 	EXP 	Display Fixation
17.0856 	EXP 	Display Fixation
17.1022 	EXP 	Display Fixation
17.1189 	EXP 	Display Fixation
17.1355 	EXP 	Display Fixation
17.1523 	EXP 	Display Fixation
17.1690 	EXP 	Display Fixation
17.1855 	EXP 	Display Fixation
17.2023 	EXP 	Display Fixation
17.2191 	EXP 	Display Fixation
17.2356 	EXP 	Display Fixation
17.2521 	EXP 	Display Fixation
17.2691 	EXP 	Display Fixation
17.2857 	EXP 	Display Fixation
17.3023 	EXP 	Display Fixation
17.3190 	EXP 	Display Fixation
17.3359 	EXP 	Display Fixation
17.3524 	EXP 	Display Fixation
17.3692 	EXP 	Display Fixation
17.3857 	EXP 	Display Fixation
17.4026 	EXP 	Display Fixation
17.4190 	EXP 	Display Fixation
17.4356 	EXP 	Display Fixation
17.4522 	EXP 	Display Fixation
17.4688 	EXP 	Display Fixation
17.4856 	EXP 	Display Fixation
17.5022 	EXP 	Display Fixation
17.5189 	EXP 	Display Fixation
17.5357 	EXP 	Display Fixation
17.5524 	EXP 	Display Fixation
17.5688 	EXP 	Display Fixation
17.5856 	EXP 	Display Fixation
17.6021 	EXP 	Display Fixation
17.6189 	EXP 	Display Fixation
17.6356 	EXP 	Display Fixation
17.6524 	EXP 	Display Fixation
17.6689 	EXP 	Display Fixation
17.6857 	EXP 	Display Fixation
17.7027 	EXP 	Display Fixation
17.7191 	EXP 	Display Fixation
17.7358 	EXP 	Display Fixation
17.7522 	EXP 	Display Fixation
17.7687 	EXP 	Display Fixation
17.7853 	EXP 	Display Fixation
17.8026 	EXP 	Display Fixation
17.8190 	EXP 	Display Fixation
17.8356 	EXP 	Display Fixation
17.8524 	EXP 	Display Fixation
17.8690 	EXP 	Display Fixation
17.8858 	EXP 	Display Fixation
17.9025 	EXP 	Display Fixation
17.9190 	EXP 	Display Fixation
17.9357 	EXP 	Display Fixation
17.9523 	EXP 	Display Fixation
17.9690 	EXP 	Display Fixation
17.9856 	EXP 	Display Fixation
18.0027 	EXP 	Display Fixation
18.0193 	EXP 	Display Fixation
18.0355 	EXP 	Display Fixation
18.0526 	EXP 	Display Fixation
18.0689 	EXP 	Display Fixation
18.0856 	EXP 	Display Fixation
18.1028 	EXP 	Display Fixation
18.1200 	EXP 	Display Fixation
18.1354 	EXP 	Display Fixation
18.1526 	EXP 	Display Fixation
18.1694 	EXP 	Display Fixation
18.1855 	EXP 	Display Fixation
18.2022 	EXP 	Display Fixation
18.2189 	EXP 	Display Fixation
18.2356 	EXP 	Display Fixation
18.2523 	EXP 	Display Fixation
18.2690 	EXP 	Display Fixation
18.2860 	EXP 	Display Fixation
18.3025 	EXP 	Display Fixation
18.3188 	EXP 	Display Fixation
18.3356 	EXP 	Display Fixation
18.3523 	EXP 	Display Fixation
18.3690 	EXP 	Display Fixation
18.3856 	EXP 	Display Fixation
18.4023 	EXP 	Display Fixation
18.4190 	EXP 	Display Fixation
18.4357 	EXP 	Display Fixation
18.4525 	EXP 	Display Fixation
18.4691 	EXP 	Display Fixation
18.4857 	EXP 	Display Fixation
18.5022 	EXP 	Display Fixation
18.5189 	EXP 	Display Fixation
18.5359 	EXP 	Display Fixation
18.5522 	EXP 	Display Fixation
18.5690 	EXP 	Display Fixation
18.5857 	EXP 	Display Fixation
18.6023 	EXP 	Display Fixation
18.6189 	EXP 	Display Fixation
18.6356 	EXP 	Display Fixation
18.6525 	EXP 	Display Fixation
18.6692 	EXP 	Display Fixation
18.6859 	EXP 	Display Fixation
18.7023 	EXP 	Display Fixation
18.7190 	EXP 	Display Fixation
18.7358 	EXP 	Display Fixation
18.7521 	EXP 	Display Fixation
18.7688 	EXP 	Display Fixation
18.7857 	EXP 	Display Fixation
18.8022 	EXP 	Display Fixation
18.8191 	EXP 	Display Fixation
18.8358 	EXP 	Display Fixation
18.8530 	EXP 	Display Fixation
18.8692 	EXP 	Display Fixation
18.8857 	EXP 	Display Fixation
18.9024 	EXP 	Display Fixation
18.9191 	EXP 	Display Fixation
18.9361 	EXP 	Display Fixation
18.9524 	EXP 	Display Fixation
18.9689 	EXP 	Display Fixation
18.9857 	EXP 	Display Fixation
19.0023 	EXP 	Display Fixation
19.0188 	EXP 	Display Fixation
19.0356 	EXP 	Display Fixation
19.0524 	EXP 	Display Fixation
19.0689 	EXP 	Display Fixation
19.0856 	EXP 	Display Fixation
19.1025 	EXP 	Display Fixation
19.1201 	EXP 	Display Fixation
19.1365 	EXP 	Display Fixation
19.1524 	EXP 	Display Fixation
19.1691 	EXP 	Display Fixation
19.1856 	EXP 	Display Fixation
19.2020 	EXP 	Display Fixation
19.2185 	EXP 	Display Fixation
19.2361 	EXP 	Display Fixation
19.2526 	EXP 	Display Fixation
19.2689 	EXP 	Display Fixation
19.2857 	EXP 	Display Fixation
19.3024 	EXP 	Display Fixation
19.3189 	EXP 	Display Fixation
19.3357 	EXP 	Display Fixation
19.3524 	EXP 	Display Fixation
19.3688 	EXP 	Display Fixation
19.3858 	EXP 	Display Fixation
19.4022 	EXP 	Display Fixation
19.4286 	EXP 	ImageStimulus: image = 'Faces/neutral/No Emotion_Front_Man6.png'
19.4286 	EXP 	ImageStimulus: size = [0.8, 0.8]
19.4286 	EXP 	Display Faces/neutral/No Emotion_Front_Man6.png
19.9031 	EXP 	Display Fixation
19.9043 	EXP 	Display Fixation
19.9056 	EXP 	Display Fixation
19.9068 	EXP 	Display Fixation
19.9080 	EXP 	Display Fixation
19.9092 	EXP 	Display Fixation
19.9105 	EXP 	Display Fixation
19.9117 	EXP 	Display Fixation
19.9129 	EXP 	Display Fixation
19.9141 	EXP 	Display Fixation
19.9153 	EXP 	Display Fixation
19.9190 	EXP 	Display Fixation
19.9360 	EXP 	Display Fixation
19.9520 	EXP 	Display Fixation
19.9686 	EXP 	Display Fixation
19.9855 	EXP 	Display Fixation
20.0021 	EXP 	Display Fixation
20.0191 	EXP 	Display Fixation
20.0357 	EXP 	Display Fixation
20.0520 	EXP 	Display Fixation
20.0688 	EXP 	Display Fixation
20.0854 	EXP 	Display Fixation
20.1022 	EXP 	Display Fixation
20.1190 	EXP 	Display Fixation
20.1358 	EXP 	Display Fixation
20.1522 	EXP 	Display Fixation
20.1689 	EXP 	Display Fixation
20.1855 	EXP 	Display Fixation
20.2030 	EXP 	Display Fixation
20.2193 	EXP 	Display Fixation
20.2356 	EXP 	Display Fixation
20.2523 	EXP 	Display Fixation
20.2695 	EXP 	Display Fixation
20.2862 	EXP 	Display Fixation
20.3026 	EXP 	Display Fixation
20.3189 	EXP 	Display Fixation
20.3359 	EXP 	Display Fixation
20.3522 	EXP 	Display Fixation
20.3692 	EXP 	Display Fixation
20.3859 	EXP 	Display Fixation
20.4026 	EXP 	Display Fixation
20.4191 	EXP 	Display Fixation
20.4356 	EXP 	Display Fixation
20.4524 	EXP 	Display Fixation
20.4688 	EXP 	Display Fixation
20.4857 	EXP 	Display Fixation
20.5022 	EXP 	Display Fixation
20.5188 	EXP 	Display Fixation
20.5354 	EXP 	Display Fixation
20.5522 	EXP 	Display Fixation
20.5691 	EXP 	Display Fixation
20.5857 	EXP 	Display Fixation
20.6024 	EXP 	Display Fixation
20.6191 	EXP 	Display Fixation
20.6355 	EXP 	Display Fixation
20.6524 	EXP 	Display Fixation
20.6692 	EXP 	Display Fixation
20.6860 	EXP 	Display Fixation
20.7036 	EXP 	Display Fixation
20.7218 	EXP 	Display Fixation
20.7358 	EXP 	Display Fixation
20.7523 	EXP 	Display Fixation
20.7693 	EXP 	Display Fixation
20.7857 	EXP 	Display Fixation
20.8023 	EXP 	Display Fixation
20.8190 	EXP 	Display Fixation
20.8356 	EXP 	Display Fixation
20.8522 	EXP 	Display Fixation
20.8688 	EXP 	Display Fixation
20.8856 	EXP 	Display Fixation
20.9024 	EXP 	Display Fixation
20.9198 	EXP 	Display Fixation
20.9361 	EXP 	Display Fixation
20.9526 	EXP 	Display Fixation
20.9691 	EXP 	Display Fixation
20.9855 	EXP 	Display Fixation
21.0024 	EXP 	Display Fixation
21.0190 	EXP 	Display Fixation
21.0358 	EXP 	Display Fixation
21.0525 	EXP 	Display Fixation
21.0690 	EXP 	Display Fixation
21.0856 	EXP 	Display Fixation
21.1022 	EXP 	Display Fixation
21.1190 	EXP 	Display Fixation
21.1358 	EXP 	Display Fixation
21.1526 	EXP 	Display Fixation
21.1690 	EXP 	Display Fixation
21.1862 	EXP 	Display Fixation
21.2023 	EXP 	Display Fixation
21.2190 	EXP 	Display Fixation
21.2357 	EXP 	Display Fixation
21.2526 	EXP 	Display Fixation
21.2691 	EXP 	Display Fixation
21.2855 	EXP 	Display Fixation
21.3023 	EXP 	Display Fixation
21.3189 	EXP 	Display Fixation
21.3358 	EXP 	Display Fixation
21.3524 	EXP 	Display Fixation
21.3690 	EXP 	Display Fixation
21.3856 	EXP 	Display Fixation
21.4021 	EXP 	Display Fixation
21.4189 	EXP 	Display Fixation
21.4357 	EXP 	Display Fixation
21.4524 	EXP 	Display Fixation
21.4690 	EXP 	Display Fixation
21.4857 	EXP 	Display Fixation
21.5022 	EXP 	Display Fixation
21.5189 	EXP 	Display Fixation
21.5358 	EXP 	Display Fixation
21.5522 	EXP 	Display Fixation
21.5693 	EXP 	Display Fixation
21.5860 	EXP 	Display Fixation
21.6024 	EXP 	Display Fixation
21.6189 	EXP 	Display Fixation
21.6356 	EXP 	Display Fixation
21.6523 	EXP 	Display Fixation
21.6696 	EXP 	Display Fixation
21.6856 	EXP 	Display Fixation
21.7021 	EXP 	Display Fixation
21.7190 	EXP 	Display Fixation
21.7355 	EXP 	Display Fixation
21.7523 	EXP 	Display Fixation
21.7688 	EXP 	Display Fixation
21.7857 	EXP 	Display Fixation
21.8023 	EXP 	Display Fixation
21.8189 	EXP 	Display Fixation
21.8355 	EXP 	Display Fixation
21.8526 	EXP 	Display Fixation
21.8696 	EXP 	Display Fixation
21.8856 	EXP 	Display Fixation
21.9021 	EXP 	Display Fixation
21.9189 	EXP 	Display Fixation
21.9356 	EXP 	Display Fixation
21.9525 	EXP 	Display Fixation
21.9689 	EXP 	Display Fixation
21.9856 	EXP 	Display Fixation
22.0026 	EXP 	Display Fixation
22.0191 	EXP 	Display Fixation
22.0357 	EXP 	Display Fixation
22.0519 	EXP 	Display Fixation
22.0693 	EXP 	Display Fixation
22.0856 	EXP 	Display Fixation
22.1025 	EXP 	Display Fixation
22.1191 	EXP 	Display Fixation
22.1357 	EXP 	Display Fixation
22.1525 	EXP 	Display Fixation
22.1698 	EXP 	Display Fixation
22.1859 	EXP 	Display Fixation
22.2025 	EXP 	Display Fixation
22.2193 	EXP 	Display Fixation
22.2356 	EXP 	Display Fixation
22.2525 	EXP 	Display Fixation
22.2691 	EXP 	Display Fixation
22.2858 	EXP 	Display Fixation
22.3024 	EXP 	Display Fixation
22.3193 	EXP 	Display Fixation
22.3361 	EXP 	Display Fixation
22.3527 	EXP 	Display Fixation
22.3698 	EXP 	Display Fixation
22.3863 	EXP 	Display Fixation
22.4026 	EXP 	Display Fixation
22.4192 	EXP 	Display Fixation
22.4358 	EXP 	Display Fixation
22.4525 	EXP 	Display Fixation
22.4688 	EXP 	Display Fixation
22.4856 	EXP 	Display Fixation
22.5023 	EXP 	Display Fixation
22.5189 	EXP 	Display Fixation
22.5356 	EXP 	Display Fixation
22.5522 	EXP 	Display Fixation
22.5689 	EXP 	Display Fixation
22.5855 	EXP 	Display Fixation
22.6023 	EXP 	Display Fixation
22.6189 	EXP 	Display Fixation
22.6356 	EXP 	Display Fixation
22.6524 	EXP 	Display Fixation
22.6688 	EXP 	Display Fixation
22.6857 	EXP 	Display Fixation
22.7022 	EXP 	Display Fixation
22.7190 	EXP 	Display Fixation
22.7358 	EXP 	Display Fixation
22.7521 	EXP 	Display Fixation
22.7690 	EXP 	Display Fixation
22.7856 	EXP 	Display Fixation
22.8022 	EXP 	Display Fixation
22.8189 	EXP 	Display Fixation
22.8363 	EXP 	Display Fixation
22.8524 	EXP 	Display Fixation
22.8689 	EXP 	Display Fixation
22.8857 	EXP 	Display Fixation
22.9024 	EXP 	Display Fixation
22.9190 	EXP 	Display Fixation
22.9359 	EXP 	Display Fixation
22.9523 	EXP 	Display Fixation
22.9689 	EXP 	Display Fixation
22.9858 	EXP 	Display Fixation
23.0021 	EXP 	Display Fixation
23.0189 	EXP 	Display Fixation
23.0355 	EXP 	Display Fixation
23.0526 	EXP 	Display Fixation
23.0689 	EXP 	Display Fixation
23.0858 	EXP 	Display Fixation
23.1023 	EXP 	Display Fixation
23.1194 	EXP 	Display Fixation
23.1359 	EXP 	Display Fixation
23.1522 	EXP 	Display Fixation
23.1689 	EXP 	Display Fixation
23.1857 	EXP 	Display Fixation
23.2024 	EXP 	Display Fixation
23.2190 	EXP 	Display Fixation
23.2357 	EXP 	Display Fixation
23.2529 	EXP 	Display Fixation
23.2690 	EXP 	Display Fixation
23.2856 	EXP 	Display Fixation
23.3024 	EXP 	Display Fixation
23.3194 	EXP 	Display Fixation
23.3358 	EXP 	Display Fixation
23.3523 	EXP 	Display Fixation
23.3691 	EXP 	Display Fixation
23.3857 	EXP 	Display Fixation
23.4022 	EXP 	Display Fixation
23.4190 	EXP 	Display Fixation
23.4358 	EXP 	Display Fixation
23.4525 	EXP 	Display Fixation
23.4692 	EXP 	Display Fixation
23.4857 	EXP 	Display Fixation
23.5024 	EXP 	Display Fixation
23.5191 	EXP 	Display Fixation
23.5356 	EXP 	Display Fixation
23.5522 	EXP 	Display Fixation
23.5693 	EXP 	Display Fixation
23.5858 	EXP 	Display Fixation
23.6024 	EXP 	Display Fixation
23.6189 	EXP 	Display Fixation
23.6366 	EXP 	Display Fixation
23.6531 	EXP 	Display Fixation
23.6698 	EXP 	Display Fixation
23.6861 	EXP 	Display Fixation
23.7028 	EXP 	Display Fixation
23.7202 	EXP 	Display Fixation
23.7359 	EXP 	Display Fixation
23.7524 	EXP 	Display Fixation
23.7690 	EXP 	Display Fixation
23.7861 	EXP 	Display Fixation
23.8024 	EXP 	Display Fixation
23.8193 	EXP 	Display Fixation
23.8357 	EXP 	Display Fixation
23.8524 	EXP 	Display Fixation
23.8692 	EXP 	Display Fixation
23.8858 	EXP 	Display Fixation
23.9024 	EXP 	Display Fixation
23.9189 	EXP 	Display Fixation
23.9356 	EXP 	Display Fixation
23.9526 	EXP 	Display Fixation
23.9784 	EXP 	ImageStimulus: image = 'Faces/neutral/No Emotion_Front_Woman10.png'
23.9784 	EXP 	ImageStimulus: size = [0.8, 0.8]
23.9784 	EXP 	Display Faces/neutral/No Emotion_Front_Woman10.png
24.4533 	EXP 	Display Fixation
24.4546 	EXP 	Display Fixation
24.4559 	EXP 	Display Fixation
24.4572 	EXP 	Display Fixation
24.4586 	EXP 	Display Fixation
24.4599 	EXP 	Display Fixation
24.4613 	EXP 	Display Fixation
24.4627 	EXP 	Display Fixation
24.4640 	EXP 	Display Fixation
24.4654 	EXP 	Display Fixation
24.4689 	EXP 	Display Fixation
24.4859 	EXP 	Display Fixation
24.5027 	EXP 	Display Fixation
24.5190 	EXP 	Display Fixation
24.5357 	EXP 	Display Fixation
24.5521 	EXP 	Display Fixation
24.5692 	EXP 	Display Fixation
24.5857 	EXP 	Display Fixation
24.6024 	EXP 	Display Fixation
24.6188 	EXP 	Display Fixation
24.6353 	EXP 	Display Fixation
24.6522 	EXP 	Display Fixation
24.6689 	EXP 	Display Fixation
24.6859 	EXP 	Display Fixation
24.7028 	EXP 	Display Fixation
24.7191 	EXP 	Display Fixation
24.7356 	EXP 	Display Fixation
24.7522 	EXP 	Display Fixation
24.7693 	EXP 	Display Fixation
24.7860 	EXP 	Display Fixation
24.8023 	EXP 	Display Fixation
24.8189 	EXP 	Display Fixation
24.8356 	EXP 	Display Fixation
24.8522 	EXP 	Display Fixation
24.8697 	EXP 	Display Fixation
24.8857 	EXP 	Display Fixation
24.9028 	EXP 	Display Fixation
24.9193 	EXP 	Display Fixation
24.9359 	EXP 	Display Fixation
24.9524 	EXP 	Display Fixation
24.9692 	EXP 	Display Fixation
24.9857 	EXP 	Display Fixation
25.0021 	EXP 	Display Fixation
25.0189 	EXP 	Display Fixation
25.0357 	EXP 	Display Fixation
25.0527 	EXP 	Display Fixation
25.0692 	EXP 	Display Fixation
25.0862 	EXP 	Display Fixation
25.1026 	EXP 	Display Fixation
25.1193 	EXP 	Display Fixation
25.1359 	EXP 	Display Fixation
25.1523 	EXP 	Display Fixation
25.1690 	EXP 	Display Fixation
25.1865 	EXP 	Display Fixation
25.2025 	EXP 	Display Fixation
25.2192 	EXP 	Display Fixation
25.2357 	EXP 	Display Fixation
25.2523 	EXP 	Display Fixation
25.2690 	EXP 	Display Fixation
25.2858 	EXP 	Display Fixation
25.3023 	EXP 	Display Fixation
25.3190 	EXP 	Display Fixation
25.3358 	EXP 	Display Fixation
25.3525 	EXP 	Display Fixation
25.3689 	EXP 	Display Fixation
25.3857 	EXP 	Display Fixation
25.4025 	EXP 	Display Fixation
25.4192 	EXP 	Display Fixation
25.4358 	EXP 	Display Fixation
25.4523 	EXP 	Display Fixation
25.4691 	EXP 	Display Fixation
25.4859 	EXP 	Display Fixation
25.5032 	EXP 	Display Fixation
25.5190 	EXP 	Display Fixation
25.5360 	EXP 	Display Fixation
25.5525 	EXP 	Display Fixation
25.5689 	EXP 	Display Fixation
25.5857 	EXP 	Display Fixation
25.6022 	EXP 	Display Fixation
25.6190 	EXP 	Display Fixation
25.6356 	EXP 	Display Fixation
25.6525 	EXP 	Display Fixation
25.6690 	EXP 	Display Fixation
25.6857 	EXP 	Display Fixation
25.7027 	EXP 	Display Fixation
25.7195 	EXP 	Display Fixation
25.7361 	EXP 	Display Fixation
25.7523 	EXP 	Display Fixation
25.7690 	EXP 	Display Fixation
25.7856 	EXP 	Display Fixation
25.8025 	EXP 	Display Fixation
25.8190 	EXP 	Display Fixation
25.8357 	EXP 	Display Fixation
25.8525 	EXP 	Display Fixation
25.8690 	EXP 	Display Fixation
25.8857 	EXP 	Display Fixation
25.9023 	EXP 	Display Fixation
25.9189 	EXP 	Display Fixation
25.9355 	EXP 	Display Fixation
25.9523 	EXP 	Display Fixation
25.9690 	EXP 	Display Fixation
25.9857 	EXP 	Display Fixation
26.0023 	EXP 	Display Fixation
26.0191 	EXP 	Display Fixation
26.0357 	EXP 	Display Fixation
26.0523 	EXP 	Display Fixation
26.0691 	EXP 	Display Fixation
26.0858 	EXP 	Display Fixation
26.1028 	EXP 	Display Fixation
26.1193 	EXP 	Display Fixation
26.1357 	EXP 	Display Fixation
26.1523 	EXP 	Display Fixation
26.1690 	EXP 	Display Fixation
26.1856 	EXP 	Display Fixation
26.2025 	EXP 	Display Fixation
26.2190 	EXP 	Display Fixation
26.2356 	EXP 	Display Fixation
26.2523 	EXP 	Display Fixation
26.2688 	EXP 	Display Fixation
26.2856 	EXP 	Display Fixation
26.3027 	EXP 	Display Fixation
26.3191 	EXP 	Display Fixation
26.3356 	EXP 	Display Fixation
26.3523 	EXP 	Display Fixation
26.3689 	EXP 	Display Fixation
26.3857 	EXP 	Display Fixation
26.4025 	EXP 	Display Fixation
26.4189 	EXP 	Display Fixation
26.4356 	EXP 	Display Fixation
26.4522 	EXP 	Display Fixation
26.4692 	EXP 	Display Fixation
26.4856 	EXP 	Display Fixation
26.5023 	EXP 	Display Fixation
26.5188 	EXP 	Display Fixation
26.5356 	EXP 	Display Fixation
26.5524 	EXP 	Display Fixation
26.5693 	EXP 	Display Fixation
26.5861 	EXP 	Display Fixation
26.6030 	EXP 	Display Fixation
26.6190 	EXP 	Display Fixation
26.6357 	EXP 	Display Fixation
26.6523 	EXP 	Display Fixation
26.6691 	EXP 	Display Fixation
26.6856 	EXP 	Display Fixation
26.7023 	EXP 	Display Fixation
26.7193 	EXP 	Display Fixation
26.7357 	EXP 	Display Fixation
26.7523 	EXP 	Display Fixation
26.7690 	EXP 	Display Fixation
26.7858 	EXP 	Display Fixation
26.8026 	EXP 	Display Fixation
26.8193 	EXP 	Display Fixation
26.8360 	EXP 	Display Fixation
26.8524 	EXP 	Display Fixation
26.8690 	EXP 	Display Fixation
26.8856 	EXP 	Display Fixation
26.9023 	EXP 	Display Fixation
26.9190 	EXP 	Display Fixation
26.9356 	EXP 	Display Fixation
26.9522 	EXP 	Display Fixation
26.9689 	EXP 	Display Fixation
26.9858 	EXP 	Display Fixation
27.0024 	EXP 	Display Fixation
27.0190 	EXP 	Display Fixation
27.0356 	EXP 	Display Fixation
27.0518 	EXP 	Display Fixation
27.0694 	EXP 	Display Fixation
27.0858 	EXP 	Display Fixation
27.1025 	EXP 	Display Fixation
27.1185 	EXP 	Display Fixation
27.1359 	EXP 	Display Fixation
27.1523 	EXP 	Display Fixation
27.1690 	EXP 	Display Fixation
27.1854 	EXP 	Display Fixation
27.2023 	EXP 	Display Fixation
27.2023 	EXP 	--- END EXPERIMENT ---
27.2194 	EXP 	topMsg: text = "That's the end! "
27.2194 	EXP 	bottomMsg: text = "Press 'q' or 'escape' to end the session."
27.2194 	EXP 	Display TheEnd
28.5137 	DATA 	Keypress: escape
28.5234 	EXP 	win: mouseVisible = True
32.2155 	EXP 	number of targets counted: 1
