0.8285 	WARNING 	We strongly recommend you activate the PTB sound engine in PsychoPy prefs as the preferred audio engine. Its timing is vastly superior. Your prefs are currently set to use ['sounddevice', 'PTB', 'pyo', 'pygame'] (in that order).
4.6495 	INFO 	---START PARAMETERS---
4.6495 	INFO 	filename: SampleExperiment_d1-1-46-Nov_01_1028
4.6495 	INFO 	subject: 1
4.6495 	INFO 	session: 46
4.6495 	INFO 	date: Nov_01_1028
4.6495 	INFO 	ISI: 1.75
4.6496 	INFO 	choices: [1, 2, 3]
4.6496 	INFO 	fixCrossPos: [0, 0]
4.6496 	INFO 	fixCrossSize: 0.1
4.6496 	INFO 	fullScreen: True
4.6496 	INFO 	imageDir_neutral: Faces/neutral/
4.6496 	INFO 	imageDir_social: Faces/social/
4.6496 	INFO 	imageDir_threat: Faces/threat/
4.6496 	INFO 	imageSize: [0.8, 0.8]
4.6496 	INFO 	imageSuffix: .png
4.6497 	INFO 	nTrials: 3
4.6497 	INFO 	postStimDur: 1.0
4.6502 	INFO 	preStimDur: [0.5 0.6 0.7 0.8 0.9 1.  1.1 1.2 1.3 1.4 1.5 1.6 1.7 1.8 1.9]
4.6502 	INFO 	promptDir: Text/
4.6502 	INFO 	promptFile_neutral: NeutralPrompts.csv
4.6502 	INFO 	promptFile_social: SocialPrompts.csv
4.6502 	INFO 	promptFile_threat: ThreatPrompts.csv
4.6503 	INFO 	promptImageSize: [1.2, 0.3]
4.6503 	INFO 	respAdvances: True
4.6503 	INFO 	respKeys: ['r', 'b', 'y', 'g']
4.6503 	INFO 	screenColor: (128, 128, 128)
4.6503 	INFO 	screenToShow: 0
4.6503 	INFO 	skipPrompts: False
4.6503 	INFO 	stimDur: 0.5
4.6503 	INFO 	tStartup: 1
4.6503 	INFO 	triggerKey: t
4.6504 	INFO 	---END PARAMETERS---
4.9803 	INFO 	Loaded monitor calibration from ['2021_02_22 10:21']
4.9829 	WARNING 	User requested fullscreen with size [800 600], but screen is actually [1440, 900]. Using actual size
5.5658 	EXP 	Created win = Window(allowGUI=False, allowStencil=False, autoLog=True, backendConf=UNKNOWN, bitsMode=UNKNOWN, blendMode='avg', bpc=(8, 8, 8), color=array([128, 128, 128]), colorSpace='rgb255', depthBits=8, fullscr=<method-wrapper '__getattribute__' of attributeSetter object at 0x7fe7bc190c50>, gamma=None, gammaErrorPolicy='raise', lms=UNKNOWN, monitor=<psychopy.monitors.calibTools.Monitor object at 0x7fe7bb122630>, multiSample=False, name='win', numSamples=2, pos=[360.0, 225.0], screen=0, size=array([2880, 1800]), stencilBits=0, stereo=False, units='height', useFBO=False, useRetina=True, viewOri=0.0, viewPos=None, viewScale=None, waitBlanking=True, winType='pyglet')
5.5660 	EXP 	win: mouseVisible = True
5.5706 	EXP 	Created fixCross = ShapeStim(__class__=<class 'psychopy.visual.shape.ShapeStim'>, autoDraw=False, autoLog=True, closeShape=False, color=method-wrapper(...), colorSpace='rgb', contrast=None, depth=0, fillColor=array([0, 0, 0]), fillColorSpace='rgb', fillRGB=UNKNOWN, interpolate=True, lineColor=array([-1., -1., -1.]), lineColorSpace='rgb', lineRGB=UNKNOWN, lineWidth=3.0, name='fixCross', opacity=1.0, ori=0.0, pos=array([0., 0.]), size=array([1., 1.]), units='height', vertices=ndarray(...), win=Window(...), windingRule=None)
5.5710 	WARNING 	TextStim.alignHoriz is deprecated. Use alignText and anchorHoriz attributes instead
5.6027 	EXP 	Created topMsg = TextStim(__class__=<class 'psychopy.visual.text.TextStim'>, alignHoriz='center', alignText='center', alignVert=method-wrapper(...), anchorHoriz='center', anchorVert='center', antialias=True, autoLog=True, bold=False, color=array([-1., -1., -1.]), colorSpace='rgb', contrast=1.0, depth=0, flipHoriz=False, flipVert=False, font='', fontFiles=[], height=0.1, italic=False, languageStyle='LTR', name='topMsg', opacity=1.0, ori=0.0, pos=array([0. , 0.5]), rgb=UNKNOWN, text='aaa', units='norm', win=Window(...), wrapWidth=1.5)
5.6028 	WARNING 	TextStim.alignHoriz is deprecated. Use alignText and anchorHoriz attributes instead
5.6049 	EXP 	Created bottomMsg = TextStim(__class__=<class 'psychopy.visual.text.TextStim'>, alignHoriz='center', alignText='center', alignVert=method-wrapper(...), anchorHoriz='center', anchorVert='center', antialias=True, autoLog=True, bold=False, color=array([-1., -1., -1.]), colorSpace='rgb', contrast=1.0, depth=0, flipHoriz=False, flipVert=False, font='', fontFiles=[], height=0.1, italic=False, languageStyle='LTR', name='bottomMsg', opacity=1.0, ori=0.0, pos=array([ 0. , -0.5]), rgb=UNKNOWN, text='bbb', units='norm', win=Window(...), wrapWidth=1.5)
5.6530 	EXP 	Created ImageStimulus = ImageStim(__class__=<class 'psychopy.visual.image.ImageStim'>, autoLog=True, color=array([1., 1., 1.]), colorSpace='rgb', contrast=1.0, depth=0, flipHoriz=False, flipVert=False, image='Faces/neutral/Man20_hat.png', interpolate=False, mask=None, maskParams=None, name='ImageStimulus', opacity=1, ori=0.0, pos=array([0., 0.]), size=array([0.55555556, 0.55555556]), texRes=128, units='height', win=Window(...))
5.6875 	EXP 	topMsg: text = 'In this task, you will see images briefly flashed on the screen. Your job is to count the images in a “target” category and ignore the others. At the end, we will ask you how many target images you saw.'
5.6875 	EXP 	bottomMsg: text = 'In this run, please count all the faces with hats. (Press ENTER to continue.)'
5.6875 	EXP 	Display Instructions1
6.1811 	DATA 	Keypress: space
6.2149 	EXP 	topMsg: text = 'Here are some examples of faces with hats (left) and no hats (right).'
6.2149 	EXP 	bottomMsg: text = 'Just before and after each image, there will be a cross in the middle of the screen. Please look directly at the cross and try not to blink during this period. (Press ENTER to continue.)'
6.2149 	EXP 	ImageStimulus: size = array([1.41444444, 0.30666667])
6.2149 	EXP 	ImageStimulus: image = 'Faces/sample_images/sample_neutral.png'
6.2149 	EXP 	ImageStimulus: size = [1.2, 0.3]
6.2149 	EXP 	Display Instructions2
6.8716 	DATA 	Keypress: space
6.8847 	EXP 	topMsg: text = 'If you have any questions, please ask the experimenter now.'
6.8847 	EXP 	bottomMsg: text = 'WHEN YOU ARE READY TO BEGIN, press any button.'
6.8847 	EXP 	Display Instructions3
7.4525 	DATA 	Keypress: space
7.4615 	EXP 	topMsg: text = 'Waiting for scanner to start...'
7.4615 	EXP 	bottomMsg: text = "(Press 'T' to override.)"
7.4615 	EXP 	Display WaitingForScanner
8.2032 	DATA 	Keypress: t
8.2035 	EXP 	---START EXPERIMENT---
8.2079 	EXP 	Display Fixation
8.2120 	EXP 	Display Fixation
8.2159 	EXP 	Display Fixation
8.2307 	EXP 	Display Fixation
8.2474 	EXP 	Display Fixation
8.2653 	EXP 	Display Fixation
8.2815 	EXP 	Display Fixation
8.2982 	EXP 	Display Fixation
8.3150 	EXP 	Display Fixation
8.3317 	EXP 	Display Fixation
8.3487 	EXP 	Display Fixation
8.3650 	EXP 	Display Fixation
8.3818 	EXP 	Display Fixation
8.3990 	EXP 	Display Fixation
8.4152 	EXP 	Display Fixation
8.4316 	EXP 	Display Fixation
8.4484 	EXP 	Display Fixation
8.4651 	EXP 	Display Fixation
8.4816 	EXP 	Display Fixation
8.4986 	EXP 	Display Fixation
8.5151 	EXP 	Display Fixation
8.5316 	EXP 	Display Fixation
8.5484 	EXP 	Display Fixation
8.5654 	EXP 	Display Fixation
8.5819 	EXP 	Display Fixation
8.5987 	EXP 	Display Fixation
8.6155 	EXP 	Display Fixation
8.6318 	EXP 	Display Fixation
8.6485 	EXP 	Display Fixation
8.6650 	EXP 	Display Fixation
8.6818 	EXP 	Display Fixation
8.6985 	EXP 	Display Fixation
8.7150 	EXP 	Display Fixation
8.7320 	EXP 	Display Fixation
8.7495 	EXP 	Display Fixation
8.7658 	EXP 	Display Fixation
8.7824 	EXP 	Display Fixation
8.7985 	EXP 	Display Fixation
8.8153 	EXP 	Display Fixation
8.8321 	EXP 	Display Fixation
8.8486 	EXP 	Display Fixation
8.8653 	EXP 	Display Fixation
8.8831 	EXP 	Display Fixation
8.8993 	EXP 	Display Fixation
8.9158 	EXP 	Display Fixation
8.9317 	EXP 	Display Fixation
8.9486 	EXP 	Display Fixation
8.9651 	EXP 	Display Fixation
8.9816 	EXP 	Display Fixation
8.9983 	EXP 	Display Fixation
9.0153 	EXP 	Display Fixation
9.0318 	EXP 	Display Fixation
9.0483 	EXP 	Display Fixation
9.0650 	EXP 	Display Fixation
9.0820 	EXP 	Display Fixation
9.0992 	EXP 	Display Fixation
9.1151 	EXP 	Display Fixation
9.1318 	EXP 	Display Fixation
9.1498 	EXP 	Display Fixation
9.1662 	EXP 	Display Fixation
9.1819 	EXP 	Display Fixation
9.1986 	EXP 	Display Fixation
9.2154 	EXP 	Display Fixation
9.2319 	EXP 	Display Fixation
9.2485 	EXP 	Display Fixation
9.2653 	EXP 	Display Fixation
9.2825 	EXP 	Display Fixation
9.2984 	EXP 	Display Fixation
9.3162 	EXP 	Display Fixation
9.3324 	EXP 	Display Fixation
9.3485 	EXP 	Display Fixation
9.3650 	EXP 	Display Fixation
9.3816 	EXP 	Display Fixation
9.3983 	EXP 	Display Fixation
9.4153 	EXP 	Display Fixation
9.4325 	EXP 	Display Fixation
9.4487 	EXP 	Display Fixation
9.4649 	EXP 	Display Fixation
9.4818 	EXP 	Display Fixation
9.4987 	EXP 	Display Fixation
9.5161 	EXP 	Display Fixation
9.5324 	EXP 	Display Fixation
9.5485 	EXP 	Display Fixation
9.5652 	EXP 	Display Fixation
9.5817 	EXP 	Display Fixation
9.5995 	EXP 	Display Fixation
9.6163 	EXP 	Display Fixation
9.6323 	EXP 	Display Fixation
9.6487 	EXP 	Display Fixation
9.6651 	EXP 	Display Fixation
9.6818 	EXP 	Display Fixation
9.6997 	EXP 	Display Fixation
9.7158 	EXP 	Display Fixation
9.7318 	EXP 	Display Fixation
9.7484 	EXP 	Display Fixation
9.7652 	EXP 	Display Fixation
9.7824 	EXP 	Display Fixation
9.7987 	EXP 	Display Fixation
9.8152 	EXP 	Display Fixation
9.8322 	EXP 	Display Fixation
9.8480 	EXP 	Display Fixation
9.8657 	EXP 	Display Fixation
9.8814 	EXP 	Display Fixation
9.8986 	EXP 	Display Fixation
9.9153 	EXP 	Display Fixation
9.9323 	EXP 	Display Fixation
9.9485 	EXP 	Display Fixation
9.9657 	EXP 	Display Fixation
9.9817 	EXP 	Display Fixation
9.9984 	EXP 	Display Fixation
10.0151 	EXP 	Display Fixation
10.0321 	EXP 	Display Fixation
10.0485 	EXP 	Display Fixation
10.0651 	EXP 	Display Fixation
10.0818 	EXP 	Display Fixation
10.0986 	EXP 	Display Fixation
10.1152 	EXP 	Display Fixation
10.1380 	EXP 	ImageStimulus: image = 'Faces/neutral/Man20_hat.png'
10.1380 	EXP 	ImageStimulus: size = [0.8, 0.8]
10.1380 	EXP 	Display Faces/neutral/Man20_hat.png
10.6057 	EXP 	Display Fixation
10.6076 	EXP 	Display Fixation
10.6095 	EXP 	Display Fixation
10.6115 	EXP 	Display Fixation
10.6134 	EXP 	Display Fixation
10.6156 	EXP 	Display Fixation
10.6312 	EXP 	Display Fixation
10.6477 	EXP 	Display Fixation
10.6652 	EXP 	Display Fixation
10.6817 	EXP 	Display Fixation
10.6984 	EXP 	Display Fixation
10.7146 	EXP 	Display Fixation
10.7317 	EXP 	Display Fixation
10.7487 	EXP 	Display Fixation
10.7646 	EXP 	Display Fixation
10.7815 	EXP 	Display Fixation
10.7992 	EXP 	Display Fixation
10.8154 	EXP 	Display Fixation
10.8318 	EXP 	Display Fixation
10.8482 	EXP 	Display Fixation
10.8652 	EXP 	Display Fixation
10.8818 	EXP 	Display Fixation
10.8987 	EXP 	Display Fixation
10.9152 	EXP 	Display Fixation
10.9318 	EXP 	Display Fixation
10.9485 	EXP 	Display Fixation
10.9651 	EXP 	Display Fixation
10.9818 	EXP 	Display Fixation
10.9984 	EXP 	Display Fixation
11.0149 	EXP 	Display Fixation
11.0318 	EXP 	Display Fixation
11.0485 	EXP 	Display Fixation
11.0652 	EXP 	Display Fixation
11.0823 	EXP 	Display Fixation
11.0985 	EXP 	Display Fixation
11.1152 	EXP 	Display Fixation
11.1318 	EXP 	Display Fixation
11.1485 	EXP 	Display Fixation
11.1652 	EXP 	Display Fixation
11.1823 	EXP 	Display Fixation
11.1989 	EXP 	Display Fixation
11.2155 	EXP 	Display Fixation
11.2323 	EXP 	Display Fixation
11.2484 	EXP 	Display Fixation
11.2653 	EXP 	Display Fixation
11.2822 	EXP 	Display Fixation
11.2984 	EXP 	Display Fixation
11.3156 	EXP 	Display Fixation
11.3320 	EXP 	Display Fixation
11.3485 	EXP 	Display Fixation
11.3652 	EXP 	Display Fixation
11.3828 	EXP 	Display Fixation
11.3989 	EXP 	Display Fixation
11.4153 	EXP 	Display Fixation
11.4328 	EXP 	Display Fixation
11.4494 	EXP 	Display Fixation
11.4650 	EXP 	Display Fixation
11.4819 	EXP 	Display Fixation
11.4997 	EXP 	Display Fixation
11.5159 	EXP 	Display Fixation
11.5325 	EXP 	Display Fixation
11.5487 	EXP 	Display Fixation
11.5652 	EXP 	Display Fixation
11.5819 	EXP 	Display Fixation
11.5992 	EXP 	Display Fixation
11.6153 	EXP 	Display Fixation
11.6326 	EXP 	Display Fixation
11.6486 	EXP 	Display Fixation
11.6652 	EXP 	Display Fixation
11.6818 	EXP 	Display Fixation
11.6985 	EXP 	Display Fixation
11.7157 	EXP 	Display Fixation
11.7320 	EXP 	Display Fixation
11.7485 	EXP 	Display Fixation
11.7661 	EXP 	Display Fixation
11.7826 	EXP 	Display Fixation
11.7986 	EXP 	Display Fixation
11.8154 	EXP 	Display Fixation
11.8379 	EXP 	Display Fixation
11.8488 	EXP 	Display Fixation
11.8652 	EXP 	Display Fixation
11.8821 	EXP 	Display Fixation
11.8985 	EXP 	Display Fixation
11.9152 	EXP 	Display Fixation
11.9319 	EXP 	Display Fixation
11.9489 	EXP 	Display Fixation
11.9655 	EXP 	Display Fixation
11.9830 	EXP 	Display Fixation
11.9991 	EXP 	Display Fixation
12.0156 	EXP 	Display Fixation
12.0317 	EXP 	Display Fixation
12.0487 	EXP 	Display Fixation
12.0657 	EXP 	Display Fixation
12.0825 	EXP 	Display Fixation
12.0987 	EXP 	Display Fixation
12.1162 	EXP 	Display Fixation
12.1324 	EXP 	Display Fixation
12.1486 	EXP 	Display Fixation
12.1656 	EXP 	Display Fixation
12.1830 	EXP 	Display Fixation
12.1993 	EXP 	Display Fixation
12.2158 	EXP 	Display Fixation
12.2319 	EXP 	Display Fixation
12.2485 	EXP 	Display Fixation
12.2660 	EXP 	Display Fixation
12.2825 	EXP 	Display Fixation
12.2984 	EXP 	Display Fixation
12.3154 	EXP 	Display Fixation
12.3330 	EXP 	Display Fixation
12.3491 	EXP 	Display Fixation
12.3655 	EXP 	Display Fixation
12.3819 	EXP 	Display Fixation
12.3985 	EXP 	Display Fixation
12.4157 	EXP 	Display Fixation
12.4319 	EXP 	Display Fixation
12.4491 	EXP 	Display Fixation
12.4654 	EXP 	Display Fixation
12.4830 	EXP 	Display Fixation
12.4992 	EXP 	Display Fixation
12.5152 	EXP 	Display Fixation
12.5319 	EXP 	Display Fixation
12.5491 	EXP 	Display Fixation
12.5658 	EXP 	Display Fixation
12.5819 	EXP 	Display Fixation
12.5987 	EXP 	Display Fixation
12.6158 	EXP 	Display Fixation
12.6326 	EXP 	Display Fixation
12.6485 	EXP 	Display Fixation
12.6658 	EXP 	Display Fixation
12.6819 	EXP 	Display Fixation
12.6992 	EXP 	Display Fixation
12.7152 	EXP 	Display Fixation
12.7326 	EXP 	Display Fixation
12.7491 	EXP 	Display Fixation
12.7652 	EXP 	Display Fixation
12.7831 	EXP 	Display Fixation
12.7991 	EXP 	Display Fixation
12.8151 	EXP 	Display Fixation
12.8325 	EXP 	Display Fixation
12.8486 	EXP 	Display Fixation
12.8664 	EXP 	Display Fixation
12.8824 	EXP 	Display Fixation
12.8986 	EXP 	Display Fixation
12.9155 	EXP 	Display Fixation
12.9323 	EXP 	Display Fixation
12.9486 	EXP 	Display Fixation
12.9658 	EXP 	Display Fixation
12.9819 	EXP 	Display Fixation
12.9986 	EXP 	Display Fixation
13.0163 	EXP 	Display Fixation
13.0324 	EXP 	Display Fixation
13.0485 	EXP 	Display Fixation
13.0654 	EXP 	Display Fixation
13.0829 	EXP 	Display Fixation
13.0994 	EXP 	Display Fixation
13.1161 	EXP 	Display Fixation
13.1319 	EXP 	Display Fixation
13.1497 	EXP 	Display Fixation
13.1658 	EXP 	Display Fixation
13.1820 	EXP 	Display Fixation
13.1992 	EXP 	Display Fixation
13.2163 	EXP 	Display Fixation
13.2325 	EXP 	Display Fixation
13.2485 	EXP 	Display Fixation
13.2655 	EXP 	Display Fixation
13.2829 	EXP 	Display Fixation
13.2991 	EXP 	Display Fixation
13.3150 	EXP 	Display Fixation
13.3321 	EXP 	Display Fixation
13.3493 	EXP 	Display Fixation
13.3661 	EXP 	Display Fixation
13.3828 	EXP 	Display Fixation
13.3988 	EXP 	Display Fixation
13.4153 	EXP 	Display Fixation
13.4319 	EXP 	Display Fixation
13.4484 	EXP 	Display Fixation
13.4650 	EXP 	Display Fixation
13.4816 	EXP 	Display Fixation
13.4985 	EXP 	Display Fixation
13.5157 	EXP 	Display Fixation
13.5321 	EXP 	Display Fixation
13.5485 	EXP 	Display Fixation
13.5654 	EXP 	Display Fixation
13.5825 	EXP 	Display Fixation
13.5986 	EXP 	Display Fixation
13.6155 	EXP 	Display Fixation
13.6319 	EXP 	Display Fixation
13.6494 	EXP 	Display Fixation
13.6656 	EXP 	Display Fixation
13.6819 	EXP 	Display Fixation
13.6984 	EXP 	Display Fixation
13.7150 	EXP 	Display Fixation
13.7319 	EXP 	Display Fixation
13.7490 	EXP 	Display Fixation
13.7654 	EXP 	Display Fixation
13.7819 	EXP 	Display Fixation
13.7983 	EXP 	Display Fixation
13.8155 	EXP 	Display Fixation
13.8323 	EXP 	Display Fixation
13.8486 	EXP 	Display Fixation
13.8652 	EXP 	Display Fixation
13.8818 	EXP 	Display Fixation
13.8994 	EXP 	Display Fixation
13.9156 	EXP 	Display Fixation
13.9319 	EXP 	Display Fixation
13.9486 	EXP 	Display Fixation
13.9653 	EXP 	Display Fixation
13.9820 	EXP 	Display Fixation
13.9985 	EXP 	Display Fixation
14.0153 	EXP 	Display Fixation
14.0319 	EXP 	Display Fixation
14.0484 	EXP 	Display Fixation
14.0653 	EXP 	Display Fixation
14.0816 	EXP 	Display Fixation
14.0983 	EXP 	Display Fixation
14.1152 	EXP 	Display Fixation
14.1324 	EXP 	Display Fixation
14.1487 	EXP 	Display Fixation
14.1654 	EXP 	Display Fixation
14.1975 	EXP 	ImageStimulus: image = 'Faces/neutral/Man19_noEmotion.png'
14.1975 	EXP 	ImageStimulus: size = [0.8, 0.8]
14.1975 	EXP 	Display Faces/neutral/Man19_noEmotion.png
14.6557 	EXP 	Display Fixation
14.6579 	EXP 	Display Fixation
14.6598 	EXP 	Display Fixation
14.6617 	EXP 	Display Fixation
14.6657 	EXP 	Display Fixation
14.6814 	EXP 	Display Fixation
14.6978 	EXP 	Display Fixation
14.7155 	EXP 	Display Fixation
14.7318 	EXP 	Display Fixation
14.7487 	EXP 	Display Fixation
14.7648 	EXP 	Display Fixation
14.7814 	EXP 	Display Fixation
14.7984 	EXP 	Display Fixation
14.8154 	EXP 	Display Fixation
14.8319 	EXP 	Display Fixation
14.8485 	EXP 	Display Fixation
14.8652 	EXP 	Display Fixation
14.8818 	EXP 	Display Fixation
14.8986 	EXP 	Display Fixation
14.9156 	EXP 	Display Fixation
14.9319 	EXP 	Display Fixation
14.9484 	EXP 	Display Fixation
14.9650 	EXP 	Display Fixation
14.9817 	EXP 	Display Fixation
14.9984 	EXP 	Display Fixation
15.0150 	EXP 	Display Fixation
15.0317 	EXP 	Display Fixation
15.0486 	EXP 	Display Fixation
15.0654 	EXP 	Display Fixation
15.0819 	EXP 	Display Fixation
15.0985 	EXP 	Display Fixation
15.1155 	EXP 	Display Fixation
15.1334 	EXP 	Display Fixation
15.1495 	EXP 	Display Fixation
15.1655 	EXP 	Display Fixation
15.1822 	EXP 	Display Fixation
15.1988 	EXP 	Display Fixation
15.2152 	EXP 	Display Fixation
15.2320 	EXP 	Display Fixation
15.2484 	EXP 	Display Fixation
15.2652 	EXP 	Display Fixation
15.2819 	EXP 	Display Fixation
15.2987 	EXP 	Display Fixation
15.3163 	EXP 	Display Fixation
15.3326 	EXP 	Display Fixation
15.3486 	EXP 	Display Fixation
15.3661 	EXP 	Display Fixation
15.3824 	EXP 	Display Fixation
15.3986 	EXP 	Display Fixation
15.4153 	EXP 	Display Fixation
15.4318 	EXP 	Display Fixation
15.4495 	EXP 	Display Fixation
15.4660 	EXP 	Display Fixation
15.4822 	EXP 	Display Fixation
15.4988 	EXP 	Display Fixation
15.5150 	EXP 	Display Fixation
15.5320 	EXP 	Display Fixation
15.5488 	EXP 	Display Fixation
15.5655 	EXP 	Display Fixation
15.5843 	EXP 	Display Fixation
15.5986 	EXP 	Display Fixation
15.6149 	EXP 	Display Fixation
15.6323 	EXP 	Display Fixation
15.6488 	EXP 	Display Fixation
15.6653 	EXP 	Display Fixation
15.6818 	EXP 	Display Fixation
15.6982 	EXP 	Display Fixation
15.7157 	EXP 	Display Fixation
15.7322 	EXP 	Display Fixation
15.7484 	EXP 	Display Fixation
15.7659 	EXP 	Display Fixation
15.7821 	EXP 	Display Fixation
15.7987 	EXP 	Display Fixation
15.8159 	EXP 	Display Fixation
15.8325 	EXP 	Display Fixation
15.8486 	EXP 	Display Fixation
15.8663 	EXP 	Display Fixation
15.8826 	EXP 	Display Fixation
15.8987 	EXP 	Display Fixation
15.9153 	EXP 	Display Fixation
15.9327 	EXP 	Display Fixation
15.9493 	EXP 	Display Fixation
15.9653 	EXP 	Display Fixation
15.9830 	EXP 	Display Fixation
15.9992 	EXP 	Display Fixation
16.0153 	EXP 	Display Fixation
16.0320 	EXP 	Display Fixation
16.0496 	EXP 	Display Fixation
16.0658 	EXP 	Display Fixation
16.0819 	EXP 	Display Fixation
16.0989 	EXP 	Display Fixation
16.1164 	EXP 	Display Fixation
16.1327 	EXP 	Display Fixation
16.1493 	EXP 	Display Fixation
16.1652 	EXP 	Display Fixation
16.1830 	EXP 	Display Fixation
16.1992 	EXP 	Display Fixation
16.2152 	EXP 	Display Fixation
16.2330 	EXP 	Display Fixation
16.2492 	EXP 	Display Fixation
16.2652 	EXP 	Display Fixation
16.2822 	EXP 	Display Fixation
16.2997 	EXP 	Display Fixation
16.3159 	EXP 	Display Fixation
16.3320 	EXP 	Display Fixation
16.3488 	EXP 	Display Fixation
16.3658 	EXP 	Display Fixation
16.3825 	EXP 	Display Fixation
16.3986 	EXP 	Display Fixation
16.4165 	EXP 	Display Fixation
16.4326 	EXP 	Display Fixation
16.4487 	EXP 	Display Fixation
16.4664 	EXP 	Display Fixation
16.4825 	EXP 	Display Fixation
16.4986 	EXP 	Display Fixation
16.5155 	EXP 	Display Fixation
16.5323 	EXP 	Display Fixation
16.5492 	EXP 	Display Fixation
16.5651 	EXP 	Display Fixation
16.5820 	EXP 	Display Fixation
16.5996 	EXP 	Display Fixation
16.6158 	EXP 	Display Fixation
16.6320 	EXP 	Display Fixation
16.6489 	EXP 	Display Fixation
16.6657 	EXP 	Display Fixation
16.6826 	EXP 	Display Fixation
16.6986 	EXP 	Display Fixation
16.7163 	EXP 	Display Fixation
16.7326 	EXP 	Display Fixation
16.7486 	EXP 	Display Fixation
16.7654 	EXP 	Display Fixation
16.7824 	EXP 	Display Fixation
16.7992 	EXP 	Display Fixation
16.8153 	EXP 	Display Fixation
16.8317 	EXP 	Display Fixation
16.8489 	EXP 	Display Fixation
16.8664 	EXP 	Display Fixation
16.8829 	EXP 	Display Fixation
16.8992 	EXP 	Display Fixation
16.9153 	EXP 	Display Fixation
16.9330 	EXP 	Display Fixation
16.9492 	EXP 	Display Fixation
16.9652 	EXP 	Display Fixation
16.9820 	EXP 	Display Fixation
16.9996 	EXP 	Display Fixation
17.0162 	EXP 	Display Fixation
17.0320 	EXP 	Display Fixation
17.0494 	EXP 	Display Fixation
17.0654 	EXP 	Display Fixation
17.0830 	EXP 	Display Fixation
17.0992 	EXP 	Display Fixation
17.1153 	EXP 	Display Fixation
17.1329 	EXP 	Display Fixation
17.1492 	EXP 	Display Fixation
17.1652 	EXP 	Display Fixation
17.1821 	EXP 	Display Fixation
17.1995 	EXP 	Display Fixation
17.2158 	EXP 	Display Fixation
17.2319 	EXP 	Display Fixation
17.2486 	EXP 	Display Fixation
17.2659 	EXP 	Display Fixation
17.2821 	EXP 	Display Fixation
17.2997 	EXP 	Display Fixation
17.3158 	EXP 	Display Fixation
17.3320 	EXP 	Display Fixation
17.3496 	EXP 	Display Fixation
17.3656 	EXP 	Display Fixation
17.3819 	EXP 	Display Fixation
17.3984 	EXP 	Display Fixation
17.4150 	EXP 	Display Fixation
17.4319 	EXP 	Display Fixation
17.4491 	EXP 	Display Fixation
17.4653 	EXP 	Display Fixation
17.4828 	EXP 	Display Fixation
17.4992 	EXP 	Display Fixation
17.5154 	EXP 	Display Fixation
17.5320 	EXP 	Display Fixation
17.5487 	EXP 	Display Fixation
17.5664 	EXP 	Display Fixation
17.5827 	EXP 	Display Fixation
17.5992 	EXP 	Display Fixation
17.6153 	EXP 	Display Fixation
17.6321 	EXP 	Display Fixation
17.6495 	EXP 	Display Fixation
17.6653 	EXP 	Display Fixation
17.6820 	EXP 	Display Fixation
17.6987 	EXP 	Display Fixation
17.7151 	EXP 	Display Fixation
17.7319 	EXP 	Display Fixation
17.7486 	EXP 	Display Fixation
17.7653 	EXP 	Display Fixation
17.7820 	EXP 	Display Fixation
17.7994 	EXP 	Display Fixation
17.8153 	EXP 	Display Fixation
17.8322 	EXP 	Display Fixation
17.8496 	EXP 	Display Fixation
17.8662 	EXP 	Display Fixation
17.8825 	EXP 	Display Fixation
17.8987 	EXP 	Display Fixation
17.9156 	EXP 	Display Fixation
17.9447 	EXP 	ImageStimulus: image = 'Faces/neutral/No Emotion_Front_Woman7.png'
17.9447 	EXP 	ImageStimulus: size = [0.8, 0.8]
17.9447 	EXP 	Display Faces/neutral/No Emotion_Front_Woman7.png
18.4057 	EXP 	Display Fixation
18.4076 	EXP 	Display Fixation
18.4095 	EXP 	Display Fixation
18.4114 	EXP 	Display Fixation
18.4133 	EXP 	Display Fixation
18.4159 	EXP 	Display Fixation
18.4310 	EXP 	Display Fixation
18.4478 	EXP 	Display Fixation
18.4653 	EXP 	Display Fixation
18.4818 	EXP 	Display Fixation
18.4981 	EXP 	Display Fixation
18.5152 	EXP 	Display Fixation
18.5315 	EXP 	Display Fixation
18.5484 	EXP 	Display Fixation
18.5652 	EXP 	Display Fixation
18.5819 	EXP 	Display Fixation
18.5987 	EXP 	Display Fixation
18.6153 	EXP 	Display Fixation
18.6322 	EXP 	Display Fixation
18.6488 	EXP 	Display Fixation
18.6652 	EXP 	Display Fixation
18.6822 	EXP 	Display Fixation
18.6988 	EXP 	Display Fixation
18.7158 	EXP 	Display Fixation
18.7320 	EXP 	Display Fixation
18.7489 	EXP 	Display Fixation
18.7651 	EXP 	Display Fixation
18.7817 	EXP 	Display Fixation
18.7985 	EXP 	Display Fixation
18.8155 	EXP 	Display Fixation
18.8319 	EXP 	Display Fixation
18.8484 	EXP 	Display Fixation
18.8652 	EXP 	Display Fixation
18.8828 	EXP 	Display Fixation
18.8993 	EXP 	Display Fixation
18.9152 	EXP 	Display Fixation
18.9319 	EXP 	Display Fixation
18.9484 	EXP 	Display Fixation
18.9654 	EXP 	Display Fixation
18.9818 	EXP 	Display Fixation
18.9984 	EXP 	Display Fixation
19.0153 	EXP 	Display Fixation
19.0321 	EXP 	Display Fixation
19.0480 	EXP 	Display Fixation
19.0653 	EXP 	Display Fixation
19.0822 	EXP 	Display Fixation
19.0985 	EXP 	Display Fixation
19.1151 	EXP 	Display Fixation
19.1319 	EXP 	Display Fixation
19.1484 	EXP 	Display Fixation
19.1654 	EXP 	Display Fixation
19.1827 	EXP 	Display Fixation
19.1987 	EXP 	Display Fixation
19.2153 	EXP 	Display Fixation
19.2323 	EXP 	Display Fixation
19.2488 	EXP 	Display Fixation
19.2652 	EXP 	Display Fixation
19.2819 	EXP 	Display Fixation
19.2984 	EXP 	Display Fixation
19.3153 	EXP 	Display Fixation
19.3319 	EXP 	Display Fixation
19.3484 	EXP 	Display Fixation
19.3653 	EXP 	Display Fixation
19.3822 	EXP 	Display Fixation
19.3988 	EXP 	Display Fixation
19.4152 	EXP 	Display Fixation
19.4321 	EXP 	Display Fixation
19.4485 	EXP 	Display Fixation
19.4654 	EXP 	Display Fixation
19.4819 	EXP 	Display Fixation
19.4986 	EXP 	Display Fixation
19.5155 	EXP 	Display Fixation
19.5333 	EXP 	Display Fixation
19.5496 	EXP 	Display Fixation
19.5659 	EXP 	Display Fixation
19.5820 	EXP 	Display Fixation
19.5986 	EXP 	Display Fixation
19.6159 	EXP 	Display Fixation
19.6320 	EXP 	Display Fixation
19.6499 	EXP 	Display Fixation
19.6659 	EXP 	Display Fixation
19.6818 	EXP 	Display Fixation
19.6991 	EXP 	Display Fixation
19.7169 	EXP 	Display Fixation
19.7328 	EXP 	Display Fixation
19.7488 	EXP 	Display Fixation
19.7660 	EXP 	Display Fixation
19.7829 	EXP 	Display Fixation
19.7988 	EXP 	Display Fixation
19.8157 	EXP 	Display Fixation
19.8321 	EXP 	Display Fixation
19.8488 	EXP 	Display Fixation
19.8655 	EXP 	Display Fixation
19.8821 	EXP 	Display Fixation
19.8991 	EXP 	Display Fixation
19.9163 	EXP 	Display Fixation
19.9322 	EXP 	Display Fixation
19.9483 	EXP 	Display Fixation
19.9653 	EXP 	Display Fixation
19.9826 	EXP 	Display Fixation
19.9987 	EXP 	Display Fixation
20.0156 	EXP 	Display Fixation
20.0325 	EXP 	Display Fixation
20.0486 	EXP 	Display Fixation
20.0655 	EXP 	Display Fixation
20.0819 	EXP 	Display Fixation
20.0986 	EXP 	Display Fixation
20.1154 	EXP 	Display Fixation
20.1320 	EXP 	Display Fixation
20.1497 	EXP 	Display Fixation
20.1659 	EXP 	Display Fixation
20.1820 	EXP 	Display Fixation
20.2053 	EXP 	Display Fixation
20.2154 	EXP 	Display Fixation
20.2323 	EXP 	Display Fixation
20.2486 	EXP 	Display Fixation
20.2654 	EXP 	Display Fixation
20.2822 	EXP 	Display Fixation
20.2993 	EXP 	Display Fixation
20.3156 	EXP 	Display Fixation
20.3320 	EXP 	Display Fixation
20.3488 	EXP 	Display Fixation
20.3662 	EXP 	Display Fixation
20.3824 	EXP 	Display Fixation
20.3990 	EXP 	Display Fixation
20.4154 	EXP 	Display Fixation
20.4318 	EXP 	Display Fixation
20.4486 	EXP 	Display Fixation
20.4656 	EXP 	Display Fixation
20.4825 	EXP 	Display Fixation
20.4996 	EXP 	Display Fixation
20.5157 	EXP 	Display Fixation
20.5320 	EXP 	Display Fixation
20.5489 	EXP 	Display Fixation
20.5658 	EXP 	Display Fixation
20.5825 	EXP 	Display Fixation
20.5986 	EXP 	Display Fixation
20.6157 	EXP 	Display Fixation
20.6319 	EXP 	Display Fixation
20.6496 	EXP 	Display Fixation
20.6656 	EXP 	Display Fixation
20.6820 	EXP 	Display Fixation
20.6988 	EXP 	Display Fixation
20.7157 	EXP 	Display Fixation
20.7321 	EXP 	Display Fixation
20.7495 	EXP 	Display Fixation
20.7658 	EXP 	Display Fixation
20.7818 	EXP 	Display Fixation
20.7995 	EXP 	Display Fixation
20.8156 	EXP 	Display Fixation
20.8322 	EXP 	Display Fixation
20.8496 	EXP 	Display Fixation
20.8657 	EXP 	Display Fixation
20.8820 	EXP 	Display Fixation
20.8991 	EXP 	Display Fixation
20.9157 	EXP 	Display Fixation
20.9325 	EXP 	Display Fixation
20.9487 	EXP 	Display Fixation
20.9663 	EXP 	Display Fixation
20.9824 	EXP 	Display Fixation
20.9987 	EXP 	Display Fixation
21.0156 	EXP 	Display Fixation
21.0325 	EXP 	Display Fixation
21.0490 	EXP 	Display Fixation
21.0653 	EXP 	Display Fixation
21.0821 	EXP 	Display Fixation
21.0992 	EXP 	Display Fixation
21.1155 	EXP 	Display Fixation
21.1329 	EXP 	Display Fixation
21.1491 	EXP 	Display Fixation
21.1658 	EXP 	Display Fixation
21.1659 	EXP 	--- END EXPERIMENT ---
21.1844 	EXP 	topMsg: text = "That's the end! "
21.1844 	EXP 	bottomMsg: text = "Press 'q' or 'escape' to end the session."
21.1844 	EXP 	Display TheEnd
22.8983 	DATA 	Keypress: escape
22.9076 	EXP 	win: mouseVisible = True
27.3843 	EXP 	number of targets counted: 4
