5.4204 	WARNING 	We strongly recommend you activate the PTB sound engine in PsychoPy prefs as the preferred audio engine. Its timing is vastly superior. Your prefs are currently set to use ['sounddevice', 'PTB', 'pyo', 'pygame'] (in that order).
12.4397 	INFO 	---START PARAMETERS---
12.4398 	INFO 	filename: SampleExperiment_d1-1-36-Oct_25_1518
12.4398 	INFO 	subject: 1
12.4398 	INFO 	session: 36
12.4398 	INFO 	date: Oct_25_1518
12.4399 	INFO 	ISI: 1.75
12.4399 	INFO 	choices: [1, 2, 3]
12.4399 	INFO 	fixCrossPos: [0, 0]
12.4399 	INFO 	fixCrossSize: 0.1
12.4400 	INFO 	fullScreen: True
12.4400 	INFO 	imageDir_neutral: Faces/neutral/
12.4400 	INFO 	imageDir_social: Faces/social/
12.4400 	INFO 	imageDir_threat: Faces/threat/
12.4400 	INFO 	imageSize: [0.8, 0.8]
12.4400 	INFO 	imageSuffix: .png
12.4400 	INFO 	nTrials: 3
12.4401 	INFO 	postStimDur: 1.0
12.4407 	INFO 	preStimDur: [0.5 0.6 0.7 0.8 0.9 1.  1.1 1.2 1.3 1.4 1.5 1.6 1.7 1.8 1.9]
12.4408 	INFO 	promptDir: Text/
12.4408 	INFO 	promptFile_neutral: NeutralPrompts.csv
12.4408 	INFO 	promptFile_social: SocialPrompts.csv
12.4408 	INFO 	promptFile_threat: ThreatPrompts.csv
12.4408 	INFO 	promptImageSize: [1.2, 0.3]
12.4408 	INFO 	respAdvances: True
12.4409 	INFO 	respKeys: ['r', 'b', 'y', 'g']
12.4409 	INFO 	screenColor: (128, 128, 128)
12.4409 	INFO 	screenToShow: 0
12.4409 	INFO 	skipPrompts: False
12.4409 	INFO 	stimDur: 0.5
12.4409 	INFO 	tStartup: 1
12.4409 	INFO 	triggerKey: t
12.4409 	INFO 	---END PARAMETERS---
16.1394 	INFO 	Loaded monitor calibration from ['2021_02_22 10:21']
16.1492 	WARNING 	User requested fullscreen with size [800 600], but screen is actually [1440, 900]. Using actual size
16.9131 	EXP 	Created win = Window(allowGUI=False, allowStencil=False, autoLog=True, backendConf=UNKNOWN, bitsMode=UNKNOWN, blendMode='avg', bpc=(8, 8, 8), color=array([128, 128, 128]), colorSpace='rgb255', depthBits=8, fullscr=<method-wrapper '__getattribute__' of attributeSetter object at 0x7ff8c9b84c50>, gamma=None, gammaErrorPolicy='raise', lms=UNKNOWN, monitor=<psychopy.monitors.calibTools.Monitor object at 0x7ff8c69a1630>, multiSample=False, name='win', numSamples=2, pos=[0.0, 0.0], screen=0, size=array([1440,  900]), stencilBits=0, stereo=False, units='height', useFBO=False, useRetina=False, viewOri=0.0, viewPos=None, viewScale=None, waitBlanking=True, winType='pyglet')
16.9133 	EXP 	win: mouseVisible = True
16.9193 	EXP 	Created fixCross = ShapeStim(__class__=<class 'psychopy.visual.shape.ShapeStim'>, autoDraw=False, autoLog=True, closeShape=False, color=method-wrapper(...), colorSpace='rgb', contrast=None, depth=0, fillColor=array([0, 0, 0]), fillColorSpace='rgb', fillRGB=UNKNOWN, interpolate=True, lineColor=array([-1., -1., -1.]), lineColorSpace='rgb', lineRGB=UNKNOWN, lineWidth=3.0, name='fixCross', opacity=1.0, ori=0.0, pos=array([0., 0.]), size=array([1., 1.]), units='height', vertices=ndarray(...), win=Window(...), windingRule=None)
16.9197 	WARNING 	TextStim.alignHoriz is deprecated. Use alignText and anchorHoriz attributes instead
17.0018 	EXP 	Created topMsg = TextStim(__class__=<class 'psychopy.visual.text.TextStim'>, alignHoriz='center', alignText='center', alignVert=method-wrapper(...), anchorHoriz='center', anchorVert='center', antialias=True, autoLog=True, bold=False, color=array([-1., -1., -1.]), colorSpace='rgb', contrast=1.0, depth=0, flipHoriz=False, flipVert=False, font='', fontFiles=[], height=0.1, italic=False, languageStyle='LTR', name='topMsg', opacity=1.0, ori=0.0, pos=array([0. , 0.5]), rgb=UNKNOWN, text='aaa', units='norm', win=Window(...), wrapWidth=1.5)
17.0021 	WARNING 	TextStim.alignHoriz is deprecated. Use alignText and anchorHoriz attributes instead
17.0085 	EXP 	Created bottomMsg = TextStim(__class__=<class 'psychopy.visual.text.TextStim'>, alignHoriz='center', alignText='center', alignVert=method-wrapper(...), anchorHoriz='center', anchorVert='center', antialias=True, autoLog=True, bold=False, color=array([-1., -1., -1.]), colorSpace='rgb', contrast=1.0, depth=0, flipHoriz=False, flipVert=False, font='', fontFiles=[], height=0.1, italic=False, languageStyle='LTR', name='bottomMsg', opacity=1.0, ori=0.0, pos=array([ 0. , -0.5]), rgb=UNKNOWN, text='bbb', units='norm', win=Window(...), wrapWidth=1.5)
17.1332 	EXP 	Created ImageStimulus = ImageStim(__class__=<class 'psychopy.visual.image.ImageStim'>, autoLog=True, color=array([1., 1., 1.]), colorSpace='rgb', contrast=1.0, depth=0, flipHoriz=False, flipVert=False, image='Faces/social/Man19_noEmotion.png', interpolate=False, mask=None, maskParams=None, name='ImageStimulus', opacity=1, ori=0.0, pos=array([0., 0.]), size=array([0.55555556, 0.55555556]), texRes=128, units='height', win=Window(...))
17.2218 	EXP 	topMsg: text = 'In this task, you will see images briefly flashed on the screen. Your job is to count the images in a “target” category and ignore the others. At the end, we will ask you how many target images you saw.'
17.2218 	EXP 	bottomMsg: text = 'In this run, please count all the faces looking directly at you. (Press ENTER to continue.)'
17.2218 	EXP 	Display Instructions1
20.0787 	DATA 	Keypress: return
20.1504 	EXP 	topMsg: text = 'Here are some examples of faces not looking at you (left) and looking at you (right).'
20.1504 	EXP 	bottomMsg: text = 'Just before and after each image, there will be a cross in the middle of the screen. Please look directly at the cross and try not to blink during this period. (Press ENTER to continue.)'
20.1504 	EXP 	ImageStimulus: size = array([1.41      , 0.30666667])
20.1504 	EXP 	ImageStimulus: image = 'Faces/sample_images/sample_social.png'
20.1504 	EXP 	ImageStimulus: size = [1.2, 0.3]
20.1504 	EXP 	Display Instructions2
26.7152 	DATA 	Keypress: escape
27.2562 	EXP 	win: mouseVisible = True
