4.0286 	WARNING 	We strongly recommend you activate the PTB sound engine in PsychoPy prefs as the preferred audio engine. Its timing is vastly superior. Your prefs are currently set to use ['sounddevice', 'PTB', 'pyo', 'pygame'] (in that order).
12.3119 	INFO 	---START PARAMETERS---
12.3119 	INFO 	filename: SampleExperiment_d1-1-31-Oct_25_1512
12.3119 	INFO 	subject: 1
12.3119 	INFO 	session: 31
12.3119 	INFO 	date: Oct_25_1512
12.3120 	INFO 	ISI: 1.75
12.3120 	INFO 	choices: [1, 2, 3]
12.3120 	INFO 	fixCrossPos: [0, 0]
12.3120 	INFO 	fixCrossSize: 0.1
12.3120 	INFO 	fullScreen: True
12.3121 	INFO 	imageDir_neutral: Faces/neutral/
12.3121 	INFO 	imageDir_social: Faces/social/
12.3121 	INFO 	imageDir_threat: Faces/threat/
12.3121 	INFO 	imageSize: [0.8, 0.8]
12.3121 	INFO 	imageSuffix: .png
12.3121 	INFO 	nTrials: 3
12.3121 	INFO 	postStimDur: 1.0
12.3131 	INFO 	preStimDur: [0.5 0.6 0.7 0.8 0.9 1.  1.1 1.2 1.3 1.4 1.5 1.6 1.7 1.8 1.9]
12.3131 	INFO 	promptDir: Text/
12.3131 	INFO 	promptFile_neutral: NeutralPrompts.csv
12.3131 	INFO 	promptFile_social: SocialPrompts.csv
12.3131 	INFO 	promptFile_threat: ThreatPrompts.csv
12.3132 	INFO 	promptImageSize: [1, 0.3]
12.3132 	INFO 	respAdvances: True
12.3132 	INFO 	respKeys: ['r', 'b', 'y', 'g']
12.3132 	INFO 	screenColor: (128, 128, 128)
12.3132 	INFO 	screenToShow: 0
12.3133 	INFO 	skipPrompts: False
12.3133 	INFO 	stimDur: 0.5
12.3133 	INFO 	tStartup: 1
12.3133 	INFO 	triggerKey: t
12.3133 	INFO 	---END PARAMETERS---
15.9983 	INFO 	Loaded monitor calibration from ['2021_02_22 10:21']
16.0083 	WARNING 	User requested fullscreen with size [800 600], but screen is actually [1440, 900]. Using actual size
17.2005 	EXP 	Created win = Window(allowGUI=False, allowStencil=False, autoLog=True, backendConf=UNKNOWN, bitsMode=UNKNOWN, blendMode='avg', bpc=(8, 8, 8), color=array([128, 128, 128]), colorSpace='rgb255', depthBits=8, fullscr=<method-wrapper '__getattribute__' of attributeSetter object at 0x7feb69b77c50>, gamma=None, gammaErrorPolicy='raise', lms=UNKNOWN, monitor=<psychopy.monitors.calibTools.Monitor object at 0x7feb671a2630>, multiSample=False, name='win', numSamples=2, pos=[0.0, 0.0], screen=0, size=array([1440,  900]), stencilBits=0, stereo=False, units='height', useFBO=False, useRetina=False, viewOri=0.0, viewPos=None, viewScale=None, waitBlanking=True, winType='pyglet')
17.2009 	EXP 	win: mouseVisible = True
17.2105 	EXP 	Created fixCross = ShapeStim(__class__=<class 'psychopy.visual.shape.ShapeStim'>, autoDraw=False, autoLog=True, closeShape=False, color=method-wrapper(...), colorSpace='rgb', contrast=None, depth=0, fillColor=array([0, 0, 0]), fillColorSpace='rgb', fillRGB=UNKNOWN, interpolate=True, lineColor=array([-1., -1., -1.]), lineColorSpace='rgb', lineRGB=UNKNOWN, lineWidth=3.0, name='fixCross', opacity=1.0, ori=0.0, pos=array([0., 0.]), size=array([1., 1.]), units='height', vertices=ndarray(...), win=Window(...), windingRule=None)
17.2119 	WARNING 	TextStim.alignHoriz is deprecated. Use alignText and anchorHoriz attributes instead
17.3361 	EXP 	Created topMsg = TextStim(__class__=<class 'psychopy.visual.text.TextStim'>, alignHoriz='center', alignText='center', alignVert=method-wrapper(...), anchorHoriz='center', anchorVert='center', antialias=True, autoLog=True, bold=False, color=array([-1., -1., -1.]), colorSpace='rgb', contrast=1.0, depth=0, flipHoriz=False, flipVert=False, font='', fontFiles=[], height=0.1, italic=False, languageStyle='LTR', name='topMsg', opacity=1.0, ori=0.0, pos=array([0. , 0.5]), rgb=UNKNOWN, text='aaa', units='norm', win=Window(...), wrapWidth=1.5)
17.3364 	WARNING 	TextStim.alignHoriz is deprecated. Use alignText and anchorHoriz attributes instead
17.3412 	EXP 	Created bottomMsg = TextStim(__class__=<class 'psychopy.visual.text.TextStim'>, alignHoriz='center', alignText='center', alignVert=method-wrapper(...), anchorHoriz='center', anchorVert='center', antialias=True, autoLog=True, bold=False, color=array([-1., -1., -1.]), colorSpace='rgb', contrast=1.0, depth=0, flipHoriz=False, flipVert=False, font='', fontFiles=[], height=0.1, italic=False, languageStyle='LTR', name='bottomMsg', opacity=1.0, ori=0.0, pos=array([ 0. , -0.5]), rgb=UNKNOWN, text='bbb', units='norm', win=Window(...), wrapWidth=1.5)
17.4952 	EXP 	Created ImageStimulus = ImageStim(__class__=<class 'psychopy.visual.image.ImageStim'>, autoLog=True, color=array([1., 1., 1.]), colorSpace='rgb', contrast=1.0, depth=0, flipHoriz=False, flipVert=False, image='Faces/neutral/Woman14_neutral.png', interpolate=False, mask=None, maskParams=None, name='ImageStimulus', opacity=1, ori=0.0, pos=array([0., 0.]), size=array([0.55555556, 0.55555556]), texRes=128, units='height', win=Window(...))
17.5900 	EXP 	topMsg: text = 'In this task, you will see images briefly flashed on the screen. Your job is to count the images in a “target” category and ignore the others. At the end, we will ask you how many target images you saw.'
17.5900 	EXP 	bottomMsg: text = 'In this run, please count all the faces with hats. (Press ENTER to continue.)'
17.5900 	EXP 	Display Instructions1
18.6287 	DATA 	Keypress: return
18.7169 	EXP 	topMsg: text = 'Here are some examples of faces with hats (left) and no hats (right).'
18.7169 	EXP 	bottomMsg: text = 'Just before and after each image, there will be a cross in the middle of the screen. Please look directly at the cross and try not to blink during this period. (Press ENTER to continue.)'
18.7169 	EXP 	ImageStimulus: size = array([1.40777778, 0.30555556])
18.7169 	EXP 	ImageStimulus: image = 'Faces/sample_images/sample_neutral.png'
18.7169 	EXP 	ImageStimulus: size = [1, 0.3]
18.7169 	EXP 	Display Instructions2
22.4360 	DATA 	Keypress: return
22.4675 	EXP 	topMsg: text = 'If you have any questions, please ask the experimenter now.'
22.4675 	EXP 	bottomMsg: text = 'WHEN YOU ARE READY TO BEGIN, press any button.'
22.4675 	EXP 	Display Instructions3
23.2299 	DATA 	Keypress: return
23.2467 	EXP 	topMsg: text = 'Waiting for scanner to start...'
23.2467 	EXP 	bottomMsg: text = "(Press 'T' to override.)"
23.2467 	EXP 	Display WaitingForScanner
24.2632 	DATA 	Keypress: t
24.2641 	EXP 	---START EXPERIMENT---
24.2700 	EXP 	Display Fixation
24.2742 	EXP 	Display Fixation
24.2777 	EXP 	Display Fixation
24.2822 	EXP 	Display Fixation
24.2999 	EXP 	Display Fixation
24.3167 	EXP 	Display Fixation
24.3329 	EXP 	Display Fixation
24.3498 	EXP 	Display Fixation
24.3662 	EXP 	Display Fixation
24.3830 	EXP 	Display Fixation
24.3998 	EXP 	Display Fixation
24.4165 	EXP 	Display Fixation
24.4331 	EXP 	Display Fixation
24.4499 	EXP 	Display Fixation
24.4665 	EXP 	Display Fixation
24.4831 	EXP 	Display Fixation
24.4999 	EXP 	Display Fixation
24.5165 	EXP 	Display Fixation
24.5335 	EXP 	Display Fixation
24.5490 	EXP 	Display Fixation
24.5652 	EXP 	Display Fixation
24.5819 	EXP 	Display Fixation
24.5985 	EXP 	Display Fixation
24.6152 	EXP 	Display Fixation
24.6318 	EXP 	Display Fixation
24.6485 	EXP 	Display Fixation
24.6652 	EXP 	Display Fixation
24.6817 	EXP 	Display Fixation
24.6984 	EXP 	Display Fixation
24.7152 	EXP 	Display Fixation
24.7317 	EXP 	Display Fixation
24.7484 	EXP 	Display Fixation
24.7651 	EXP 	Display Fixation
24.7817 	EXP 	Display Fixation
24.7986 	EXP 	Display Fixation
24.8150 	EXP 	Display Fixation
24.8320 	EXP 	Display Fixation
24.8485 	EXP 	Display Fixation
24.8651 	EXP 	Display Fixation
24.8818 	EXP 	Display Fixation
24.8985 	EXP 	Display Fixation
24.9151 	EXP 	Display Fixation
24.9318 	EXP 	Display Fixation
24.9487 	EXP 	Display Fixation
24.9666 	EXP 	Display Fixation
24.9831 	EXP 	Display Fixation
24.9997 	EXP 	Display Fixation
25.0166 	EXP 	Display Fixation
25.0332 	EXP 	Display Fixation
25.0502 	EXP 	Display Fixation
25.0668 	EXP 	Display Fixation
25.0920 	EXP 	Display Fixation
25.0989 	EXP 	Display Fixation
25.1165 	EXP 	Display Fixation
25.1332 	EXP 	Display Fixation
25.1499 	EXP 	Display Fixation
25.1665 	EXP 	Display Fixation
25.1832 	EXP 	Display Fixation
25.1997 	EXP 	Display Fixation
25.2164 	EXP 	Display Fixation
25.2334 	EXP 	Display Fixation
25.2498 	EXP 	Display Fixation
25.2666 	EXP 	Display Fixation
25.2831 	EXP 	Display Fixation
25.2998 	EXP 	Display Fixation
25.3165 	EXP 	Display Fixation
25.3332 	EXP 	Display Fixation
25.3499 	EXP 	Display Fixation
25.3664 	EXP 	Display Fixation
25.3832 	EXP 	Display Fixation
25.4000 	EXP 	Display Fixation
25.4165 	EXP 	Display Fixation
25.4332 	EXP 	Display Fixation
25.4499 	EXP 	Display Fixation
25.4666 	EXP 	Display Fixation
25.4832 	EXP 	Display Fixation
25.4998 	EXP 	Display Fixation
25.5164 	EXP 	Display Fixation
25.5332 	EXP 	Display Fixation
25.5500 	EXP 	Display Fixation
25.5668 	EXP 	Display Fixation
25.5833 	EXP 	Display Fixation
25.5997 	EXP 	Display Fixation
25.6166 	EXP 	Display Fixation
25.6333 	EXP 	Display Fixation
25.6499 	EXP 	Display Fixation
25.6668 	EXP 	Display Fixation
25.6834 	EXP 	Display Fixation
25.6999 	EXP 	Display Fixation
25.7166 	EXP 	Display Fixation
25.7333 	EXP 	Display Fixation
25.7498 	EXP 	Display Fixation
25.7667 	EXP 	Display Fixation
25.7833 	EXP 	Display Fixation
25.7998 	EXP 	Display Fixation
25.8165 	EXP 	Display Fixation
25.8334 	EXP 	Display Fixation
25.8499 	EXP 	Display Fixation
25.8664 	EXP 	Display Fixation
25.8833 	EXP 	Display Fixation
25.9000 	EXP 	Display Fixation
25.9167 	EXP 	Display Fixation
25.9332 	EXP 	Display Fixation
25.9499 	EXP 	Display Fixation
25.9668 	EXP 	Display Fixation
25.9833 	EXP 	Display Fixation
25.9999 	EXP 	Display Fixation
26.0168 	EXP 	Display Fixation
26.0331 	EXP 	Display Fixation
26.0499 	EXP 	Display Fixation
26.0669 	EXP 	Display Fixation
26.0834 	EXP 	Display Fixation
26.1000 	EXP 	Display Fixation
26.1164 	EXP 	Display Fixation
26.1332 	EXP 	Display Fixation
26.1500 	EXP 	Display Fixation
26.1664 	EXP 	Display Fixation
26.1832 	EXP 	Display Fixation
26.2002 	EXP 	Display Fixation
26.2166 	EXP 	Display Fixation
26.2332 	EXP 	Display Fixation
26.2498 	EXP 	Display Fixation
26.2667 	EXP 	Display Fixation
26.2832 	EXP 	Display Fixation
26.2999 	EXP 	Display Fixation
26.3166 	EXP 	Display Fixation
26.3331 	EXP 	Display Fixation
26.3503 	EXP 	Display Fixation
26.3665 	EXP 	Display Fixation
26.3833 	EXP 	Display Fixation
26.4000 	EXP 	Display Fixation
26.4165 	EXP 	Display Fixation
26.4332 	EXP 	Display Fixation
26.4500 	EXP 	Display Fixation
26.4666 	EXP 	Display Fixation
26.4832 	EXP 	Display Fixation
26.5000 	EXP 	Display Fixation
26.5165 	EXP 	Display Fixation
26.5334 	EXP 	Display Fixation
26.5498 	EXP 	Display Fixation
26.5665 	EXP 	Display Fixation
26.5833 	EXP 	Display Fixation
26.5999 	EXP 	Display Fixation
26.6165 	EXP 	Display Fixation
26.6332 	EXP 	Display Fixation
26.6500 	EXP 	Display Fixation
26.6666 	EXP 	Display Fixation
26.6833 	EXP 	Display Fixation
26.6999 	EXP 	Display Fixation
26.7166 	EXP 	Display Fixation
26.7333 	EXP 	Display Fixation
26.7500 	EXP 	Display Fixation
26.7664 	EXP 	Display Fixation
26.7901 	EXP 	ImageStimulus: image = 'Faces/neutral/Woman14_neutral.png'
26.7901 	EXP 	ImageStimulus: size = [0.8, 0.8]
26.7901 	EXP 	Display Faces/neutral/Woman14_neutral.png
27.2675 	EXP 	Display Fixation
27.2713 	EXP 	Display Fixation
27.2749 	EXP 	Display Fixation
27.2780 	EXP 	Display Fixation
27.2823 	EXP 	Display Fixation
27.2992 	EXP 	Display Fixation
27.3167 	EXP 	Display Fixation
27.3335 	EXP 	Display Fixation
27.3501 	EXP 	Display Fixation
27.3666 	EXP 	Display Fixation
27.3833 	EXP 	Display Fixation
27.4001 	EXP 	Display Fixation
27.4168 	EXP 	Display Fixation
27.4334 	EXP 	Display Fixation
27.4499 	EXP 	Display Fixation
27.4668 	EXP 	Display Fixation
27.4833 	EXP 	Display Fixation
27.4998 	EXP 	Display Fixation
27.5167 	EXP 	Display Fixation
27.5332 	EXP 	Display Fixation
27.5499 	EXP 	Display Fixation
27.5668 	EXP 	Display Fixation
27.5832 	EXP 	Display Fixation
27.5998 	EXP 	Display Fixation
27.6167 	EXP 	Display Fixation
27.6334 	EXP 	Display Fixation
27.6502 	EXP 	Display Fixation
27.6666 	EXP 	Display Fixation
27.6837 	EXP 	Display Fixation
27.7000 	EXP 	Display Fixation
27.7168 	EXP 	Display Fixation
27.7335 	EXP 	Display Fixation
27.7499 	EXP 	Display Fixation
27.7668 	EXP 	Display Fixation
27.7834 	EXP 	Display Fixation
27.7999 	EXP 	Display Fixation
27.8167 	EXP 	Display Fixation
27.8338 	EXP 	Display Fixation
27.8501 	EXP 	Display Fixation
27.8668 	EXP 	Display Fixation
27.8834 	EXP 	Display Fixation
27.9002 	EXP 	Display Fixation
27.9167 	EXP 	Display Fixation
27.9336 	EXP 	Display Fixation
27.9506 	EXP 	Display Fixation
27.9662 	EXP 	Display Fixation
27.9834 	EXP 	Display Fixation
28.0006 	EXP 	Display Fixation
28.0167 	EXP 	Display Fixation
28.0324 	EXP 	Display Fixation
28.0502 	EXP 	Display Fixation
28.0668 	EXP 	Display Fixation
28.0834 	EXP 	Display Fixation
28.1001 	EXP 	Display Fixation
28.1169 	EXP 	Display Fixation
28.1334 	EXP 	Display Fixation
28.1500 	EXP 	Display Fixation
28.1666 	EXP 	Display Fixation
28.1833 	EXP 	Display Fixation
28.2001 	EXP 	Display Fixation
28.2167 	EXP 	Display Fixation
28.2334 	EXP 	Display Fixation
28.2501 	EXP 	Display Fixation
28.2668 	EXP 	Display Fixation
28.2834 	EXP 	Display Fixation
28.3000 	EXP 	Display Fixation
28.3168 	EXP 	Display Fixation
28.3334 	EXP 	Display Fixation
28.3501 	EXP 	Display Fixation
28.3669 	EXP 	Display Fixation
28.3834 	EXP 	Display Fixation
28.4000 	EXP 	Display Fixation
28.4168 	EXP 	Display Fixation
28.4336 	EXP 	Display Fixation
28.4499 	EXP 	Display Fixation
28.4659 	EXP 	Display Fixation
28.4835 	EXP 	Display Fixation
28.4999 	EXP 	Display Fixation
28.5166 	EXP 	Display Fixation
28.5333 	EXP 	Display Fixation
28.5501 	EXP 	Display Fixation
28.5663 	EXP 	Display Fixation
28.5822 	EXP 	Display Fixation
28.5988 	EXP 	Display Fixation
28.6155 	EXP 	Display Fixation
28.6319 	EXP 	Display Fixation
28.6488 	EXP 	Display Fixation
28.6653 	EXP 	Display Fixation
28.6820 	EXP 	Display Fixation
28.6987 	EXP 	Display Fixation
28.7155 	EXP 	Display Fixation
28.7319 	EXP 	Display Fixation
28.7486 	EXP 	Display Fixation
28.7652 	EXP 	Display Fixation
28.7821 	EXP 	Display Fixation
28.7987 	EXP 	Display Fixation
28.8155 	EXP 	Display Fixation
28.8324 	EXP 	Display Fixation
28.8487 	EXP 	Display Fixation
28.8655 	EXP 	Display Fixation
28.8820 	EXP 	Display Fixation
28.8988 	EXP 	Display Fixation
28.9154 	EXP 	Display Fixation
28.9320 	EXP 	Display Fixation
28.9488 	EXP 	Display Fixation
28.9658 	EXP 	Display Fixation
28.9835 	EXP 	Display Fixation
29.0001 	EXP 	Display Fixation
29.0168 	EXP 	Display Fixation
29.0335 	EXP 	Display Fixation
29.0502 	EXP 	Display Fixation
29.0665 	EXP 	Display Fixation
29.0837 	EXP 	Display Fixation
29.1058 	EXP 	Display Fixation
29.1168 	EXP 	Display Fixation
29.1336 	EXP 	Display Fixation
29.1500 	EXP 	Display Fixation
29.1667 	EXP 	Display Fixation
29.1835 	EXP 	Display Fixation
29.2001 	EXP 	Display Fixation
29.2168 	EXP 	Display Fixation
29.2334 	EXP 	Display Fixation
29.2501 	EXP 	Display Fixation
29.2669 	EXP 	Display Fixation
29.2836 	EXP 	Display Fixation
29.3001 	EXP 	Display Fixation
29.3167 	EXP 	Display Fixation
29.3335 	EXP 	Display Fixation
29.3500 	EXP 	Display Fixation
29.3668 	EXP 	Display Fixation
29.3836 	EXP 	Display Fixation
29.4001 	EXP 	Display Fixation
29.4167 	EXP 	Display Fixation
29.4334 	EXP 	Display Fixation
29.4503 	EXP 	Display Fixation
29.4668 	EXP 	Display Fixation
29.4833 	EXP 	Display Fixation
29.5001 	EXP 	Display Fixation
29.5168 	EXP 	Display Fixation
29.5334 	EXP 	Display Fixation
29.5503 	EXP 	Display Fixation
29.5667 	EXP 	Display Fixation
29.5834 	EXP 	Display Fixation
29.6003 	EXP 	Display Fixation
29.6167 	EXP 	Display Fixation
29.6335 	EXP 	Display Fixation
29.6502 	EXP 	Display Fixation
29.6668 	EXP 	Display Fixation
29.6835 	EXP 	Display Fixation
29.7002 	EXP 	Display Fixation
29.7167 	EXP 	Display Fixation
29.7334 	EXP 	Display Fixation
29.7502 	EXP 	Display Fixation
29.7671 	EXP 	Display Fixation
29.7837 	EXP 	Display Fixation
29.8002 	EXP 	Display Fixation
29.8168 	EXP 	Display Fixation
29.8340 	EXP 	Display Fixation
29.8502 	EXP 	Display Fixation
29.8667 	EXP 	Display Fixation
29.8834 	EXP 	Display Fixation
29.9006 	EXP 	Display Fixation
29.9168 	EXP 	Display Fixation
29.9335 	EXP 	Display Fixation
29.9501 	EXP 	Display Fixation
29.9671 	EXP 	Display Fixation
29.9835 	EXP 	Display Fixation
30.0004 	EXP 	Display Fixation
30.0165 	EXP 	Display Fixation
30.0339 	EXP 	Display Fixation
30.0506 	EXP 	Display Fixation
30.0670 	EXP 	Display Fixation
30.0835 	EXP 	Display Fixation
30.1004 	EXP 	Display Fixation
30.1168 	EXP 	Display Fixation
30.1335 	EXP 	Display Fixation
30.1501 	EXP 	Display Fixation
30.1668 	EXP 	Display Fixation
30.1834 	EXP 	Display Fixation
30.2003 	EXP 	Display Fixation
30.2168 	EXP 	Display Fixation
30.2336 	EXP 	Display Fixation
30.2502 	EXP 	Display Fixation
30.2669 	EXP 	Display Fixation
30.2835 	EXP 	Display Fixation
30.3001 	EXP 	Display Fixation
30.3168 	EXP 	Display Fixation
30.3335 	EXP 	Display Fixation
30.3502 	EXP 	Display Fixation
30.3669 	EXP 	Display Fixation
30.3836 	EXP 	Display Fixation
30.4001 	EXP 	Display Fixation
30.4168 	EXP 	Display Fixation
30.4335 	EXP 	Display Fixation
30.4504 	EXP 	Display Fixation
30.4667 	EXP 	Display Fixation
30.4835 	EXP 	Display Fixation
30.5002 	EXP 	Display Fixation
30.5169 	EXP 	Display Fixation
30.5335 	EXP 	Display Fixation
30.5503 	EXP 	Display Fixation
30.5675 	EXP 	Display Fixation
30.5836 	EXP 	Display Fixation
30.6001 	EXP 	Display Fixation
30.6170 	EXP 	Display Fixation
30.6557 	EXP 	ImageStimulus: image = 'Faces/neutral/No Emotion_Front_Man14.png'
30.6557 	EXP 	ImageStimulus: size = [0.8, 0.8]
30.6557 	EXP 	Display Faces/neutral/No Emotion_Front_Man14.png
31.1175 	EXP 	Display Fixation
31.1212 	EXP 	Display Fixation
31.1251 	EXP 	Display Fixation
31.1286 	EXP 	Display Fixation
31.1331 	EXP 	Display Fixation
31.1502 	EXP 	Display Fixation
31.1670 	EXP 	Display Fixation
31.1836 	EXP 	Display Fixation
31.2004 	EXP 	Display Fixation
31.2170 	EXP 	Display Fixation
31.2335 	EXP 	Display Fixation
31.2503 	EXP 	Display Fixation
31.2670 	EXP 	Display Fixation
31.2837 	EXP 	Display Fixation
31.3003 	EXP 	Display Fixation
31.3170 	EXP 	Display Fixation
31.3338 	EXP 	Display Fixation
31.3502 	EXP 	Display Fixation
31.3669 	EXP 	Display Fixation
31.3836 	EXP 	Display Fixation
31.4004 	EXP 	Display Fixation
31.4170 	EXP 	Display Fixation
31.4335 	EXP 	Display Fixation
31.4502 	EXP 	Display Fixation
31.4673 	EXP 	Display Fixation
31.4838 	EXP 	Display Fixation
31.5003 	EXP 	Display Fixation
31.5168 	EXP 	Display Fixation
31.5336 	EXP 	Display Fixation
31.5505 	EXP 	Display Fixation
31.5668 	EXP 	Display Fixation
31.5837 	EXP 	Display Fixation
31.6004 	EXP 	Display Fixation
31.6168 	EXP 	Display Fixation
31.6336 	EXP 	Display Fixation
31.6503 	EXP 	Display Fixation
31.6668 	EXP 	Display Fixation
31.6837 	EXP 	Display Fixation
31.7001 	EXP 	Display Fixation
31.7170 	EXP 	Display Fixation
31.7337 	EXP 	Display Fixation
31.7502 	EXP 	Display Fixation
31.7670 	EXP 	Display Fixation
31.7834 	EXP 	Display Fixation
31.8006 	EXP 	Display Fixation
31.8169 	EXP 	Display Fixation
31.8338 	EXP 	Display Fixation
31.8503 	EXP 	Display Fixation
31.8671 	EXP 	Display Fixation
31.8834 	EXP 	Display Fixation
31.9003 	EXP 	Display Fixation
31.9170 	EXP 	Display Fixation
31.9336 	EXP 	Display Fixation
31.9504 	EXP 	Display Fixation
31.9671 	EXP 	Display Fixation
31.9838 	EXP 	Display Fixation
32.0004 	EXP 	Display Fixation
32.0169 	EXP 	Display Fixation
32.0337 	EXP 	Display Fixation
32.0504 	EXP 	Display Fixation
32.0669 	EXP 	Display Fixation
32.0836 	EXP 	Display Fixation
32.1003 	EXP 	Display Fixation
32.1169 	EXP 	Display Fixation
32.1336 	EXP 	Display Fixation
32.1503 	EXP 	Display Fixation
32.1671 	EXP 	Display Fixation
32.1837 	EXP 	Display Fixation
32.2003 	EXP 	Display Fixation
32.2171 	EXP 	Display Fixation
32.2337 	EXP 	Display Fixation
32.2502 	EXP 	Display Fixation
32.2670 	EXP 	Display Fixation
32.2838 	EXP 	Display Fixation
32.3002 	EXP 	Display Fixation
32.3171 	EXP 	Display Fixation
32.3338 	EXP 	Display Fixation
32.3504 	EXP 	Display Fixation
32.3671 	EXP 	Display Fixation
32.3835 	EXP 	Display Fixation
32.4002 	EXP 	Display Fixation
32.4170 	EXP 	Display Fixation
32.4336 	EXP 	Display Fixation
32.4502 	EXP 	Display Fixation
32.4669 	EXP 	Display Fixation
32.4838 	EXP 	Display Fixation
32.5007 	EXP 	Display Fixation
32.5169 	EXP 	Display Fixation
32.5338 	EXP 	Display Fixation
32.5503 	EXP 	Display Fixation
32.5670 	EXP 	Display Fixation
32.5837 	EXP 	Display Fixation
32.6003 	EXP 	Display Fixation
32.6168 	EXP 	Display Fixation
32.6338 	EXP 	Display Fixation
32.6506 	EXP 	Display Fixation
32.6675 	EXP 	Display Fixation
32.6838 	EXP 	Display Fixation
32.7006 	EXP 	Display Fixation
32.7163 	EXP 	Display Fixation
32.7334 	EXP 	Display Fixation
32.7504 	EXP 	Display Fixation
32.7662 	EXP 	Display Fixation
32.7835 	EXP 	Display Fixation
32.8002 	EXP 	Display Fixation
32.8170 	EXP 	Display Fixation
32.8338 	EXP 	Display Fixation
32.8503 	EXP 	Display Fixation
32.8670 	EXP 	Display Fixation
32.8837 	EXP 	Display Fixation
32.9004 	EXP 	Display Fixation
32.9170 	EXP 	Display Fixation
32.9337 	EXP 	Display Fixation
32.9504 	EXP 	Display Fixation
32.9670 	EXP 	Display Fixation
32.9838 	EXP 	Display Fixation
33.0003 	EXP 	Display Fixation
33.0171 	EXP 	Display Fixation
33.0326 	EXP 	Display Fixation
33.0491 	EXP 	Display Fixation
33.0658 	EXP 	Display Fixation
33.0824 	EXP 	Display Fixation
33.0990 	EXP 	Display Fixation
33.1156 	EXP 	Display Fixation
33.1323 	EXP 	Display Fixation
33.1489 	EXP 	Display Fixation
33.1657 	EXP 	Display Fixation
33.1823 	EXP 	Display Fixation
33.1990 	EXP 	Display Fixation
33.2157 	EXP 	Display Fixation
33.2322 	EXP 	Display Fixation
33.2490 	EXP 	Display Fixation
33.2657 	EXP 	Display Fixation
33.2823 	EXP 	Display Fixation
33.2990 	EXP 	Display Fixation
33.3157 	EXP 	Display Fixation
33.3323 	EXP 	Display Fixation
33.3489 	EXP 	Display Fixation
33.3656 	EXP 	Display Fixation
33.3823 	EXP 	Display Fixation
33.3990 	EXP 	Display Fixation
33.4156 	EXP 	Display Fixation
33.4329 	EXP 	Display Fixation
33.4504 	EXP 	Display Fixation
33.4671 	EXP 	Display Fixation
33.4836 	EXP 	Display Fixation
33.5004 	EXP 	Display Fixation
33.5169 	EXP 	Display Fixation
33.5336 	EXP 	Display Fixation
33.5509 	EXP 	Display Fixation
33.5730 	EXP 	Display Fixation
33.5833 	EXP 	Display Fixation
33.6005 	EXP 	Display Fixation
33.6170 	EXP 	Display Fixation
33.6338 	EXP 	Display Fixation
33.6504 	EXP 	Display Fixation
33.6671 	EXP 	Display Fixation
33.6837 	EXP 	Display Fixation
33.7003 	EXP 	Display Fixation
33.7175 	EXP 	Display Fixation
33.7337 	EXP 	Display Fixation
33.7504 	EXP 	Display Fixation
33.7670 	EXP 	Display Fixation
33.7838 	EXP 	Display Fixation
33.8005 	EXP 	Display Fixation
33.8171 	EXP 	Display Fixation
33.8338 	EXP 	Display Fixation
33.8504 	EXP 	Display Fixation
33.8670 	EXP 	Display Fixation
33.8838 	EXP 	Display Fixation
33.9003 	EXP 	Display Fixation
33.9170 	EXP 	Display Fixation
33.9337 	EXP 	Display Fixation
33.9503 	EXP 	Display Fixation
33.9674 	EXP 	Display Fixation
33.9839 	EXP 	Display Fixation
34.0004 	EXP 	Display Fixation
34.0169 	EXP 	Display Fixation
34.0338 	EXP 	Display Fixation
34.0507 	EXP 	Display Fixation
34.0660 	EXP 	Display Fixation
34.0833 	EXP 	Display Fixation
34.0992 	EXP 	Display Fixation
34.1158 	EXP 	Display Fixation
34.1325 	EXP 	Display Fixation
34.1490 	EXP 	Display Fixation
34.1657 	EXP 	Display Fixation
34.1823 	EXP 	Display Fixation
34.1991 	EXP 	Display Fixation
34.2156 	EXP 	Display Fixation
34.2324 	EXP 	Display Fixation
34.2490 	EXP 	Display Fixation
34.2657 	EXP 	Display Fixation
34.2823 	EXP 	Display Fixation
34.2991 	EXP 	Display Fixation
34.3157 	EXP 	Display Fixation
34.3324 	EXP 	Display Fixation
34.3491 	EXP 	Display Fixation
34.3657 	EXP 	Display Fixation
34.3824 	EXP 	Display Fixation
34.3990 	EXP 	Display Fixation
34.4159 	EXP 	Display Fixation
34.4324 	EXP 	Display Fixation
34.4489 	EXP 	Display Fixation
34.4666 	EXP 	Display Fixation
34.4838 	EXP 	Display Fixation
34.5006 	EXP 	Display Fixation
34.5172 	EXP 	Display Fixation
34.5338 	EXP 	Display Fixation
34.5505 	EXP 	Display Fixation
34.5670 	EXP 	Display Fixation
34.5841 	EXP 	Display Fixation
34.6060 	EXP 	Display Fixation
34.6170 	EXP 	Display Fixation
34.6339 	EXP 	Display Fixation
34.6496 	EXP 	Display Fixation
34.6661 	EXP 	Display Fixation
34.6839 	EXP 	Display Fixation
34.7005 	EXP 	Display Fixation
34.7173 	EXP 	Display Fixation
34.7338 	EXP 	Display Fixation
34.7506 	EXP 	Display Fixation
34.7672 	EXP 	Display Fixation
34.7840 	EXP 	Display Fixation
34.8005 	EXP 	Display Fixation
34.8170 	EXP 	Display Fixation
34.8344 	EXP 	Display Fixation
34.8504 	EXP 	Display Fixation
34.8673 	EXP 	Display Fixation
34.9021 	EXP 	ImageStimulus: image = 'Faces/neutral/No Emotion_Front_Man4.png'
34.9021 	EXP 	ImageStimulus: size = [0.8, 0.8]
34.9021 	EXP 	Display Faces/neutral/No Emotion_Front_Man4.png
35.3675 	EXP 	Display Fixation
35.3713 	EXP 	Display Fixation
35.3750 	EXP 	Display Fixation
35.3786 	EXP 	Display Fixation
35.3837 	EXP 	Display Fixation
35.3994 	EXP 	Display Fixation
35.4158 	EXP 	Display Fixation
35.4326 	EXP 	Display Fixation
35.4491 	EXP 	Display Fixation
35.4658 	EXP 	Display Fixation
35.4824 	EXP 	Display Fixation
35.4992 	EXP 	Display Fixation
35.5158 	EXP 	Display Fixation
35.5324 	EXP 	Display Fixation
35.5492 	EXP 	Display Fixation
35.5658 	EXP 	Display Fixation
35.5825 	EXP 	Display Fixation
35.5992 	EXP 	Display Fixation
35.6158 	EXP 	Display Fixation
35.6325 	EXP 	Display Fixation
35.6491 	EXP 	Display Fixation
35.6660 	EXP 	Display Fixation
35.6825 	EXP 	Display Fixation
35.6992 	EXP 	Display Fixation
35.7158 	EXP 	Display Fixation
35.7326 	EXP 	Display Fixation
35.7491 	EXP 	Display Fixation
35.7658 	EXP 	Display Fixation
35.7825 	EXP 	Display Fixation
35.7999 	EXP 	Display Fixation
35.8173 	EXP 	Display Fixation
35.8340 	EXP 	Display Fixation
35.8505 	EXP 	Display Fixation
35.8672 	EXP 	Display Fixation
35.8839 	EXP 	Display Fixation
35.9011 	EXP 	Display Fixation
35.9165 	EXP 	Display Fixation
35.9398 	EXP 	Display Fixation
35.9500 	EXP 	Display Fixation
35.9674 	EXP 	Display Fixation
35.9839 	EXP 	Display Fixation
36.0005 	EXP 	Display Fixation
36.0171 	EXP 	Display Fixation
36.0340 	EXP 	Display Fixation
36.0505 	EXP 	Display Fixation
36.0674 	EXP 	Display Fixation
36.0840 	EXP 	Display Fixation
36.1006 	EXP 	Display Fixation
36.1177 	EXP 	Display Fixation
36.1340 	EXP 	Display Fixation
36.1448 	DATA 	Keypress: escape
36.1508 	EXP 	Display Fixation
36.1672 	EXP 	Display Fixation
36.1840 	EXP 	Display Fixation
36.2006 	EXP 	Display Fixation
36.2173 	EXP 	Display Fixation
36.2340 	EXP 	Display Fixation
36.2505 	EXP 	Display Fixation
36.2673 	EXP 	Display Fixation
36.2839 	EXP 	Display Fixation
36.3005 	EXP 	Display Fixation
36.3178 	EXP 	Display Fixation
36.3339 	EXP 	Display Fixation
36.3506 	EXP 	Display Fixation
36.3672 	EXP 	Display Fixation
36.3840 	EXP 	Display Fixation
36.4004 	EXP 	Display Fixation
36.4174 	EXP 	Display Fixation
36.4339 	EXP 	Display Fixation
36.4506 	EXP 	Display Fixation
36.4674 	EXP 	Display Fixation
36.4839 	EXP 	Display Fixation
36.5007 	EXP 	Display Fixation
36.5171 	EXP 	Display Fixation
36.5339 	EXP 	Display Fixation
36.5507 	EXP 	Display Fixation
36.5675 	EXP 	Display Fixation
36.5843 	EXP 	Display Fixation
36.6008 	EXP 	Display Fixation
36.6172 	EXP 	Display Fixation
36.6330 	EXP 	Display Fixation
36.6499 	EXP 	Display Fixation
36.6669 	EXP 	Display Fixation
36.6840 	EXP 	Display Fixation
36.6996 	EXP 	Display Fixation
36.7174 	EXP 	Display Fixation
36.7344 	EXP 	Display Fixation
36.7518 	EXP 	Display Fixation
36.7668 	EXP 	Display Fixation
36.7831 	EXP 	Display Fixation
36.7996 	EXP 	Display Fixation
36.8161 	EXP 	Display Fixation
36.8345 	EXP 	Display Fixation
36.8493 	EXP 	Display Fixation
36.8665 	EXP 	Display Fixation
36.8840 	EXP 	Display Fixation
36.9007 	EXP 	Display Fixation
36.9165 	EXP 	Display Fixation
36.9329 	EXP 	Display Fixation
36.9509 	EXP 	Display Fixation
36.9679 	EXP 	Display Fixation
36.9840 	EXP 	Display Fixation
37.0006 	EXP 	Display Fixation
37.0174 	EXP 	Display Fixation
37.0342 	EXP 	Display Fixation
37.0506 	EXP 	Display Fixation
37.0673 	EXP 	Display Fixation
37.0839 	EXP 	Display Fixation
37.1007 	EXP 	Display Fixation
37.1173 	EXP 	Display Fixation
37.1341 	EXP 	Display Fixation
37.1504 	EXP 	Display Fixation
37.1674 	EXP 	Display Fixation
37.1839 	EXP 	Display Fixation
37.2005 	EXP 	Display Fixation
37.2176 	EXP 	Display Fixation
37.2340 	EXP 	Display Fixation
37.2505 	EXP 	Display Fixation
37.2674 	EXP 	Display Fixation
37.2839 	EXP 	Display Fixation
37.3005 	EXP 	Display Fixation
37.3173 	EXP 	Display Fixation
37.3341 	EXP 	Display Fixation
37.3507 	EXP 	Display Fixation
37.3673 	EXP 	Display Fixation
37.3839 	EXP 	Display Fixation
37.4006 	EXP 	Display Fixation
37.4173 	EXP 	Display Fixation
37.4340 	EXP 	Display Fixation
37.4507 	EXP 	Display Fixation
37.4676 	EXP 	Display Fixation
37.4839 	EXP 	Display Fixation
37.5006 	EXP 	Display Fixation
37.5174 	EXP 	Display Fixation
37.5340 	EXP 	Display Fixation
37.5505 	EXP 	Display Fixation
37.5674 	EXP 	Display Fixation
37.5840 	EXP 	Display Fixation
37.6006 	EXP 	Display Fixation
37.6172 	EXP 	Display Fixation
37.6340 	EXP 	Display Fixation
37.6505 	EXP 	Display Fixation
37.6673 	EXP 	Display Fixation
37.6840 	EXP 	Display Fixation
37.7007 	EXP 	Display Fixation
37.7173 	EXP 	Display Fixation
37.7341 	EXP 	Display Fixation
37.7507 	EXP 	Display Fixation
37.7674 	EXP 	Display Fixation
37.7841 	EXP 	Display Fixation
37.8006 	EXP 	Display Fixation
37.8174 	EXP 	Display Fixation
37.8340 	EXP 	Display Fixation
37.8507 	EXP 	Display Fixation
37.8675 	EXP 	Display Fixation
37.8839 	EXP 	Display Fixation
37.9008 	EXP 	Display Fixation
37.9173 	EXP 	Display Fixation
37.9340 	EXP 	Display Fixation
37.9506 	EXP 	Display Fixation
37.9673 	EXP 	Display Fixation
37.9840 	EXP 	Display Fixation
38.0007 	EXP 	Display Fixation
38.0172 	EXP 	Display Fixation
38.0344 	EXP 	Display Fixation
38.0508 	EXP 	Display Fixation
38.0673 	EXP 	Display Fixation
38.0843 	EXP 	Display Fixation
38.1008 	EXP 	Display Fixation
38.1173 	EXP 	Display Fixation
38.1174 	EXP 	--- END EXPERIMENT ---
38.1500 	EXP 	topMsg: text = "That's the end! "
38.1500 	EXP 	bottomMsg: text = "Press 'q' or 'escape' to end the session."
38.1500 	EXP 	Display TheEnd
38.4205 	DATA 	Keypress: escape
39.0164 	EXP 	win: mouseVisible = True
