5.0529 	WARNING 	We strongly recommend you activate the PTB sound engine in PsychoPy prefs as the preferred audio engine. Its timing is vastly superior. Your prefs are currently set to use ['sounddevice', 'PTB', 'pyo', 'pygame'] (in that order).
14.1315 	INFO 	---START PARAMETERS---
14.1316 	INFO 	filename: SampleExperiment_d1-1-6-Oct_21_1026
14.1316 	INFO 	subject: 1
14.1316 	INFO 	session: 6
14.1316 	INFO 	date: Oct_21_1026
14.1316 	INFO 	ISI: 1.75
14.1317 	INFO 	choices: [1, 2, 3]
14.1317 	INFO 	fixCrossPos: [0, 0]
14.1317 	INFO 	fixCrossSize: 0.1
14.1317 	INFO 	fullScreen: True
14.1317 	INFO 	imageDir_neutral: Faces/neutral/
14.1317 	INFO 	imageDir_social: Faces/social/
14.1318 	INFO 	imageDir_threat: Faces/threat/
14.1318 	INFO 	imageSuffix: .png
14.1318 	INFO 	nTrials: 3
14.1318 	INFO 	postStimDur: 1.0
14.1324 	INFO 	preStimDur: [0.5 0.6 0.7 0.8 0.9 1.  1.1 1.2 1.3 1.4 1.5 1.6 1.7 1.8 1.9]
14.1325 	INFO 	promptDir: Text/
14.1325 	INFO 	promptFile_neutral: NeutralPrompts.csv
14.1325 	INFO 	promptFile_social: SocialPrompts.csv
14.1325 	INFO 	promptFile_threat: ThreatPrompts.csv
14.1325 	INFO 	respAdvances: True
14.1325 	INFO 	respKeys: ['r', 'b', 'y', 'g']
14.1325 	INFO 	screenColor: (128, 128, 128)
14.1325 	INFO 	screenToShow: 0
14.1325 	INFO 	skipPrompts: False
14.1326 	INFO 	stimDur: 0.5
14.1326 	INFO 	tStartup: 1
14.1326 	INFO 	triggerKey: t
14.1326 	INFO 	---END PARAMETERS---
17.4524 	INFO 	Loaded monitor calibration from ['2021_02_22 10:21']
17.4610 	WARNING 	User requested fullscreen with size [800 600], but screen is actually [1440, 900]. Using actual size
18.5960 	EXP 	Created win = Window(allowGUI=False, allowStencil=False, autoLog=True, backendConf=UNKNOWN, bitsMode=UNKNOWN, blendMode='avg', bpc=(8, 8, 8), color=array([128, 128, 128]), colorSpace='rgb255', depthBits=8, fullscr=<method-wrapper '__getattribute__' of attributeSetter object at 0x7fb581bdfc18>, gamma=None, gammaErrorPolicy='raise', lms=UNKNOWN, monitor=<psychopy.monitors.calibTools.Monitor object at 0x7fb57f9975c0>, multiSample=False, name='win', numSamples=2, pos=[0.0, 0.0], screen=0, size=array([1440,  900]), stencilBits=0, stereo=False, units='height', useFBO=False, useRetina=False, viewOri=0.0, viewPos=None, viewScale=None, waitBlanking=True, winType='pyglet')
18.5964 	EXP 	win: mouseVisible = True
18.6051 	EXP 	Created fixCross = ShapeStim(__class__=<class 'psychopy.visual.shape.ShapeStim'>, autoDraw=False, autoLog=True, closeShape=False, color=method-wrapper(...), colorSpace='rgb', contrast=None, depth=0, fillColor=array([0, 0, 0]), fillColorSpace='rgb', fillRGB=UNKNOWN, interpolate=True, lineColor=array([-1., -1., -1.]), lineColorSpace='rgb', lineRGB=UNKNOWN, lineWidth=3.0, name='fixCross', opacity=1.0, ori=0.0, pos=array([0., 0.]), size=array([1., 1.]), units='height', vertices=ndarray(...), win=Window(...), windingRule=None)
18.6059 	WARNING 	TextStim.alignHoriz is deprecated. Use alignText and anchorHoriz attributes instead
18.7077 	EXP 	Created topMsg = TextStim(__class__=<class 'psychopy.visual.text.TextStim'>, alignHoriz='center', alignText='center', alignVert=method-wrapper(...), anchorHoriz='center', anchorVert='center', antialias=True, autoLog=True, bold=False, color=array([-1., -1., -1.]), colorSpace='rgb', contrast=1.0, depth=0, flipHoriz=False, flipVert=False, font='', fontFiles=[], height=0.1, italic=False, languageStyle='LTR', name='topMsg', opacity=1.0, ori=0.0, pos=array([0. , 0.5]), rgb=UNKNOWN, text='aaa', units='norm', win=Window(...), wrapWidth=1.5)
18.7078 	WARNING 	TextStim.alignHoriz is deprecated. Use alignText and anchorHoriz attributes instead
18.7120 	EXP 	Created bottomMsg = TextStim(__class__=<class 'psychopy.visual.text.TextStim'>, alignHoriz='center', alignText='center', alignVert=method-wrapper(...), anchorHoriz='center', anchorVert='center', antialias=True, autoLog=True, bold=False, color=array([-1., -1., -1.]), colorSpace='rgb', contrast=1.0, depth=0, flipHoriz=False, flipVert=False, font='', fontFiles=[], height=0.1, italic=False, languageStyle='LTR', name='bottomMsg', opacity=1.0, ori=0.0, pos=array([ 0. , -0.5]), rgb=UNKNOWN, text='bbb', units='norm', win=Window(...), wrapWidth=1.5)
18.8510 	EXP 	Created ImageStimulus = ImageStim(__class__=<class 'psychopy.visual.image.ImageStim'>, autoLog=True, color=array([1., 1., 1.]), colorSpace='rgb', contrast=1.0, depth=0, flipHoriz=False, flipVert=False, image='Faces/neutral/No Emotion_Front_Man16.png', interpolate=False, mask=None, maskParams=None, name='ImageStimulus', opacity=1, ori=0.0, pos=array([0., 0.]), size=array([0.55555556, 0.55555556]), texRes=128, units='height', win=Window(...))
18.9022 	EXP 	topMsg: text = 'Count the all the faces with hats you see'
18.9022 	EXP 	bottomMsg: text = 'Press ENTER to continue'
18.9022 	EXP 	Display Instructions1
21.6761 	DATA 	Keypress: return
21.7268 	EXP 	topMsg: text = 'Here are some examples of faces with hats (left) and no hats (right)'
21.7268 	EXP 	bottomMsg: text = 'Press ENTER to continue'
21.7268 	EXP 	ImageStimulus: size = array([0.61333333, 0.27555556])
21.7268 	EXP 	ImageStimulus: image = 'Faces/sample_images/sample_neutral.png'
21.7268 	EXP 	Display Instructions2
26.2863 	DATA 	Keypress: return
26.3198 	EXP 	topMsg: text = 'If you have any questions, please ask the experimenter now'
26.3198 	EXP 	bottomMsg: text = 'WHEN YOU ARE READY TO BEGIN, press any button'
26.3198 	EXP 	Display Instructions3
30.9643 	DATA 	Keypress: space
30.9842 	EXP 	topMsg: text = 'Waiting for scanner to start...'
30.9842 	EXP 	bottomMsg: text = "(Press 'T' to override.)"
30.9842 	EXP 	Display WaitingForScanner
32.0685 	DATA 	Keypress: t
32.0693 	EXP 	---START EXPERIMENT---
32.0793 	EXP 	Display Fixation
32.0951 	EXP 	Display Fixation
32.1122 	EXP 	Display Fixation
32.1284 	EXP 	Display Fixation
32.1447 	EXP 	Display Fixation
32.1620 	EXP 	Display Fixation
32.1790 	EXP 	Display Fixation
32.1941 	EXP 	Display Fixation
32.2120 	EXP 	Display Fixation
32.2283 	EXP 	Display Fixation
32.2457 	EXP 	Display Fixation
32.2635 	EXP 	Display Fixation
32.2797 	EXP 	Display Fixation
32.2950 	EXP 	Display Fixation
32.3117 	EXP 	Display Fixation
32.3296 	EXP 	Display Fixation
32.3463 	EXP 	Display Fixation
32.3618 	EXP 	Display Fixation
32.3786 	EXP 	Display Fixation
32.3952 	EXP 	Display Fixation
32.4119 	EXP 	Display Fixation
32.4283 	EXP 	Display Fixation
32.4483 	EXP 	Display Fixation
32.4616 	EXP 	Display Fixation
32.4791 	EXP 	Display Fixation
32.4957 	EXP 	Display Fixation
32.5155 	EXP 	Display Fixation
32.5285 	EXP 	Display Fixation
32.5455 	EXP 	Display Fixation
32.5619 	EXP 	Display Fixation
32.5785 	EXP 	Display Fixation
32.5951 	EXP 	Display Fixation
32.6118 	EXP 	Display Fixation
32.6304 	EXP 	Display Fixation
32.6457 	EXP 	Display Fixation
32.6623 	EXP 	Display Fixation
32.6813 	EXP 	Display Fixation
32.6971 	EXP 	Display Fixation
32.7123 	EXP 	Display Fixation
32.7287 	EXP 	Display Fixation
32.7455 	EXP 	Display Fixation
32.7619 	EXP 	Display Fixation
32.7784 	EXP 	Display Fixation
32.7952 	EXP 	Display Fixation
32.8116 	EXP 	Display Fixation
32.8287 	EXP 	Display Fixation
32.8452 	EXP 	Display Fixation
32.8619 	EXP 	Display Fixation
32.8821 	EXP 	Display Fixation
32.8964 	EXP 	Display Fixation
32.9138 	EXP 	Display Fixation
32.9289 	EXP 	Display Fixation
32.9456 	EXP 	Display Fixation
32.9622 	EXP 	Display Fixation
32.9787 	EXP 	Display Fixation
32.9957 	EXP 	Display Fixation
33.0123 	EXP 	Display Fixation
33.0288 	EXP 	Display Fixation
33.0450 	EXP 	Display Fixation
33.0619 	EXP 	Display Fixation
33.0816 	EXP 	Display Fixation
33.0964 	EXP 	Display Fixation
33.1117 	EXP 	Display Fixation
33.1286 	EXP 	Display Fixation
33.1467 	EXP 	Display Fixation
33.1622 	EXP 	Display Fixation
33.1800 	EXP 	Display Fixation
33.1960 	EXP 	Display Fixation
33.2119 	EXP 	Display Fixation
33.2289 	EXP 	Display Fixation
33.2457 	EXP 	Display Fixation
33.2622 	EXP 	Display Fixation
33.2790 	EXP 	Display Fixation
33.2955 	EXP 	Display Fixation
33.3122 	EXP 	Display Fixation
33.3288 	EXP 	Display Fixation
33.3456 	EXP 	Display Fixation
33.3621 	EXP 	Display Fixation
33.3788 	EXP 	Display Fixation
33.3955 	EXP 	Display Fixation
33.4122 	EXP 	Display Fixation
33.4288 	EXP 	Display Fixation
33.4454 	EXP 	Display Fixation
33.4611 	EXP 	Display Fixation
33.4785 	EXP 	Display Fixation
33.4952 	EXP 	Display Fixation
33.5124 	EXP 	Display Fixation
33.5288 	EXP 	Display Fixation
33.5452 	EXP 	Display Fixation
33.5621 	EXP 	Display Fixation
33.5794 	EXP 	Display Fixation
33.5949 	EXP 	Display Fixation
33.6117 	EXP 	Display Fixation
33.6293 	EXP 	Display Fixation
33.6462 	EXP 	Display Fixation
33.6624 	EXP 	Display Fixation
33.6785 	EXP 	Display Fixation
33.6957 	EXP 	Display Fixation
33.7148 	EXP 	Display Fixation
33.7293 	EXP 	Display Fixation
33.7481 	EXP 	Display Fixation
33.7619 	EXP 	Display Fixation
33.7790 	EXP 	Display Fixation
33.7959 	EXP 	Display Fixation
33.8124 	EXP 	Display Fixation
33.8291 	EXP 	Display Fixation
33.8457 	EXP 	Display Fixation
33.8625 	EXP 	Display Fixation
33.8788 	EXP 	Display Fixation
33.8954 	EXP 	Display Fixation
33.9125 	EXP 	Display Fixation
33.9295 	EXP 	Display Fixation
33.9456 	EXP 	Display Fixation
33.9623 	EXP 	Display Fixation
33.9792 	EXP 	Display Fixation
33.9955 	EXP 	Display Fixation
34.0121 	EXP 	Display Fixation
34.0291 	EXP 	Display Fixation
34.0455 	EXP 	Display Fixation
34.0620 	EXP 	Display Fixation
34.0787 	EXP 	Display Fixation
34.0954 	EXP 	Display Fixation
34.1122 	EXP 	Display Fixation
34.1287 	EXP 	Display Fixation
34.1459 	EXP 	Display Fixation
34.1624 	EXP 	Display Fixation
34.1792 	EXP 	Display Fixation
34.1956 	EXP 	Display Fixation
34.2126 	EXP 	Display Fixation
34.2290 	EXP 	Display Fixation
34.2457 	EXP 	Display Fixation
34.2625 	EXP 	Display Fixation
34.2790 	EXP 	Display Fixation
34.2958 	EXP 	Display Fixation
34.3123 	EXP 	Display Fixation
34.3290 	EXP 	Display Fixation
34.3458 	EXP 	Display Fixation
34.3622 	EXP 	Display Fixation
34.3790 	EXP 	Display Fixation
34.3956 	EXP 	Display Fixation
34.4125 	EXP 	Display Fixation
34.4292 	EXP 	Display Fixation
34.4458 	EXP 	Display Fixation
34.4624 	EXP 	Display Fixation
34.4791 	EXP 	Display Fixation
34.4957 	EXP 	Display Fixation
34.5126 	EXP 	Display Fixation
34.5290 	EXP 	Display Fixation
34.5458 	EXP 	Display Fixation
34.5625 	EXP 	Display Fixation
34.5793 	EXP 	Display Fixation
34.5960 	EXP 	Display Fixation
34.6126 	EXP 	Display Fixation
34.6291 	EXP 	Display Fixation
34.6459 	EXP 	Display Fixation
34.6625 	EXP 	Display Fixation
34.6793 	EXP 	Display Fixation
34.6957 	EXP 	Display Fixation
34.7124 	EXP 	Display Fixation
34.7292 	EXP 	Display Fixation
34.7463 	EXP 	Display Fixation
34.7625 	EXP 	Display Fixation
34.7795 	EXP 	Display Fixation
34.8066 	EXP 	ImageStimulus: size = array([0.55555556, 0.55555556])
34.8066 	EXP 	ImageStimulus: image = 'Faces/neutral/No Emotion_Front_Man16.png'
34.8066 	EXP 	Display Faces/neutral/No Emotion_Front_Man16.png
35.2730 	EXP 	Display Fixation
35.2795 	EXP 	Display Fixation
35.2972 	EXP 	Display Fixation
35.3119 	EXP 	Display Fixation
35.3290 	EXP 	Display Fixation
35.3463 	EXP 	Display Fixation
35.3639 	EXP 	Display Fixation
35.3797 	EXP 	Display Fixation
35.3955 	EXP 	Display Fixation
35.4120 	EXP 	Display Fixation
35.4292 	EXP 	Display Fixation
35.4454 	EXP 	Display Fixation
35.4622 	EXP 	Display Fixation
35.4789 	EXP 	Display Fixation
35.4955 	EXP 	Display Fixation
35.5126 	EXP 	Display Fixation
35.5307 	EXP 	Display Fixation
35.5456 	EXP 	Display Fixation
35.5622 	EXP 	Display Fixation
35.5792 	EXP 	Display Fixation
35.5955 	EXP 	Display Fixation
35.6123 	EXP 	Display Fixation
35.6295 	EXP 	Display Fixation
35.6455 	EXP 	Display Fixation
35.6620 	EXP 	Display Fixation
35.6796 	EXP 	Display Fixation
35.6960 	EXP 	Display Fixation
35.7127 	EXP 	Display Fixation
35.7293 	EXP 	Display Fixation
35.7460 	EXP 	Display Fixation
35.7627 	EXP 	Display Fixation
35.7795 	EXP 	Display Fixation
35.7960 	EXP 	Display Fixation
35.8127 	EXP 	Display Fixation
35.8294 	EXP 	Display Fixation
35.8462 	EXP 	Display Fixation
35.8630 	EXP 	Display Fixation
35.8797 	EXP 	Display Fixation
35.8960 	EXP 	Display Fixation
35.9126 	EXP 	Display Fixation
35.9289 	EXP 	Display Fixation
35.9456 	EXP 	Display Fixation
35.9623 	EXP 	Display Fixation
35.9791 	EXP 	Display Fixation
35.9958 	EXP 	Display Fixation
36.0122 	EXP 	Display Fixation
36.0288 	EXP 	Display Fixation
36.0462 	EXP 	Display Fixation
36.0627 	EXP 	Display Fixation
36.0797 	EXP 	Display Fixation
36.0962 	EXP 	Display Fixation
36.1126 	EXP 	Display Fixation
36.1294 	EXP 	Display Fixation
36.1460 	EXP 	Display Fixation
36.1625 	EXP 	Display Fixation
36.1795 	EXP 	Display Fixation
36.1963 	EXP 	Display Fixation
36.2127 	EXP 	Display Fixation
36.2294 	EXP 	Display Fixation
36.2461 	EXP 	Display Fixation
36.2627 	EXP 	Display Fixation
36.2794 	EXP 	Display Fixation
36.2961 	EXP 	Display Fixation
36.3128 	EXP 	Display Fixation
36.3294 	EXP 	Display Fixation
36.3461 	EXP 	Display Fixation
36.3627 	EXP 	Display Fixation
36.3795 	EXP 	Display Fixation
36.3962 	EXP 	Display Fixation
36.4129 	EXP 	Display Fixation
36.4295 	EXP 	Display Fixation
36.4460 	EXP 	Display Fixation
36.4628 	EXP 	Display Fixation
36.4795 	EXP 	Display Fixation
36.4964 	EXP 	Display Fixation
36.5128 	EXP 	Display Fixation
36.5296 	EXP 	Display Fixation
36.5461 	EXP 	Display Fixation
36.5625 	EXP 	Display Fixation
36.5795 	EXP 	Display Fixation
36.5963 	EXP 	Display Fixation
36.6128 	EXP 	Display Fixation
36.6293 	EXP 	Display Fixation
36.6464 	EXP 	Display Fixation
36.6629 	EXP 	Display Fixation
36.6792 	EXP 	Display Fixation
36.6964 	EXP 	Display Fixation
36.7131 	EXP 	Display Fixation
36.7295 	EXP 	Display Fixation
36.7462 	EXP 	Display Fixation
36.7627 	EXP 	Display Fixation
36.7795 	EXP 	Display Fixation
36.7964 	EXP 	Display Fixation
36.8131 	EXP 	Display Fixation
36.8295 	EXP 	Display Fixation
36.8460 	EXP 	Display Fixation
36.8624 	EXP 	Display Fixation
36.8791 	EXP 	Display Fixation
36.8962 	EXP 	Display Fixation
36.9127 	EXP 	Display Fixation
36.9292 	EXP 	Display Fixation
36.9465 	EXP 	Display Fixation
36.9629 	EXP 	Display Fixation
36.9795 	EXP 	Display Fixation
36.9964 	EXP 	Display Fixation
37.0127 	EXP 	Display Fixation
37.0294 	EXP 	Display Fixation
37.0462 	EXP 	Display Fixation
37.0630 	EXP 	Display Fixation
37.0788 	EXP 	Display Fixation
37.0961 	EXP 	Display Fixation
37.1126 	EXP 	Display Fixation
37.1296 	EXP 	Display Fixation
37.1463 	EXP 	Display Fixation
37.1627 	EXP 	Display Fixation
37.1794 	EXP 	Display Fixation
37.1963 	EXP 	Display Fixation
37.2128 	EXP 	Display Fixation
37.2299 	EXP 	Display Fixation
37.2462 	EXP 	Display Fixation
37.2629 	EXP 	Display Fixation
37.2794 	EXP 	Display Fixation
37.2962 	EXP 	Display Fixation
37.3129 	EXP 	Display Fixation
37.3297 	EXP 	Display Fixation
37.3461 	EXP 	Display Fixation
37.3631 	EXP 	Display Fixation
37.3798 	EXP 	Display Fixation
37.3961 	EXP 	Display Fixation
37.4128 	EXP 	Display Fixation
37.4299 	EXP 	Display Fixation
37.4465 	EXP 	Display Fixation
37.4629 	EXP 	Display Fixation
37.4796 	EXP 	Display Fixation
37.4962 	EXP 	Display Fixation
37.5131 	EXP 	Display Fixation
37.5295 	EXP 	Display Fixation
37.5464 	EXP 	Display Fixation
37.5631 	EXP 	Display Fixation
37.5790 	EXP 	Display Fixation
37.5962 	EXP 	Display Fixation
37.6145 	EXP 	Display Fixation
37.6304 	EXP 	Display Fixation
37.6462 	EXP 	Display Fixation
37.6627 	EXP 	Display Fixation
37.6797 	EXP 	Display Fixation
37.6964 	EXP 	Display Fixation
37.7129 	EXP 	Display Fixation
37.7295 	EXP 	Display Fixation
37.7463 	EXP 	Display Fixation
37.7629 	EXP 	Display Fixation
37.7795 	EXP 	Display Fixation
37.7960 	EXP 	Display Fixation
37.8131 	EXP 	Display Fixation
37.8297 	EXP 	Display Fixation
37.8462 	EXP 	Display Fixation
37.8631 	EXP 	Display Fixation
37.8798 	EXP 	Display Fixation
37.8962 	EXP 	Display Fixation
37.9128 	EXP 	Display Fixation
37.9295 	EXP 	Display Fixation
37.9465 	EXP 	Display Fixation
37.9630 	EXP 	Display Fixation
37.9796 	EXP 	Display Fixation
37.9964 	EXP 	Display Fixation
38.0131 	EXP 	Display Fixation
38.0298 	EXP 	Display Fixation
38.0461 	EXP 	Display Fixation
38.0628 	EXP 	Display Fixation
38.0796 	EXP 	Display Fixation
38.0960 	EXP 	Display Fixation
38.1130 	EXP 	Display Fixation
38.1295 	EXP 	Display Fixation
38.1464 	EXP 	Display Fixation
38.1629 	EXP 	Display Fixation
38.1795 	EXP 	Display Fixation
38.1977 	EXP 	Display Fixation
38.2132 	EXP 	Display Fixation
38.2296 	EXP 	Display Fixation
38.2463 	EXP 	Display Fixation
38.2629 	EXP 	Display Fixation
38.2796 	EXP 	Display Fixation
38.2962 	EXP 	Display Fixation
38.3128 	EXP 	Display Fixation
38.3302 	EXP 	Display Fixation
38.3462 	EXP 	Display Fixation
38.3632 	EXP 	Display Fixation
38.3796 	EXP 	Display Fixation
38.3976 	EXP 	Display Fixation
38.4130 	EXP 	Display Fixation
38.4297 	EXP 	Display Fixation
38.4463 	EXP 	Display Fixation
38.4636 	EXP 	Display Fixation
38.4795 	EXP 	Display Fixation
38.4962 	EXP 	Display Fixation
38.5133 	EXP 	Display Fixation
38.5310 	EXP 	Display Fixation
38.5466 	EXP 	Display Fixation
38.5629 	EXP 	Display Fixation
38.5811 	EXP 	Display Fixation
38.5962 	EXP 	Display Fixation
38.6130 	EXP 	Display Fixation
38.6310 	EXP 	Display Fixation
38.6462 	EXP 	Display Fixation
38.6630 	EXP 	Display Fixation
38.6797 	EXP 	Display Fixation
38.6976 	EXP 	Display Fixation
38.7130 	EXP 	Display Fixation
38.7297 	EXP 	Display Fixation
38.7462 	EXP 	Display Fixation
38.7629 	EXP 	Display Fixation
38.7810 	EXP 	Display Fixation
38.7962 	EXP 	Display Fixation
38.8130 	EXP 	Display Fixation
38.8310 	EXP 	Display Fixation
38.8462 	EXP 	Display Fixation
38.8631 	EXP 	Display Fixation
38.8787 	EXP 	Display Fixation
38.8960 	EXP 	Display Fixation
38.9129 	EXP 	Display Fixation
38.9296 	EXP 	Display Fixation
38.9477 	EXP 	Display Fixation
38.9629 	EXP 	Display Fixation
38.9799 	EXP 	Display Fixation
38.9965 	EXP 	Display Fixation
39.0129 	EXP 	Display Fixation
39.0311 	EXP 	Display Fixation
39.0465 	EXP 	Display Fixation
39.0644 	EXP 	Display Fixation
39.0811 	EXP 	Display Fixation
39.0960 	EXP 	Display Fixation
39.1127 	EXP 	Display Fixation
39.1311 	EXP 	Display Fixation
39.1463 	EXP 	Display Fixation
39.1631 	EXP 	Display Fixation
39.1797 	EXP 	Display Fixation
39.1962 	EXP 	Display Fixation
39.2132 	EXP 	Display Fixation
39.2299 	EXP 	Display Fixation
39.2466 	EXP 	Display Fixation
39.2633 	EXP 	Display Fixation
39.2798 	EXP 	Display Fixation
39.2964 	EXP 	Display Fixation
39.3135 	EXP 	Display Fixation
39.3300 	EXP 	Display Fixation
39.3735 	EXP 	ImageStimulus: size = array([0.55555556, 0.55555556])
39.3735 	EXP 	ImageStimulus: image = 'Faces/neutral/Man1_hat.png'
39.3735 	EXP 	Display Faces/neutral/Man1_hat.png
39.8238 	EXP 	Display Fixation
39.8298 	EXP 	Display Fixation
39.8507 	EXP 	Display Fixation
39.8636 	EXP 	Display Fixation
39.8797 	EXP 	Display Fixation
39.8965 	EXP 	Display Fixation
39.9124 	EXP 	Display Fixation
39.9291 	EXP 	Display Fixation
39.9457 	EXP 	Display Fixation
39.9622 	EXP 	Display Fixation
39.9795 	EXP 	Display Fixation
39.9966 	EXP 	Display Fixation
40.0127 	EXP 	Display Fixation
40.0298 	EXP 	Display Fixation
40.0466 	EXP 	Display Fixation
40.0628 	EXP 	Display Fixation
40.0780 	EXP 	Display Fixation
40.0963 	EXP 	Display Fixation
40.1132 	EXP 	Display Fixation
40.1316 	EXP 	Display Fixation
40.1464 	EXP 	Display Fixation
40.1631 	EXP 	Display Fixation
40.1799 	EXP 	Display Fixation
40.1964 	EXP 	Display Fixation
40.2129 	EXP 	Display Fixation
40.2295 	EXP 	Display Fixation
40.2466 	EXP 	Display Fixation
40.2632 	EXP 	Display Fixation
40.2798 	EXP 	Display Fixation
40.2964 	EXP 	Display Fixation
40.3134 	EXP 	Display Fixation
40.3299 	EXP 	Display Fixation
40.3466 	EXP 	Display Fixation
40.3630 	EXP 	Display Fixation
40.3800 	EXP 	Display Fixation
40.3966 	EXP 	Display Fixation
40.4132 	EXP 	Display Fixation
40.4298 	EXP 	Display Fixation
40.4455 	EXP 	Display Fixation
40.4628 	EXP 	Display Fixation
40.4796 	EXP 	Display Fixation
40.4960 	EXP 	Display Fixation
40.5132 	EXP 	Display Fixation
40.5298 	EXP 	Display Fixation
40.5464 	EXP 	Display Fixation
40.5631 	EXP 	Display Fixation
40.5799 	EXP 	Display Fixation
40.5965 	EXP 	Display Fixation
40.6134 	EXP 	Display Fixation
40.6302 	EXP 	Display Fixation
40.6466 	EXP 	Display Fixation
40.6633 	EXP 	Display Fixation
40.6799 	EXP 	Display Fixation
40.6967 	EXP 	Display Fixation
40.7134 	EXP 	Display Fixation
40.7299 	EXP 	Display Fixation
40.7465 	EXP 	Display Fixation
40.7633 	EXP 	Display Fixation
40.7802 	EXP 	Display Fixation
40.7965 	EXP 	Display Fixation
40.8132 	EXP 	Display Fixation
40.8300 	EXP 	Display Fixation
40.8466 	EXP 	Display Fixation
40.8631 	EXP 	Display Fixation
40.8800 	EXP 	Display Fixation
40.8965 	EXP 	Display Fixation
40.9129 	EXP 	Display Fixation
40.9294 	EXP 	Display Fixation
40.9464 	EXP 	Display Fixation
40.9633 	EXP 	Display Fixation
40.9800 	EXP 	Display Fixation
40.9967 	EXP 	Display Fixation
41.0133 	EXP 	Display Fixation
41.0302 	EXP 	Display Fixation
41.0466 	EXP 	Display Fixation
41.0635 	EXP 	Display Fixation
41.0802 	EXP 	Display Fixation
41.0963 	EXP 	Display Fixation
41.1134 	EXP 	Display Fixation
41.1302 	EXP 	Display Fixation
41.1467 	EXP 	Display Fixation
41.1635 	EXP 	Display Fixation
41.1802 	EXP 	Display Fixation
41.1966 	EXP 	Display Fixation
41.2134 	EXP 	Display Fixation
41.2303 	EXP 	Display Fixation
41.2468 	EXP 	Display Fixation
41.2636 	EXP 	Display Fixation
41.2795 	EXP 	Display Fixation
41.2958 	EXP 	Display Fixation
41.3129 	EXP 	Display Fixation
41.3292 	EXP 	Display Fixation
41.3465 	EXP 	Display Fixation
41.3631 	EXP 	Display Fixation
41.3800 	EXP 	Display Fixation
41.3969 	EXP 	Display Fixation
41.4133 	EXP 	Display Fixation
41.4302 	EXP 	Display Fixation
41.4469 	EXP 	Display Fixation
41.4634 	EXP 	Display Fixation
41.4800 	EXP 	Display Fixation
41.4970 	EXP 	Display Fixation
41.5134 	EXP 	Display Fixation
41.5300 	EXP 	Display Fixation
41.5469 	EXP 	Display Fixation
41.5636 	EXP 	Display Fixation
41.5797 	EXP 	Display Fixation
41.5967 	EXP 	Display Fixation
41.6132 	EXP 	Display Fixation
41.6298 	EXP 	Display Fixation
41.6465 	EXP 	Display Fixation
41.6637 	EXP 	Display Fixation
41.6801 	EXP 	Display Fixation
41.6967 	EXP 	Display Fixation
41.7133 	EXP 	Display Fixation
41.7299 	EXP 	Display Fixation
41.7468 	EXP 	Display Fixation
41.7636 	EXP 	Display Fixation
41.7801 	EXP 	Display Fixation
41.7966 	EXP 	Display Fixation
41.8137 	EXP 	Display Fixation
41.8303 	EXP 	Display Fixation
41.8469 	EXP 	Display Fixation
41.8635 	EXP 	Display Fixation
41.8802 	EXP 	Display Fixation
41.8968 	EXP 	Display Fixation
41.9136 	EXP 	Display Fixation
41.9300 	EXP 	Display Fixation
41.9468 	EXP 	Display Fixation
41.9637 	EXP 	Display Fixation
41.9802 	EXP 	Display Fixation
41.9970 	EXP 	Display Fixation
42.0133 	EXP 	Display Fixation
42.0299 	EXP 	Display Fixation
42.0469 	EXP 	Display Fixation
42.0633 	EXP 	Display Fixation
42.0805 	EXP 	Display Fixation
42.0963 	EXP 	Display Fixation
42.1132 	EXP 	Display Fixation
42.1300 	EXP 	Display Fixation
42.1468 	EXP 	Display Fixation
42.1632 	EXP 	Display Fixation
42.1802 	EXP 	Display Fixation
42.1970 	EXP 	Display Fixation
42.2135 	EXP 	Display Fixation
42.2303 	EXP 	Display Fixation
42.2469 	EXP 	Display Fixation
42.2635 	EXP 	Display Fixation
42.2801 	EXP 	Display Fixation
42.2969 	EXP 	Display Fixation
42.3136 	EXP 	Display Fixation
42.3304 	EXP 	Display Fixation
42.3468 	EXP 	Display Fixation
42.3637 	EXP 	Display Fixation
42.3801 	EXP 	Display Fixation
42.3966 	EXP 	Display Fixation
42.4133 	EXP 	Display Fixation
42.4302 	EXP 	Display Fixation
42.4468 	EXP 	Display Fixation
42.4633 	EXP 	Display Fixation
42.4801 	EXP 	Display Fixation
42.4970 	EXP 	Display Fixation
42.5135 	EXP 	Display Fixation
42.5303 	EXP 	Display Fixation
42.5469 	EXP 	Display Fixation
42.5635 	EXP 	Display Fixation
42.5795 	EXP 	Display Fixation
42.5963 	EXP 	Display Fixation
42.6135 	EXP 	Display Fixation
42.6306 	EXP 	Display Fixation
42.6464 	EXP 	Display Fixation
42.6633 	EXP 	Display Fixation
42.6802 	EXP 	Display Fixation
42.6962 	EXP 	Display Fixation
42.7131 	EXP 	Display Fixation
42.7297 	EXP 	Display Fixation
42.7468 	EXP 	Display Fixation
42.7635 	EXP 	Display Fixation
42.7797 	EXP 	Display Fixation
42.7963 	EXP 	Display Fixation
42.8132 	EXP 	Display Fixation
42.8307 	EXP 	Display Fixation
42.8470 	EXP 	Display Fixation
42.8641 	EXP 	Display Fixation
42.8802 	EXP 	Display Fixation
42.8960 	EXP 	Display Fixation
42.9127 	EXP 	Display Fixation
42.9301 	EXP 	Display Fixation
42.9471 	EXP 	Display Fixation
42.9627 	EXP 	Display Fixation
42.9794 	EXP 	Display Fixation
42.9963 	EXP 	Display Fixation
43.0131 	EXP 	Display Fixation
43.0296 	EXP 	Display Fixation
43.0465 	EXP 	Display Fixation
43.0636 	EXP 	Display Fixation
43.0803 	EXP 	Display Fixation
43.0966 	EXP 	Display Fixation
43.1134 	EXP 	Display Fixation
43.1302 	EXP 	Display Fixation
43.1464 	EXP 	Display Fixation
43.1632 	EXP 	Display Fixation
43.1799 	EXP 	Display Fixation
43.1966 	EXP 	Display Fixation
43.2134 	EXP 	Display Fixation
43.2299 	EXP 	Display Fixation
43.2467 	EXP 	Display Fixation
43.2634 	EXP 	Display Fixation
43.2802 	EXP 	Display Fixation
43.2971 	EXP 	Display Fixation
43.3135 	EXP 	Display Fixation
43.3303 	EXP 	Display Fixation
43.3467 	EXP 	Display Fixation
43.3634 	EXP 	Display Fixation
43.3801 	EXP 	Display Fixation
43.3966 	EXP 	Display Fixation
43.4133 	EXP 	Display Fixation
43.4304 	EXP 	Display Fixation
43.4468 	EXP 	Display Fixation
43.4635 	EXP 	Display Fixation
43.4802 	EXP 	Display Fixation
43.4968 	EXP 	Display Fixation
43.5135 	EXP 	Display Fixation
43.5304 	EXP 	Display Fixation
43.5468 	EXP 	Display Fixation
43.5634 	EXP 	Display Fixation
43.5796 	EXP 	Display Fixation
43.5961 	EXP 	Display Fixation
43.6131 	EXP 	Display Fixation
43.6303 	EXP 	Display Fixation
43.6468 	EXP 	Display Fixation
43.6638 	EXP 	Display Fixation
43.6792 	EXP 	Display Fixation
43.6962 	EXP 	Display Fixation
43.7136 	EXP 	Display Fixation
43.7299 	EXP 	Display Fixation
43.7468 	EXP 	Display Fixation
43.7633 	EXP 	Display Fixation
43.7803 	EXP 	Display Fixation
43.7971 	EXP 	Display Fixation
43.8134 	EXP 	Display Fixation
43.8300 	EXP 	Display Fixation
43.8471 	EXP 	Display Fixation
43.8635 	EXP 	Display Fixation
43.8803 	EXP 	Display Fixation
43.8971 	EXP 	Display Fixation
43.9135 	EXP 	Display Fixation
43.9302 	EXP 	Display Fixation
43.9469 	EXP 	Display Fixation
43.9635 	EXP 	Display Fixation
43.9803 	EXP 	Display Fixation
43.9969 	EXP 	Display Fixation
44.0134 	EXP 	Display Fixation
44.0301 	EXP 	Display Fixation
44.0467 	EXP 	Display Fixation
44.0637 	EXP 	Display Fixation
44.0802 	EXP 	Display Fixation
44.0970 	EXP 	Display Fixation
44.1135 	EXP 	Display Fixation
44.1301 	EXP 	Display Fixation
44.1465 	EXP 	Display Fixation
44.1621 	EXP 	Display Fixation
44.1791 	EXP 	Display Fixation
44.1958 	EXP 	Display Fixation
44.2127 	EXP 	Display Fixation
44.2290 	EXP 	Display Fixation
44.2464 	EXP 	Display Fixation
44.2634 	EXP 	Display Fixation
44.2801 	EXP 	Display Fixation
44.2966 	EXP 	Display Fixation
44.3133 	EXP 	Display Fixation
44.3303 	EXP 	Display Fixation
44.3468 	EXP 	Display Fixation
44.3632 	EXP 	Display Fixation
44.3803 	EXP 	Display Fixation
44.4166 	EXP 	ImageStimulus: size = array([0.55555556, 0.55555556])
44.4166 	EXP 	ImageStimulus: image = 'Faces/neutral/No Emotion_Front _Man1.png'
44.4166 	EXP 	Display Faces/neutral/No Emotion_Front _Man1.png
44.8729 	EXP 	Display Fixation
44.8796 	EXP 	Display Fixation
44.8979 	EXP 	Display Fixation
44.9128 	EXP 	Display Fixation
44.9297 	EXP 	Display Fixation
44.9475 	EXP 	Display Fixation
44.9632 	EXP 	Display Fixation
44.9800 	EXP 	Display Fixation
44.9960 	EXP 	Display Fixation
45.0134 	EXP 	Display Fixation
45.0302 	EXP 	Display Fixation
45.0468 	EXP 	Display Fixation
45.0635 	EXP 	Display Fixation
45.0803 	EXP 	Display Fixation
45.0967 	EXP 	Display Fixation
45.1134 	EXP 	Display Fixation
45.1303 	EXP 	Display Fixation
45.1471 	EXP 	Display Fixation
45.1634 	EXP 	Display Fixation
45.1799 	EXP 	Display Fixation
45.1967 	EXP 	Display Fixation
45.2136 	EXP 	Display Fixation
45.2303 	EXP 	Display Fixation
45.2468 	EXP 	Display Fixation
45.2635 	EXP 	Display Fixation
45.2801 	EXP 	Display Fixation
45.2971 	EXP 	Display Fixation
45.3137 	EXP 	Display Fixation
45.3303 	EXP 	Display Fixation
45.3468 	EXP 	Display Fixation
45.3636 	EXP 	Display Fixation
45.3802 	EXP 	Display Fixation
45.3972 	EXP 	Display Fixation
45.4136 	EXP 	Display Fixation
45.4302 	EXP 	Display Fixation
45.4471 	EXP 	Display Fixation
45.4640 	EXP 	Display Fixation
45.4803 	EXP 	Display Fixation
45.4967 	EXP 	Display Fixation
45.5134 	EXP 	Display Fixation
45.5302 	EXP 	Display Fixation
45.5470 	EXP 	Display Fixation
45.5637 	EXP 	Display Fixation
45.5793 	EXP 	Display Fixation
45.5957 	EXP 	Display Fixation
45.6125 	EXP 	Display Fixation
45.6290 	EXP 	Display Fixation
45.6457 	EXP 	Display Fixation
45.6625 	EXP 	Display Fixation
45.6790 	EXP 	Display Fixation
45.6958 	EXP 	Display Fixation
45.7133 	EXP 	Display Fixation
45.7300 	EXP 	Display Fixation
45.7475 	EXP 	Display Fixation
45.7637 	EXP 	Display Fixation
45.7803 	EXP 	Display Fixation
45.7970 	EXP 	Display Fixation
45.8136 	EXP 	Display Fixation
45.8300 	EXP 	Display Fixation
45.8466 	EXP 	Display Fixation
45.8705 	EXP 	Display Fixation
45.8825 	EXP 	Display Fixation
45.8995 	EXP 	Display Fixation
45.9143 	EXP 	Display Fixation
45.9297 	EXP 	Display Fixation
45.9470 	EXP 	Display Fixation
45.9635 	EXP 	Display Fixation
45.9802 	EXP 	Display Fixation
45.9969 	EXP 	Display Fixation
46.0140 	EXP 	Display Fixation
46.0303 	EXP 	Display Fixation
46.0469 	EXP 	Display Fixation
46.0636 	EXP 	Display Fixation
46.0803 	EXP 	Display Fixation
46.0969 	EXP 	Display Fixation
46.1136 	EXP 	Display Fixation
46.1303 	EXP 	Display Fixation
46.1470 	EXP 	Display Fixation
46.1636 	EXP 	Display Fixation
46.1802 	EXP 	Display Fixation
46.1972 	EXP 	Display Fixation
46.2140 	EXP 	Display Fixation
46.2305 	EXP 	Display Fixation
46.2470 	EXP 	Display Fixation
46.2637 	EXP 	Display Fixation
46.2804 	EXP 	Display Fixation
46.2971 	EXP 	Display Fixation
46.3134 	EXP 	Display Fixation
46.3303 	EXP 	Display Fixation
46.3469 	EXP 	Display Fixation
46.3640 	EXP 	Display Fixation
46.3805 	EXP 	Display Fixation
46.3971 	EXP 	Display Fixation
46.4139 	EXP 	Display Fixation
46.4304 	EXP 	Display Fixation
46.4471 	EXP 	Display Fixation
46.4639 	EXP 	Display Fixation
46.4805 	EXP 	Display Fixation
46.4970 	EXP 	Display Fixation
46.5138 	EXP 	Display Fixation
46.5304 	EXP 	Display Fixation
46.5470 	EXP 	Display Fixation
46.5637 	EXP 	Display Fixation
46.5803 	EXP 	Display Fixation
46.5967 	EXP 	Display Fixation
46.6136 	EXP 	Display Fixation
46.6303 	EXP 	Display Fixation
46.6468 	EXP 	Display Fixation
46.6636 	EXP 	Display Fixation
46.6804 	EXP 	Display Fixation
46.6967 	EXP 	Display Fixation
46.7134 	EXP 	Display Fixation
46.7301 	EXP 	Display Fixation
46.7467 	EXP 	Display Fixation
46.7636 	EXP 	Display Fixation
46.7802 	EXP 	Display Fixation
46.7972 	EXP 	Display Fixation
46.8137 	EXP 	Display Fixation
46.8303 	EXP 	Display Fixation
46.8471 	EXP 	Display Fixation
46.8638 	EXP 	Display Fixation
46.8803 	EXP 	Display Fixation
46.8971 	EXP 	Display Fixation
46.9138 	EXP 	Display Fixation
46.9304 	EXP 	Display Fixation
46.9471 	EXP 	Display Fixation
46.9638 	EXP 	Display Fixation
46.9807 	EXP 	Display Fixation
46.9972 	EXP 	Display Fixation
47.0140 	EXP 	Display Fixation
47.0307 	EXP 	Display Fixation
47.0471 	EXP 	Display Fixation
47.0638 	EXP 	Display Fixation
47.0802 	EXP 	Display Fixation
47.0970 	EXP 	Display Fixation
47.1136 	EXP 	Display Fixation
47.1305 	EXP 	Display Fixation
47.1473 	EXP 	Display Fixation
47.1638 	EXP 	Display Fixation
47.1804 	EXP 	Display Fixation
47.1972 	EXP 	Display Fixation
47.2138 	EXP 	Display Fixation
47.2307 	EXP 	Display Fixation
47.2472 	EXP 	Display Fixation
47.2638 	EXP 	Display Fixation
47.2807 	EXP 	Display Fixation
47.2971 	EXP 	Display Fixation
47.3140 	EXP 	Display Fixation
47.3305 	EXP 	Display Fixation
47.3470 	EXP 	Display Fixation
47.3635 	EXP 	Display Fixation
47.3806 	EXP 	Display Fixation
47.3972 	EXP 	Display Fixation
47.4138 	EXP 	Display Fixation
47.4304 	EXP 	Display Fixation
47.4473 	EXP 	Display Fixation
47.4639 	EXP 	Display Fixation
47.4803 	EXP 	Display Fixation
47.4974 	EXP 	Display Fixation
47.5137 	EXP 	Display Fixation
47.5304 	EXP 	Display Fixation
47.5470 	EXP 	Display Fixation
47.5637 	EXP 	Display Fixation
47.5801 	EXP 	Display Fixation
47.5967 	EXP 	Display Fixation
47.6136 	EXP 	Display Fixation
47.6303 	EXP 	Display Fixation
47.6307 	EXP 	--- END EXPERIMENT ---
47.6575 	EXP 	topMsg: text = "That's the end! "
47.6575 	EXP 	bottomMsg: text = "Press 'q' or 'escape' to end the session."
47.6575 	EXP 	Display TheEnd
49.4149 	DATA 	Keypress: q
49.9648 	EXP 	win: mouseVisible = True
