1.0649 	WARNING 	We strongly recommend you activate the PTB sound engine in PsychoPy prefs as the preferred audio engine. Its timing is vastly superior. Your prefs are currently set to use ['sounddevice', 'PTB', 'pyo', 'pygame'] (in that order).
7.0006 	INFO 	---START PARAMETERS---
7.0006 	INFO 	filename: SampleExperiment_d1-1-50-Nov_01_1658
7.0007 	INFO 	subject: 1
7.0007 	INFO 	session: 50
7.0007 	INFO 	date: Nov_01_1658
7.0007 	INFO 	ISI: 1.75
7.0007 	INFO 	choices: [1, 2, 3]
7.0007 	INFO 	fixCrossPos: [0, 0]
7.0007 	INFO 	fixCrossSize: 0.1
7.0008 	INFO 	fullScreen: True
7.0008 	INFO 	imageDir_neutral: Faces/neutral/
7.0008 	INFO 	imageDir_social: Faces/social/
7.0008 	INFO 	imageDir_threat: Faces/threat/
7.0008 	INFO 	imageSize: [0.8, 0.8]
7.0008 	INFO 	imageSuffix: .png
7.0008 	INFO 	nTrials: 3
7.0008 	INFO 	postStimDur: 1.0
7.0013 	INFO 	preStimDur: [0.5 0.6 0.7 0.8 0.9 1.  1.1 1.2 1.3 1.4 1.5 1.6 1.7 1.8 1.9]
7.0013 	INFO 	promptDir: Text/
7.0014 	INFO 	promptFile_neutral: NeutralPrompts.csv
7.0014 	INFO 	promptFile_social: SocialPrompts.csv
7.0014 	INFO 	promptFile_threat: ThreatPrompts.csv
7.0014 	INFO 	promptImageSize: [1.2, 0.3]
7.0014 	INFO 	respAdvances: True
7.0014 	INFO 	respKeys: ['r', 'b', 'y', 'g']
7.0014 	INFO 	screenColor: (128, 128, 128)
7.0014 	INFO 	screenToShow: 0
7.0014 	INFO 	skipPrompts: False
7.0015 	INFO 	stimDur: 0.5
7.0015 	INFO 	tStartup: 1
7.0015 	INFO 	triggerKey: t
7.0015 	INFO 	---END PARAMETERS---
7.3973 	INFO 	Loaded monitor calibration from ['2021_02_22 10:21']
7.4002 	WARNING 	User requested fullscreen with size [800 600], but screen is actually [1920, 1080]. Using actual size
8.0505 	EXP 	Created win = Window(allowGUI=False, allowStencil=False, autoLog=True, backendConf=UNKNOWN, bitsMode=UNKNOWN, blendMode='avg', bpc=(8, 8, 8), color=array([128, 128, 128]), colorSpace='rgb255', depthBits=8, fullscr=<method-wrapper '__getattribute__' of attributeSetter object at 0x7ff731477c50>, gamma=None, gammaErrorPolicy='raise', lms=UNKNOWN, monitor=<psychopy.monitors.calibTools.Monitor object at 0x7ff730ebf630>, multiSample=False, name='win', numSamples=2, pos=[0.0, 0.0], screen=0, size=array([1920, 1080]), stencilBits=0, stereo=False, units='height', useFBO=False, useRetina=False, viewOri=0.0, viewPos=None, viewScale=None, waitBlanking=True, winType='pyglet')
8.0506 	EXP 	win: mouseVisible = True
8.0538 	EXP 	Created fixCross = ShapeStim(__class__=<class 'psychopy.visual.shape.ShapeStim'>, autoDraw=False, autoLog=True, closeShape=False, color=method-wrapper(...), colorSpace='rgb', contrast=None, depth=0, fillColor=array([0, 0, 0]), fillColorSpace='rgb', fillRGB=UNKNOWN, interpolate=True, lineColor=array([-1., -1., -1.]), lineColorSpace='rgb', lineRGB=UNKNOWN, lineWidth=3.0, name='fixCross', opacity=1.0, ori=0.0, pos=array([0., 0.]), size=array([1., 1.]), units='height', vertices=ndarray(...), win=Window(...), windingRule=None)
8.0541 	WARNING 	TextStim.alignHoriz is deprecated. Use alignText and anchorHoriz attributes instead
8.0823 	EXP 	Created topMsg = TextStim(__class__=<class 'psychopy.visual.text.TextStim'>, alignHoriz='center', alignText='center', alignVert=method-wrapper(...), anchorHoriz='center', anchorVert='center', antialias=True, autoLog=True, bold=False, color=array([-1., -1., -1.]), colorSpace='rgb', contrast=1.0, depth=0, flipHoriz=False, flipVert=False, font='', fontFiles=[], height=0.1, italic=False, languageStyle='LTR', name='topMsg', opacity=1.0, ori=0.0, pos=array([0. , 0.5]), rgb=UNKNOWN, text='aaa', units='norm', win=Window(...), wrapWidth=1.5)
8.0824 	WARNING 	TextStim.alignHoriz is deprecated. Use alignText and anchorHoriz attributes instead
8.0843 	EXP 	Created bottomMsg = TextStim(__class__=<class 'psychopy.visual.text.TextStim'>, alignHoriz='center', alignText='center', alignVert=method-wrapper(...), anchorHoriz='center', anchorVert='center', antialias=True, autoLog=True, bold=False, color=array([-1., -1., -1.]), colorSpace='rgb', contrast=1.0, depth=0, flipHoriz=False, flipVert=False, font='', fontFiles=[], height=0.1, italic=False, languageStyle='LTR', name='bottomMsg', opacity=1.0, ori=0.0, pos=array([ 0. , -0.5]), rgb=UNKNOWN, text='bbb', units='norm', win=Window(...), wrapWidth=1.5)
8.1334 	EXP 	Created ImageStimulus = ImageStim(__class__=<class 'psychopy.visual.image.ImageStim'>, autoLog=True, color=array([1., 1., 1.]), colorSpace='rgb', contrast=1.0, depth=0, flipHoriz=False, flipVert=False, image='Faces/threat/Woman19_neutral.png', interpolate=False, mask=None, maskParams=None, name='ImageStimulus', opacity=1, ori=0.0, pos=array([0., 0.]), size=array([0.46296296, 0.46296296]), texRes=128, units='height', win=Window(...))
8.1725 	EXP 	topMsg: text = 'In this task, you will see images briefly flashed on the screen. Your job is to count the images in a “target” category and ignore the others. At the end, we will ask you how many target images you saw.'
8.1725 	EXP 	bottomMsg: text = 'In this run, please count all the angry faces. (Press ENTER to continue.)'
8.1725 	EXP 	Display Instructions1
9.1988 	DATA 	Keypress: return
9.2386 	EXP 	topMsg: text = 'Here are some examples of angry (left) and neutral (right) faces.'
9.2386 	EXP 	bottomMsg: text = 'Just before and after each image, there will be a cross in the middle of the screen. Please look directly at the cross and try not to blink during this period. (Press ENTER to continue.)'
9.2386 	EXP 	ImageStimulus: size = array([1.22037037, 0.25833333])
9.2386 	EXP 	ImageStimulus: image = 'Faces/sample_images/sample_threat.png'
9.2386 	EXP 	ImageStimulus: size = [1.2, 0.3]
9.2386 	EXP 	Display Instructions2
20.7028 	DATA 	Keypress: return
20.7195 	EXP 	topMsg: text = 'If you have any questions, please ask the experimenter now.'
20.7195 	EXP 	bottomMsg: text = 'WHEN YOU ARE READY TO BEGIN, press any button.'
20.7195 	EXP 	Display Instructions3
22.8895 	DATA 	Keypress: space
22.9048 	EXP 	topMsg: text = 'Waiting for scanner to start...'
22.9048 	EXP 	bottomMsg: text = "(Press 'T' to override.)"
22.9048 	EXP 	Display WaitingForScanner
25.1663 	DATA 	Keypress: t
25.1666 	EXP 	---START EXPERIMENT---
25.1776 	EXP 	Display Fixation
25.1795 	EXP 	Display Fixation
25.1808 	EXP 	Display Fixation
25.1865 	EXP 	Display Fixation
25.2003 	EXP 	Display Fixation
25.2177 	EXP 	Display Fixation
25.2333 	EXP 	Display Fixation
25.2502 	EXP 	Display Fixation
25.2669 	EXP 	Display Fixation
25.2834 	EXP 	Display Fixation
25.3002 	EXP 	Display Fixation
25.3170 	EXP 	Display Fixation
25.3333 	EXP 	Display Fixation
25.3507 	EXP 	Display Fixation
25.3667 	EXP 	Display Fixation
25.3836 	EXP 	Display Fixation
25.4001 	EXP 	Display Fixation
25.4167 	EXP 	Display Fixation
25.4333 	EXP 	Display Fixation
25.4498 	EXP 	Display Fixation
25.4666 	EXP 	Display Fixation
25.4836 	EXP 	Display Fixation
25.4999 	EXP 	Display Fixation
25.5166 	EXP 	Display Fixation
25.5331 	EXP 	Display Fixation
25.5493 	EXP 	Display Fixation
25.5660 	EXP 	Display Fixation
25.5838 	EXP 	Display Fixation
25.6001 	EXP 	Display Fixation
25.6169 	EXP 	Display Fixation
25.6334 	EXP 	Display Fixation
25.6501 	EXP 	Display Fixation
25.6668 	EXP 	Display Fixation
25.6834 	EXP 	Display Fixation
25.7004 	EXP 	Display Fixation
25.7170 	EXP 	Display Fixation
25.7335 	EXP 	Display Fixation
25.7507 	EXP 	Display Fixation
25.7669 	EXP 	Display Fixation
25.7835 	EXP 	Display Fixation
25.8001 	EXP 	Display Fixation
25.8177 	EXP 	Display Fixation
25.8336 	EXP 	Display Fixation
25.8505 	EXP 	Display Fixation
25.8674 	EXP 	Display Fixation
25.8842 	EXP 	Display Fixation
25.9006 	EXP 	Display Fixation
25.9172 	EXP 	Display Fixation
25.9338 	EXP 	Display Fixation
25.9504 	EXP 	Display Fixation
25.9671 	EXP 	Display Fixation
25.9828 	EXP 	Display Fixation
26.0007 	EXP 	Display Fixation
26.0171 	EXP 	Display Fixation
26.0338 	EXP 	Display Fixation
26.0503 	EXP 	Display Fixation
26.0666 	EXP 	Display Fixation
26.0836 	EXP 	Display Fixation
26.1004 	EXP 	Display Fixation
26.1169 	EXP 	Display Fixation
26.1337 	EXP 	Display Fixation
26.1503 	EXP 	Display Fixation
26.1669 	EXP 	Display Fixation
26.1838 	EXP 	Display Fixation
26.2004 	EXP 	Display Fixation
26.2170 	EXP 	Display Fixation
26.2335 	EXP 	Display Fixation
26.2506 	EXP 	Display Fixation
26.2670 	EXP 	Display Fixation
26.2836 	EXP 	Display Fixation
26.3002 	EXP 	Display Fixation
26.3172 	EXP 	Display Fixation
26.3335 	EXP 	Display Fixation
26.3506 	EXP 	Display Fixation
26.3670 	EXP 	Display Fixation
26.3839 	EXP 	Display Fixation
26.4004 	EXP 	Display Fixation
26.4170 	EXP 	Display Fixation
26.4336 	EXP 	Display Fixation
26.4505 	EXP 	Display Fixation
26.4670 	EXP 	Display Fixation
26.4837 	EXP 	Display Fixation
26.5005 	EXP 	Display Fixation
26.5173 	EXP 	Display Fixation
26.5338 	EXP 	Display Fixation
26.5504 	EXP 	Display Fixation
26.5672 	EXP 	Display Fixation
26.5837 	EXP 	Display Fixation
26.6005 	EXP 	Display Fixation
26.6171 	EXP 	Display Fixation
26.6338 	EXP 	Display Fixation
26.6505 	EXP 	Display Fixation
26.6668 	EXP 	Display Fixation
26.6838 	EXP 	Display Fixation
26.7008 	EXP 	Display Fixation
26.7175 	EXP 	Display Fixation
26.7338 	EXP 	Display Fixation
26.7503 	EXP 	Display Fixation
26.7671 	EXP 	Display Fixation
26.7837 	EXP 	Display Fixation
26.8007 	EXP 	Display Fixation
26.8172 	EXP 	Display Fixation
26.8339 	EXP 	Display Fixation
26.8504 	EXP 	Display Fixation
26.8669 	EXP 	Display Fixation
26.8840 	EXP 	Display Fixation
26.9004 	EXP 	Display Fixation
26.9167 	EXP 	Display Fixation
26.9339 	EXP 	Display Fixation
26.9501 	EXP 	Display Fixation
26.9670 	EXP 	Display Fixation
26.9837 	EXP 	Display Fixation
27.0004 	EXP 	Display Fixation
27.0170 	EXP 	Display Fixation
27.0336 	EXP 	Display Fixation
27.0503 	EXP 	Display Fixation
27.0669 	EXP 	Display Fixation
27.0835 	EXP 	Display Fixation
27.1002 	EXP 	Display Fixation
27.1169 	EXP 	Display Fixation
27.1339 	EXP 	Display Fixation
27.1506 	EXP 	Display Fixation
27.1671 	EXP 	Display Fixation
27.1836 	EXP 	Display Fixation
27.2002 	EXP 	Display Fixation
27.2169 	EXP 	Display Fixation
27.2335 	EXP 	Display Fixation
27.2503 	EXP 	Display Fixation
27.2669 	EXP 	Display Fixation
27.2837 	EXP 	Display Fixation
27.3002 	EXP 	Display Fixation
27.3170 	EXP 	Display Fixation
27.3336 	EXP 	Display Fixation
27.3504 	EXP 	Display Fixation
27.3671 	EXP 	Display Fixation
27.3837 	EXP 	Display Fixation
27.4008 	EXP 	Display Fixation
27.4174 	EXP 	Display Fixation
27.4339 	EXP 	Display Fixation
27.4502 	EXP 	Display Fixation
27.4670 	EXP 	Display Fixation
27.4836 	EXP 	Display Fixation
27.5003 	EXP 	Display Fixation
27.5169 	EXP 	Display Fixation
27.5336 	EXP 	Display Fixation
27.5503 	EXP 	Display Fixation
27.5673 	EXP 	Display Fixation
27.5835 	EXP 	Display Fixation
27.6002 	EXP 	Display Fixation
27.6169 	EXP 	Display Fixation
27.6335 	EXP 	Display Fixation
27.6505 	EXP 	Display Fixation
27.6671 	EXP 	Display Fixation
27.6838 	EXP 	Display Fixation
27.7002 	EXP 	Display Fixation
27.7171 	EXP 	Display Fixation
27.7337 	EXP 	Display Fixation
27.7505 	EXP 	Display Fixation
27.7672 	EXP 	Display Fixation
27.7975 	EXP 	ImageStimulus: image = 'Faces/threat/Woman19_neutral.png'
27.7975 	EXP 	ImageStimulus: size = [0.8, 0.8]
27.7975 	EXP 	Display Faces/threat/Woman19_neutral.png
28.2681 	EXP 	Display Fixation
28.2694 	EXP 	Display Fixation
28.2707 	EXP 	Display Fixation
28.2719 	EXP 	Display Fixation
28.2732 	EXP 	Display Fixation
28.2744 	EXP 	Display Fixation
28.2757 	EXP 	Display Fixation
28.2769 	EXP 	Display Fixation
28.2781 	EXP 	Display Fixation
28.2793 	EXP 	Display Fixation
28.2806 	EXP 	Display Fixation
28.2837 	EXP 	Display Fixation
28.3011 	EXP 	Display Fixation
28.3173 	EXP 	Display Fixation
28.3340 	EXP 	Display Fixation
28.3506 	EXP 	Display Fixation
28.3665 	EXP 	Display Fixation
28.3834 	EXP 	Display Fixation
28.4002 	EXP 	Display Fixation
28.4166 	EXP 	Display Fixation
28.4331 	EXP 	Display Fixation
28.4493 	EXP 	Display Fixation
28.4662 	EXP 	Display Fixation
28.4837 	EXP 	Display Fixation
28.5002 	EXP 	Display Fixation
28.5168 	EXP 	Display Fixation
28.5331 	EXP 	Display Fixation
28.5500 	EXP 	Display Fixation
28.5665 	EXP 	Display Fixation
28.5837 	EXP 	Display Fixation
28.6002 	EXP 	Display Fixation
28.6166 	EXP 	Display Fixation
28.6334 	EXP 	Display Fixation
28.6499 	EXP 	Display Fixation
28.6666 	EXP 	Display Fixation
28.6832 	EXP 	Display Fixation
28.7000 	EXP 	Display Fixation
28.7160 	EXP 	Display Fixation
28.7327 	EXP 	Display Fixation
28.7506 	EXP 	Display Fixation
28.7670 	EXP 	Display Fixation
28.7835 	EXP 	Display Fixation
28.8000 	EXP 	Display Fixation
28.8170 	EXP 	Display Fixation
28.8333 	EXP 	Display Fixation
28.8503 	EXP 	Display Fixation
28.8672 	EXP 	Display Fixation
28.8836 	EXP 	Display Fixation
28.9001 	EXP 	Display Fixation
28.9167 	EXP 	Display Fixation
28.9334 	EXP 	Display Fixation
28.9501 	EXP 	Display Fixation
28.9669 	EXP 	Display Fixation
28.9834 	EXP 	Display Fixation
29.0000 	EXP 	Display Fixation
29.0170 	EXP 	Display Fixation
29.0334 	EXP 	Display Fixation
29.0505 	EXP 	Display Fixation
29.0667 	EXP 	Display Fixation
29.0834 	EXP 	Display Fixation
29.1001 	EXP 	Display Fixation
29.1167 	EXP 	Display Fixation
29.1334 	EXP 	Display Fixation
29.1501 	EXP 	Display Fixation
29.1668 	EXP 	Display Fixation
29.1834 	EXP 	Display Fixation
29.2000 	EXP 	Display Fixation
29.2167 	EXP 	Display Fixation
29.2336 	EXP 	Display Fixation
29.2503 	EXP 	Display Fixation
29.2667 	EXP 	Display Fixation
29.2838 	EXP 	Display Fixation
29.3003 	EXP 	Display Fixation
29.3167 	EXP 	Display Fixation
29.3330 	EXP 	Display Fixation
29.3498 	EXP 	Display Fixation
29.3672 	EXP 	Display Fixation
29.3836 	EXP 	Display Fixation
29.4003 	EXP 	Display Fixation
29.4173 	EXP 	Display Fixation
29.4339 	EXP 	Display Fixation
29.4503 	EXP 	Display Fixation
29.4669 	EXP 	Display Fixation
29.4837 	EXP 	Display Fixation
29.5003 	EXP 	Display Fixation
29.5171 	EXP 	Display Fixation
29.5336 	EXP 	Display Fixation
29.5503 	EXP 	Display Fixation
29.5668 	EXP 	Display Fixation
29.5835 	EXP 	Display Fixation
29.6002 	EXP 	Display Fixation
29.6168 	EXP 	Display Fixation
29.6334 	EXP 	Display Fixation
29.6504 	EXP 	Display Fixation
29.6669 	EXP 	Display Fixation
29.6836 	EXP 	Display Fixation
29.7002 	EXP 	Display Fixation
29.7171 	EXP 	Display Fixation
29.7336 	EXP 	Display Fixation
29.7501 	EXP 	Display Fixation
29.7667 	EXP 	Display Fixation
29.7834 	EXP 	Display Fixation
29.7999 	EXP 	Display Fixation
29.8170 	EXP 	Display Fixation
29.8333 	EXP 	Display Fixation
29.8502 	EXP 	Display Fixation
29.8671 	EXP 	Display Fixation
29.8834 	EXP 	Display Fixation
29.9002 	EXP 	Display Fixation
29.9169 	EXP 	Display Fixation
29.9334 	EXP 	Display Fixation
29.9501 	EXP 	Display Fixation
29.9667 	EXP 	Display Fixation
29.9833 	EXP 	Display Fixation
30.0004 	EXP 	Display Fixation
30.0169 	EXP 	Display Fixation
30.0345 	EXP 	Display Fixation
30.0508 	EXP 	Display Fixation
30.0674 	EXP 	Display Fixation
30.0838 	EXP 	Display Fixation
30.1006 	EXP 	Display Fixation
30.1172 	EXP 	Display Fixation
30.1340 	EXP 	Display Fixation
30.1506 	EXP 	Display Fixation
30.1664 	EXP 	Display Fixation
30.1834 	EXP 	Display Fixation
30.2003 	EXP 	Display Fixation
30.2173 	EXP 	Display Fixation
30.2338 	EXP 	Display Fixation
30.2504 	EXP 	Display Fixation
30.2674 	EXP 	Display Fixation
30.2839 	EXP 	Display Fixation
30.3002 	EXP 	Display Fixation
30.3167 	EXP 	Display Fixation
30.3336 	EXP 	Display Fixation
30.3504 	EXP 	Display Fixation
30.3669 	EXP 	Display Fixation
30.3836 	EXP 	Display Fixation
30.4001 	EXP 	Display Fixation
30.4169 	EXP 	Display Fixation
30.4334 	EXP 	Display Fixation
30.4502 	EXP 	Display Fixation
30.4674 	EXP 	Display Fixation
30.4839 	EXP 	Display Fixation
30.5004 	EXP 	Display Fixation
30.5171 	EXP 	Display Fixation
30.5337 	EXP 	Display Fixation
30.5503 	EXP 	Display Fixation
30.5667 	EXP 	Display Fixation
30.5835 	EXP 	Display Fixation
30.6002 	EXP 	Display Fixation
30.6168 	EXP 	Display Fixation
30.6335 	EXP 	Display Fixation
30.6502 	EXP 	Display Fixation
30.6669 	EXP 	Display Fixation
30.6838 	EXP 	Display Fixation
30.7002 	EXP 	Display Fixation
30.7166 	EXP 	Display Fixation
30.7336 	EXP 	Display Fixation
30.7504 	EXP 	Display Fixation
30.7670 	EXP 	Display Fixation
30.7836 	EXP 	Display Fixation
30.8000 	EXP 	Display Fixation
30.8166 	EXP 	Display Fixation
30.8336 	EXP 	Display Fixation
30.8500 	EXP 	Display Fixation
30.8669 	EXP 	Display Fixation
30.8833 	EXP 	Display Fixation
30.9002 	EXP 	Display Fixation
30.9172 	EXP 	Display Fixation
30.9336 	EXP 	Display Fixation
30.9502 	EXP 	Display Fixation
30.9669 	EXP 	Display Fixation
30.9835 	EXP 	Display Fixation
31.0002 	EXP 	Display Fixation
31.0166 	EXP 	Display Fixation
31.0334 	EXP 	Display Fixation
31.0506 	EXP 	Display Fixation
31.0670 	EXP 	Display Fixation
31.0838 	EXP 	Display Fixation
31.1005 	EXP 	Display Fixation
31.1171 	EXP 	Display Fixation
31.1337 	EXP 	Display Fixation
31.1503 	EXP 	Display Fixation
31.1669 	EXP 	Display Fixation
31.1835 	EXP 	Display Fixation
31.2008 	EXP 	Display Fixation
31.2174 	EXP 	Display Fixation
31.2337 	EXP 	Display Fixation
31.2504 	EXP 	Display Fixation
31.2669 	EXP 	Display Fixation
31.2838 	EXP 	Display Fixation
31.3004 	EXP 	Display Fixation
31.3171 	EXP 	Display Fixation
31.3338 	EXP 	Display Fixation
31.3503 	EXP 	Display Fixation
31.3674 	EXP 	Display Fixation
31.3838 	EXP 	Display Fixation
31.4003 	EXP 	Display Fixation
31.4170 	EXP 	Display Fixation
31.4336 	EXP 	Display Fixation
31.4502 	EXP 	Display Fixation
31.4670 	EXP 	Display Fixation
31.4837 	EXP 	Display Fixation
31.5004 	EXP 	Display Fixation
31.5171 	EXP 	Display Fixation
31.5337 	EXP 	Display Fixation
31.5503 	EXP 	Display Fixation
31.5670 	EXP 	Display Fixation
31.5836 	EXP 	Display Fixation
31.6003 	EXP 	Display Fixation
31.6170 	EXP 	Display Fixation
31.6336 	EXP 	Display Fixation
31.6503 	EXP 	Display Fixation
31.6670 	EXP 	Display Fixation
31.6837 	EXP 	Display Fixation
31.7004 	EXP 	Display Fixation
31.7169 	EXP 	Display Fixation
31.7339 	EXP 	Display Fixation
31.7502 	EXP 	Display Fixation
31.7669 	EXP 	Display Fixation
31.7837 	EXP 	Display Fixation
31.8005 	EXP 	Display Fixation
31.8170 	EXP 	Display Fixation
31.8337 	EXP 	Display Fixation
31.8503 	EXP 	Display Fixation
31.8667 	EXP 	Display Fixation
31.8839 	EXP 	Display Fixation
31.9003 	EXP 	Display Fixation
31.9172 	EXP 	Display Fixation
31.9339 	EXP 	Display Fixation
31.9502 	EXP 	Display Fixation
31.9668 	EXP 	Display Fixation
31.9837 	EXP 	Display Fixation
32.0004 	EXP 	Display Fixation
32.0172 	EXP 	Display Fixation
32.0452 	EXP 	ImageStimulus: image = 'Faces/threat/Woman5_angry.png'
32.0452 	EXP 	ImageStimulus: size = [0.8, 0.8]
32.0452 	EXP 	Display Faces/threat/Woman5_angry.png
32.5181 	EXP 	Display Fixation
32.5194 	EXP 	Display Fixation
32.5206 	EXP 	Display Fixation
32.5218 	EXP 	Display Fixation
32.5230 	EXP 	Display Fixation
32.5242 	EXP 	Display Fixation
32.5254 	EXP 	Display Fixation
32.5266 	EXP 	Display Fixation
32.5278 	EXP 	Display Fixation
32.5290 	EXP 	Display Fixation
32.5302 	EXP 	Display Fixation
32.5338 	EXP 	Display Fixation
32.5501 	EXP 	Display Fixation
32.5664 	EXP 	Display Fixation
32.5831 	EXP 	Display Fixation
32.5996 	EXP 	Display Fixation
32.6159 	EXP 	Display Fixation
32.6334 	EXP 	Display Fixation
32.6502 	EXP 	Display Fixation
32.6669 	EXP 	Display Fixation
32.6834 	EXP 	Display Fixation
32.6997 	EXP 	Display Fixation
32.7158 	EXP 	Display Fixation
32.7329 	EXP 	Display Fixation
32.7506 	EXP 	Display Fixation
32.7669 	EXP 	Display Fixation
32.7837 	EXP 	Display Fixation
32.8000 	EXP 	Display Fixation
32.8167 	EXP 	Display Fixation
32.8332 	EXP 	Display Fixation
32.8500 	EXP 	Display Fixation
32.8666 	EXP 	Display Fixation
32.8834 	EXP 	Display Fixation
32.9000 	EXP 	Display Fixation
32.9167 	EXP 	Display Fixation
32.9333 	EXP 	Display Fixation
32.9499 	EXP 	Display Fixation
32.9666 	EXP 	Display Fixation
32.9837 	EXP 	Display Fixation
33.0002 	EXP 	Display Fixation
33.0173 	EXP 	Display Fixation
33.0340 	EXP 	Display Fixation
33.0503 	EXP 	Display Fixation
33.0667 	EXP 	Display Fixation
33.0834 	EXP 	Display Fixation
33.1000 	EXP 	Display Fixation
33.1168 	EXP 	Display Fixation
33.1334 	EXP 	Display Fixation
33.1503 	EXP 	Display Fixation
33.1668 	EXP 	Display Fixation
33.1835 	EXP 	Display Fixation
33.2001 	EXP 	Display Fixation
33.2168 	EXP 	Display Fixation
33.2334 	EXP 	Display Fixation
33.2503 	EXP 	Display Fixation
33.2668 	EXP 	Display Fixation
33.2836 	EXP 	Display Fixation
33.3001 	EXP 	Display Fixation
33.3170 	EXP 	Display Fixation
33.3334 	EXP 	Display Fixation
33.3503 	EXP 	Display Fixation
33.3668 	EXP 	Display Fixation
33.3835 	EXP 	Display Fixation
33.4005 	EXP 	Display Fixation
33.4173 	EXP 	Display Fixation
33.4336 	EXP 	Display Fixation
33.4503 	EXP 	Display Fixation
33.4668 	EXP 	Display Fixation
33.4835 	EXP 	Display Fixation
33.5000 	EXP 	Display Fixation
33.5170 	EXP 	Display Fixation
33.5334 	EXP 	Display Fixation
33.5503 	EXP 	Display Fixation
33.5671 	EXP 	Display Fixation
33.5836 	EXP 	Display Fixation
33.6005 	EXP 	Display Fixation
33.6169 	EXP 	Display Fixation
33.6335 	EXP 	Display Fixation
33.6503 	EXP 	Display Fixation
33.6669 	EXP 	Display Fixation
33.6838 	EXP 	Display Fixation
33.7001 	EXP 	Display Fixation
33.7166 	EXP 	Display Fixation
33.7332 	EXP 	Display Fixation
33.7504 	EXP 	Display Fixation
33.7670 	EXP 	Display Fixation
33.7836 	EXP 	Display Fixation
33.8008 	EXP 	Display Fixation
33.8170 	EXP 	Display Fixation
33.8337 	EXP 	Display Fixation
33.8501 	EXP 	Display Fixation
33.8669 	EXP 	Display Fixation
33.8835 	EXP 	Display Fixation
33.9000 	EXP 	Display Fixation
33.9166 	EXP 	Display Fixation
33.9334 	EXP 	Display Fixation
33.9501 	EXP 	Display Fixation
33.9672 	EXP 	Display Fixation
33.9837 	EXP 	Display Fixation
34.0004 	EXP 	Display Fixation
34.0171 	EXP 	Display Fixation
34.0335 	EXP 	Display Fixation
34.0503 	EXP 	Display Fixation
34.0669 	EXP 	Display Fixation
34.0835 	EXP 	Display Fixation
34.1001 	EXP 	Display Fixation
34.1171 	EXP 	Display Fixation
34.1332 	EXP 	Display Fixation
34.1500 	EXP 	Display Fixation
34.1671 	EXP 	Display Fixation
34.1838 	EXP 	Display Fixation
34.2005 	EXP 	Display Fixation
34.2170 	EXP 	Display Fixation
34.2337 	EXP 	Display Fixation
34.2504 	EXP 	Display Fixation
34.2669 	EXP 	Display Fixation
34.2840 	EXP 	Display Fixation
34.3006 	EXP 	Display Fixation
34.3175 	EXP 	Display Fixation
34.3341 	EXP 	Display Fixation
34.3506 	EXP 	Display Fixation
34.3670 	EXP 	Display Fixation
34.3832 	EXP 	Display Fixation
34.4002 	EXP 	Display Fixation
34.4173 	EXP 	Display Fixation
34.4333 	EXP 	Display Fixation
34.4506 	EXP 	Display Fixation
34.4667 	EXP 	Display Fixation
34.4840 	EXP 	Display Fixation
34.5008 	EXP 	Display Fixation
34.5170 	EXP 	Display Fixation
34.5337 	EXP 	Display Fixation
34.5504 	EXP 	Display Fixation
34.5669 	EXP 	Display Fixation
34.5841 	EXP 	Display Fixation
34.6003 	EXP 	Display Fixation
34.6170 	EXP 	Display Fixation
34.6338 	EXP 	Display Fixation
34.6503 	EXP 	Display Fixation
34.6670 	EXP 	Display Fixation
34.6837 	EXP 	Display Fixation
34.7004 	EXP 	Display Fixation
34.7172 	EXP 	Display Fixation
34.7340 	EXP 	Display Fixation
34.7503 	EXP 	Display Fixation
34.7672 	EXP 	Display Fixation
34.7837 	EXP 	Display Fixation
34.8002 	EXP 	Display Fixation
34.8170 	EXP 	Display Fixation
34.8336 	EXP 	Display Fixation
34.8503 	EXP 	Display Fixation
34.8669 	EXP 	Display Fixation
34.8836 	EXP 	Display Fixation
34.9004 	EXP 	Display Fixation
34.9169 	EXP 	Display Fixation
34.9336 	EXP 	Display Fixation
34.9504 	EXP 	Display Fixation
34.9668 	EXP 	Display Fixation
34.9835 	EXP 	Display Fixation
35.0001 	EXP 	Display Fixation
35.0168 	EXP 	Display Fixation
35.0335 	EXP 	Display Fixation
35.0505 	EXP 	Display Fixation
35.0671 	EXP 	Display Fixation
35.0838 	EXP 	Display Fixation
35.1004 	EXP 	Display Fixation
35.1169 	EXP 	Display Fixation
35.1336 	EXP 	Display Fixation
35.1503 	EXP 	Display Fixation
35.1668 	EXP 	Display Fixation
35.1838 	EXP 	Display Fixation
35.2003 	EXP 	Display Fixation
35.2170 	EXP 	Display Fixation
35.2337 	EXP 	Display Fixation
35.2504 	EXP 	Display Fixation
35.2672 	EXP 	Display Fixation
35.2838 	EXP 	Display Fixation
35.3004 	EXP 	Display Fixation
35.3174 	EXP 	Display Fixation
35.3337 	EXP 	Display Fixation
35.3505 	EXP 	Display Fixation
35.3670 	EXP 	Display Fixation
35.3838 	EXP 	Display Fixation
35.4005 	EXP 	Display Fixation
35.4171 	EXP 	Display Fixation
35.4338 	EXP 	Display Fixation
35.4504 	EXP 	Display Fixation
35.4673 	EXP 	Display Fixation
35.4837 	EXP 	Display Fixation
35.5003 	EXP 	Display Fixation
35.5171 	EXP 	Display Fixation
35.5337 	EXP 	Display Fixation
35.5504 	EXP 	Display Fixation
35.5673 	EXP 	Display Fixation
35.5838 	EXP 	Display Fixation
35.6005 	EXP 	Display Fixation
35.6173 	EXP 	Display Fixation
35.6337 	EXP 	Display Fixation
35.6503 	EXP 	Display Fixation
35.6669 	EXP 	Display Fixation
35.6841 	EXP 	Display Fixation
35.7002 	EXP 	Display Fixation
35.7169 	EXP 	Display Fixation
35.7336 	EXP 	Display Fixation
35.7504 	EXP 	Display Fixation
35.7669 	EXP 	Display Fixation
35.7836 	EXP 	Display Fixation
35.8004 	EXP 	Display Fixation
35.8171 	EXP 	Display Fixation
35.8336 	EXP 	Display Fixation
35.8502 	EXP 	Display Fixation
35.8669 	EXP 	Display Fixation
35.8839 	EXP 	Display Fixation
35.9003 	EXP 	Display Fixation
35.9170 	EXP 	Display Fixation
35.9336 	EXP 	Display Fixation
35.9502 	EXP 	Display Fixation
35.9669 	EXP 	Display Fixation
35.9933 	EXP 	ImageStimulus: image = 'Faces/threat/Woman20_neutral.png'
35.9933 	EXP 	ImageStimulus: size = [0.8, 0.8]
35.9933 	EXP 	Display Faces/threat/Woman20_neutral.png
36.4682 	EXP 	Display Fixation
36.4694 	EXP 	Display Fixation
36.4707 	EXP 	Display Fixation
36.4720 	EXP 	Display Fixation
36.4733 	EXP 	Display Fixation
36.4746 	EXP 	Display Fixation
36.4758 	EXP 	Display Fixation
36.4770 	EXP 	Display Fixation
36.4782 	EXP 	Display Fixation
36.4794 	EXP 	Display Fixation
36.4807 	EXP 	Display Fixation
36.4839 	EXP 	Display Fixation
36.5006 	EXP 	Display Fixation
36.5169 	EXP 	Display Fixation
36.5335 	EXP 	Display Fixation
36.5499 	EXP 	Display Fixation
36.5663 	EXP 	Display Fixation
36.5837 	EXP 	Display Fixation
36.5997 	EXP 	Display Fixation
36.6171 	EXP 	Display Fixation
36.6338 	EXP 	Display Fixation
36.6502 	EXP 	Display Fixation
36.6670 	EXP 	Display Fixation
36.6834 	EXP 	Display Fixation
36.6998 	EXP 	Display Fixation
36.7169 	EXP 	Display Fixation
36.7334 	EXP 	Display Fixation
36.7501 	EXP 	Display Fixation
36.7668 	EXP 	Display Fixation
36.7835 	EXP 	Display Fixation
36.8000 	EXP 	Display Fixation
36.8169 	EXP 	Display Fixation
36.8334 	EXP 	Display Fixation
36.8495 	EXP 	Display Fixation
36.8671 	EXP 	Display Fixation
36.8837 	EXP 	Display Fixation
36.9002 	EXP 	Display Fixation
36.9173 	EXP 	Display Fixation
36.9337 	EXP 	Display Fixation
36.9501 	EXP 	Display Fixation
36.9664 	EXP 	Display Fixation
36.9839 	EXP 	Display Fixation
37.0003 	EXP 	Display Fixation
37.0169 	EXP 	Display Fixation
37.0336 	EXP 	Display Fixation
37.0501 	EXP 	Display Fixation
37.0670 	EXP 	Display Fixation
37.0834 	EXP 	Display Fixation
37.1001 	EXP 	Display Fixation
37.1167 	EXP 	Display Fixation
37.1335 	EXP 	Display Fixation
37.1502 	EXP 	Display Fixation
37.1667 	EXP 	Display Fixation
37.1834 	EXP 	Display Fixation
37.2002 	EXP 	Display Fixation
37.2168 	EXP 	Display Fixation
37.2335 	EXP 	Display Fixation
37.2501 	EXP 	Display Fixation
37.2669 	EXP 	Display Fixation
37.2835 	EXP 	Display Fixation
37.3001 	EXP 	Display Fixation
37.3171 	EXP 	Display Fixation
37.3333 	EXP 	Display Fixation
37.3505 	EXP 	Display Fixation
37.3675 	EXP 	Display Fixation
37.3837 	EXP 	Display Fixation
37.4000 	EXP 	Display Fixation
37.4172 	EXP 	Display Fixation
37.4337 	EXP 	Display Fixation
37.4503 	EXP 	Display Fixation
37.4669 	EXP 	Display Fixation
37.4834 	EXP 	Display Fixation
37.4998 	EXP 	Display Fixation
37.5163 	EXP 	Display Fixation
37.5330 	EXP 	Display Fixation
37.5507 	EXP 	Display Fixation
37.5670 	EXP 	Display Fixation
37.5836 	EXP 	Display Fixation
37.6000 	EXP 	Display Fixation
37.6167 	EXP 	Display Fixation
37.6338 	EXP 	Display Fixation
37.6504 	EXP 	Display Fixation
37.6671 	EXP 	Display Fixation
37.6837 	EXP 	Display Fixation
37.7001 	EXP 	Display Fixation
37.7167 	EXP 	Display Fixation
37.7334 	EXP 	Display Fixation
37.7507 	EXP 	Display Fixation
37.7670 	EXP 	Display Fixation
37.7838 	EXP 	Display Fixation
37.8004 	EXP 	Display Fixation
37.8171 	EXP 	Display Fixation
37.8336 	EXP 	Display Fixation
37.8501 	EXP 	Display Fixation
37.8669 	EXP 	Display Fixation
37.8835 	EXP 	Display Fixation
37.9001 	EXP 	Display Fixation
37.9171 	EXP 	Display Fixation
37.9337 	EXP 	Display Fixation
37.9505 	EXP 	Display Fixation
37.9671 	EXP 	Display Fixation
37.9834 	EXP 	Display Fixation
38.0003 	EXP 	Display Fixation
38.0169 	EXP 	Display Fixation
38.0334 	EXP 	Display Fixation
38.0501 	EXP 	Display Fixation
38.0669 	EXP 	Display Fixation
38.0834 	EXP 	Display Fixation
38.1001 	EXP 	Display Fixation
38.1174 	EXP 	Display Fixation
38.1337 	EXP 	Display Fixation
38.1505 	EXP 	Display Fixation
38.1672 	EXP 	Display Fixation
38.1839 	EXP 	Display Fixation
38.2002 	EXP 	Display Fixation
38.2168 	EXP 	Display Fixation
38.2334 	EXP 	Display Fixation
38.2501 	EXP 	Display Fixation
38.2666 	EXP 	Display Fixation
38.2833 	EXP 	Display Fixation
38.3004 	EXP 	Display Fixation
38.3166 	EXP 	Display Fixation
38.3337 	EXP 	Display Fixation
38.3502 	EXP 	Display Fixation
38.3671 	EXP 	Display Fixation
38.3837 	EXP 	Display Fixation
38.4004 	EXP 	Display Fixation
38.4170 	EXP 	Display Fixation
38.4336 	EXP 	Display Fixation
38.4502 	EXP 	Display Fixation
38.4672 	EXP 	Display Fixation
38.4838 	EXP 	Display Fixation
38.5010 	EXP 	Display Fixation
38.5175 	EXP 	Display Fixation
38.5341 	EXP 	Display Fixation
38.5504 	EXP 	Display Fixation
38.5676 	EXP 	Display Fixation
38.5839 	EXP 	Display Fixation
38.6005 	EXP 	Display Fixation
38.6174 	EXP 	Display Fixation
38.6331 	EXP 	Display Fixation
38.6502 	EXP 	Display Fixation
38.6670 	EXP 	Display Fixation
38.6839 	EXP 	Display Fixation
38.7000 	EXP 	Display Fixation
38.7174 	EXP 	Display Fixation
38.7338 	EXP 	Display Fixation
38.7502 	EXP 	Display Fixation
38.7674 	EXP 	Display Fixation
38.7844 	EXP 	Display Fixation
38.8011 	EXP 	Display Fixation
38.8172 	EXP 	Display Fixation
38.8338 	EXP 	Display Fixation
38.8506 	EXP 	Display Fixation
38.8672 	EXP 	Display Fixation
38.8836 	EXP 	Display Fixation
38.9003 	EXP 	Display Fixation
38.9169 	EXP 	Display Fixation
38.9333 	EXP 	Display Fixation
38.9504 	EXP 	Display Fixation
38.9671 	EXP 	Display Fixation
38.9834 	EXP 	Display Fixation
39.0004 	EXP 	Display Fixation
39.0171 	EXP 	Display Fixation
39.0334 	EXP 	Display Fixation
39.0502 	EXP 	Display Fixation
39.0668 	EXP 	Display Fixation
39.0835 	EXP 	Display Fixation
39.1007 	EXP 	Display Fixation
39.1171 	EXP 	Display Fixation
39.1336 	EXP 	Display Fixation
39.1504 	EXP 	Display Fixation
39.1671 	EXP 	Display Fixation
39.1835 	EXP 	Display Fixation
39.2002 	EXP 	Display Fixation
39.2170 	EXP 	Display Fixation
39.2171 	EXP 	--- END EXPERIMENT ---
39.2378 	EXP 	topMsg: text = "That's the end! "
39.2378 	EXP 	bottomMsg: text = "Press 'q' or 'escape' to end the session."
39.2378 	EXP 	Display TheEnd
40.5103 	DATA 	Keypress: escape
40.5214 	EXP 	win: mouseVisible = True
53.7484 	EXP 	number of targets counted: 1
