5.7830 	WARNING 	We strongly recommend you activate the PTB sound engine in PsychoPy prefs as the preferred audio engine. Its timing is vastly superior. Your prefs are currently set to use ['sounddevice', 'PTB', 'pyo', 'pygame'] (in that order).
40.7726 	INFO 	---START PARAMETERS---
40.7726 	INFO 	filename: SampleExperiment_d1-1-28-Oct_25_1459
40.7727 	INFO 	subject: 1
40.7727 	INFO 	session: 28
40.7727 	INFO 	date: Oct_25_1459
40.7727 	INFO 	ISI: 1.75
40.7728 	INFO 	choices: [1, 2, 3]
40.7728 	INFO 	fixCrossPos: [0, 0]
40.7728 	INFO 	fixCrossSize: 0.1
40.7728 	INFO 	fullScreen: True
40.7729 	INFO 	imageDir_neutral: Faces/neutral/
40.7729 	INFO 	imageDir_social: Faces/social/
40.7729 	INFO 	imageDir_threat: Faces/threat/
40.7729 	INFO 	imageSize: [0.8, 0.8]
40.7729 	INFO 	imageSuffix: .png
40.7729 	INFO 	nTrials: 3
40.7730 	INFO 	postStimDur: 1.0
40.7739 	INFO 	preStimDur: [0.5 0.6 0.7 0.8 0.9 1.  1.1 1.2 1.3 1.4 1.5 1.6 1.7 1.8 1.9]
40.7739 	INFO 	promptDir: Text/
40.7739 	INFO 	promptFile_neutral: NeutralPrompts.csv
40.7739 	INFO 	promptFile_social: SocialPrompts.csv
40.7740 	INFO 	promptFile_threat: ThreatPrompts.csv
40.7740 	INFO 	promptImageSize: [0.3, 0.7]
40.7740 	INFO 	respAdvances: True
40.7740 	INFO 	respKeys: ['r', 'b', 'y', 'g']
40.7740 	INFO 	screenColor: (128, 128, 128)
40.7741 	INFO 	screenToShow: 0
40.7741 	INFO 	skipPrompts: False
40.7741 	INFO 	stimDur: 0.5
40.7741 	INFO 	tStartup: 1
40.7741 	INFO 	triggerKey: t
40.7742 	INFO 	---END PARAMETERS---
47.0240 	INFO 	Loaded monitor calibration from ['2021_02_22 10:21']
47.0339 	WARNING 	User requested fullscreen with size [800 600], but screen is actually [1440, 900]. Using actual size
48.5036 	EXP 	Created win = Window(allowGUI=False, allowStencil=False, autoLog=True, backendConf=UNKNOWN, bitsMode=UNKNOWN, blendMode='avg', bpc=(8, 8, 8), color=array([128, 128, 128]), colorSpace='rgb255', depthBits=8, fullscr=<method-wrapper '__getattribute__' of attributeSetter object at 0x7fe0e0a90c50>, gamma=None, gammaErrorPolicy='raise', lms=UNKNOWN, monitor=<psychopy.monitors.calibTools.Monitor object at 0x7fe0de1a0630>, multiSample=False, name='win', numSamples=2, pos=[0.0, 0.0], screen=0, size=array([1440,  900]), stencilBits=0, stereo=False, units='height', useFBO=False, useRetina=False, viewOri=0.0, viewPos=None, viewScale=None, waitBlanking=True, winType='pyglet')
48.5039 	EXP 	win: mouseVisible = True
48.5213 	EXP 	Created fixCross = ShapeStim(__class__=<class 'psychopy.visual.shape.ShapeStim'>, autoDraw=False, autoLog=True, closeShape=False, color=method-wrapper(...), colorSpace='rgb', contrast=None, depth=0, fillColor=array([0, 0, 0]), fillColorSpace='rgb', fillRGB=UNKNOWN, interpolate=True, lineColor=array([-1., -1., -1.]), lineColorSpace='rgb', lineRGB=UNKNOWN, lineWidth=3.0, name='fixCross', opacity=1.0, ori=0.0, pos=array([0., 0.]), size=array([1., 1.]), units='height', vertices=ndarray(...), win=Window(...), windingRule=None)
48.5222 	WARNING 	TextStim.alignHoriz is deprecated. Use alignText and anchorHoriz attributes instead
48.6642 	EXP 	Created topMsg = TextStim(__class__=<class 'psychopy.visual.text.TextStim'>, alignHoriz='center', alignText='center', alignVert=method-wrapper(...), anchorHoriz='center', anchorVert='center', antialias=True, autoLog=True, bold=False, color=array([-1., -1., -1.]), colorSpace='rgb', contrast=1.0, depth=0, flipHoriz=False, flipVert=False, font='', fontFiles=[], height=0.1, italic=False, languageStyle='LTR', name='topMsg', opacity=1.0, ori=0.0, pos=array([0. , 0.5]), rgb=UNKNOWN, text='aaa', units='norm', win=Window(...), wrapWidth=1.5)
48.6644 	WARNING 	TextStim.alignHoriz is deprecated. Use alignText and anchorHoriz attributes instead
48.6693 	EXP 	Created bottomMsg = TextStim(__class__=<class 'psychopy.visual.text.TextStim'>, alignHoriz='center', alignText='center', alignVert=method-wrapper(...), anchorHoriz='center', anchorVert='center', antialias=True, autoLog=True, bold=False, color=array([-1., -1., -1.]), colorSpace='rgb', contrast=1.0, depth=0, flipHoriz=False, flipVert=False, font='', fontFiles=[], height=0.1, italic=False, languageStyle='LTR', name='bottomMsg', opacity=1.0, ori=0.0, pos=array([ 0. , -0.5]), rgb=UNKNOWN, text='bbb', units='norm', win=Window(...), wrapWidth=1.5)
48.8285 	EXP 	Created ImageStimulus = ImageStim(__class__=<class 'psychopy.visual.image.ImageStim'>, autoLog=True, color=array([1., 1., 1.]), colorSpace='rgb', contrast=1.0, depth=0, flipHoriz=False, flipVert=False, image='Faces/neutral/Woman17_hat.png', interpolate=False, mask=None, maskParams=None, name='ImageStimulus', opacity=1, ori=0.0, pos=array([0., 0.]), size=array([0.55555556, 0.55555556]), texRes=128, units='height', win=Window(...))
48.9454 	EXP 	topMsg: text = 'In this task, you will see images briefly flashed on the screen. Your job is to count the images in a “target” category and ignore the others. At the end, we will ask you how many target images you saw.'
48.9454 	EXP 	bottomMsg: text = 'In this run, please count all the faces with hats. (Press ENTER to continue.)'
48.9454 	EXP 	Display Instructions1
62.8815 	DATA 	Keypress: space
62.9768 	EXP 	topMsg: text = 'Here are some examples of faces with hats (left) and no hats (right).'
62.9768 	EXP 	bottomMsg: text = 'Just before and after each image, there will be a cross in the middle of the screen. Please look directly at the cross and try not to blink during this period. (Press ENTER to continue.)'
62.9768 	EXP 	ImageStimulus: size = array([1.40777778, 0.30555556])
62.9768 	EXP 	ImageStimulus: image = 'Faces/sample_images/sample_neutral.png'
62.9768 	EXP 	ImageStimulus: size = [0.3, 0.7]
62.9768 	EXP 	Display Instructions2
73.8529 	DATA 	Keypress: escape
74.3968 	EXP 	win: mouseVisible = True
