5.0216 	WARNING 	We strongly recommend you activate the PTB sound engine in PsychoPy prefs as the preferred audio engine. Its timing is vastly superior. Your prefs are currently set to use ['sounddevice', 'PTB', 'pyo', 'pygame'] (in that order).
11.8029 	INFO 	---START PARAMETERS---
11.8029 	INFO 	filename: SampleExperiment_d1-1-18-Oct_25_1326
11.8030 	INFO 	subject: 1
11.8030 	INFO 	session: 18
11.8030 	INFO 	date: Oct_25_1326
11.8031 	INFO 	ISI: 1.75
11.8031 	INFO 	choices: [1, 2, 3]
11.8031 	INFO 	fixCrossPos: [0, 0]
11.8031 	INFO 	fixCrossSize: 0.1
11.8031 	INFO 	fullScreen: True
11.8031 	INFO 	imageDir_neutral: Faces/neutral/
11.8032 	INFO 	imageDir_social: Faces/social/
11.8032 	INFO 	imageDir_threat: Faces/threat/
11.8032 	INFO 	imageSize: [1.7, 1.7]
11.8032 	INFO 	imageSuffix: .png
11.8032 	INFO 	nTrials: 3
11.8032 	INFO 	postStimDur: 1.0
11.8040 	INFO 	preStimDur: [0.5 0.6 0.7 0.8 0.9 1.  1.1 1.2 1.3 1.4 1.5 1.6 1.7 1.8 1.9]
11.8041 	INFO 	promptDir: Text/
11.8041 	INFO 	promptFile_neutral: NeutralPrompts.csv
11.8042 	INFO 	promptFile_social: SocialPrompts.csv
11.8043 	INFO 	promptFile_threat: ThreatPrompts.csv
11.8043 	INFO 	respAdvances: True
11.8043 	INFO 	respKeys: ['r', 'b', 'y', 'g']
11.8044 	INFO 	screenColor: (128, 128, 128)
11.8044 	INFO 	screenToShow: 0
11.8044 	INFO 	shrinkPromptImage: 0.8
11.8045 	INFO 	skipPrompts: False
11.8045 	INFO 	stimDur: 0.5
11.8045 	INFO 	tStartup: 1
11.8045 	INFO 	triggerKey: t
11.8045 	INFO 	---END PARAMETERS---
13.9557 	INFO 	Loaded monitor calibration from ['2021_02_22 10:21']
13.9647 	WARNING 	User requested fullscreen with size [800 600], but screen is actually [1440, 900]. Using actual size
14.6701 	EXP 	Created win = Window(allowGUI=False, allowStencil=False, autoLog=True, backendConf=UNKNOWN, bitsMode=UNKNOWN, blendMode='avg', bpc=(8, 8, 8), color=array([128, 128, 128]), colorSpace='rgb255', depthBits=8, fullscr=<method-wrapper '__getattribute__' of attributeSetter object at 0x7fe8ee4d2c18>, gamma=None, gammaErrorPolicy='raise', lms=UNKNOWN, monitor=<psychopy.monitors.calibTools.Monitor object at 0x7fe8eb9a15c0>, multiSample=False, name='win', numSamples=2, pos=[0.0, 0.0], screen=0, size=array([1440,  900]), stencilBits=0, stereo=False, units='height', useFBO=False, useRetina=False, viewOri=0.0, viewPos=None, viewScale=None, waitBlanking=True, winType='pyglet')
14.6705 	EXP 	win: mouseVisible = True
14.6790 	EXP 	Created fixCross = ShapeStim(__class__=<class 'psychopy.visual.shape.ShapeStim'>, autoDraw=False, autoLog=True, closeShape=False, color=method-wrapper(...), colorSpace='rgb', contrast=None, depth=0, fillColor=array([0, 0, 0]), fillColorSpace='rgb', fillRGB=UNKNOWN, interpolate=True, lineColor=array([-1., -1., -1.]), lineColorSpace='rgb', lineRGB=UNKNOWN, lineWidth=3.0, name='fixCross', opacity=1.0, ori=0.0, pos=array([0., 0.]), size=array([1., 1.]), units='height', vertices=ndarray(...), win=Window(...), windingRule=None)
14.6797 	WARNING 	TextStim.alignHoriz is deprecated. Use alignText and anchorHoriz attributes instead
14.7803 	EXP 	Created topMsg = TextStim(__class__=<class 'psychopy.visual.text.TextStim'>, alignHoriz='center', alignText='center', alignVert=method-wrapper(...), anchorHoriz='center', anchorVert='center', antialias=True, autoLog=True, bold=False, color=array([-1., -1., -1.]), colorSpace='rgb', contrast=1.0, depth=0, flipHoriz=False, flipVert=False, font='', fontFiles=[], height=0.1, italic=False, languageStyle='LTR', name='topMsg', opacity=1.0, ori=0.0, pos=array([0. , 0.5]), rgb=UNKNOWN, text='aaa', units='norm', win=Window(...), wrapWidth=1.5)
14.7806 	WARNING 	TextStim.alignHoriz is deprecated. Use alignText and anchorHoriz attributes instead
14.7856 	EXP 	Created bottomMsg = TextStim(__class__=<class 'psychopy.visual.text.TextStim'>, alignHoriz='center', alignText='center', alignVert=method-wrapper(...), anchorHoriz='center', anchorVert='center', antialias=True, autoLog=True, bold=False, color=array([-1., -1., -1.]), colorSpace='rgb', contrast=1.0, depth=0, flipHoriz=False, flipVert=False, font='', fontFiles=[], height=0.1, italic=False, languageStyle='LTR', name='bottomMsg', opacity=1.0, ori=0.0, pos=array([ 0. , -0.5]), rgb=UNKNOWN, text='bbb', units='norm', win=Window(...), wrapWidth=1.5)
14.9164 	EXP 	Created ImageStimulus = ImageStim(__class__=<class 'psychopy.visual.image.ImageStim'>, autoLog=True, color=array([1., 1., 1.]), colorSpace='rgb', contrast=1.0, depth=0, flipHoriz=False, flipVert=False, image='Faces/social/No Emotion_Side_Man5.png', interpolate=False, mask=None, maskParams=None, name='ImageStimulus', opacity=1, ori=0.0, pos=array([0., 0.]), size=array([0.55555556, 0.55555556]), texRes=128, units='height', win=Window(...))
14.9904 	EXP 	topMsg: text = 'In this task, you will see images briefly flashed on the screen. Your job is to count the images in a “target” category and ignore the others. At the end, we will ask you how many target images you saw.'
14.9904 	EXP 	bottomMsg: text = 'In this run, please count all the faces looking directly at you. (Press ENTER to continue.)'
14.9904 	EXP 	Display Instructions1
16.0322 	DATA 	Keypress: return
16.0883 	EXP 	topMsg: text = 'Here are some examples of faces not looking at you (left) and looking at you (right) '
16.0883 	EXP 	bottomMsg: text = 'Just before and after each image, there will be a cross in the middle of the screen. Please look directly at the cross and try not to blink during this period. (Press ENTER to continue.)'
16.0883 	EXP 	ImageStimulus: size = array([0.83666667, 0.37555556])
16.0883 	EXP 	ImageStimulus: image = 'Faces/sample_images/sample_social.png'
16.0883 	EXP 	ImageStimulus: size = array([0.66933333, 0.30044444])
16.0883 	EXP 	Display Instructions2
20.1256 	DATA 	Keypress: return
20.1507 	EXP 	topMsg: text = 'If you have any questions, please ask the experimenter now.'
20.1507 	EXP 	bottomMsg: text = 'WHEN YOU ARE READY TO BEGIN, press any button.'
20.1507 	EXP 	Display Instructions3
21.4758 	DATA 	Keypress: return
21.4925 	EXP 	topMsg: text = 'Waiting for scanner to start...'
21.4925 	EXP 	bottomMsg: text = "(Press 'T' to override.)"
21.4925 	EXP 	Display WaitingForScanner
22.4415 	DATA 	Keypress: t
22.4426 	EXP 	---START EXPERIMENT---
22.4485 	EXP 	Display Fixation
22.4530 	EXP 	Display Fixation
22.4704 	EXP 	Display Fixation
22.4863 	EXP 	Display Fixation
22.5033 	EXP 	Display Fixation
22.5196 	EXP 	Display Fixation
22.5364 	EXP 	Display Fixation
22.5531 	EXP 	Display Fixation
22.5698 	EXP 	Display Fixation
22.5865 	EXP 	Display Fixation
22.6034 	EXP 	Display Fixation
22.6196 	EXP 	Display Fixation
22.6364 	EXP 	Display Fixation
22.6529 	EXP 	Display Fixation
22.6698 	EXP 	Display Fixation
22.6863 	EXP 	Display Fixation
22.7030 	EXP 	Display Fixation
22.7198 	EXP 	Display Fixation
22.7363 	EXP 	Display Fixation
22.7531 	EXP 	Display Fixation
22.7698 	EXP 	Display Fixation
22.7864 	EXP 	Display Fixation
22.8031 	EXP 	Display Fixation
22.8198 	EXP 	Display Fixation
22.8364 	EXP 	Display Fixation
22.8532 	EXP 	Display Fixation
22.8697 	EXP 	Display Fixation
22.8864 	EXP 	Display Fixation
22.9031 	EXP 	Display Fixation
22.9197 	EXP 	Display Fixation
22.9364 	EXP 	Display Fixation
22.9530 	EXP 	Display Fixation
22.9700 	EXP 	Display Fixation
22.9853 	EXP 	Display Fixation
23.0019 	EXP 	Display Fixation
23.0185 	EXP 	Display Fixation
23.0352 	EXP 	Display Fixation
23.0519 	EXP 	Display Fixation
23.0686 	EXP 	Display Fixation
23.0852 	EXP 	Display Fixation
23.1022 	EXP 	Display Fixation
23.1198 	EXP 	Display Fixation
23.1366 	EXP 	Display Fixation
23.1532 	EXP 	Display Fixation
23.1699 	EXP 	Display Fixation
23.1865 	EXP 	Display Fixation
23.2035 	EXP 	Display Fixation
23.2201 	EXP 	Display Fixation
23.2363 	EXP 	Display Fixation
23.2533 	EXP 	Display Fixation
23.2697 	EXP 	Display Fixation
23.2864 	EXP 	Display Fixation
23.3031 	EXP 	Display Fixation
23.3197 	EXP 	Display Fixation
23.3365 	EXP 	Display Fixation
23.3531 	EXP 	Display Fixation
23.3698 	EXP 	Display Fixation
23.3865 	EXP 	Display Fixation
23.4030 	EXP 	Display Fixation
23.4199 	EXP 	Display Fixation
23.4363 	EXP 	Display Fixation
23.4530 	EXP 	Display Fixation
23.4698 	EXP 	Display Fixation
23.4865 	EXP 	Display Fixation
23.5030 	EXP 	Display Fixation
23.5200 	EXP 	Display Fixation
23.5365 	EXP 	Display Fixation
23.5532 	EXP 	Display Fixation
23.5699 	EXP 	Display Fixation
23.5864 	EXP 	Display Fixation
23.6032 	EXP 	Display Fixation
23.6198 	EXP 	Display Fixation
23.6365 	EXP 	Display Fixation
23.6532 	EXP 	Display Fixation
23.6698 	EXP 	Display Fixation
23.6864 	EXP 	Display Fixation
23.7031 	EXP 	Display Fixation
23.7198 	EXP 	Display Fixation
23.7366 	EXP 	Display Fixation
23.7532 	EXP 	Display Fixation
23.7698 	EXP 	Display Fixation
23.7870 	EXP 	Display Fixation
23.8032 	EXP 	Display Fixation
23.8197 	EXP 	Display Fixation
23.8365 	EXP 	Display Fixation
23.8532 	EXP 	Display Fixation
23.8697 	EXP 	Display Fixation
23.8866 	EXP 	Display Fixation
23.9031 	EXP 	Display Fixation
23.9198 	EXP 	Display Fixation
23.9365 	EXP 	Display Fixation
23.9532 	EXP 	Display Fixation
23.9699 	EXP 	Display Fixation
23.9866 	EXP 	Display Fixation
24.0032 	EXP 	Display Fixation
24.0198 	EXP 	Display Fixation
24.0365 	EXP 	Display Fixation
24.0532 	EXP 	Display Fixation
24.0698 	EXP 	Display Fixation
24.0864 	EXP 	Display Fixation
24.1031 	EXP 	Display Fixation
24.1199 	EXP 	Display Fixation
24.1365 	EXP 	Display Fixation
24.1533 	EXP 	Display Fixation
24.1697 	EXP 	Display Fixation
24.1866 	EXP 	Display Fixation
24.2034 	EXP 	Display Fixation
24.2199 	EXP 	Display Fixation
24.2365 	EXP 	Display Fixation
24.2523 	EXP 	Display Fixation
24.2761 	EXP 	Display Fixation
24.2864 	EXP 	Display Fixation
24.3033 	EXP 	Display Fixation
24.3199 	EXP 	Display Fixation
24.3365 	EXP 	Display Fixation
24.3532 	EXP 	Display Fixation
24.3698 	EXP 	Display Fixation
24.3864 	EXP 	Display Fixation
24.4032 	EXP 	Display Fixation
24.4200 	EXP 	Display Fixation
24.4365 	EXP 	Display Fixation
24.4531 	EXP 	Display Fixation
24.4700 	EXP 	Display Fixation
24.4865 	EXP 	Display Fixation
24.5033 	EXP 	Display Fixation
24.5199 	EXP 	Display Fixation
24.5366 	EXP 	Display Fixation
24.5532 	EXP 	Display Fixation
24.5701 	EXP 	Display Fixation
24.5866 	EXP 	Display Fixation
24.6031 	EXP 	Display Fixation
24.6198 	EXP 	Display Fixation
24.6364 	EXP 	Display Fixation
24.6533 	EXP 	Display Fixation
24.6698 	EXP 	Display Fixation
24.6865 	EXP 	Display Fixation
24.7032 	EXP 	Display Fixation
24.7199 	EXP 	Display Fixation
24.7364 	EXP 	Display Fixation
24.7531 	EXP 	Display Fixation
24.7699 	EXP 	Display Fixation
24.7865 	EXP 	Display Fixation
24.8034 	EXP 	Display Fixation
24.8198 	EXP 	Display Fixation
24.8366 	EXP 	Display Fixation
24.8533 	EXP 	Display Fixation
24.8698 	EXP 	Display Fixation
24.8865 	EXP 	Display Fixation
24.9031 	EXP 	Display Fixation
24.9198 	EXP 	Display Fixation
24.9365 	EXP 	Display Fixation
24.9533 	EXP 	Display Fixation
24.9699 	EXP 	Display Fixation
24.9865 	EXP 	Display Fixation
25.0031 	EXP 	Display Fixation
25.0198 	EXP 	Display Fixation
25.0366 	EXP 	Display Fixation
25.0533 	EXP 	Display Fixation
25.0699 	EXP 	Display Fixation
25.0865 	EXP 	Display Fixation
25.1032 	EXP 	Display Fixation
25.1196 	EXP 	Display Fixation
25.1366 	EXP 	Display Fixation
25.1531 	EXP 	Display Fixation
25.1700 	EXP 	Display Fixation
25.1866 	EXP 	Display Fixation
25.2035 	EXP 	Display Fixation
25.2200 	EXP 	Display Fixation
25.2366 	EXP 	Display Fixation
25.2530 	EXP 	Display Fixation
25.2752 	EXP 	ImageStimulus: image = 'Faces/social/No Emotion_Side_Man5.png'
25.2752 	EXP 	ImageStimulus: size = [1.7, 1.7]
25.2752 	EXP 	Display Faces/social/No Emotion_Side_Man5.png
25.7460 	EXP 	Display Fixation
25.7496 	EXP 	Display Fixation
25.7539 	EXP 	Display Fixation
25.7699 	EXP 	Display Fixation
25.7865 	EXP 	Display Fixation
25.8032 	EXP 	Display Fixation
25.8198 	EXP 	Display Fixation
25.8366 	EXP 	Display Fixation
25.8532 	EXP 	Display Fixation
25.8699 	EXP 	Display Fixation
25.8867 	EXP 	Display Fixation
25.9032 	EXP 	Display Fixation
25.9199 	EXP 	Display Fixation
25.9367 	EXP 	Display Fixation
25.9533 	EXP 	Display Fixation
25.9700 	EXP 	Display Fixation
25.9866 	EXP 	Display Fixation
26.0036 	EXP 	Display Fixation
26.0201 	EXP 	Display Fixation
26.0365 	EXP 	Display Fixation
26.0533 	EXP 	Display Fixation
26.0699 	EXP 	Display Fixation
26.0865 	EXP 	Display Fixation
26.1033 	EXP 	Display Fixation
26.1199 	EXP 	Display Fixation
26.1365 	EXP 	Display Fixation
26.1532 	EXP 	Display Fixation
26.1700 	EXP 	Display Fixation
26.1869 	EXP 	Display Fixation
26.2035 	EXP 	Display Fixation
26.2199 	EXP 	Display Fixation
26.2367 	EXP 	Display Fixation
26.2534 	EXP 	Display Fixation
26.2702 	EXP 	Display Fixation
26.2866 	EXP 	Display Fixation
26.3033 	EXP 	Display Fixation
26.3199 	EXP 	Display Fixation
26.3365 	EXP 	Display Fixation
26.3533 	EXP 	Display Fixation
26.3700 	EXP 	Display Fixation
26.3867 	EXP 	Display Fixation
26.4033 	EXP 	Display Fixation
26.4200 	EXP 	Display Fixation
26.4366 	EXP 	Display Fixation
26.4533 	EXP 	Display Fixation
26.4701 	EXP 	Display Fixation
26.4867 	EXP 	Display Fixation
26.5033 	EXP 	Display Fixation
26.5200 	EXP 	Display Fixation
26.5367 	EXP 	Display Fixation
26.5534 	EXP 	Display Fixation
26.5698 	EXP 	Display Fixation
26.5866 	EXP 	Display Fixation
26.6034 	EXP 	Display Fixation
26.6200 	EXP 	Display Fixation
26.6366 	EXP 	Display Fixation
26.6532 	EXP 	Display Fixation
26.6698 	EXP 	Display Fixation
26.6865 	EXP 	Display Fixation
26.7034 	EXP 	Display Fixation
26.7201 	EXP 	Display Fixation
26.7369 	EXP 	Display Fixation
26.7538 	EXP 	Display Fixation
26.7699 	EXP 	Display Fixation
26.7866 	EXP 	Display Fixation
26.8095 	EXP 	Display Fixation
26.8199 	EXP 	Display Fixation
26.8366 	EXP 	Display Fixation
26.8533 	EXP 	Display Fixation
26.8700 	EXP 	Display Fixation
26.8866 	EXP 	Display Fixation
26.9033 	EXP 	Display Fixation
26.9201 	EXP 	Display Fixation
26.9368 	EXP 	Display Fixation
26.9534 	EXP 	Display Fixation
26.9701 	EXP 	Display Fixation
26.9866 	EXP 	Display Fixation
27.0035 	EXP 	Display Fixation
27.0200 	EXP 	Display Fixation
27.0367 	EXP 	Display Fixation
27.0532 	EXP 	Display Fixation
27.0700 	EXP 	Display Fixation
27.0867 	EXP 	Display Fixation
27.1033 	EXP 	Display Fixation
27.1200 	EXP 	Display Fixation
27.1368 	EXP 	Display Fixation
27.1534 	EXP 	Display Fixation
27.1699 	EXP 	Display Fixation
27.1866 	EXP 	Display Fixation
27.2037 	EXP 	Display Fixation
27.2200 	EXP 	Display Fixation
27.2366 	EXP 	Display Fixation
27.2534 	EXP 	Display Fixation
27.2701 	EXP 	Display Fixation
27.2868 	EXP 	Display Fixation
27.3033 	EXP 	Display Fixation
27.3200 	EXP 	Display Fixation
27.3367 	EXP 	Display Fixation
27.3533 	EXP 	Display Fixation
27.3700 	EXP 	Display Fixation
27.3866 	EXP 	Display Fixation
27.4034 	EXP 	Display Fixation
27.4200 	EXP 	Display Fixation
27.4367 	EXP 	Display Fixation
27.4535 	EXP 	Display Fixation
27.4702 	EXP 	Display Fixation
27.4869 	EXP 	Display Fixation
27.5035 	EXP 	Display Fixation
27.5202 	EXP 	Display Fixation
27.5369 	EXP 	Display Fixation
27.5535 	EXP 	Display Fixation
27.5700 	EXP 	Display Fixation
27.5868 	EXP 	Display Fixation
27.6037 	EXP 	Display Fixation
27.6202 	EXP 	Display Fixation
27.6367 	EXP 	Display Fixation
27.6536 	EXP 	Display Fixation
27.6702 	EXP 	Display Fixation
27.6869 	EXP 	Display Fixation
27.7035 	EXP 	Display Fixation
27.7201 	EXP 	Display Fixation
27.7369 	EXP 	Display Fixation
27.7535 	EXP 	Display Fixation
27.7703 	EXP 	Display Fixation
27.7871 	EXP 	Display Fixation
27.8035 	EXP 	Display Fixation
27.8201 	EXP 	Display Fixation
27.8369 	EXP 	Display Fixation
27.8536 	EXP 	Display Fixation
27.8703 	EXP 	Display Fixation
27.8869 	EXP 	Display Fixation
27.9035 	EXP 	Display Fixation
27.9202 	EXP 	Display Fixation
27.9369 	EXP 	Display Fixation
27.9536 	EXP 	Display Fixation
27.9702 	EXP 	Display Fixation
27.9870 	EXP 	Display Fixation
28.0036 	EXP 	Display Fixation
28.0203 	EXP 	Display Fixation
28.0369 	EXP 	Display Fixation
28.0534 	EXP 	Display Fixation
28.0702 	EXP 	Display Fixation
28.0869 	EXP 	Display Fixation
28.1035 	EXP 	Display Fixation
28.1203 	EXP 	Display Fixation
28.1369 	EXP 	Display Fixation
28.1535 	EXP 	Display Fixation
28.1702 	EXP 	Display Fixation
28.1869 	EXP 	Display Fixation
28.2026 	EXP 	Display Fixation
28.2189 	EXP 	Display Fixation
28.2357 	EXP 	Display Fixation
28.2523 	EXP 	Display Fixation
28.2690 	EXP 	Display Fixation
28.2857 	EXP 	Display Fixation
28.3023 	EXP 	Display Fixation
28.3193 	EXP 	Display Fixation
28.3369 	EXP 	Display Fixation
28.3536 	EXP 	Display Fixation
28.3703 	EXP 	Display Fixation
28.3869 	EXP 	Display Fixation
28.4035 	EXP 	Display Fixation
28.4204 	EXP 	Display Fixation
28.4369 	EXP 	Display Fixation
28.4536 	EXP 	Display Fixation
28.4703 	EXP 	Display Fixation
28.4869 	EXP 	Display Fixation
28.5035 	EXP 	Display Fixation
28.5203 	EXP 	Display Fixation
28.5366 	EXP 	Display Fixation
28.5523 	EXP 	Display Fixation
28.5691 	EXP 	Display Fixation
28.5857 	EXP 	Display Fixation
28.6024 	EXP 	Display Fixation
28.6192 	EXP 	Display Fixation
28.6356 	EXP 	Display Fixation
28.6523 	EXP 	Display Fixation
28.6702 	EXP 	Display Fixation
28.6868 	EXP 	Display Fixation
28.7035 	EXP 	Display Fixation
28.7202 	EXP 	Display Fixation
28.7371 	EXP 	Display Fixation
28.7537 	EXP 	Display Fixation
28.7700 	EXP 	Display Fixation
28.7870 	EXP 	Display Fixation
28.8036 	EXP 	Display Fixation
28.8202 	EXP 	Display Fixation
28.8370 	EXP 	Display Fixation
28.8537 	EXP 	Display Fixation
28.8703 	EXP 	Display Fixation
28.8869 	EXP 	Display Fixation
28.9037 	EXP 	Display Fixation
28.9203 	EXP 	Display Fixation
28.9370 	EXP 	Display Fixation
28.9534 	EXP 	Display Fixation
28.9704 	EXP 	Display Fixation
28.9870 	EXP 	Display Fixation
29.0036 	EXP 	Display Fixation
29.0208 	EXP 	Display Fixation
29.0371 	EXP 	Display Fixation
29.0536 	EXP 	Display Fixation
29.0704 	EXP 	Display Fixation
29.0869 	EXP 	Display Fixation
29.1036 	EXP 	Display Fixation
29.1203 	EXP 	Display Fixation
29.1369 	EXP 	Display Fixation
29.1537 	EXP 	Display Fixation
29.1702 	EXP 	Display Fixation
29.1869 	EXP 	Display Fixation
29.2039 	EXP 	Display Fixation
29.2202 	EXP 	Display Fixation
29.2371 	EXP 	Display Fixation
29.2536 	EXP 	Display Fixation
29.2703 	EXP 	Display Fixation
29.2869 	EXP 	Display Fixation
29.3036 	EXP 	Display Fixation
29.3202 	EXP 	Display Fixation
29.3370 	EXP 	Display Fixation
29.3537 	EXP 	Display Fixation
29.3703 	EXP 	Display Fixation
29.3872 	EXP 	Display Fixation
29.4036 	EXP 	Display Fixation
29.4203 	EXP 	Display Fixation
29.4370 	EXP 	Display Fixation
29.4538 	EXP 	Display Fixation
29.4702 	EXP 	Display Fixation
29.4870 	EXP 	Display Fixation
29.5036 	EXP 	Display Fixation
29.5204 	EXP 	Display Fixation
29.5369 	EXP 	Display Fixation
29.5537 	EXP 	Display Fixation
29.5703 	EXP 	Display Fixation
29.5870 	EXP 	Display Fixation
29.6035 	EXP 	Display Fixation
29.6204 	EXP 	Display Fixation
29.6368 	EXP 	Display Fixation
29.6538 	EXP 	Display Fixation
29.6703 	EXP 	Display Fixation
29.6870 	EXP 	Display Fixation
29.7038 	EXP 	Display Fixation
29.7202 	EXP 	Display Fixation
29.7371 	EXP 	Display Fixation
29.7537 	EXP 	Display Fixation
29.7702 	EXP 	Display Fixation
29.7869 	EXP 	Display Fixation
29.8038 	EXP 	Display Fixation
29.8202 	EXP 	Display Fixation
29.8370 	EXP 	Display Fixation
29.8536 	EXP 	Display Fixation
29.8704 	EXP 	Display Fixation
29.8870 	EXP 	Display Fixation
29.9037 	EXP 	Display Fixation
29.9203 	EXP 	Display Fixation
29.9371 	EXP 	Display Fixation
29.9536 	EXP 	Display Fixation
29.9703 	EXP 	Display Fixation
29.9871 	EXP 	Display Fixation
30.0037 	EXP 	Display Fixation
30.0202 	EXP 	Display Fixation
30.0369 	EXP 	Display Fixation
30.0537 	EXP 	Display Fixation
30.0704 	EXP 	Display Fixation
30.0871 	EXP 	Display Fixation
30.1036 	EXP 	Display Fixation
30.1202 	EXP 	Display Fixation
30.1370 	EXP 	Display Fixation
30.1529 	EXP 	Display Fixation
30.1698 	EXP 	Display Fixation
30.1869 	EXP 	Display Fixation
30.2040 	EXP 	Display Fixation
30.2202 	EXP 	Display Fixation
30.2370 	EXP 	Display Fixation
30.2537 	EXP 	Display Fixation
30.2705 	EXP 	Display Fixation
30.2871 	EXP 	Display Fixation
30.3038 	EXP 	Display Fixation
30.3205 	EXP 	Display Fixation
30.3369 	EXP 	Display Fixation
30.3536 	EXP 	Display Fixation
30.3705 	EXP 	Display Fixation
30.3869 	EXP 	Display Fixation
30.4038 	EXP 	Display Fixation
30.4506 	EXP 	ImageStimulus: image = 'Faces/social/No Emotion_Front_Man3.png'
30.4506 	EXP 	ImageStimulus: size = [1.7, 1.7]
30.4506 	EXP 	Display Faces/social/No Emotion_Front_Man3.png
30.8961 	EXP 	Display Fixation
30.8997 	EXP 	Display Fixation
30.9039 	EXP 	Display Fixation
30.9204 	EXP 	Display Fixation
30.9371 	EXP 	Display Fixation
30.9536 	EXP 	Display Fixation
30.9703 	EXP 	Display Fixation
30.9870 	EXP 	Display Fixation
31.0036 	EXP 	Display Fixation
31.0206 	EXP 	Display Fixation
31.0370 	EXP 	Display Fixation
31.0537 	EXP 	Display Fixation
31.0705 	EXP 	Display Fixation
31.0870 	EXP 	Display Fixation
31.1037 	EXP 	Display Fixation
31.1203 	EXP 	Display Fixation
31.1369 	EXP 	Display Fixation
31.1536 	EXP 	Display Fixation
31.1704 	EXP 	Display Fixation
31.1870 	EXP 	Display Fixation
31.2039 	EXP 	Display Fixation
31.2203 	EXP 	Display Fixation
31.2370 	EXP 	Display Fixation
31.2543 	EXP 	Display Fixation
31.2706 	EXP 	Display Fixation
31.3031 	EXP 	Display Fixation
31.3196 	EXP 	Display Fixation
31.3363 	EXP 	Display Fixation
31.3530 	EXP 	Display Fixation
31.3708 	EXP 	Display Fixation
31.3872 	EXP 	Display Fixation
31.4038 	EXP 	Display Fixation
31.4197 	EXP 	Display Fixation
31.4360 	EXP 	Display Fixation
31.4531 	EXP 	Display Fixation
31.4703 	EXP 	Display Fixation
31.4873 	EXP 	Display Fixation
31.5037 	EXP 	Display Fixation
31.5206 	EXP 	Display Fixation
31.5374 	EXP 	Display Fixation
31.5535 	EXP 	Display Fixation
31.5709 	EXP 	Display Fixation
31.5873 	EXP 	Display Fixation
31.6036 	EXP 	Display Fixation
31.6204 	EXP 	Display Fixation
31.6369 	EXP 	Display Fixation
31.6536 	EXP 	Display Fixation
31.6707 	EXP 	Display Fixation
31.6868 	EXP 	Display Fixation
31.7038 	EXP 	Display Fixation
31.7205 	EXP 	Display Fixation
31.7373 	EXP 	Display Fixation
31.7538 	EXP 	Display Fixation
31.7705 	EXP 	Display Fixation
31.7871 	EXP 	Display Fixation
31.8039 	EXP 	Display Fixation
31.8205 	EXP 	Display Fixation
31.8371 	EXP 	Display Fixation
31.8537 	EXP 	Display Fixation
31.8705 	EXP 	Display Fixation
31.8872 	EXP 	Display Fixation
31.9039 	EXP 	Display Fixation
31.9205 	EXP 	Display Fixation
31.9373 	EXP 	Display Fixation
31.9538 	EXP 	Display Fixation
31.9706 	EXP 	Display Fixation
31.9871 	EXP 	Display Fixation
32.0038 	EXP 	Display Fixation
32.0205 	EXP 	Display Fixation
32.0372 	EXP 	Display Fixation
32.0538 	EXP 	Display Fixation
32.0706 	EXP 	Display Fixation
32.0872 	EXP 	Display Fixation
32.1038 	EXP 	Display Fixation
32.1204 	EXP 	Display Fixation
32.1372 	EXP 	Display Fixation
32.1539 	EXP 	Display Fixation
32.1706 	EXP 	Display Fixation
32.1871 	EXP 	Display Fixation
32.2040 	EXP 	Display Fixation
32.2205 	EXP 	Display Fixation
32.2372 	EXP 	Display Fixation
32.2539 	EXP 	Display Fixation
32.2705 	EXP 	Display Fixation
32.2871 	EXP 	Display Fixation
32.3039 	EXP 	Display Fixation
32.3205 	EXP 	Display Fixation
32.3372 	EXP 	Display Fixation
32.3538 	EXP 	Display Fixation
32.3704 	EXP 	Display Fixation
32.3873 	EXP 	Display Fixation
32.4039 	EXP 	Display Fixation
32.4205 	EXP 	Display Fixation
32.4371 	EXP 	Display Fixation
32.4538 	EXP 	Display Fixation
32.4705 	EXP 	Display Fixation
32.4872 	EXP 	Display Fixation
32.5039 	EXP 	Display Fixation
32.5205 	EXP 	Display Fixation
32.5372 	EXP 	Display Fixation
32.5539 	EXP 	Display Fixation
32.5705 	EXP 	Display Fixation
32.5871 	EXP 	Display Fixation
32.6041 	EXP 	Display Fixation
32.6205 	EXP 	Display Fixation
32.6373 	EXP 	Display Fixation
32.6538 	EXP 	Display Fixation
32.6705 	EXP 	Display Fixation
32.6871 	EXP 	Display Fixation
32.7040 	EXP 	Display Fixation
32.7208 	EXP 	Display Fixation
32.7373 	EXP 	Display Fixation
32.7539 	EXP 	Display Fixation
32.7706 	EXP 	Display Fixation
32.7873 	EXP 	Display Fixation
32.8039 	EXP 	Display Fixation
32.8206 	EXP 	Display Fixation
32.8372 	EXP 	Display Fixation
32.8538 	EXP 	Display Fixation
32.8706 	EXP 	Display Fixation
32.8872 	EXP 	Display Fixation
32.9039 	EXP 	Display Fixation
32.9206 	EXP 	Display Fixation
32.9373 	EXP 	Display Fixation
32.9540 	EXP 	Display Fixation
32.9709 	EXP 	Display Fixation
32.9860 	EXP 	Display Fixation
33.0027 	EXP 	Display Fixation
33.0193 	EXP 	Display Fixation
33.0360 	EXP 	Display Fixation
33.0527 	EXP 	Display Fixation
33.0694 	EXP 	Display Fixation
33.0860 	EXP 	Display Fixation
33.1040 	EXP 	Display Fixation
33.1205 	EXP 	Display Fixation
33.1372 	EXP 	Display Fixation
33.1539 	EXP 	Display Fixation
33.1705 	EXP 	Display Fixation
33.1873 	EXP 	Display Fixation
33.2042 	EXP 	Display Fixation
33.2206 	EXP 	Display Fixation
33.2373 	EXP 	Display Fixation
33.2539 	EXP 	Display Fixation
33.2706 	EXP 	Display Fixation
33.2873 	EXP 	Display Fixation
33.3040 	EXP 	Display Fixation
33.3206 	EXP 	Display Fixation
33.3372 	EXP 	Display Fixation
33.3538 	EXP 	Display Fixation
33.3706 	EXP 	Display Fixation
33.3873 	EXP 	Display Fixation
33.4040 	EXP 	Display Fixation
33.4206 	EXP 	Display Fixation
33.4373 	EXP 	Display Fixation
33.4538 	EXP 	Display Fixation
33.4705 	EXP 	Display Fixation
33.4877 	EXP 	Display Fixation
33.5039 	EXP 	Display Fixation
33.5206 	EXP 	Display Fixation
33.5373 	EXP 	Display Fixation
33.5539 	EXP 	Display Fixation
33.5706 	EXP 	Display Fixation
33.5873 	EXP 	Display Fixation
33.6040 	EXP 	Display Fixation
33.6205 	EXP 	Display Fixation
33.6373 	EXP 	Display Fixation
33.6539 	EXP 	Display Fixation
33.6706 	EXP 	Display Fixation
33.6873 	EXP 	Display Fixation
33.7040 	EXP 	Display Fixation
33.7207 	EXP 	Display Fixation
33.7376 	EXP 	Display Fixation
33.7539 	EXP 	Display Fixation
33.7705 	EXP 	Display Fixation
33.7872 	EXP 	Display Fixation
33.8040 	EXP 	Display Fixation
33.8206 	EXP 	Display Fixation
33.8372 	EXP 	Display Fixation
33.8538 	EXP 	Display Fixation
33.8706 	EXP 	Display Fixation
33.8874 	EXP 	Display Fixation
33.9040 	EXP 	Display Fixation
33.9206 	EXP 	Display Fixation
33.9360 	EXP 	Display Fixation
33.9527 	EXP 	Display Fixation
33.9694 	EXP 	Display Fixation
33.9861 	EXP 	Display Fixation
34.0027 	EXP 	Display Fixation
34.0194 	EXP 	Display Fixation
34.0361 	EXP 	Display Fixation
34.0532 	EXP 	Display Fixation
34.0707 	EXP 	Display Fixation
34.0873 	EXP 	Display Fixation
34.1040 	EXP 	Display Fixation
34.1207 	EXP 	Display Fixation
34.1373 	EXP 	Display Fixation
34.1541 	EXP 	Display Fixation
34.1706 	EXP 	Display Fixation
34.1872 	EXP 	Display Fixation
34.2041 	EXP 	Display Fixation
34.2207 	EXP 	Display Fixation
34.2373 	EXP 	Display Fixation
34.2539 	EXP 	Display Fixation
34.2705 	EXP 	Display Fixation
34.2874 	EXP 	Display Fixation
34.3039 	EXP 	Display Fixation
34.3205 	EXP 	Display Fixation
34.3373 	EXP 	Display Fixation
34.3539 	EXP 	Display Fixation
34.3887 	EXP 	ImageStimulus: image = 'Faces/social/No Emotion_Side_Woman7.png'
34.3887 	EXP 	ImageStimulus: size = [1.7, 1.7]
34.3887 	EXP 	Display Faces/social/No Emotion_Side_Woman7.png
34.8461 	EXP 	Display Fixation
34.8498 	EXP 	Display Fixation
34.8542 	EXP 	Display Fixation
34.8707 	EXP 	Display Fixation
34.8873 	EXP 	Display Fixation
34.9041 	EXP 	Display Fixation
34.9207 	EXP 	Display Fixation
34.9373 	EXP 	Display Fixation
34.9541 	EXP 	Display Fixation
34.9709 	EXP 	Display Fixation
34.9861 	EXP 	Display Fixation
35.0028 	EXP 	Display Fixation
35.0195 	EXP 	Display Fixation
35.0362 	EXP 	Display Fixation
35.0528 	EXP 	Display Fixation
35.0695 	EXP 	Display Fixation
35.0861 	EXP 	Display Fixation
35.1030 	EXP 	Display Fixation
35.1208 	EXP 	Display Fixation
35.1374 	EXP 	Display Fixation
35.1540 	EXP 	Display Fixation
35.1707 	EXP 	Display Fixation
35.1874 	EXP 	Display Fixation
35.2042 	EXP 	Display Fixation
35.2208 	EXP 	Display Fixation
35.2375 	EXP 	Display Fixation
35.2541 	EXP 	Display Fixation
35.2706 	EXP 	Display Fixation
35.2874 	EXP 	Display Fixation
35.3040 	EXP 	Display Fixation
35.3208 	EXP 	Display Fixation
35.3374 	EXP 	Display Fixation
35.3539 	EXP 	Display Fixation
35.3706 	EXP 	Display Fixation
35.3873 	EXP 	Display Fixation
35.4041 	EXP 	Display Fixation
35.4208 	EXP 	Display Fixation
35.4373 	EXP 	Display Fixation
35.4540 	EXP 	Display Fixation
35.4708 	EXP 	Display Fixation
35.4874 	EXP 	Display Fixation
35.5039 	EXP 	Display Fixation
35.5208 	EXP 	Display Fixation
35.5374 	EXP 	Display Fixation
35.5541 	EXP 	Display Fixation
35.5709 	EXP 	Display Fixation
35.5875 	EXP 	Display Fixation
35.6041 	EXP 	Display Fixation
35.6208 	EXP 	Display Fixation
35.6374 	EXP 	Display Fixation
35.6541 	EXP 	Display Fixation
35.6708 	EXP 	Display Fixation
35.6873 	EXP 	Display Fixation
35.7041 	EXP 	Display Fixation
35.7209 	EXP 	Display Fixation
35.7375 	EXP 	Display Fixation
35.7541 	EXP 	Display Fixation
35.7708 	EXP 	Display Fixation
35.7874 	EXP 	Display Fixation
35.8042 	EXP 	Display Fixation
35.8206 	EXP 	Display Fixation
35.8375 	EXP 	Display Fixation
35.8541 	EXP 	Display Fixation
35.8707 	EXP 	Display Fixation
35.8874 	EXP 	Display Fixation
35.9042 	EXP 	Display Fixation
35.9208 	EXP 	Display Fixation
35.9379 	EXP 	Display Fixation
35.9532 	EXP 	Display Fixation
35.9708 	EXP 	Display Fixation
35.9875 	EXP 	Display Fixation
36.0040 	EXP 	Display Fixation
36.0207 	EXP 	Display Fixation
36.0374 	EXP 	Display Fixation
36.0541 	EXP 	Display Fixation
36.0708 	EXP 	Display Fixation
36.0875 	EXP 	Display Fixation
36.1040 	EXP 	Display Fixation
36.1210 	EXP 	Display Fixation
36.1375 	EXP 	Display Fixation
36.1541 	EXP 	Display Fixation
36.1708 	EXP 	Display Fixation
36.1874 	EXP 	Display Fixation
36.2040 	EXP 	Display Fixation
36.2208 	EXP 	Display Fixation
36.2377 	EXP 	Display Fixation
36.2541 	EXP 	Display Fixation
36.2708 	EXP 	Display Fixation
36.2875 	EXP 	Display Fixation
36.3041 	EXP 	Display Fixation
36.3203 	EXP 	Display Fixation
36.3374 	EXP 	Display Fixation
36.3542 	EXP 	Display Fixation
36.3708 	EXP 	Display Fixation
36.3875 	EXP 	Display Fixation
36.4042 	EXP 	Display Fixation
36.4208 	EXP 	Display Fixation
36.4374 	EXP 	Display Fixation
36.4541 	EXP 	Display Fixation
36.4713 	EXP 	Display Fixation
36.4881 	EXP 	Display Fixation
36.5034 	EXP 	Display Fixation
36.5207 	EXP 	Display Fixation
36.5375 	EXP 	Display Fixation
36.5542 	EXP 	Display Fixation
36.5710 	EXP 	Display Fixation
36.5874 	EXP 	Display Fixation
36.6040 	EXP 	Display Fixation
36.6210 	EXP 	Display Fixation
36.6375 	EXP 	Display Fixation
36.6542 	EXP 	Display Fixation
36.6708 	EXP 	Display Fixation
36.6874 	EXP 	Display Fixation
36.7040 	EXP 	Display Fixation
36.7208 	EXP 	Display Fixation
36.7375 	EXP 	Display Fixation
36.7541 	EXP 	Display Fixation
36.7708 	EXP 	Display Fixation
36.7875 	EXP 	Display Fixation
36.8042 	EXP 	Display Fixation
36.8209 	EXP 	Display Fixation
36.8375 	EXP 	Display Fixation
36.8542 	EXP 	Display Fixation
36.8709 	EXP 	Display Fixation
36.8874 	EXP 	Display Fixation
36.9042 	EXP 	Display Fixation
36.9207 	EXP 	Display Fixation
36.9375 	EXP 	Display Fixation
36.9542 	EXP 	Display Fixation
36.9707 	EXP 	Display Fixation
36.9874 	EXP 	Display Fixation
37.0041 	EXP 	Display Fixation
37.0208 	EXP 	Display Fixation
37.0375 	EXP 	Display Fixation
37.0542 	EXP 	Display Fixation
37.0708 	EXP 	Display Fixation
37.0875 	EXP 	Display Fixation
37.1041 	EXP 	Display Fixation
37.1208 	EXP 	Display Fixation
37.1374 	EXP 	Display Fixation
37.1542 	EXP 	Display Fixation
37.1708 	EXP 	Display Fixation
37.1876 	EXP 	Display Fixation
37.2044 	EXP 	Display Fixation
37.2207 	EXP 	Display Fixation
37.2374 	EXP 	Display Fixation
37.2541 	EXP 	Display Fixation
37.2709 	EXP 	Display Fixation
37.2874 	EXP 	Display Fixation
37.3040 	EXP 	Display Fixation
37.3209 	EXP 	Display Fixation
37.3374 	EXP 	Display Fixation
37.3541 	EXP 	Display Fixation
37.3708 	EXP 	Display Fixation
37.3875 	EXP 	Display Fixation
37.4041 	EXP 	Display Fixation
37.4209 	EXP 	Display Fixation
37.4375 	EXP 	Display Fixation
37.4543 	EXP 	Display Fixation
37.4708 	EXP 	Display Fixation
37.4876 	EXP 	Display Fixation
37.5042 	EXP 	Display Fixation
37.5208 	EXP 	Display Fixation
37.5376 	EXP 	Display Fixation
37.5543 	EXP 	Display Fixation
37.5709 	EXP 	Display Fixation
37.5874 	EXP 	Display Fixation
37.6045 	EXP 	Display Fixation
37.6046 	EXP 	--- END EXPERIMENT ---
37.6322 	EXP 	topMsg: text = "That's the end! "
37.6322 	EXP 	bottomMsg: text = "Press 'q' or 'escape' to end the session."
37.6322 	EXP 	Display TheEnd
38.8565 	DATA 	Keypress: escape
39.4103 	EXP 	win: mouseVisible = True
