1.0231 	WARNING 	We strongly recommend you activate the PTB sound engine in PsychoPy prefs as the preferred audio engine. Its timing is vastly superior. Your prefs are currently set to use ['sounddevice', 'PTB', 'pyo', 'pygame'] (in that order).
6.5599 	INFO 	---START PARAMETERS---
6.5599 	INFO 	filename: SampleExperiment_d1-1-51-Nov_01_1659
6.5599 	INFO 	subject: 1
6.5599 	INFO 	session: 51
6.5599 	INFO 	date: Nov_01_1659
6.5600 	INFO 	ISI: 1.75
6.5600 	INFO 	choices: [1, 2, 3]
6.5600 	INFO 	fixCrossPos: [0, 0]
6.5600 	INFO 	fixCrossSize: 0.1
6.5600 	INFO 	fullScreen: True
6.5600 	INFO 	imageDir_neutral: Faces/neutral/
6.5600 	INFO 	imageDir_social: Faces/social/
6.5601 	INFO 	imageDir_threat: Faces/threat/
6.5601 	INFO 	imageSize: [0.8, 0.8]
6.5601 	INFO 	imageSuffix: .png
6.5601 	INFO 	nTrials: 10
6.5601 	INFO 	postStimDur: 1.0
6.5606 	INFO 	preStimDur: [0.5 0.6 0.7 0.8 0.9 1.  1.1 1.2 1.3 1.4 1.5 1.6 1.7 1.8 1.9]
6.5606 	INFO 	promptDir: Text/
6.5606 	INFO 	promptFile_neutral: NeutralPrompts.csv
6.5606 	INFO 	promptFile_social: SocialPrompts.csv
6.5606 	INFO 	promptFile_threat: ThreatPrompts.csv
6.5606 	INFO 	promptImageSize: [1.2, 0.3]
6.5606 	INFO 	respAdvances: True
6.5607 	INFO 	respKeys: ['r', 'b', 'y', 'g']
6.5607 	INFO 	screenColor: (128, 128, 128)
6.5607 	INFO 	screenToShow: 0
6.5607 	INFO 	skipPrompts: False
6.5607 	INFO 	stimDur: 0.5
6.5607 	INFO 	tStartup: 1
6.5607 	INFO 	triggerKey: t
6.5607 	INFO 	---END PARAMETERS---
6.9401 	INFO 	Loaded monitor calibration from ['2021_02_22 10:21']
6.9431 	WARNING 	User requested fullscreen with size [800 600], but screen is actually [1920, 1080]. Using actual size
7.5801 	EXP 	Created win = Window(allowGUI=False, allowStencil=False, autoLog=True, backendConf=UNKNOWN, bitsMode=UNKNOWN, blendMode='avg', bpc=(8, 8, 8), color=array([128, 128, 128]), colorSpace='rgb255', depthBits=8, fullscr=<method-wrapper '__getattribute__' of attributeSetter object at 0x7f8d22fbfc50>, gamma=None, gammaErrorPolicy='raise', lms=UNKNOWN, monitor=<psychopy.monitors.calibTools.Monitor object at 0x7f8d110cf630>, multiSample=False, name='win', numSamples=2, pos=[0.0, 0.0], screen=0, size=array([1920, 1080]), stencilBits=0, stereo=False, units='height', useFBO=False, useRetina=False, viewOri=0.0, viewPos=None, viewScale=None, waitBlanking=True, winType='pyglet')
7.5802 	EXP 	win: mouseVisible = True
7.5835 	EXP 	Created fixCross = ShapeStim(__class__=<class 'psychopy.visual.shape.ShapeStim'>, autoDraw=False, autoLog=True, closeShape=False, color=method-wrapper(...), colorSpace='rgb', contrast=None, depth=0, fillColor=array([0, 0, 0]), fillColorSpace='rgb', fillRGB=UNKNOWN, interpolate=True, lineColor=array([-1., -1., -1.]), lineColorSpace='rgb', lineRGB=UNKNOWN, lineWidth=3.0, name='fixCross', opacity=1.0, ori=0.0, pos=array([0., 0.]), size=array([1., 1.]), units='height', vertices=ndarray(...), win=Window(...), windingRule=None)
7.5838 	WARNING 	TextStim.alignHoriz is deprecated. Use alignText and anchorHoriz attributes instead
7.6108 	EXP 	Created topMsg = TextStim(__class__=<class 'psychopy.visual.text.TextStim'>, alignHoriz='center', alignText='center', alignVert=method-wrapper(...), anchorHoriz='center', anchorVert='center', antialias=True, autoLog=True, bold=False, color=array([-1., -1., -1.]), colorSpace='rgb', contrast=1.0, depth=0, flipHoriz=False, flipVert=False, font='', fontFiles=[], height=0.1, italic=False, languageStyle='LTR', name='topMsg', opacity=1.0, ori=0.0, pos=array([0. , 0.5]), rgb=UNKNOWN, text='aaa', units='norm', win=Window(...), wrapWidth=1.5)
7.6109 	WARNING 	TextStim.alignHoriz is deprecated. Use alignText and anchorHoriz attributes instead
7.6128 	EXP 	Created bottomMsg = TextStim(__class__=<class 'psychopy.visual.text.TextStim'>, alignHoriz='center', alignText='center', alignVert=method-wrapper(...), anchorHoriz='center', anchorVert='center', antialias=True, autoLog=True, bold=False, color=array([-1., -1., -1.]), colorSpace='rgb', contrast=1.0, depth=0, flipHoriz=False, flipVert=False, font='', fontFiles=[], height=0.1, italic=False, languageStyle='LTR', name='bottomMsg', opacity=1.0, ori=0.0, pos=array([ 0. , -0.5]), rgb=UNKNOWN, text='bbb', units='norm', win=Window(...), wrapWidth=1.5)
7.6580 	EXP 	Created ImageStimulus = ImageStim(__class__=<class 'psychopy.visual.image.ImageStim'>, autoLog=True, color=array([1., 1., 1.]), colorSpace='rgb', contrast=1.0, depth=0, flipHoriz=False, flipVert=False, image='Faces/threat/No Emotion_Front_Man5.png', interpolate=False, mask=None, maskParams=None, name='ImageStimulus', opacity=1, ori=0.0, pos=array([0., 0.]), size=array([0.46296296, 0.46296296]), texRes=128, units='height', win=Window(...))
7.6942 	EXP 	topMsg: text = 'In this task, you will see images briefly flashed on the screen. Your job is to count the images in a “target” category and ignore the others. At the end, we will ask you how many target images you saw.'
7.6942 	EXP 	bottomMsg: text = 'In this run, please count all the angry faces. (Press ENTER to continue.)'
7.6942 	EXP 	Display Instructions1
8.8073 	DATA 	Keypress: return
8.8428 	EXP 	topMsg: text = 'Here are some examples of angry (left) and neutral (right) faces.'
8.8428 	EXP 	bottomMsg: text = 'Just before and after each image, there will be a cross in the middle of the screen. Please look directly at the cross and try not to blink during this period. (Press ENTER to continue.)'
8.8428 	EXP 	ImageStimulus: size = array([1.22037037, 0.25833333])
8.8428 	EXP 	ImageStimulus: image = 'Faces/sample_images/sample_threat.png'
8.8428 	EXP 	ImageStimulus: size = [1.2, 0.3]
8.8428 	EXP 	Display Instructions2
9.4703 	DATA 	Keypress: return
9.4831 	EXP 	topMsg: text = 'If you have any questions, please ask the experimenter now.'
9.4831 	EXP 	bottomMsg: text = 'WHEN YOU ARE READY TO BEGIN, press any button.'
9.4831 	EXP 	Display Instructions3
10.5369 	DATA 	Keypress: space
10.5496 	EXP 	topMsg: text = 'Waiting for scanner to start...'
10.5496 	EXP 	bottomMsg: text = "(Press 'T' to override.)"
10.5496 	EXP 	Display WaitingForScanner
11.2341 	DATA 	Keypress: t
11.2343 	EXP 	---START EXPERIMENT---
11.2428 	EXP 	Display Fixation
11.2464 	EXP 	Display Fixation
11.2640 	EXP 	Display Fixation
11.2803 	EXP 	Display Fixation
11.2967 	EXP 	Display Fixation
11.3131 	EXP 	Display Fixation
11.3301 	EXP 	Display Fixation
11.3465 	EXP 	Display Fixation
11.3635 	EXP 	Display Fixation
11.3806 	EXP 	Display Fixation
11.3958 	EXP 	Display Fixation
11.4135 	EXP 	Display Fixation
11.4301 	EXP 	Display Fixation
11.4468 	EXP 	Display Fixation
11.4629 	EXP 	Display Fixation
11.4796 	EXP 	Display Fixation
11.4964 	EXP 	Display Fixation
11.5127 	EXP 	Display Fixation
11.5297 	EXP 	Display Fixation
11.5455 	EXP 	Display Fixation
11.5622 	EXP 	Display Fixation
11.5798 	EXP 	Display Fixation
11.5966 	EXP 	Display Fixation
11.6130 	EXP 	Display Fixation
11.6297 	EXP 	Display Fixation
11.6463 	EXP 	Display Fixation
11.6631 	EXP 	Display Fixation
11.6796 	EXP 	Display Fixation
11.6964 	EXP 	Display Fixation
11.7130 	EXP 	Display Fixation
11.7296 	EXP 	Display Fixation
11.7464 	EXP 	Display Fixation
11.7629 	EXP 	Display Fixation
11.7797 	EXP 	Display Fixation
11.7963 	EXP 	Display Fixation
11.8130 	EXP 	Display Fixation
11.8297 	EXP 	Display Fixation
11.8463 	EXP 	Display Fixation
11.8629 	EXP 	Display Fixation
11.8801 	EXP 	Display Fixation
11.8966 	EXP 	Display Fixation
11.9130 	EXP 	Display Fixation
11.9297 	EXP 	Display Fixation
11.9466 	EXP 	Display Fixation
11.9631 	EXP 	Display Fixation
11.9798 	EXP 	Display Fixation
11.9964 	EXP 	Display Fixation
12.0131 	EXP 	Display Fixation
12.0297 	EXP 	Display Fixation
12.0465 	EXP 	Display Fixation
12.0630 	EXP 	Display Fixation
12.0797 	EXP 	Display Fixation
12.0967 	EXP 	Display Fixation
12.1131 	EXP 	Display Fixation
12.1299 	EXP 	Display Fixation
12.1465 	EXP 	Display Fixation
12.1630 	EXP 	Display Fixation
12.1798 	EXP 	Display Fixation
12.1965 	EXP 	Display Fixation
12.2130 	EXP 	Display Fixation
12.2298 	EXP 	Display Fixation
12.2464 	EXP 	Display Fixation
12.2631 	EXP 	Display Fixation
12.2798 	EXP 	Display Fixation
12.2968 	EXP 	Display Fixation
12.3132 	EXP 	Display Fixation
12.3299 	EXP 	Display Fixation
12.3467 	EXP 	Display Fixation
12.3632 	EXP 	Display Fixation
12.3800 	EXP 	Display Fixation
12.3964 	EXP 	Display Fixation
12.4131 	EXP 	Display Fixation
12.4301 	EXP 	Display Fixation
12.4471 	EXP 	Display Fixation
12.4631 	EXP 	Display Fixation
12.4799 	EXP 	Display Fixation
12.4968 	EXP 	Display Fixation
12.5132 	EXP 	Display Fixation
12.5300 	EXP 	Display Fixation
12.5466 	EXP 	Display Fixation
12.5632 	EXP 	Display Fixation
12.5798 	EXP 	Display Fixation
12.5966 	EXP 	Display Fixation
12.6132 	EXP 	Display Fixation
12.6299 	EXP 	Display Fixation
12.6465 	EXP 	Display Fixation
12.6634 	EXP 	Display Fixation
12.6799 	EXP 	Display Fixation
12.6968 	EXP 	Display Fixation
12.7133 	EXP 	Display Fixation
12.7300 	EXP 	Display Fixation
12.7466 	EXP 	Display Fixation
12.7633 	EXP 	Display Fixation
12.7798 	EXP 	Display Fixation
12.7967 	EXP 	Display Fixation
12.8132 	EXP 	Display Fixation
12.8300 	EXP 	Display Fixation
12.8466 	EXP 	Display Fixation
12.8634 	EXP 	Display Fixation
12.8798 	EXP 	Display Fixation
12.8965 	EXP 	Display Fixation
12.9134 	EXP 	Display Fixation
12.9298 	EXP 	Display Fixation
12.9467 	EXP 	Display Fixation
12.9633 	EXP 	Display Fixation
12.9799 	EXP 	Display Fixation
12.9965 	EXP 	Display Fixation
13.0131 	EXP 	Display Fixation
13.0302 	EXP 	Display Fixation
13.0474 	EXP 	Display Fixation
13.0634 	EXP 	Display Fixation
13.0802 	EXP 	Display Fixation
13.0966 	EXP 	Display Fixation
13.1130 	EXP 	Display Fixation
13.1299 	EXP 	Display Fixation
13.1467 	EXP 	Display Fixation
13.1634 	EXP 	Display Fixation
13.1802 	EXP 	Display Fixation
13.1963 	EXP 	Display Fixation
13.2138 	EXP 	Display Fixation
13.2300 	EXP 	Display Fixation
13.2469 	EXP 	Display Fixation
13.2633 	EXP 	Display Fixation
13.2799 	EXP 	Display Fixation
13.2966 	EXP 	Display Fixation
13.3133 	EXP 	Display Fixation
13.3304 	EXP 	Display Fixation
13.3466 	EXP 	Display Fixation
13.3634 	EXP 	Display Fixation
13.3803 	EXP 	Display Fixation
13.3965 	EXP 	Display Fixation
13.4133 	EXP 	Display Fixation
13.4300 	EXP 	Display Fixation
13.4466 	EXP 	Display Fixation
13.4632 	EXP 	Display Fixation
13.4799 	EXP 	Display Fixation
13.4966 	EXP 	Display Fixation
13.5132 	EXP 	Display Fixation
13.5300 	EXP 	Display Fixation
13.5469 	EXP 	Display Fixation
13.5634 	EXP 	Display Fixation
13.5800 	EXP 	Display Fixation
13.5966 	EXP 	Display Fixation
13.6135 	EXP 	Display Fixation
13.6300 	EXP 	Display Fixation
13.6466 	EXP 	Display Fixation
13.6633 	EXP 	Display Fixation
13.6798 	EXP 	Display Fixation
13.6966 	EXP 	Display Fixation
13.7133 	EXP 	Display Fixation
13.7300 	EXP 	Display Fixation
13.7469 	EXP 	Display Fixation
13.7631 	EXP 	Display Fixation
13.7800 	EXP 	Display Fixation
13.7967 	EXP 	Display Fixation
13.8133 	EXP 	Display Fixation
13.8299 	EXP 	Display Fixation
13.8465 	EXP 	Display Fixation
13.8633 	EXP 	Display Fixation
13.8799 	EXP 	Display Fixation
13.8965 	EXP 	Display Fixation
13.9133 	EXP 	Display Fixation
13.9299 	EXP 	Display Fixation
13.9469 	EXP 	Display Fixation
13.9635 	EXP 	Display Fixation
13.9801 	EXP 	Display Fixation
13.9965 	EXP 	Display Fixation
14.0132 	EXP 	Display Fixation
14.0305 	EXP 	Display Fixation
14.0476 	EXP 	Display Fixation
14.0709 	EXP 	ImageStimulus: image = 'Faces/threat/No Emotion_Front_Man5.png'
14.0709 	EXP 	ImageStimulus: size = [0.8, 0.8]
14.0709 	EXP 	Display Faces/threat/No Emotion_Front_Man5.png
14.5361 	EXP 	Display Fixation
14.5374 	EXP 	Display Fixation
14.5386 	EXP 	Display Fixation
14.5399 	EXP 	Display Fixation
14.5411 	EXP 	Display Fixation
14.5423 	EXP 	Display Fixation
14.5435 	EXP 	Display Fixation
14.5466 	EXP 	Display Fixation
14.5640 	EXP 	Display Fixation
14.5807 	EXP 	Display Fixation
14.5966 	EXP 	Display Fixation
14.6131 	EXP 	Display Fixation
14.6297 	EXP 	Display Fixation
14.6462 	EXP 	Display Fixation
14.6623 	EXP 	Display Fixation
14.6798 	EXP 	Display Fixation
14.6971 	EXP 	Display Fixation
14.7122 	EXP 	Display Fixation
14.7299 	EXP 	Display Fixation
14.7464 	EXP 	Display Fixation
14.7629 	EXP 	Display Fixation
14.7790 	EXP 	Display Fixation
14.7958 	EXP 	Display Fixation
14.8134 	EXP 	Display Fixation
14.8300 	EXP 	Display Fixation
14.8469 	EXP 	Display Fixation
14.8635 	EXP 	Display Fixation
14.8797 	EXP 	Display Fixation
14.8964 	EXP 	Display Fixation
14.9132 	EXP 	Display Fixation
14.9299 	EXP 	Display Fixation
14.9465 	EXP 	Display Fixation
14.9633 	EXP 	Display Fixation
14.9798 	EXP 	Display Fixation
14.9969 	EXP 	Display Fixation
15.0130 	EXP 	Display Fixation
15.0298 	EXP 	Display Fixation
15.0467 	EXP 	Display Fixation
15.0633 	EXP 	Display Fixation
15.0799 	EXP 	Display Fixation
15.0964 	EXP 	Display Fixation
15.1130 	EXP 	Display Fixation
15.1297 	EXP 	Display Fixation
15.1463 	EXP 	Display Fixation
15.1633 	EXP 	Display Fixation
15.1800 	EXP 	Display Fixation
15.1969 	EXP 	Display Fixation
15.2141 	EXP 	Display Fixation
15.2298 	EXP 	Display Fixation
15.2465 	EXP 	Display Fixation
15.2634 	EXP 	Display Fixation
15.2799 	EXP 	Display Fixation
15.2967 	EXP 	Display Fixation
15.3133 	EXP 	Display Fixation
15.3298 	EXP 	Display Fixation
15.3468 	EXP 	Display Fixation
15.3635 	EXP 	Display Fixation
15.3800 	EXP 	Display Fixation
15.3967 	EXP 	Display Fixation
15.4139 	EXP 	Display Fixation
15.4298 	EXP 	Display Fixation
15.4468 	EXP 	Display Fixation
15.4641 	EXP 	Display Fixation
15.4799 	EXP 	Display Fixation
15.4968 	EXP 	Display Fixation
15.5134 	EXP 	Display Fixation
15.5299 	EXP 	Display Fixation
15.5470 	EXP 	Display Fixation
15.5638 	EXP 	Display Fixation
15.5804 	EXP 	Display Fixation
15.5969 	EXP 	Display Fixation
15.6135 	EXP 	Display Fixation
15.6300 	EXP 	Display Fixation
15.6467 	EXP 	Display Fixation
15.6632 	EXP 	Display Fixation
15.6799 	EXP 	Display Fixation
15.6965 	EXP 	Display Fixation
15.7135 	EXP 	Display Fixation
15.7299 	EXP 	Display Fixation
15.7465 	EXP 	Display Fixation
15.7634 	EXP 	Display Fixation
15.7797 	EXP 	Display Fixation
15.7968 	EXP 	Display Fixation
15.8133 	EXP 	Display Fixation
15.8301 	EXP 	Display Fixation
15.8462 	EXP 	Display Fixation
15.8632 	EXP 	Display Fixation
15.8800 	EXP 	Display Fixation
15.8963 	EXP 	Display Fixation
15.9132 	EXP 	Display Fixation
15.9303 	EXP 	Display Fixation
15.9466 	EXP 	Display Fixation
15.9639 	EXP 	Display Fixation
15.9802 	EXP 	Display Fixation
15.9966 	EXP 	Display Fixation
16.0132 	EXP 	Display Fixation
16.0297 	EXP 	Display Fixation
16.0462 	EXP 	Display Fixation
16.0636 	EXP 	Display Fixation
16.0801 	EXP 	Display Fixation
16.0966 	EXP 	Display Fixation
16.1133 	EXP 	Display Fixation
16.1300 	EXP 	Display Fixation
16.1465 	EXP 	Display Fixation
16.1630 	EXP 	Display Fixation
16.1796 	EXP 	Display Fixation
16.1967 	EXP 	Display Fixation
16.2133 	EXP 	Display Fixation
16.2299 	EXP 	Display Fixation
16.2469 	EXP 	Display Fixation
16.2633 	EXP 	Display Fixation
16.2799 	EXP 	Display Fixation
16.2967 	EXP 	Display Fixation
16.3132 	EXP 	Display Fixation
16.3300 	EXP 	Display Fixation
16.3463 	EXP 	Display Fixation
16.3632 	EXP 	Display Fixation
16.3797 	EXP 	Display Fixation
16.3968 	EXP 	Display Fixation
16.4133 	EXP 	Display Fixation
16.4299 	EXP 	Display Fixation
16.4467 	EXP 	Display Fixation
16.4632 	EXP 	Display Fixation
16.4802 	EXP 	Display Fixation
16.4967 	EXP 	Display Fixation
16.5133 	EXP 	Display Fixation
16.5304 	EXP 	Display Fixation
16.5467 	EXP 	Display Fixation
16.5631 	EXP 	Display Fixation
16.5800 	EXP 	Display Fixation
16.5964 	EXP 	Display Fixation
16.6132 	EXP 	Display Fixation
16.6299 	EXP 	Display Fixation
16.6462 	EXP 	Display Fixation
16.6633 	EXP 	Display Fixation
16.6800 	EXP 	Display Fixation
16.6965 	EXP 	Display Fixation
16.7133 	EXP 	Display Fixation
16.7302 	EXP 	Display Fixation
16.7463 	EXP 	Display Fixation
16.7632 	EXP 	Display Fixation
16.7798 	EXP 	Display Fixation
16.7966 	EXP 	Display Fixation
16.8130 	EXP 	Display Fixation
16.8298 	EXP 	Display Fixation
16.8467 	EXP 	Display Fixation
16.8633 	EXP 	Display Fixation
16.8799 	EXP 	Display Fixation
16.8965 	EXP 	Display Fixation
16.9132 	EXP 	Display Fixation
16.9297 	EXP 	Display Fixation
16.9465 	EXP 	Display Fixation
16.9632 	EXP 	Display Fixation
16.9799 	EXP 	Display Fixation
16.9962 	EXP 	Display Fixation
17.0133 	EXP 	Display Fixation
17.0294 	EXP 	Display Fixation
17.0462 	EXP 	Display Fixation
17.0634 	EXP 	Display Fixation
17.0800 	EXP 	Display Fixation
17.0968 	EXP 	Display Fixation
17.1131 	EXP 	Display Fixation
17.1295 	EXP 	Display Fixation
17.1461 	EXP 	Display Fixation
17.1637 	EXP 	Display Fixation
17.1797 	EXP 	Display Fixation
17.1959 	EXP 	Display Fixation
17.2133 	EXP 	Display Fixation
17.2297 	EXP 	Display Fixation
17.2461 	EXP 	Display Fixation
17.2629 	EXP 	Display Fixation
17.2797 	EXP 	Display Fixation
17.2963 	EXP 	Display Fixation
17.3133 	EXP 	Display Fixation
17.3300 	EXP 	Display Fixation
17.3464 	EXP 	Display Fixation
17.3638 	EXP 	Display Fixation
17.3804 	EXP 	Display Fixation
17.3968 	EXP 	Display Fixation
17.4137 	EXP 	Display Fixation
17.4297 	EXP 	Display Fixation
17.4468 	EXP 	Display Fixation
17.4630 	EXP 	Display Fixation
17.4802 	EXP 	Display Fixation
17.4970 	EXP 	Display Fixation
17.5126 	EXP 	Display Fixation
17.5303 	EXP 	Display Fixation
17.5463 	EXP 	Display Fixation
17.5631 	EXP 	Display Fixation
17.5797 	EXP 	Display Fixation
17.5963 	EXP 	Display Fixation
17.6130 	EXP 	Display Fixation
17.6297 	EXP 	Display Fixation
17.6463 	EXP 	Display Fixation
17.6630 	EXP 	Display Fixation
17.6794 	EXP 	Display Fixation
17.6963 	EXP 	Display Fixation
17.7127 	EXP 	Display Fixation
17.7296 	EXP 	Display Fixation
17.7464 	EXP 	Display Fixation
17.7634 	EXP 	Display Fixation
17.7796 	EXP 	Display Fixation
17.7965 	EXP 	Display Fixation
17.8129 	EXP 	Display Fixation
17.8296 	EXP 	Display Fixation
17.8463 	EXP 	Display Fixation
17.8629 	EXP 	Display Fixation
17.8797 	EXP 	Display Fixation
17.8955 	EXP 	Display Fixation
17.9133 	EXP 	Display Fixation
17.9298 	EXP 	Display Fixation
17.9463 	EXP 	Display Fixation
17.9631 	EXP 	Display Fixation
17.9794 	EXP 	Display Fixation
17.9962 	EXP 	Display Fixation
18.0122 	EXP 	Display Fixation
18.0298 	EXP 	Display Fixation
18.0466 	EXP 	Display Fixation
18.0630 	EXP 	Display Fixation
18.0798 	EXP 	Display Fixation
18.0964 	EXP 	Display Fixation
18.1130 	EXP 	Display Fixation
18.1296 	EXP 	Display Fixation
18.1463 	EXP 	Display Fixation
18.1629 	EXP 	Display Fixation
18.1790 	EXP 	Display Fixation
18.1955 	EXP 	Display Fixation
18.2133 	EXP 	Display Fixation
18.2296 	EXP 	Display Fixation
18.2465 	EXP 	Display Fixation
18.2632 	EXP 	Display Fixation
18.2798 	EXP 	Display Fixation
18.2965 	EXP 	Display Fixation
18.3134 	EXP 	Display Fixation
18.3296 	EXP 	Display Fixation
18.3471 	EXP 	Display Fixation
18.3633 	EXP 	Display Fixation
18.3799 	EXP 	Display Fixation
18.3964 	EXP 	Display Fixation
18.4130 	EXP 	Display Fixation
18.4296 	EXP 	Display Fixation
18.4461 	EXP 	Display Fixation
18.4636 	EXP 	Display Fixation
18.4799 	EXP 	Display Fixation
18.4968 	EXP 	Display Fixation
18.5133 	EXP 	Display Fixation
18.5300 	EXP 	Display Fixation
18.5465 	EXP 	Display Fixation
18.5631 	EXP 	Display Fixation
18.5798 	EXP 	Display Fixation
18.5964 	EXP 	Display Fixation
18.6171 	EXP 	ImageStimulus: image = 'Faces/threat/No Emotion_Front_Woman4.png'
18.6171 	EXP 	ImageStimulus: size = [0.8, 0.8]
18.6171 	EXP 	Display Faces/threat/No Emotion_Front_Woman4.png
19.0862 	EXP 	Display Fixation
19.0876 	EXP 	Display Fixation
19.0889 	EXP 	Display Fixation
19.0901 	EXP 	Display Fixation
19.0913 	EXP 	Display Fixation
19.0926 	EXP 	Display Fixation
19.0938 	EXP 	Display Fixation
19.0967 	EXP 	Display Fixation
19.1133 	EXP 	Display Fixation
19.1301 	EXP 	Display Fixation
19.1463 	EXP 	Display Fixation
19.1631 	EXP 	Display Fixation
19.1792 	EXP 	Display Fixation
19.1966 	EXP 	Display Fixation
19.2132 	EXP 	Display Fixation
19.2302 	EXP 	Display Fixation
19.2466 	EXP 	Display Fixation
19.2635 	EXP 	Display Fixation
19.2798 	EXP 	Display Fixation
19.2970 	EXP 	Display Fixation
19.3133 	EXP 	Display Fixation
19.3298 	EXP 	Display Fixation
19.3462 	EXP 	Display Fixation
19.3631 	EXP 	Display Fixation
19.3795 	EXP 	Display Fixation
19.3966 	EXP 	Display Fixation
19.4131 	EXP 	Display Fixation
19.4307 	EXP 	Display Fixation
19.4468 	EXP 	Display Fixation
19.4629 	EXP 	Display Fixation
19.4802 	EXP 	Display Fixation
19.4970 	EXP 	Display Fixation
19.5132 	EXP 	Display Fixation
19.5297 	EXP 	Display Fixation
19.5464 	EXP 	Display Fixation
19.5630 	EXP 	Display Fixation
19.5799 	EXP 	Display Fixation
19.5965 	EXP 	Display Fixation
19.6129 	EXP 	Display Fixation
19.6300 	EXP 	Display Fixation
19.6465 	EXP 	Display Fixation
19.6634 	EXP 	Display Fixation
19.6797 	EXP 	Display Fixation
19.6968 	EXP 	Display Fixation
19.7131 	EXP 	Display Fixation
19.7298 	EXP 	Display Fixation
19.7464 	EXP 	Display Fixation
19.7635 	EXP 	Display Fixation
19.7801 	EXP 	Display Fixation
19.7965 	EXP 	Display Fixation
19.8132 	EXP 	Display Fixation
19.8298 	EXP 	Display Fixation
19.8468 	EXP 	Display Fixation
19.8630 	EXP 	Display Fixation
19.8800 	EXP 	Display Fixation
19.8967 	EXP 	Display Fixation
19.9132 	EXP 	Display Fixation
19.9298 	EXP 	Display Fixation
19.9465 	EXP 	Display Fixation
19.9631 	EXP 	Display Fixation
19.9800 	EXP 	Display Fixation
19.9969 	EXP 	Display Fixation
20.0134 	EXP 	Display Fixation
20.0299 	EXP 	Display Fixation
20.0467 	EXP 	Display Fixation
20.0631 	EXP 	Display Fixation
20.0798 	EXP 	Display Fixation
20.0966 	EXP 	Display Fixation
20.1131 	EXP 	Display Fixation
20.1298 	EXP 	Display Fixation
20.1467 	EXP 	Display Fixation
20.1633 	EXP 	Display Fixation
20.1801 	EXP 	Display Fixation
20.1967 	EXP 	Display Fixation
20.2132 	EXP 	Display Fixation
20.2297 	EXP 	Display Fixation
20.2464 	EXP 	Display Fixation
20.2635 	EXP 	Display Fixation
20.2799 	EXP 	Display Fixation
20.2968 	EXP 	Display Fixation
20.3133 	EXP 	Display Fixation
20.3299 	EXP 	Display Fixation
20.3464 	EXP 	Display Fixation
20.3631 	EXP 	Display Fixation
20.3798 	EXP 	Display Fixation
20.3963 	EXP 	Display Fixation
20.4134 	EXP 	Display Fixation
20.4299 	EXP 	Display Fixation
20.4467 	EXP 	Display Fixation
20.4632 	EXP 	Display Fixation
20.4800 	EXP 	Display Fixation
20.4967 	EXP 	Display Fixation
20.5134 	EXP 	Display Fixation
20.5299 	EXP 	Display Fixation
20.5468 	EXP 	Display Fixation
20.5635 	EXP 	Display Fixation
20.5800 	EXP 	Display Fixation
20.5966 	EXP 	Display Fixation
20.6134 	EXP 	Display Fixation
20.6300 	EXP 	Display Fixation
20.6467 	EXP 	Display Fixation
20.6634 	EXP 	Display Fixation
20.6798 	EXP 	Display Fixation
20.6965 	EXP 	Display Fixation
20.7134 	EXP 	Display Fixation
20.7300 	EXP 	Display Fixation
20.7466 	EXP 	Display Fixation
20.7634 	EXP 	Display Fixation
20.7801 	EXP 	Display Fixation
20.7965 	EXP 	Display Fixation
20.8131 	EXP 	Display Fixation
20.8301 	EXP 	Display Fixation
20.8466 	EXP 	Display Fixation
20.8637 	EXP 	Display Fixation
20.8800 	EXP 	Display Fixation
20.8968 	EXP 	Display Fixation
20.9133 	EXP 	Display Fixation
20.9299 	EXP 	Display Fixation
20.9464 	EXP 	Display Fixation
20.9632 	EXP 	Display Fixation
20.9796 	EXP 	Display Fixation
20.9965 	EXP 	Display Fixation
21.0135 	EXP 	Display Fixation
21.0301 	EXP 	Display Fixation
21.0468 	EXP 	Display Fixation
21.0634 	EXP 	Display Fixation
21.0799 	EXP 	Display Fixation
21.0966 	EXP 	Display Fixation
21.1132 	EXP 	Display Fixation
21.1299 	EXP 	Display Fixation
21.1466 	EXP 	Display Fixation
21.1631 	EXP 	Display Fixation
21.1799 	EXP 	Display Fixation
21.1963 	EXP 	Display Fixation
21.2131 	EXP 	Display Fixation
21.2303 	EXP 	Display Fixation
21.2468 	EXP 	Display Fixation
21.2633 	EXP 	Display Fixation
21.2800 	EXP 	Display Fixation
21.2967 	EXP 	Display Fixation
21.3133 	EXP 	Display Fixation
21.3304 	EXP 	Display Fixation
21.3467 	EXP 	Display Fixation
21.3634 	EXP 	Display Fixation
21.3800 	EXP 	Display Fixation
21.3964 	EXP 	Display Fixation
21.4137 	EXP 	Display Fixation
21.4300 	EXP 	Display Fixation
21.4471 	EXP 	Display Fixation
21.4637 	EXP 	Display Fixation
21.4803 	EXP 	Display Fixation
21.4963 	EXP 	Display Fixation
21.5142 	EXP 	Display Fixation
21.5308 	EXP 	Display Fixation
21.5472 	EXP 	Display Fixation
21.5639 	EXP 	Display Fixation
21.5812 	EXP 	Display Fixation
21.5970 	EXP 	Display Fixation
21.6137 	EXP 	Display Fixation
21.6298 	EXP 	Display Fixation
21.6461 	EXP 	Display Fixation
21.6633 	EXP 	Display Fixation
21.6800 	EXP 	Display Fixation
21.6965 	EXP 	Display Fixation
21.7144 	EXP 	Display Fixation
21.7300 	EXP 	Display Fixation
21.7466 	EXP 	Display Fixation
21.7633 	EXP 	Display Fixation
21.7800 	EXP 	Display Fixation
21.7965 	EXP 	Display Fixation
21.8133 	EXP 	Display Fixation
21.8300 	EXP 	Display Fixation
21.8464 	EXP 	Display Fixation
21.8633 	EXP 	Display Fixation
21.8803 	EXP 	Display Fixation
21.8965 	EXP 	Display Fixation
21.9135 	EXP 	Display Fixation
21.9300 	EXP 	Display Fixation
21.9467 	EXP 	Display Fixation
21.9633 	EXP 	Display Fixation
21.9800 	EXP 	Display Fixation
21.9971 	EXP 	Display Fixation
22.0133 	EXP 	Display Fixation
22.0302 	EXP 	Display Fixation
22.0468 	EXP 	Display Fixation
22.0635 	EXP 	Display Fixation
22.0801 	EXP 	Display Fixation
22.0967 	EXP 	Display Fixation
22.1136 	EXP 	Display Fixation
22.1301 	EXP 	Display Fixation
22.1468 	EXP 	Display Fixation
22.1633 	EXP 	Display Fixation
22.1800 	EXP 	Display Fixation
22.1968 	EXP 	Display Fixation
22.2134 	EXP 	Display Fixation
22.2299 	EXP 	Display Fixation
22.2469 	EXP 	Display Fixation
22.2634 	EXP 	Display Fixation
22.2805 	EXP 	Display Fixation
22.2968 	EXP 	Display Fixation
22.3133 	EXP 	Display Fixation
22.3300 	EXP 	Display Fixation
22.3466 	EXP 	Display Fixation
22.3632 	EXP 	Display Fixation
22.3801 	EXP 	Display Fixation
22.3967 	EXP 	Display Fixation
22.4132 	EXP 	Display Fixation
22.4299 	EXP 	Display Fixation
22.4468 	EXP 	Display Fixation
22.4633 	EXP 	Display Fixation
22.4803 	EXP 	Display Fixation
22.4971 	EXP 	Display Fixation
22.5134 	EXP 	Display Fixation
22.5300 	EXP 	Display Fixation
22.5466 	EXP 	Display Fixation
22.5633 	EXP 	Display Fixation
22.5800 	EXP 	Display Fixation
22.5966 	EXP 	Display Fixation
22.6132 	EXP 	Display Fixation
22.6299 	EXP 	Display Fixation
22.6466 	EXP 	Display Fixation
22.6634 	EXP 	Display Fixation
22.6800 	EXP 	Display Fixation
22.6969 	EXP 	Display Fixation
22.7134 	EXP 	Display Fixation
22.7302 	EXP 	Display Fixation
22.7466 	EXP 	Display Fixation
22.7636 	EXP 	Display Fixation
22.7800 	EXP 	Display Fixation
22.7967 	EXP 	Display Fixation
22.8134 	EXP 	Display Fixation
22.8300 	EXP 	Display Fixation
22.8467 	EXP 	Display Fixation
22.8634 	EXP 	Display Fixation
22.8799 	EXP 	Display Fixation
22.8968 	EXP 	Display Fixation
22.9134 	EXP 	Display Fixation
22.9304 	EXP 	Display Fixation
22.9466 	EXP 	Display Fixation
22.9635 	EXP 	Display Fixation
22.9800 	EXP 	Display Fixation
22.9968 	EXP 	Display Fixation
23.0136 	EXP 	Display Fixation
23.0301 	EXP 	Display Fixation
23.0467 	EXP 	Display Fixation
23.0634 	EXP 	Display Fixation
23.0801 	EXP 	Display Fixation
23.0967 	EXP 	Display Fixation
23.1134 	EXP 	Display Fixation
23.1301 	EXP 	Display Fixation
23.1467 	EXP 	Display Fixation
23.1635 	EXP 	Display Fixation
23.1800 	EXP 	Display Fixation
23.1969 	EXP 	Display Fixation
23.2133 	EXP 	Display Fixation
23.2300 	EXP 	Display Fixation
23.2466 	EXP 	Display Fixation
23.2633 	EXP 	Display Fixation
23.2800 	EXP 	Display Fixation
23.2967 	EXP 	Display Fixation
23.3134 	EXP 	Display Fixation
23.3300 	EXP 	Display Fixation
23.3466 	EXP 	Display Fixation
23.3727 	EXP 	ImageStimulus: image = 'Faces/threat/Woman9_angry.png'
23.3727 	EXP 	ImageStimulus: size = [0.8, 0.8]
23.3727 	EXP 	Display Faces/threat/Woman9_angry.png
23.8359 	EXP 	Display Fixation
23.8372 	EXP 	Display Fixation
23.8384 	EXP 	Display Fixation
23.8396 	EXP 	Display Fixation
23.8408 	EXP 	Display Fixation
23.8420 	EXP 	Display Fixation
23.8433 	EXP 	Display Fixation
23.8468 	EXP 	Display Fixation
23.8638 	EXP 	Display Fixation
23.8795 	EXP 	Display Fixation
23.8964 	EXP 	Display Fixation
23.9129 	EXP 	Display Fixation
23.9295 	EXP 	Display Fixation
23.9463 	EXP 	Display Fixation
23.9624 	EXP 	Display Fixation
23.9797 	EXP 	Display Fixation
23.9966 	EXP 	Display Fixation
24.0132 	EXP 	Display Fixation
24.0297 	EXP 	Display Fixation
24.0462 	EXP 	Display Fixation
24.0631 	EXP 	Display Fixation
24.0796 	EXP 	Display Fixation
24.0961 	EXP 	Display Fixation
24.1134 	EXP 	Display Fixation
24.1301 	EXP 	Display Fixation
24.1469 	EXP 	Display Fixation
24.1634 	EXP 	Display Fixation
24.1799 	EXP 	Display Fixation
24.1963 	EXP 	Display Fixation
24.2131 	EXP 	Display Fixation
24.2297 	EXP 	Display Fixation
24.2458 	EXP 	Display Fixation
24.2633 	EXP 	Display Fixation
24.2796 	EXP 	Display Fixation
24.2968 	EXP 	Display Fixation
24.3131 	EXP 	Display Fixation
24.3297 	EXP 	Display Fixation
24.3468 	EXP 	Display Fixation
24.3632 	EXP 	Display Fixation
24.3799 	EXP 	Display Fixation
24.3964 	EXP 	Display Fixation
24.4132 	EXP 	Display Fixation
24.4297 	EXP 	Display Fixation
24.4464 	EXP 	Display Fixation
24.4631 	EXP 	Display Fixation
24.4798 	EXP 	Display Fixation
24.4971 	EXP 	Display Fixation
24.5136 	EXP 	Display Fixation
24.5302 	EXP 	Display Fixation
24.5469 	EXP 	Display Fixation
24.5635 	EXP 	Display Fixation
24.5800 	EXP 	Display Fixation
24.5965 	EXP 	Display Fixation
24.6134 	EXP 	Display Fixation
24.6299 	EXP 	Display Fixation
24.6466 	EXP 	Display Fixation
24.6632 	EXP 	Display Fixation
24.6800 	EXP 	Display Fixation
24.6967 	EXP 	Display Fixation
24.7134 	EXP 	Display Fixation
24.7299 	EXP 	Display Fixation
24.7467 	EXP 	Display Fixation
24.7637 	EXP 	Display Fixation
24.7802 	EXP 	Display Fixation
24.7967 	EXP 	Display Fixation
24.8133 	EXP 	Display Fixation
24.8300 	EXP 	Display Fixation
24.8467 	EXP 	Display Fixation
24.8632 	EXP 	Display Fixation
24.8800 	EXP 	Display Fixation
24.8965 	EXP 	Display Fixation
24.9133 	EXP 	Display Fixation
24.9301 	EXP 	Display Fixation
24.9466 	EXP 	Display Fixation
24.9631 	EXP 	Display Fixation
24.9798 	EXP 	Display Fixation
24.9964 	EXP 	Display Fixation
25.0138 	EXP 	Display Fixation
25.0300 	EXP 	Display Fixation
25.0466 	EXP 	Display Fixation
25.0634 	EXP 	Display Fixation
25.0801 	EXP 	Display Fixation
25.0966 	EXP 	Display Fixation
25.1132 	EXP 	Display Fixation
25.1299 	EXP 	Display Fixation
25.1466 	EXP 	Display Fixation
25.1631 	EXP 	Display Fixation
25.1797 	EXP 	Display Fixation
25.1969 	EXP 	Display Fixation
25.2133 	EXP 	Display Fixation
25.2300 	EXP 	Display Fixation
25.2467 	EXP 	Display Fixation
25.2634 	EXP 	Display Fixation
25.2801 	EXP 	Display Fixation
25.2965 	EXP 	Display Fixation
25.3132 	EXP 	Display Fixation
25.3299 	EXP 	Display Fixation
25.3464 	EXP 	Display Fixation
25.3631 	EXP 	Display Fixation
25.3801 	EXP 	Display Fixation
25.3968 	EXP 	Display Fixation
25.4135 	EXP 	Display Fixation
25.4300 	EXP 	Display Fixation
25.4466 	EXP 	Display Fixation
25.4631 	EXP 	Display Fixation
25.4798 	EXP 	Display Fixation
25.4965 	EXP 	Display Fixation
25.5135 	EXP 	Display Fixation
25.5300 	EXP 	Display Fixation
25.5468 	EXP 	Display Fixation
25.5634 	EXP 	Display Fixation
25.5802 	EXP 	Display Fixation
25.5966 	EXP 	Display Fixation
25.6135 	EXP 	Display Fixation
25.6300 	EXP 	Display Fixation
25.6467 	EXP 	Display Fixation
25.6636 	EXP 	Display Fixation
25.6799 	EXP 	Display Fixation
25.6964 	EXP 	Display Fixation
25.7132 	EXP 	Display Fixation
25.7297 	EXP 	Display Fixation
25.7465 	EXP 	Display Fixation
25.7636 	EXP 	Display Fixation
25.7805 	EXP 	Display Fixation
25.7970 	EXP 	Display Fixation
25.8138 	EXP 	Display Fixation
25.8304 	EXP 	Display Fixation
25.8470 	EXP 	Display Fixation
25.8630 	EXP 	Display Fixation
25.8811 	EXP 	Display Fixation
25.8966 	EXP 	Display Fixation
25.9129 	EXP 	Display Fixation
25.9299 	EXP 	Display Fixation
25.9464 	EXP 	Display Fixation
25.9640 	EXP 	Display Fixation
25.9798 	EXP 	Display Fixation
25.9966 	EXP 	Display Fixation
26.0132 	EXP 	Display Fixation
26.0305 	EXP 	Display Fixation
26.0467 	EXP 	Display Fixation
26.0632 	EXP 	Display Fixation
26.0801 	EXP 	Display Fixation
26.0967 	EXP 	Display Fixation
26.1131 	EXP 	Display Fixation
26.1301 	EXP 	Display Fixation
26.1468 	EXP 	Display Fixation
26.1631 	EXP 	Display Fixation
26.1798 	EXP 	Display Fixation
26.1964 	EXP 	Display Fixation
26.2135 	EXP 	Display Fixation
26.2300 	EXP 	Display Fixation
26.2467 	EXP 	Display Fixation
26.2634 	EXP 	Display Fixation
26.2800 	EXP 	Display Fixation
26.2968 	EXP 	Display Fixation
26.3133 	EXP 	Display Fixation
26.3301 	EXP 	Display Fixation
26.3467 	EXP 	Display Fixation
26.3631 	EXP 	Display Fixation
26.3799 	EXP 	Display Fixation
26.3968 	EXP 	Display Fixation
26.4133 	EXP 	Display Fixation
26.4304 	EXP 	Display Fixation
26.4467 	EXP 	Display Fixation
26.4632 	EXP 	Display Fixation
26.4799 	EXP 	Display Fixation
26.4966 	EXP 	Display Fixation
26.5131 	EXP 	Display Fixation
26.5298 	EXP 	Display Fixation
26.5468 	EXP 	Display Fixation
26.5629 	EXP 	Display Fixation
26.5801 	EXP 	Display Fixation
26.5964 	EXP 	Display Fixation
26.6134 	EXP 	Display Fixation
26.6300 	EXP 	Display Fixation
26.6468 	EXP 	Display Fixation
26.6634 	EXP 	Display Fixation
26.6800 	EXP 	Display Fixation
26.6966 	EXP 	Display Fixation
26.7133 	EXP 	Display Fixation
26.7301 	EXP 	Display Fixation
26.7467 	EXP 	Display Fixation
26.7633 	EXP 	Display Fixation
26.7801 	EXP 	Display Fixation
26.7966 	EXP 	Display Fixation
26.8134 	EXP 	Display Fixation
26.8300 	EXP 	Display Fixation
26.8467 	EXP 	Display Fixation
26.8634 	EXP 	Display Fixation
26.8800 	EXP 	Display Fixation
26.8967 	EXP 	Display Fixation
26.9134 	EXP 	Display Fixation
26.9301 	EXP 	Display Fixation
26.9467 	EXP 	Display Fixation
26.9633 	EXP 	Display Fixation
26.9800 	EXP 	Display Fixation
26.9967 	EXP 	Display Fixation
27.0133 	EXP 	Display Fixation
27.0301 	EXP 	Display Fixation
27.0467 	EXP 	Display Fixation
27.0636 	EXP 	Display Fixation
27.0801 	EXP 	Display Fixation
27.0967 	EXP 	Display Fixation
27.1245 	EXP 	ImageStimulus: image = 'Faces/threat/Man14_noEmotion.png'
27.1245 	EXP 	ImageStimulus: size = [0.8, 0.8]
27.1245 	EXP 	Display Faces/threat/Man14_noEmotion.png
27.5861 	EXP 	Display Fixation
27.5875 	EXP 	Display Fixation
27.5887 	EXP 	Display Fixation
27.5900 	EXP 	Display Fixation
27.5912 	EXP 	Display Fixation
27.5925 	EXP 	Display Fixation
27.5937 	EXP 	Display Fixation
27.5969 	EXP 	Display Fixation
27.6139 	EXP 	Display Fixation
27.6301 	EXP 	Display Fixation
27.6466 	EXP 	Display Fixation
27.6631 	EXP 	Display Fixation
27.6797 	EXP 	Display Fixation
27.6965 	EXP 	Display Fixation
27.7129 	EXP 	Display Fixation
27.7299 	EXP 	Display Fixation
27.7467 	EXP 	Display Fixation
27.7632 	EXP 	Display Fixation
27.7793 	EXP 	Display Fixation
27.7967 	EXP 	Display Fixation
27.8133 	EXP 	Display Fixation
27.8299 	EXP 	Display Fixation
27.8462 	EXP 	Display Fixation
27.8628 	EXP 	Display Fixation
27.8794 	EXP 	Display Fixation
27.8964 	EXP 	Display Fixation
27.9129 	EXP 	Display Fixation
27.9295 	EXP 	Display Fixation
27.9468 	EXP 	Display Fixation
27.9629 	EXP 	Display Fixation
27.9797 	EXP 	Display Fixation
27.9964 	EXP 	Display Fixation
28.0133 	EXP 	Display Fixation
28.0304 	EXP 	Display Fixation
28.0465 	EXP 	Display Fixation
28.0633 	EXP 	Display Fixation
28.0801 	EXP 	Display Fixation
28.0968 	EXP 	Display Fixation
28.1135 	EXP 	Display Fixation
28.1300 	EXP 	Display Fixation
28.1466 	EXP 	Display Fixation
28.1640 	EXP 	Display Fixation
28.1798 	EXP 	Display Fixation
28.1965 	EXP 	Display Fixation
28.2131 	EXP 	Display Fixation
28.2297 	EXP 	Display Fixation
28.2464 	EXP 	Display Fixation
28.2632 	EXP 	Display Fixation
28.2797 	EXP 	Display Fixation
28.2965 	EXP 	Display Fixation
28.3130 	EXP 	Display Fixation
28.3298 	EXP 	Display Fixation
28.3465 	EXP 	Display Fixation
28.3627 	EXP 	Display Fixation
28.3799 	EXP 	Display Fixation
28.3962 	EXP 	Display Fixation
28.4133 	EXP 	Display Fixation
28.4298 	EXP 	Display Fixation
28.4465 	EXP 	Display Fixation
28.4633 	EXP 	Display Fixation
28.4797 	EXP 	Display Fixation
28.4965 	EXP 	Display Fixation
28.5131 	EXP 	Display Fixation
28.5302 	EXP 	Display Fixation
28.5468 	EXP 	Display Fixation
28.5630 	EXP 	Display Fixation
28.5801 	EXP 	Display Fixation
28.5966 	EXP 	Display Fixation
28.6131 	EXP 	Display Fixation
28.6298 	EXP 	Display Fixation
28.6460 	EXP 	Display Fixation
28.6626 	EXP 	Display Fixation
28.6801 	EXP 	Display Fixation
28.6966 	EXP 	Display Fixation
28.7134 	EXP 	Display Fixation
28.7302 	EXP 	Display Fixation
28.7467 	EXP 	Display Fixation
28.7635 	EXP 	Display Fixation
28.7800 	EXP 	Display Fixation
28.7970 	EXP 	Display Fixation
28.8133 	EXP 	Display Fixation
28.8301 	EXP 	Display Fixation
28.8468 	EXP 	Display Fixation
28.8635 	EXP 	Display Fixation
28.8800 	EXP 	Display Fixation
28.8968 	EXP 	Display Fixation
28.9133 	EXP 	Display Fixation
28.9300 	EXP 	Display Fixation
28.9468 	EXP 	Display Fixation
28.9636 	EXP 	Display Fixation
28.9800 	EXP 	Display Fixation
28.9969 	EXP 	Display Fixation
29.0131 	EXP 	Display Fixation
29.0301 	EXP 	Display Fixation
29.0469 	EXP 	Display Fixation
29.0634 	EXP 	Display Fixation
29.0802 	EXP 	Display Fixation
29.0968 	EXP 	Display Fixation
29.1132 	EXP 	Display Fixation
29.1300 	EXP 	Display Fixation
29.1469 	EXP 	Display Fixation
29.1633 	EXP 	Display Fixation
29.1799 	EXP 	Display Fixation
29.1966 	EXP 	Display Fixation
29.2132 	EXP 	Display Fixation
29.2299 	EXP 	Display Fixation
29.2467 	EXP 	Display Fixation
29.2631 	EXP 	Display Fixation
29.2799 	EXP 	Display Fixation
29.2968 	EXP 	Display Fixation
29.3133 	EXP 	Display Fixation
29.3301 	EXP 	Display Fixation
29.3467 	EXP 	Display Fixation
29.3636 	EXP 	Display Fixation
29.3800 	EXP 	Display Fixation
29.3967 	EXP 	Display Fixation
29.4134 	EXP 	Display Fixation
29.4299 	EXP 	Display Fixation
29.4465 	EXP 	Display Fixation
29.4633 	EXP 	Display Fixation
29.4799 	EXP 	Display Fixation
29.4965 	EXP 	Display Fixation
29.5132 	EXP 	Display Fixation
29.5297 	EXP 	Display Fixation
29.5465 	EXP 	Display Fixation
29.5632 	EXP 	Display Fixation
29.5805 	EXP 	Display Fixation
29.5967 	EXP 	Display Fixation
29.6134 	EXP 	Display Fixation
29.6300 	EXP 	Display Fixation
29.6467 	EXP 	Display Fixation
29.6633 	EXP 	Display Fixation
29.6800 	EXP 	Display Fixation
29.6966 	EXP 	Display Fixation
29.7132 	EXP 	Display Fixation
29.7299 	EXP 	Display Fixation
29.7464 	EXP 	Display Fixation
29.7631 	EXP 	Display Fixation
29.7802 	EXP 	Display Fixation
29.7968 	EXP 	Display Fixation
29.8134 	EXP 	Display Fixation
29.8299 	EXP 	Display Fixation
29.8467 	EXP 	Display Fixation
29.8633 	EXP 	Display Fixation
29.8800 	EXP 	Display Fixation
29.8970 	EXP 	Display Fixation
29.9132 	EXP 	Display Fixation
29.9298 	EXP 	Display Fixation
29.9466 	EXP 	Display Fixation
29.9630 	EXP 	Display Fixation
29.9802 	EXP 	Display Fixation
29.9972 	EXP 	Display Fixation
30.0136 	EXP 	Display Fixation
30.0305 	EXP 	Display Fixation
30.0473 	EXP 	Display Fixation
30.0638 	EXP 	Display Fixation
30.0806 	EXP 	Display Fixation
30.0969 	EXP 	Display Fixation
30.1132 	EXP 	Display Fixation
30.1300 	EXP 	Display Fixation
30.1470 	EXP 	Display Fixation
30.1635 	EXP 	Display Fixation
30.1803 	EXP 	Display Fixation
30.1974 	EXP 	Display Fixation
30.2139 	EXP 	Display Fixation
30.2304 	EXP 	Display Fixation
30.2468 	EXP 	Display Fixation
30.2634 	EXP 	Display Fixation
30.2798 	EXP 	Display Fixation
30.2967 	EXP 	Display Fixation
30.3134 	EXP 	Display Fixation
30.3301 	EXP 	Display Fixation
30.3467 	EXP 	Display Fixation
30.3635 	EXP 	Display Fixation
30.3805 	EXP 	Display Fixation
30.3972 	EXP 	Display Fixation
30.4133 	EXP 	Display Fixation
30.4302 	EXP 	Display Fixation
30.4466 	EXP 	Display Fixation
30.4635 	EXP 	Display Fixation
30.4799 	EXP 	Display Fixation
30.4969 	EXP 	Display Fixation
30.5137 	EXP 	Display Fixation
30.5303 	EXP 	Display Fixation
30.5469 	EXP 	Display Fixation
30.5636 	EXP 	Display Fixation
30.5800 	EXP 	Display Fixation
30.5969 	EXP 	Display Fixation
30.6133 	EXP 	Display Fixation
30.6300 	EXP 	Display Fixation
30.6467 	EXP 	Display Fixation
30.6634 	EXP 	Display Fixation
30.6800 	EXP 	Display Fixation
30.6968 	EXP 	Display Fixation
30.7135 	EXP 	Display Fixation
30.7302 	EXP 	Display Fixation
30.7469 	EXP 	Display Fixation
30.7634 	EXP 	Display Fixation
30.7800 	EXP 	Display Fixation
30.7969 	EXP 	Display Fixation
30.8138 	EXP 	Display Fixation
30.8301 	EXP 	Display Fixation
30.8469 	EXP 	Display Fixation
30.8716 	EXP 	ImageStimulus: image = 'Faces/threat/Man8_angry.png'
30.8716 	EXP 	ImageStimulus: size = [0.8, 0.8]
30.8716 	EXP 	Display Faces/threat/Man8_angry.png
31.3358 	EXP 	Display Fixation
31.3371 	EXP 	Display Fixation
31.3383 	EXP 	Display Fixation
31.3396 	EXP 	Display Fixation
31.3408 	EXP 	Display Fixation
31.3420 	EXP 	Display Fixation
31.3431 	EXP 	Display Fixation
31.3470 	EXP 	Display Fixation
31.3641 	EXP 	Display Fixation
31.3800 	EXP 	Display Fixation
31.3967 	EXP 	Display Fixation
31.4132 	EXP 	Display Fixation
31.4298 	EXP 	Display Fixation
31.4465 	EXP 	Display Fixation
31.4634 	EXP 	Display Fixation
31.4802 	EXP 	Display Fixation
31.4964 	EXP 	Display Fixation
31.5130 	EXP 	Display Fixation
31.5290 	EXP 	Display Fixation
31.5466 	EXP 	Display Fixation
31.5632 	EXP 	Display Fixation
31.5794 	EXP 	Display Fixation
31.5968 	EXP 	Display Fixation
31.6134 	EXP 	Display Fixation
31.6301 	EXP 	Display Fixation
31.6467 	EXP 	Display Fixation
31.6632 	EXP 	Display Fixation
31.6799 	EXP 	Display Fixation
31.6964 	EXP 	Display Fixation
31.7131 	EXP 	Display Fixation
31.7298 	EXP 	Display Fixation
31.7466 	EXP 	Display Fixation
31.7632 	EXP 	Display Fixation
31.7797 	EXP 	Display Fixation
31.7964 	EXP 	Display Fixation
31.8132 	EXP 	Display Fixation
31.8298 	EXP 	Display Fixation
31.8467 	EXP 	Display Fixation
31.8631 	EXP 	Display Fixation
31.8798 	EXP 	Display Fixation
31.8964 	EXP 	Display Fixation
31.9131 	EXP 	Display Fixation
31.9297 	EXP 	Display Fixation
31.9465 	EXP 	Display Fixation
31.9634 	EXP 	Display Fixation
31.9798 	EXP 	Display Fixation
31.9965 	EXP 	Display Fixation
32.0132 	EXP 	Display Fixation
32.0298 	EXP 	Display Fixation
32.0471 	EXP 	Display Fixation
32.0638 	EXP 	Display Fixation
32.0801 	EXP 	Display Fixation
32.0968 	EXP 	Display Fixation
32.1133 	EXP 	Display Fixation
32.1298 	EXP 	Display Fixation
32.1466 	EXP 	Display Fixation
32.1634 	EXP 	Display Fixation
32.1806 	EXP 	Display Fixation
32.1968 	EXP 	Display Fixation
32.2133 	EXP 	Display Fixation
32.2298 	EXP 	Display Fixation
32.2465 	EXP 	Display Fixation
32.2633 	EXP 	Display Fixation
32.2799 	EXP 	Display Fixation
32.2968 	EXP 	Display Fixation
32.3134 	EXP 	Display Fixation
32.3299 	EXP 	Display Fixation
32.3466 	EXP 	Display Fixation
32.3631 	EXP 	Display Fixation
32.3801 	EXP 	Display Fixation
32.3962 	EXP 	Display Fixation
32.4128 	EXP 	Display Fixation
32.4299 	EXP 	Display Fixation
32.4465 	EXP 	Display Fixation
32.4637 	EXP 	Display Fixation
32.4802 	EXP 	Display Fixation
32.4970 	EXP 	Display Fixation
32.5134 	EXP 	Display Fixation
32.5300 	EXP 	Display Fixation
32.5468 	EXP 	Display Fixation
32.5633 	EXP 	Display Fixation
32.5804 	EXP 	Display Fixation
32.5976 	EXP 	Display Fixation
32.6143 	EXP 	Display Fixation
32.6305 	EXP 	Display Fixation
32.6464 	EXP 	Display Fixation
32.6639 	EXP 	Display Fixation
32.6802 	EXP 	Display Fixation
32.6966 	EXP 	Display Fixation
32.7135 	EXP 	Display Fixation
32.7304 	EXP 	Display Fixation
32.7469 	EXP 	Display Fixation
32.7637 	EXP 	Display Fixation
32.7802 	EXP 	Display Fixation
32.7963 	EXP 	Display Fixation
32.8136 	EXP 	Display Fixation
32.8298 	EXP 	Display Fixation
32.8463 	EXP 	Display Fixation
32.8629 	EXP 	Display Fixation
32.8800 	EXP 	Display Fixation
32.8967 	EXP 	Display Fixation
32.9136 	EXP 	Display Fixation
32.9300 	EXP 	Display Fixation
32.9467 	EXP 	Display Fixation
32.9635 	EXP 	Display Fixation
32.9801 	EXP 	Display Fixation
32.9966 	EXP 	Display Fixation
33.0134 	EXP 	Display Fixation
33.0300 	EXP 	Display Fixation
33.0468 	EXP 	Display Fixation
33.0636 	EXP 	Display Fixation
33.0801 	EXP 	Display Fixation
33.0968 	EXP 	Display Fixation
33.1132 	EXP 	Display Fixation
33.1301 	EXP 	Display Fixation
33.1466 	EXP 	Display Fixation
33.1635 	EXP 	Display Fixation
33.1801 	EXP 	Display Fixation
33.1968 	EXP 	Display Fixation
33.2136 	EXP 	Display Fixation
33.2302 	EXP 	Display Fixation
33.2468 	EXP 	Display Fixation
33.2632 	EXP 	Display Fixation
33.2806 	EXP 	Display Fixation
33.2969 	EXP 	Display Fixation
33.3137 	EXP 	Display Fixation
33.3301 	EXP 	Display Fixation
33.3470 	EXP 	Display Fixation
33.3634 	EXP 	Display Fixation
33.3802 	EXP 	Display Fixation
33.3966 	EXP 	Display Fixation
33.4134 	EXP 	Display Fixation
33.4300 	EXP 	Display Fixation
33.4465 	EXP 	Display Fixation
33.4631 	EXP 	Display Fixation
33.4798 	EXP 	Display Fixation
33.4965 	EXP 	Display Fixation
33.5141 	EXP 	Display Fixation
33.5301 	EXP 	Display Fixation
33.5470 	EXP 	Display Fixation
33.5634 	EXP 	Display Fixation
33.5801 	EXP 	Display Fixation
33.5967 	EXP 	Display Fixation
33.6135 	EXP 	Display Fixation
33.6305 	EXP 	Display Fixation
33.6471 	EXP 	Display Fixation
33.6642 	EXP 	Display Fixation
33.6804 	EXP 	Display Fixation
33.6970 	EXP 	Display Fixation
33.7134 	EXP 	Display Fixation
33.7305 	EXP 	Display Fixation
33.7468 	EXP 	Display Fixation
33.7637 	EXP 	Display Fixation
33.7802 	EXP 	Display Fixation
33.7970 	EXP 	Display Fixation
33.8142 	EXP 	Display Fixation
33.8306 	EXP 	Display Fixation
33.8473 	EXP 	Display Fixation
33.8637 	EXP 	Display Fixation
33.8801 	EXP 	Display Fixation
33.8968 	EXP 	Display Fixation
33.9138 	EXP 	Display Fixation
33.9305 	EXP 	Display Fixation
33.9470 	EXP 	Display Fixation
33.9634 	EXP 	Display Fixation
33.9802 	EXP 	Display Fixation
33.9969 	EXP 	Display Fixation
34.0135 	EXP 	Display Fixation
34.0299 	EXP 	Display Fixation
34.0467 	EXP 	Display Fixation
34.0635 	EXP 	Display Fixation
34.0805 	EXP 	Display Fixation
34.0968 	EXP 	Display Fixation
34.1136 	EXP 	Display Fixation
34.1303 	EXP 	Display Fixation
34.1470 	EXP 	Display Fixation
34.1636 	EXP 	Display Fixation
34.1803 	EXP 	Display Fixation
34.1968 	EXP 	Display Fixation
34.2136 	EXP 	Display Fixation
34.2305 	EXP 	Display Fixation
34.2476 	EXP 	Display Fixation
34.2638 	EXP 	Display Fixation
34.2804 	EXP 	Display Fixation
34.2971 	EXP 	Display Fixation
34.3137 	EXP 	Display Fixation
34.3301 	EXP 	Display Fixation
34.3467 	EXP 	Display Fixation
34.3640 	EXP 	Display Fixation
34.3799 	EXP 	Display Fixation
34.3969 	EXP 	Display Fixation
34.4131 	EXP 	Display Fixation
34.4308 	EXP 	Display Fixation
34.4472 	EXP 	Display Fixation
34.4634 	EXP 	Display Fixation
34.4802 	EXP 	Display Fixation
34.4970 	EXP 	Display Fixation
34.5135 	EXP 	Display Fixation
34.5301 	EXP 	Display Fixation
34.5468 	EXP 	Display Fixation
34.5635 	EXP 	Display Fixation
34.5803 	EXP 	Display Fixation
34.5969 	EXP 	Display Fixation
34.6135 	EXP 	Display Fixation
34.6302 	EXP 	Display Fixation
34.6469 	EXP 	Display Fixation
34.6635 	EXP 	Display Fixation
34.6801 	EXP 	Display Fixation
34.6968 	EXP 	Display Fixation
34.7135 	EXP 	Display Fixation
34.7301 	EXP 	Display Fixation
34.7469 	EXP 	Display Fixation
34.7636 	EXP 	Display Fixation
34.7802 	EXP 	Display Fixation
34.7968 	EXP 	Display Fixation
34.8135 	EXP 	Display Fixation
34.8301 	EXP 	Display Fixation
34.8468 	EXP 	Display Fixation
34.8636 	EXP 	Display Fixation
34.8799 	EXP 	Display Fixation
34.8968 	EXP 	Display Fixation
34.9139 	EXP 	Display Fixation
34.9302 	EXP 	Display Fixation
34.9468 	EXP 	Display Fixation
34.9635 	EXP 	Display Fixation
34.9802 	EXP 	Display Fixation
34.9970 	EXP 	Display Fixation
35.0135 	EXP 	Display Fixation
35.0302 	EXP 	Display Fixation
35.0467 	EXP 	Display Fixation
35.0635 	EXP 	Display Fixation
35.0802 	EXP 	Display Fixation
35.0969 	EXP 	Display Fixation
35.1137 	EXP 	Display Fixation
35.1303 	EXP 	Display Fixation
35.1469 	EXP 	Display Fixation
35.1635 	EXP 	Display Fixation
35.1805 	EXP 	Display Fixation
35.1967 	EXP 	Display Fixation
35.2135 	EXP 	Display Fixation
35.2303 	EXP 	Display Fixation
35.2466 	EXP 	Display Fixation
35.2636 	EXP 	Display Fixation
35.2801 	EXP 	Display Fixation
35.2970 	EXP 	Display Fixation
35.3217 	EXP 	ImageStimulus: image = 'Faces/threat/Woman8_angry.png'
35.3217 	EXP 	ImageStimulus: size = [0.8, 0.8]
35.3217 	EXP 	Display Faces/threat/Woman8_angry.png
35.7859 	EXP 	Display Fixation
35.7871 	EXP 	Display Fixation
35.7883 	EXP 	Display Fixation
35.7896 	EXP 	Display Fixation
35.7908 	EXP 	Display Fixation
35.7920 	EXP 	Display Fixation
35.7932 	EXP 	Display Fixation
35.7970 	EXP 	Display Fixation
35.8139 	EXP 	Display Fixation
35.8299 	EXP 	Display Fixation
35.8464 	EXP 	Display Fixation
35.8629 	EXP 	Display Fixation
35.8800 	EXP 	Display Fixation
35.8966 	EXP 	Display Fixation
35.9131 	EXP 	Display Fixation
35.9300 	EXP 	Display Fixation
35.9469 	EXP 	Display Fixation
35.9629 	EXP 	Display Fixation
35.9797 	EXP 	Display Fixation
35.9957 	EXP 	Display Fixation
36.0134 	EXP 	Display Fixation
36.0301 	EXP 	Display Fixation
36.0465 	EXP 	Display Fixation
36.0633 	EXP 	Display Fixation
36.0801 	EXP 	Display Fixation
36.0965 	EXP 	Display Fixation
36.1132 	EXP 	Display Fixation
36.1298 	EXP 	Display Fixation
36.1464 	EXP 	Display Fixation
36.1626 	EXP 	Display Fixation
36.1798 	EXP 	Display Fixation
36.1962 	EXP 	Display Fixation
36.2136 	EXP 	Display Fixation
36.2299 	EXP 	Display Fixation
36.2466 	EXP 	Display Fixation
36.2632 	EXP 	Display Fixation
36.2798 	EXP 	Display Fixation
36.2967 	EXP 	Display Fixation
36.3132 	EXP 	Display Fixation
36.3305 	EXP 	Display Fixation
36.3468 	EXP 	Display Fixation
36.3633 	EXP 	Display Fixation
36.3803 	EXP 	Display Fixation
36.3965 	EXP 	Display Fixation
36.4136 	EXP 	Display Fixation
36.4303 	EXP 	Display Fixation
36.4469 	EXP 	Display Fixation
36.4635 	EXP 	Display Fixation
36.4799 	EXP 	Display Fixation
36.4970 	EXP 	Display Fixation
36.5139 	EXP 	Display Fixation
36.5303 	EXP 	Display Fixation
36.5470 	EXP 	Display Fixation
36.5634 	EXP 	Display Fixation
36.5801 	EXP 	Display Fixation
36.5968 	EXP 	Display Fixation
36.6135 	EXP 	Display Fixation
36.6302 	EXP 	Display Fixation
36.6468 	EXP 	Display Fixation
36.6634 	EXP 	Display Fixation
36.6802 	EXP 	Display Fixation
36.6969 	EXP 	Display Fixation
36.7134 	EXP 	Display Fixation
36.7300 	EXP 	Display Fixation
36.7469 	EXP 	Display Fixation
36.7636 	EXP 	Display Fixation
36.7801 	EXP 	Display Fixation
36.7969 	EXP 	Display Fixation
36.8132 	EXP 	Display Fixation
36.8297 	EXP 	Display Fixation
36.8469 	EXP 	Display Fixation
36.8635 	EXP 	Display Fixation
36.8802 	EXP 	Display Fixation
36.8969 	EXP 	Display Fixation
36.9135 	EXP 	Display Fixation
36.9300 	EXP 	Display Fixation
36.9466 	EXP 	Display Fixation
36.9632 	EXP 	Display Fixation
36.9799 	EXP 	Display Fixation
36.9972 	EXP 	Display Fixation
37.0134 	EXP 	Display Fixation
37.0302 	EXP 	Display Fixation
37.0470 	EXP 	Display Fixation
37.0635 	EXP 	Display Fixation
37.0799 	EXP 	Display Fixation
37.0968 	EXP 	Display Fixation
37.1134 	EXP 	Display Fixation
37.1299 	EXP 	Display Fixation
37.1466 	EXP 	Display Fixation
37.1634 	EXP 	Display Fixation
37.1800 	EXP 	Display Fixation
37.1967 	EXP 	Display Fixation
37.2135 	EXP 	Display Fixation
37.2300 	EXP 	Display Fixation
37.2467 	EXP 	Display Fixation
37.2634 	EXP 	Display Fixation
37.2802 	EXP 	Display Fixation
37.2966 	EXP 	Display Fixation
37.3134 	EXP 	Display Fixation
37.3301 	EXP 	Display Fixation
37.3469 	EXP 	Display Fixation
37.3635 	EXP 	Display Fixation
37.3804 	EXP 	Display Fixation
37.3963 	EXP 	Display Fixation
37.4129 	EXP 	Display Fixation
37.4297 	EXP 	Display Fixation
37.4468 	EXP 	Display Fixation
37.4642 	EXP 	Display Fixation
37.4806 	EXP 	Display Fixation
37.4970 	EXP 	Display Fixation
37.5137 	EXP 	Display Fixation
37.5300 	EXP 	Display Fixation
37.5465 	EXP 	Display Fixation
37.5639 	EXP 	Display Fixation
37.5801 	EXP 	Display Fixation
37.5966 	EXP 	Display Fixation
37.6132 	EXP 	Display Fixation
37.6299 	EXP 	Display Fixation
37.6464 	EXP 	Display Fixation
37.6630 	EXP 	Display Fixation
37.6801 	EXP 	Display Fixation
37.6964 	EXP 	Display Fixation
37.7131 	EXP 	Display Fixation
37.7298 	EXP 	Display Fixation
37.7465 	EXP 	Display Fixation
37.7632 	EXP 	Display Fixation
37.7799 	EXP 	Display Fixation
37.7965 	EXP 	Display Fixation
37.8131 	EXP 	Display Fixation
37.8298 	EXP 	Display Fixation
37.8467 	EXP 	Display Fixation
37.8632 	EXP 	Display Fixation
37.8799 	EXP 	Display Fixation
37.8965 	EXP 	Display Fixation
37.9132 	EXP 	Display Fixation
37.9299 	EXP 	Display Fixation
37.9465 	EXP 	Display Fixation
37.9632 	EXP 	Display Fixation
37.9799 	EXP 	Display Fixation
37.9965 	EXP 	Display Fixation
38.0133 	EXP 	Display Fixation
38.0297 	EXP 	Display Fixation
38.0467 	EXP 	Display Fixation
38.0633 	EXP 	Display Fixation
38.0799 	EXP 	Display Fixation
38.0971 	EXP 	Display Fixation
38.1133 	EXP 	Display Fixation
38.1302 	EXP 	Display Fixation
38.1468 	EXP 	Display Fixation
38.1631 	EXP 	Display Fixation
38.1800 	EXP 	Display Fixation
38.1965 	EXP 	Display Fixation
38.2132 	EXP 	Display Fixation
38.2300 	EXP 	Display Fixation
38.2466 	EXP 	Display Fixation
38.2635 	EXP 	Display Fixation
38.2803 	EXP 	Display Fixation
38.2970 	EXP 	Display Fixation
38.3135 	EXP 	Display Fixation
38.3298 	EXP 	Display Fixation
38.3464 	EXP 	Display Fixation
38.3634 	EXP 	Display Fixation
38.3801 	EXP 	Display Fixation
38.3970 	EXP 	Display Fixation
38.4133 	EXP 	Display Fixation
38.4300 	EXP 	Display Fixation
38.4465 	EXP 	Display Fixation
38.4632 	EXP 	Display Fixation
38.4803 	EXP 	Display Fixation
38.4970 	EXP 	Display Fixation
38.5146 	EXP 	Display Fixation
38.5305 	EXP 	Display Fixation
38.5477 	EXP 	Display Fixation
38.5641 	EXP 	Display Fixation
38.5806 	EXP 	Display Fixation
38.5969 	EXP 	Display Fixation
38.6138 	EXP 	Display Fixation
38.6300 	EXP 	Display Fixation
38.6468 	EXP 	Display Fixation
38.6635 	EXP 	Display Fixation
38.6803 	EXP 	Display Fixation
38.6973 	EXP 	Display Fixation
38.7144 	EXP 	Display Fixation
38.7304 	EXP 	Display Fixation
38.7468 	EXP 	Display Fixation
38.7636 	EXP 	Display Fixation
38.7803 	EXP 	Display Fixation
38.7968 	EXP 	Display Fixation
38.8136 	EXP 	Display Fixation
38.8302 	EXP 	Display Fixation
38.8469 	EXP 	Display Fixation
38.8635 	EXP 	Display Fixation
38.8803 	EXP 	Display Fixation
38.8968 	EXP 	Display Fixation
38.9135 	EXP 	Display Fixation
38.9304 	EXP 	Display Fixation
38.9469 	EXP 	Display Fixation
38.9635 	EXP 	Display Fixation
38.9801 	EXP 	Display Fixation
38.9968 	EXP 	Display Fixation
39.0134 	EXP 	Display Fixation
39.0303 	EXP 	Display Fixation
39.0468 	EXP 	Display Fixation
39.0635 	EXP 	Display Fixation
39.0803 	EXP 	Display Fixation
39.0972 	EXP 	Display Fixation
39.1135 	EXP 	Display Fixation
39.1300 	EXP 	Display Fixation
39.1470 	EXP 	Display Fixation
39.1635 	EXP 	Display Fixation
39.1804 	EXP 	Display Fixation
39.1970 	EXP 	Display Fixation
39.2137 	EXP 	Display Fixation
39.2301 	EXP 	Display Fixation
39.2470 	EXP 	Display Fixation
39.2635 	EXP 	Display Fixation
39.2801 	EXP 	Display Fixation
39.2969 	EXP 	Display Fixation
39.3135 	EXP 	Display Fixation
39.3304 	EXP 	Display Fixation
39.3471 	EXP 	Display Fixation
39.3636 	EXP 	Display Fixation
39.3803 	EXP 	Display Fixation
39.3969 	EXP 	Display Fixation
39.4137 	EXP 	Display Fixation
39.4303 	EXP 	Display Fixation
39.4468 	EXP 	Display Fixation
39.4635 	EXP 	Display Fixation
39.4801 	EXP 	Display Fixation
39.4969 	EXP 	Display Fixation
39.5137 	EXP 	Display Fixation
39.5311 	EXP 	Display Fixation
39.5468 	EXP 	Display Fixation
39.5712 	EXP 	ImageStimulus: image = 'Faces/threat/Woman17_neutral.png'
39.5712 	EXP 	ImageStimulus: size = [0.8, 0.8]
39.5712 	EXP 	Display Faces/threat/Woman17_neutral.png
40.0359 	EXP 	Display Fixation
40.0372 	EXP 	Display Fixation
40.0384 	EXP 	Display Fixation
40.0396 	EXP 	Display Fixation
40.0408 	EXP 	Display Fixation
40.0421 	EXP 	Display Fixation
40.0433 	EXP 	Display Fixation
40.0470 	EXP 	Display Fixation
40.0641 	EXP 	Display Fixation
40.0803 	EXP 	Display Fixation
40.0967 	EXP 	Display Fixation
40.1131 	EXP 	Display Fixation
40.1296 	EXP 	Display Fixation
40.1459 	EXP 	Display Fixation
40.1633 	EXP 	Display Fixation
40.1799 	EXP 	Display Fixation
40.1965 	EXP 	Display Fixation
40.2133 	EXP 	Display Fixation
40.2297 	EXP 	Display Fixation
40.2464 	EXP 	Display Fixation
40.2625 	EXP 	Display Fixation
40.2798 	EXP 	Display Fixation
40.2969 	EXP 	Display Fixation
40.3133 	EXP 	Display Fixation
40.3300 	EXP 	Display Fixation
40.3466 	EXP 	Display Fixation
40.3632 	EXP 	Display Fixation
40.3802 	EXP 	Display Fixation
40.3966 	EXP 	Display Fixation
40.4131 	EXP 	Display Fixation
40.4299 	EXP 	Display Fixation
40.4465 	EXP 	Display Fixation
40.4632 	EXP 	Display Fixation
40.4799 	EXP 	Display Fixation
40.4966 	EXP 	Display Fixation
40.5132 	EXP 	Display Fixation
40.5299 	EXP 	Display Fixation
40.5467 	EXP 	Display Fixation
40.5633 	EXP 	Display Fixation
40.5803 	EXP 	Display Fixation
40.5968 	EXP 	Display Fixation
40.6137 	EXP 	Display Fixation
40.6302 	EXP 	Display Fixation
40.6469 	EXP 	Display Fixation
40.6633 	EXP 	Display Fixation
40.6799 	EXP 	Display Fixation
40.6972 	EXP 	Display Fixation
40.7138 	EXP 	Display Fixation
40.7303 	EXP 	Display Fixation
40.7467 	EXP 	Display Fixation
40.7637 	EXP 	Display Fixation
40.7803 	EXP 	Display Fixation
40.7966 	EXP 	Display Fixation
40.8136 	EXP 	Display Fixation
40.8302 	EXP 	Display Fixation
40.8467 	EXP 	Display Fixation
40.8635 	EXP 	Display Fixation
40.8801 	EXP 	Display Fixation
40.8967 	EXP 	Display Fixation
40.9133 	EXP 	Display Fixation
40.9300 	EXP 	Display Fixation
40.9469 	EXP 	Display Fixation
40.9634 	EXP 	Display Fixation
40.9800 	EXP 	Display Fixation
40.9967 	EXP 	Display Fixation
41.0138 	EXP 	Display Fixation
41.0305 	EXP 	Display Fixation
41.0468 	EXP 	Display Fixation
41.0635 	EXP 	Display Fixation
41.0800 	EXP 	Display Fixation
41.0965 	EXP 	Display Fixation
41.1130 	EXP 	Display Fixation
41.1296 	EXP 	Display Fixation
41.1462 	EXP 	Display Fixation
41.1637 	EXP 	Display Fixation
41.1803 	EXP 	Display Fixation
41.1970 	EXP 	Display Fixation
41.2138 	EXP 	Display Fixation
41.2301 	EXP 	Display Fixation
41.2469 	EXP 	Display Fixation
41.2635 	EXP 	Display Fixation
41.2801 	EXP 	Display Fixation
41.2969 	EXP 	Display Fixation
41.3135 	EXP 	Display Fixation
41.3308 	EXP 	Display Fixation
41.3471 	EXP 	Display Fixation
41.3636 	EXP 	Display Fixation
41.3803 	EXP 	Display Fixation
41.3973 	EXP 	Display Fixation
41.4139 	EXP 	Display Fixation
41.4306 	EXP 	Display Fixation
41.4472 	EXP 	Display Fixation
41.4639 	EXP 	Display Fixation
41.4808 	EXP 	Display Fixation
41.4969 	EXP 	Display Fixation
41.5138 	EXP 	Display Fixation
41.5302 	EXP 	Display Fixation
41.5470 	EXP 	Display Fixation
41.5637 	EXP 	Display Fixation
41.5804 	EXP 	Display Fixation
41.5970 	EXP 	Display Fixation
41.6136 	EXP 	Display Fixation
41.6305 	EXP 	Display Fixation
41.6469 	EXP 	Display Fixation
41.6633 	EXP 	Display Fixation
41.6800 	EXP 	Display Fixation
41.6965 	EXP 	Display Fixation
41.7132 	EXP 	Display Fixation
41.7298 	EXP 	Display Fixation
41.7469 	EXP 	Display Fixation
41.7636 	EXP 	Display Fixation
41.7800 	EXP 	Display Fixation
41.7967 	EXP 	Display Fixation
41.8136 	EXP 	Display Fixation
41.8302 	EXP 	Display Fixation
41.8469 	EXP 	Display Fixation
41.8635 	EXP 	Display Fixation
41.8803 	EXP 	Display Fixation
41.8969 	EXP 	Display Fixation
41.9135 	EXP 	Display Fixation
41.9300 	EXP 	Display Fixation
41.9468 	EXP 	Display Fixation
41.9634 	EXP 	Display Fixation
41.9802 	EXP 	Display Fixation
41.9967 	EXP 	Display Fixation
42.0134 	EXP 	Display Fixation
42.0303 	EXP 	Display Fixation
42.0471 	EXP 	Display Fixation
42.0638 	EXP 	Display Fixation
42.0803 	EXP 	Display Fixation
42.0970 	EXP 	Display Fixation
42.1134 	EXP 	Display Fixation
42.1301 	EXP 	Display Fixation
42.1464 	EXP 	Display Fixation
42.1636 	EXP 	Display Fixation
42.1800 	EXP 	Display Fixation
42.1970 	EXP 	Display Fixation
42.2135 	EXP 	Display Fixation
42.2301 	EXP 	Display Fixation
42.2468 	EXP 	Display Fixation
42.2635 	EXP 	Display Fixation
42.2803 	EXP 	Display Fixation
42.2967 	EXP 	Display Fixation
42.3136 	EXP 	Display Fixation
42.3301 	EXP 	Display Fixation
42.3466 	EXP 	Display Fixation
42.3632 	EXP 	Display Fixation
42.3806 	EXP 	Display Fixation
42.3968 	EXP 	Display Fixation
42.4136 	EXP 	Display Fixation
42.4302 	EXP 	Display Fixation
42.4466 	EXP 	Display Fixation
42.4634 	EXP 	Display Fixation
42.4804 	EXP 	Display Fixation
42.4967 	EXP 	Display Fixation
42.5134 	EXP 	Display Fixation
42.5303 	EXP 	Display Fixation
42.5472 	EXP 	Display Fixation
42.5635 	EXP 	Display Fixation
42.5802 	EXP 	Display Fixation
42.5969 	EXP 	Display Fixation
42.6134 	EXP 	Display Fixation
42.6301 	EXP 	Display Fixation
42.6466 	EXP 	Display Fixation
42.6633 	EXP 	Display Fixation
42.6805 	EXP 	Display Fixation
42.6968 	EXP 	Display Fixation
42.7134 	EXP 	Display Fixation
42.7302 	EXP 	Display Fixation
42.7471 	EXP 	Display Fixation
42.7637 	EXP 	Display Fixation
42.7807 	EXP 	Display Fixation
42.7973 	EXP 	Display Fixation
42.8138 	EXP 	Display Fixation
42.8308 	EXP 	Display Fixation
42.8470 	EXP 	Display Fixation
42.8633 	EXP 	Display Fixation
42.8815 	EXP 	Display Fixation
42.8968 	EXP 	Display Fixation
42.9135 	EXP 	Display Fixation
42.9302 	EXP 	Display Fixation
42.9466 	EXP 	Display Fixation
42.9638 	EXP 	Display Fixation
42.9803 	EXP 	Display Fixation
42.9966 	EXP 	Display Fixation
43.0137 	EXP 	Display Fixation
43.0301 	EXP 	Display Fixation
43.0470 	EXP 	Display Fixation
43.0636 	EXP 	Display Fixation
43.0804 	EXP 	Display Fixation
43.0969 	EXP 	Display Fixation
43.1136 	EXP 	Display Fixation
43.1304 	EXP 	Display Fixation
43.1470 	EXP 	Display Fixation
43.1637 	EXP 	Display Fixation
43.1803 	EXP 	Display Fixation
43.1969 	EXP 	Display Fixation
43.2136 	EXP 	Display Fixation
43.2303 	EXP 	Display Fixation
43.2471 	EXP 	Display Fixation
43.2636 	EXP 	Display Fixation
43.2804 	EXP 	Display Fixation
43.2972 	EXP 	Display Fixation
43.3135 	EXP 	Display Fixation
43.3302 	EXP 	Display Fixation
43.3468 	EXP 	Display Fixation
43.3635 	EXP 	Display Fixation
43.3804 	EXP 	Display Fixation
43.3967 	EXP 	Display Fixation
43.4138 	EXP 	Display Fixation
43.4302 	EXP 	Display Fixation
43.4470 	EXP 	Display Fixation
43.4635 	EXP 	Display Fixation
43.4804 	EXP 	Display Fixation
43.4969 	EXP 	Display Fixation
43.5135 	EXP 	Display Fixation
43.5303 	EXP 	Display Fixation
43.5468 	EXP 	Display Fixation
43.5637 	EXP 	Display Fixation
43.5801 	EXP 	Display Fixation
43.5968 	EXP 	Display Fixation
43.6134 	EXP 	Display Fixation
43.6303 	EXP 	Display Fixation
43.6469 	EXP 	Display Fixation
43.6636 	EXP 	Display Fixation
43.6802 	EXP 	Display Fixation
43.6969 	EXP 	Display Fixation
43.7138 	EXP 	Display Fixation
43.7303 	EXP 	Display Fixation
43.7469 	EXP 	Display Fixation
43.7637 	EXP 	Display Fixation
43.7803 	EXP 	Display Fixation
43.7968 	EXP 	Display Fixation
43.8135 	EXP 	Display Fixation
43.8305 	EXP 	Display Fixation
43.8468 	EXP 	Display Fixation
43.8635 	EXP 	Display Fixation
43.8804 	EXP 	Display Fixation
43.8971 	EXP 	Display Fixation
43.9137 	EXP 	Display Fixation
43.9302 	EXP 	Display Fixation
43.9470 	EXP 	Display Fixation
43.9637 	EXP 	Display Fixation
43.9804 	EXP 	Display Fixation
43.9968 	EXP 	Display Fixation
44.0135 	EXP 	Display Fixation
44.0303 	EXP 	Display Fixation
44.0470 	EXP 	Display Fixation
44.0634 	EXP 	Display Fixation
44.0803 	EXP 	Display Fixation
44.0970 	EXP 	Display Fixation
44.1137 	EXP 	Display Fixation
44.1307 	EXP 	Display Fixation
44.1471 	EXP 	Display Fixation
44.1637 	EXP 	Display Fixation
44.1802 	EXP 	Display Fixation
44.1974 	EXP 	Display Fixation
44.2232 	EXP 	ImageStimulus: image = 'Faces/threat/No Emotion_Front_Woman2.png'
44.2232 	EXP 	ImageStimulus: size = [0.8, 0.8]
44.2232 	EXP 	Display Faces/threat/No Emotion_Front_Woman2.png
44.6861 	EXP 	Display Fixation
44.6874 	EXP 	Display Fixation
44.6886 	EXP 	Display Fixation
44.6899 	EXP 	Display Fixation
44.6911 	EXP 	Display Fixation
44.6923 	EXP 	Display Fixation
44.6935 	EXP 	Display Fixation
44.6973 	EXP 	Display Fixation
44.7136 	EXP 	Display Fixation
44.7303 	EXP 	Display Fixation
44.7467 	EXP 	Display Fixation
44.7636 	EXP 	Display Fixation
44.7804 	EXP 	Display Fixation
44.7968 	EXP 	Display Fixation
44.8132 	EXP 	Display Fixation
44.8298 	EXP 	Display Fixation
44.8463 	EXP 	Display Fixation
44.8631 	EXP 	Display Fixation
44.8805 	EXP 	Display Fixation
44.8967 	EXP 	Display Fixation
44.9137 	EXP 	Display Fixation
44.9302 	EXP 	Display Fixation
44.9467 	EXP 	Display Fixation
44.9633 	EXP 	Display Fixation
44.9800 	EXP 	Display Fixation
44.9965 	EXP 	Display Fixation
45.0137 	EXP 	Display Fixation
45.0300 	EXP 	Display Fixation
45.0464 	EXP 	Display Fixation
45.0637 	EXP 	Display Fixation
45.0801 	EXP 	Display Fixation
45.0966 	EXP 	Display Fixation
45.1132 	EXP 	Display Fixation
45.1300 	EXP 	Display Fixation
45.1466 	EXP 	Display Fixation
45.1635 	EXP 	Display Fixation
45.1804 	EXP 	Display Fixation
45.1967 	EXP 	Display Fixation
45.2134 	EXP 	Display Fixation
45.2299 	EXP 	Display Fixation
45.2466 	EXP 	Display Fixation
45.2633 	EXP 	Display Fixation
45.2799 	EXP 	Display Fixation
45.2968 	EXP 	Display Fixation
45.3132 	EXP 	Display Fixation
45.3301 	EXP 	Display Fixation
45.3467 	EXP 	Display Fixation
45.3632 	EXP 	Display Fixation
45.3803 	EXP 	Display Fixation
45.3969 	EXP 	Display Fixation
45.4133 	EXP 	Display Fixation
45.4304 	EXP 	Display Fixation
45.4469 	EXP 	Display Fixation
45.4633 	EXP 	Display Fixation
45.4800 	EXP 	Display Fixation
45.4968 	EXP 	Display Fixation
45.5134 	EXP 	Display Fixation
45.5301 	EXP 	Display Fixation
45.5480 	EXP 	Display Fixation
45.5632 	EXP 	Display Fixation
45.5798 	EXP 	Display Fixation
45.5972 	EXP 	Display Fixation
45.6136 	EXP 	Display Fixation
45.6303 	EXP 	Display Fixation
45.6472 	EXP 	Display Fixation
45.6635 	EXP 	Display Fixation
45.6802 	EXP 	Display Fixation
45.6967 	EXP 	Display Fixation
45.7132 	EXP 	Display Fixation
45.7296 	EXP 	Display Fixation
45.7472 	EXP 	Display Fixation
45.7635 	EXP 	Display Fixation
45.7801 	EXP 	Display Fixation
45.7973 	EXP 	Display Fixation
45.8135 	EXP 	Display Fixation
45.8302 	EXP 	Display Fixation
45.8467 	EXP 	Display Fixation
45.8635 	EXP 	Display Fixation
45.8799 	EXP 	Display Fixation
45.8966 	EXP 	Display Fixation
45.9138 	EXP 	Display Fixation
45.9302 	EXP 	Display Fixation
45.9469 	EXP 	Display Fixation
45.9635 	EXP 	Display Fixation
45.9801 	EXP 	Display Fixation
45.9967 	EXP 	Display Fixation
46.0136 	EXP 	Display Fixation
46.0302 	EXP 	Display Fixation
46.0471 	EXP 	Display Fixation
46.0635 	EXP 	Display Fixation
46.0801 	EXP 	Display Fixation
46.0967 	EXP 	Display Fixation
46.1134 	EXP 	Display Fixation
46.1302 	EXP 	Display Fixation
46.1467 	EXP 	Display Fixation
46.1637 	EXP 	Display Fixation
46.1800 	EXP 	Display Fixation
46.1971 	EXP 	Display Fixation
46.2139 	EXP 	Display Fixation
46.2301 	EXP 	Display Fixation
46.2469 	EXP 	Display Fixation
46.2634 	EXP 	Display Fixation
46.2803 	EXP 	Display Fixation
46.2971 	EXP 	Display Fixation
46.3137 	EXP 	Display Fixation
46.3302 	EXP 	Display Fixation
46.3468 	EXP 	Display Fixation
46.3635 	EXP 	Display Fixation
46.3801 	EXP 	Display Fixation
46.3967 	EXP 	Display Fixation
46.4133 	EXP 	Display Fixation
46.4299 	EXP 	Display Fixation
46.4467 	EXP 	Display Fixation
46.4638 	EXP 	Display Fixation
46.4802 	EXP 	Display Fixation
46.4970 	EXP 	Display Fixation
46.5136 	EXP 	Display Fixation
46.5302 	EXP 	Display Fixation
46.5467 	EXP 	Display Fixation
46.5633 	EXP 	Display Fixation
46.5800 	EXP 	Display Fixation
46.5969 	EXP 	Display Fixation
46.6135 	EXP 	Display Fixation
46.6306 	EXP 	Display Fixation
46.6471 	EXP 	Display Fixation
46.6639 	EXP 	Display Fixation
46.6804 	EXP 	Display Fixation
46.6967 	EXP 	Display Fixation
46.7135 	EXP 	Display Fixation
46.7299 	EXP 	Display Fixation
46.7465 	EXP 	Display Fixation
46.7632 	EXP 	Display Fixation
46.7799 	EXP 	Display Fixation
46.7966 	EXP 	Display Fixation
46.8132 	EXP 	Display Fixation
46.8306 	EXP 	Display Fixation
46.8468 	EXP 	Display Fixation
46.8638 	EXP 	Display Fixation
46.8803 	EXP 	Display Fixation
46.8969 	EXP 	Display Fixation
46.9136 	EXP 	Display Fixation
46.9310 	EXP 	Display Fixation
46.9474 	EXP 	Display Fixation
46.9639 	EXP 	Display Fixation
46.9802 	EXP 	Display Fixation
46.9974 	EXP 	Display Fixation
47.0139 	EXP 	Display Fixation
47.0307 	EXP 	Display Fixation
47.0468 	EXP 	Display Fixation
47.0637 	EXP 	Display Fixation
47.0797 	EXP 	Display Fixation
47.0969 	EXP 	Display Fixation
47.1134 	EXP 	Display Fixation
47.1302 	EXP 	Display Fixation
47.1473 	EXP 	Display Fixation
47.1636 	EXP 	Display Fixation
47.1803 	EXP 	Display Fixation
47.1970 	EXP 	Display Fixation
47.2136 	EXP 	Display Fixation
47.2303 	EXP 	Display Fixation
47.2470 	EXP 	Display Fixation
47.2637 	EXP 	Display Fixation
47.2802 	EXP 	Display Fixation
47.2970 	EXP 	Display Fixation
47.3134 	EXP 	Display Fixation
47.3308 	EXP 	Display Fixation
47.3488 	EXP 	Display Fixation
47.3629 	EXP 	Display Fixation
47.3795 	EXP 	Display Fixation
47.3965 	EXP 	Display Fixation
47.4131 	EXP 	Display Fixation
47.4305 	EXP 	Display Fixation
47.4468 	EXP 	Display Fixation
47.4635 	EXP 	Display Fixation
47.4804 	EXP 	Display Fixation
47.4969 	EXP 	Display Fixation
47.5131 	EXP 	Display Fixation
47.5298 	EXP 	Display Fixation
47.5464 	EXP 	Display Fixation
47.5632 	EXP 	Display Fixation
47.5797 	EXP 	Display Fixation
47.5967 	EXP 	Display Fixation
47.6134 	EXP 	Display Fixation
47.6298 	EXP 	Display Fixation
47.6471 	EXP 	Display Fixation
47.6635 	EXP 	Display Fixation
47.6798 	EXP 	Display Fixation
47.6962 	EXP 	Display Fixation
47.7134 	EXP 	Display Fixation
47.7298 	EXP 	Display Fixation
47.7464 	EXP 	Display Fixation
47.7626 	EXP 	Display Fixation
47.7792 	EXP 	Display Fixation
47.7967 	EXP 	Display Fixation
47.8133 	EXP 	Display Fixation
47.8302 	EXP 	Display Fixation
47.8465 	EXP 	Display Fixation
47.8635 	EXP 	Display Fixation
47.8798 	EXP 	Display Fixation
47.8970 	EXP 	Display Fixation
47.9136 	EXP 	Display Fixation
47.9302 	EXP 	Display Fixation
47.9466 	EXP 	Display Fixation
47.9632 	EXP 	Display Fixation
47.9799 	EXP 	Display Fixation
47.9967 	EXP 	Display Fixation
48.0134 	EXP 	Display Fixation
48.0300 	EXP 	Display Fixation
48.0467 	EXP 	Display Fixation
48.0633 	EXP 	Display Fixation
48.0803 	EXP 	Display Fixation
48.0968 	EXP 	Display Fixation
48.1132 	EXP 	Display Fixation
48.1301 	EXP 	Display Fixation
48.1474 	EXP 	Display Fixation
48.1636 	EXP 	Display Fixation
48.1803 	EXP 	Display Fixation
48.1969 	EXP 	Display Fixation
48.2136 	EXP 	Display Fixation
48.2301 	EXP 	Display Fixation
48.2468 	EXP 	Display Fixation
48.2637 	EXP 	Display Fixation
48.2804 	EXP 	Display Fixation
48.2971 	EXP 	Display Fixation
48.3137 	EXP 	Display Fixation
48.3303 	EXP 	Display Fixation
48.3468 	EXP 	Display Fixation
48.3635 	EXP 	Display Fixation
48.3802 	EXP 	Display Fixation
48.3968 	EXP 	Display Fixation
48.4138 	EXP 	Display Fixation
48.4304 	EXP 	Display Fixation
48.4463 	EXP 	Display Fixation
48.4641 	EXP 	Display Fixation
48.4803 	EXP 	Display Fixation
48.4971 	EXP 	Display Fixation
48.5134 	EXP 	Display Fixation
48.5301 	EXP 	Display Fixation
48.5474 	EXP 	Display Fixation
48.5633 	EXP 	Display Fixation
48.5802 	EXP 	Display Fixation
48.5965 	EXP 	Display Fixation
48.6137 	EXP 	Display Fixation
48.6304 	EXP 	Display Fixation
48.6473 	EXP 	Display Fixation
48.6637 	EXP 	Display Fixation
48.6800 	EXP 	Display Fixation
48.6971 	EXP 	Display Fixation
48.7138 	EXP 	Display Fixation
48.7302 	EXP 	Display Fixation
48.7469 	EXP 	Display Fixation
48.7635 	EXP 	Display Fixation
48.7802 	EXP 	Display Fixation
48.7969 	EXP 	Display Fixation
48.8135 	EXP 	Display Fixation
48.8302 	EXP 	Display Fixation
48.8469 	EXP 	Display Fixation
48.8635 	EXP 	Display Fixation
48.8802 	EXP 	Display Fixation
48.8969 	EXP 	Display Fixation
48.9139 	EXP 	Display Fixation
48.9303 	EXP 	Display Fixation
48.9468 	EXP 	Display Fixation
48.9637 	EXP 	Display Fixation
48.9802 	EXP 	Display Fixation
48.9969 	EXP 	Display Fixation
49.0136 	EXP 	Display Fixation
49.0302 	EXP 	Display Fixation
49.0469 	EXP 	Display Fixation
49.0635 	EXP 	Display Fixation
49.0803 	EXP 	Display Fixation
49.0969 	EXP 	Display Fixation
49.1137 	EXP 	Display Fixation
49.1309 	EXP 	Display Fixation
49.1470 	EXP 	Display Fixation
49.1640 	EXP 	Display Fixation
49.1806 	EXP 	Display Fixation
49.1970 	EXP 	Display Fixation
49.2136 	EXP 	Display Fixation
49.2303 	EXP 	Display Fixation
49.2471 	EXP 	Display Fixation
49.2734 	EXP 	ImageStimulus: image = 'Faces/threat/Man7_angry.png'
49.2734 	EXP 	ImageStimulus: size = [0.8, 0.8]
49.2734 	EXP 	Display Faces/threat/Man7_angry.png
49.7357 	EXP 	Display Fixation
49.7370 	EXP 	Display Fixation
49.7383 	EXP 	Display Fixation
49.7395 	EXP 	Display Fixation
49.7407 	EXP 	Display Fixation
49.7419 	EXP 	Display Fixation
49.7432 	EXP 	Display Fixation
49.7444 	EXP 	Display Fixation
49.7473 	EXP 	Display Fixation
49.7629 	EXP 	Display Fixation
49.7808 	EXP 	Display Fixation
49.7967 	EXP 	Display Fixation
49.8131 	EXP 	Display Fixation
49.8297 	EXP 	Display Fixation
49.8462 	EXP 	Display Fixation
49.8637 	EXP 	Display Fixation
49.8800 	EXP 	Display Fixation
49.8969 	EXP 	Display Fixation
49.9135 	EXP 	Display Fixation
49.9300 	EXP 	Display Fixation
49.9467 	EXP 	Display Fixation
49.9634 	EXP 	Display Fixation
49.9804 	EXP 	Display Fixation
49.9968 	EXP 	Display Fixation
50.0134 	EXP 	Display Fixation
50.0300 	EXP 	Display Fixation
50.0467 	EXP 	Display Fixation
50.0633 	EXP 	Display Fixation
50.0799 	EXP 	Display Fixation
50.0965 	EXP 	Display Fixation
50.1133 	EXP 	Display Fixation
50.1294 	EXP 	Display Fixation
50.1461 	EXP 	Display Fixation
50.1638 	EXP 	Display Fixation
50.1805 	EXP 	Display Fixation
50.1968 	EXP 	Display Fixation
50.2135 	EXP 	Display Fixation
50.2300 	EXP 	Display Fixation
50.2466 	EXP 	Display Fixation
50.2633 	EXP 	Display Fixation
50.2800 	EXP 	Display Fixation
50.2968 	EXP 	Display Fixation
50.3134 	EXP 	Display Fixation
50.3302 	EXP 	Display Fixation
50.3467 	EXP 	Display Fixation
50.3633 	EXP 	Display Fixation
50.3806 	EXP 	Display Fixation
50.3970 	EXP 	Display Fixation
50.4138 	EXP 	Display Fixation
50.4303 	EXP 	Display Fixation
50.4469 	EXP 	Display Fixation
50.4633 	EXP 	Display Fixation
50.4800 	EXP 	Display Fixation
50.4968 	EXP 	Display Fixation
50.5135 	EXP 	Display Fixation
50.5301 	EXP 	Display Fixation
50.5468 	EXP 	Display Fixation
50.5634 	EXP 	Display Fixation
50.5802 	EXP 	Display Fixation
50.5968 	EXP 	Display Fixation
50.6135 	EXP 	Display Fixation
50.6301 	EXP 	Display Fixation
50.6468 	EXP 	Display Fixation
50.6636 	EXP 	Display Fixation
50.6801 	EXP 	Display Fixation
50.6968 	EXP 	Display Fixation
50.7134 	EXP 	Display Fixation
50.7300 	EXP 	Display Fixation
50.7468 	EXP 	Display Fixation
50.7634 	EXP 	Display Fixation
50.7798 	EXP 	Display Fixation
50.7974 	EXP 	Display Fixation
50.8135 	EXP 	Display Fixation
50.8303 	EXP 	Display Fixation
50.8470 	EXP 	Display Fixation
50.8635 	EXP 	Display Fixation
50.8803 	EXP 	Display Fixation
50.8967 	EXP 	Display Fixation
50.9135 	EXP 	Display Fixation
50.9300 	EXP 	Display Fixation
50.9469 	EXP 	Display Fixation
50.9634 	EXP 	Display Fixation
50.9803 	EXP 	Display Fixation
50.9966 	EXP 	Display Fixation
51.0132 	EXP 	Display Fixation
51.0305 	EXP 	Display Fixation
51.0467 	EXP 	Display Fixation
51.0636 	EXP 	Display Fixation
51.0801 	EXP 	Display Fixation
51.0970 	EXP 	Display Fixation
51.1135 	EXP 	Display Fixation
51.1300 	EXP 	Display Fixation
51.1467 	EXP 	Display Fixation
51.1635 	EXP 	Display Fixation
51.1803 	EXP 	Display Fixation
51.1968 	EXP 	Display Fixation
51.2141 	EXP 	Display Fixation
51.2306 	EXP 	Display Fixation
51.2480 	EXP 	Display Fixation
51.2636 	EXP 	Display Fixation
51.2805 	EXP 	Display Fixation
51.2971 	EXP 	Display Fixation
51.3134 	EXP 	Display Fixation
51.3307 	EXP 	Display Fixation
51.3469 	EXP 	Display Fixation
51.3638 	EXP 	Display Fixation
51.3803 	EXP 	Display Fixation
51.3969 	EXP 	Display Fixation
51.4139 	EXP 	Display Fixation
51.4304 	EXP 	Display Fixation
51.4470 	EXP 	Display Fixation
51.4638 	EXP 	Display Fixation
51.4805 	EXP 	Display Fixation
51.4970 	EXP 	Display Fixation
51.5139 	EXP 	Display Fixation
51.5304 	EXP 	Display Fixation
51.5474 	EXP 	Display Fixation
51.5640 	EXP 	Display Fixation
51.5801 	EXP 	Display Fixation
51.5972 	EXP 	Display Fixation
51.6139 	EXP 	Display Fixation
51.6304 	EXP 	Display Fixation
51.6472 	EXP 	Display Fixation
51.6638 	EXP 	Display Fixation
51.6805 	EXP 	Display Fixation
51.6968 	EXP 	Display Fixation
51.7134 	EXP 	Display Fixation
51.7303 	EXP 	Display Fixation
51.7470 	EXP 	Display Fixation
51.7634 	EXP 	Display Fixation
51.7799 	EXP 	Display Fixation
51.7968 	EXP 	Display Fixation
51.8137 	EXP 	Display Fixation
51.8303 	EXP 	Display Fixation
51.8469 	EXP 	Display Fixation
51.8636 	EXP 	Display Fixation
51.8803 	EXP 	Display Fixation
51.8970 	EXP 	Display Fixation
51.9134 	EXP 	Display Fixation
51.9303 	EXP 	Display Fixation
51.9469 	EXP 	Display Fixation
51.9635 	EXP 	Display Fixation
51.9801 	EXP 	Display Fixation
51.9970 	EXP 	Display Fixation
52.0135 	EXP 	Display Fixation
52.0300 	EXP 	Display Fixation
52.0470 	EXP 	Display Fixation
52.0637 	EXP 	Display Fixation
52.0801 	EXP 	Display Fixation
52.0969 	EXP 	Display Fixation
52.1136 	EXP 	Display Fixation
52.1300 	EXP 	Display Fixation
52.1469 	EXP 	Display Fixation
52.1635 	EXP 	Display Fixation
52.1800 	EXP 	Display Fixation
52.1967 	EXP 	Display Fixation
52.2134 	EXP 	Display Fixation
52.2305 	EXP 	Display Fixation
52.2472 	EXP 	Display Fixation
52.2637 	EXP 	Display Fixation
52.2804 	EXP 	Display Fixation
52.2970 	EXP 	Display Fixation
52.3134 	EXP 	Display Fixation
52.3302 	EXP 	Display Fixation
52.3468 	EXP 	Display Fixation
52.3637 	EXP 	Display Fixation
52.3803 	EXP 	Display Fixation
52.3968 	EXP 	Display Fixation
52.4138 	EXP 	Display Fixation
52.4304 	EXP 	Display Fixation
52.4471 	EXP 	Display Fixation
52.4636 	EXP 	Display Fixation
52.4803 	EXP 	Display Fixation
52.4969 	EXP 	Display Fixation
52.5138 	EXP 	Display Fixation
52.5302 	EXP 	Display Fixation
52.5471 	EXP 	Display Fixation
52.5636 	EXP 	Display Fixation
52.5803 	EXP 	Display Fixation
52.5968 	EXP 	Display Fixation
52.6137 	EXP 	Display Fixation
52.6305 	EXP 	Display Fixation
52.6471 	EXP 	Display Fixation
52.6641 	EXP 	Display Fixation
52.6803 	EXP 	Display Fixation
52.6971 	EXP 	Display Fixation
52.7137 	EXP 	Display Fixation
52.7304 	EXP 	Display Fixation
52.7470 	EXP 	Display Fixation
52.7638 	EXP 	Display Fixation
52.7805 	EXP 	Display Fixation
52.7970 	EXP 	Display Fixation
52.8137 	EXP 	Display Fixation
52.8303 	EXP 	Display Fixation
52.8470 	EXP 	Display Fixation
52.8638 	EXP 	Display Fixation
52.8802 	EXP 	Display Fixation
52.8969 	EXP 	Display Fixation
52.9135 	EXP 	Display Fixation
52.9303 	EXP 	Display Fixation
52.9470 	EXP 	Display Fixation
52.9635 	EXP 	Display Fixation
52.9802 	EXP 	Display Fixation
52.9969 	EXP 	Display Fixation
53.0136 	EXP 	Display Fixation
53.0302 	EXP 	Display Fixation
53.0470 	EXP 	Display Fixation
53.0635 	EXP 	Display Fixation
53.0806 	EXP 	Display Fixation
53.0970 	EXP 	Display Fixation
53.1135 	EXP 	Display Fixation
53.1304 	EXP 	Display Fixation
53.1470 	EXP 	Display Fixation
53.1637 	EXP 	Display Fixation
53.1804 	EXP 	Display Fixation
53.1969 	EXP 	Display Fixation
53.2136 	EXP 	Display Fixation
53.2302 	EXP 	Display Fixation
53.2473 	EXP 	Display Fixation
53.2638 	EXP 	Display Fixation
53.2806 	EXP 	Display Fixation
53.2972 	EXP 	Display Fixation
53.3136 	EXP 	Display Fixation
53.3306 	EXP 	Display Fixation
53.3470 	EXP 	Display Fixation
53.3638 	EXP 	Display Fixation
53.3809 	EXP 	Display Fixation
53.3970 	EXP 	Display Fixation
53.4138 	EXP 	Display Fixation
53.4305 	EXP 	Display Fixation
53.4471 	EXP 	Display Fixation
53.4637 	EXP 	Display Fixation
53.4803 	EXP 	Display Fixation
53.4974 	EXP 	Display Fixation
53.5135 	EXP 	Display Fixation
53.5303 	EXP 	Display Fixation
53.5473 	EXP 	Display Fixation
53.5638 	EXP 	Display Fixation
53.5803 	EXP 	Display Fixation
53.5970 	EXP 	Display Fixation
53.6239 	EXP 	ImageStimulus: image = 'Faces/threat/Man2_angry.png'
53.6239 	EXP 	ImageStimulus: size = [0.8, 0.8]
53.6239 	EXP 	Display Faces/threat/Man2_angry.png
54.0858 	EXP 	Display Fixation
54.0871 	EXP 	Display Fixation
54.0883 	EXP 	Display Fixation
54.0895 	EXP 	Display Fixation
54.0907 	EXP 	Display Fixation
54.0919 	EXP 	Display Fixation
54.0931 	EXP 	Display Fixation
54.0943 	EXP 	Display Fixation
54.0973 	EXP 	Display Fixation
54.1146 	EXP 	Display Fixation
54.1309 	EXP 	Display Fixation
54.1472 	EXP 	Display Fixation
54.1635 	EXP 	Display Fixation
54.1805 	EXP 	Display Fixation
54.1974 	EXP 	Display Fixation
54.2135 	EXP 	Display Fixation
54.2302 	EXP 	Display Fixation
54.2465 	EXP 	Display Fixation
54.2632 	EXP 	Display Fixation
54.2797 	EXP 	Display Fixation
54.2965 	EXP 	Display Fixation
54.3131 	EXP 	Display Fixation
54.3303 	EXP 	Display Fixation
54.3482 	EXP 	Display Fixation
54.3632 	EXP 	Display Fixation
54.3803 	EXP 	Display Fixation
54.3973 	EXP 	Display Fixation
54.4139 	EXP 	Display Fixation
54.4301 	EXP 	Display Fixation
54.4471 	EXP 	Display Fixation
54.4637 	EXP 	Display Fixation
54.4805 	EXP 	Display Fixation
54.4968 	EXP 	Display Fixation
54.5137 	EXP 	Display Fixation
54.5302 	EXP 	Display Fixation
54.5466 	EXP 	Display Fixation
54.5630 	EXP 	Display Fixation
54.5802 	EXP 	Display Fixation
54.5970 	EXP 	Display Fixation
54.6134 	EXP 	Display Fixation
54.6300 	EXP 	Display Fixation
54.6464 	EXP 	Display Fixation
54.6632 	EXP 	Display Fixation
54.6799 	EXP 	Display Fixation
54.6966 	EXP 	Display Fixation
54.7132 	EXP 	Display Fixation
54.7298 	EXP 	Display Fixation
54.7469 	EXP 	Display Fixation
54.7628 	EXP 	Display Fixation
54.7801 	EXP 	Display Fixation
54.7965 	EXP 	Display Fixation
54.8136 	EXP 	Display Fixation
54.8302 	EXP 	Display Fixation
54.8466 	EXP 	Display Fixation
54.8627 	EXP 	Display Fixation
54.8794 	EXP 	Display Fixation
54.8970 	EXP 	Display Fixation
54.9135 	EXP 	Display Fixation
54.9304 	EXP 	Display Fixation
54.9471 	EXP 	Display Fixation
54.9636 	EXP 	Display Fixation
54.9802 	EXP 	Display Fixation
54.9967 	EXP 	Display Fixation
55.0134 	EXP 	Display Fixation
55.0301 	EXP 	Display Fixation
55.0468 	EXP 	Display Fixation
55.0634 	EXP 	Display Fixation
55.0801 	EXP 	Display Fixation
55.0968 	EXP 	Display Fixation
55.1134 	EXP 	Display Fixation
55.1301 	EXP 	Display Fixation
55.1471 	EXP 	Display Fixation
55.1634 	EXP 	Display Fixation
55.1805 	EXP 	Display Fixation
55.1971 	EXP 	Display Fixation
55.2134 	EXP 	Display Fixation
55.2300 	EXP 	Display Fixation
55.2465 	EXP 	Display Fixation
55.2637 	EXP 	Display Fixation
55.2801 	EXP 	Display Fixation
55.2970 	EXP 	Display Fixation
55.3137 	EXP 	Display Fixation
55.3302 	EXP 	Display Fixation
55.3467 	EXP 	Display Fixation
55.3637 	EXP 	Display Fixation
55.3802 	EXP 	Display Fixation
55.3968 	EXP 	Display Fixation
55.4139 	EXP 	Display Fixation
55.4304 	EXP 	Display Fixation
55.4477 	EXP 	Display Fixation
55.4645 	EXP 	Display Fixation
55.4805 	EXP 	Display Fixation
55.4973 	EXP 	Display Fixation
55.5134 	EXP 	Display Fixation
55.5310 	EXP 	Display Fixation
55.5475 	EXP 	Display Fixation
55.5640 	EXP 	Display Fixation
55.5805 	EXP 	Display Fixation
55.5964 	EXP 	Display Fixation
55.6136 	EXP 	Display Fixation
55.6303 	EXP 	Display Fixation
55.6469 	EXP 	Display Fixation
55.6634 	EXP 	Display Fixation
55.6804 	EXP 	Display Fixation
55.6970 	EXP 	Display Fixation
55.7135 	EXP 	Display Fixation
55.7303 	EXP 	Display Fixation
55.7471 	EXP 	Display Fixation
55.7635 	EXP 	Display Fixation
55.7804 	EXP 	Display Fixation
55.7973 	EXP 	Display Fixation
55.8137 	EXP 	Display Fixation
55.8305 	EXP 	Display Fixation
55.8469 	EXP 	Display Fixation
55.8636 	EXP 	Display Fixation
55.8802 	EXP 	Display Fixation
55.8970 	EXP 	Display Fixation
55.9137 	EXP 	Display Fixation
55.9302 	EXP 	Display Fixation
55.9470 	EXP 	Display Fixation
55.9634 	EXP 	Display Fixation
55.9804 	EXP 	Display Fixation
55.9971 	EXP 	Display Fixation
56.0135 	EXP 	Display Fixation
56.0303 	EXP 	Display Fixation
56.0469 	EXP 	Display Fixation
56.0637 	EXP 	Display Fixation
56.0802 	EXP 	Display Fixation
56.0970 	EXP 	Display Fixation
56.1136 	EXP 	Display Fixation
56.1303 	EXP 	Display Fixation
56.1468 	EXP 	Display Fixation
56.1637 	EXP 	Display Fixation
56.1803 	EXP 	Display Fixation
56.1973 	EXP 	Display Fixation
56.2137 	EXP 	Display Fixation
56.2303 	EXP 	Display Fixation
56.2470 	EXP 	Display Fixation
56.2636 	EXP 	Display Fixation
56.2806 	EXP 	Display Fixation
56.2972 	EXP 	Display Fixation
56.3137 	EXP 	Display Fixation
56.3303 	EXP 	Display Fixation
56.3468 	EXP 	Display Fixation
56.3635 	EXP 	Display Fixation
56.3801 	EXP 	Display Fixation
56.3972 	EXP 	Display Fixation
56.4138 	EXP 	Display Fixation
56.4302 	EXP 	Display Fixation
56.4472 	EXP 	Display Fixation
56.4637 	EXP 	Display Fixation
56.4804 	EXP 	Display Fixation
56.4968 	EXP 	Display Fixation
56.5135 	EXP 	Display Fixation
56.5302 	EXP 	Display Fixation
56.5467 	EXP 	Display Fixation
56.5635 	EXP 	Display Fixation
56.5800 	EXP 	Display Fixation
56.5969 	EXP 	Display Fixation
56.6132 	EXP 	Display Fixation
56.6299 	EXP 	Display Fixation
56.6472 	EXP 	Display Fixation
56.6636 	EXP 	Display Fixation
56.6802 	EXP 	Display Fixation
56.6971 	EXP 	Display Fixation
56.7136 	EXP 	Display Fixation
56.7304 	EXP 	Display Fixation
56.7470 	EXP 	Display Fixation
56.7635 	EXP 	Display Fixation
56.7802 	EXP 	Display Fixation
56.7969 	EXP 	Display Fixation
56.8133 	EXP 	Display Fixation
56.8305 	EXP 	Display Fixation
56.8470 	EXP 	Display Fixation
56.8471 	EXP 	--- END EXPERIMENT ---
56.8675 	EXP 	topMsg: text = "That's the end! "
56.8675 	EXP 	bottomMsg: text = "Press 'q' or 'escape' to end the session."
56.8675 	EXP 	Display TheEnd
59.8795 	DATA 	Keypress: escape
59.8899 	EXP 	win: mouseVisible = True
66.1041 	EXP 	number of targets counted: 5
