5.8704 	WARNING 	We strongly recommend you activate the PTB sound engine in PsychoPy prefs as the preferred audio engine. Its timing is vastly superior. Your prefs are currently set to use ['sounddevice', 'PTB', 'pyo', 'pygame'] (in that order).
14.6525 	INFO 	---START PARAMETERS---
14.6525 	INFO 	filename: SampleExperiment_d1-1-4-Oct_21_1019
14.6525 	INFO 	subject: 1
14.6525 	INFO 	session: 4
14.6525 	INFO 	date: Oct_21_1019
14.6526 	INFO 	ISI: 1.75
14.6526 	INFO 	choices: [1, 2, 3]
14.6526 	INFO 	fixCrossPos: [0, 0]
14.6526 	INFO 	fixCrossSize: 0.1
14.6526 	INFO 	fullScreen: True
14.6526 	INFO 	imageDir_neutral: Faces/neutral/
14.6526 	INFO 	imageDir_social: Faces/social/
14.6526 	INFO 	imageDir_threat: Faces/threat/
14.6526 	INFO 	imageSuffix: .png
14.6526 	INFO 	nTrials: 3
14.6526 	INFO 	postStimDur: 1.0
14.6532 	INFO 	preStimDur: [0.5 0.6 0.7 0.8 0.9 1.  1.1 1.2 1.3 1.4 1.5 1.6 1.7 1.8 1.9]
14.6533 	INFO 	promptDir: Text/
14.6533 	INFO 	promptFile_neutral: NeutralPrompts.csv
14.6533 	INFO 	promptFile_social: SocialPrompts.csv
14.6533 	INFO 	promptFile_threat: ThreatPrompts.csv
14.6533 	INFO 	respAdvances: True
14.6533 	INFO 	respKeys: ['r', 'b', 'y', 'g']
14.6533 	INFO 	screenColor: (128, 128, 128)
14.6533 	INFO 	screenToShow: 0
14.6533 	INFO 	skipPrompts: False
14.6533 	INFO 	stimDur: 0.5
14.6533 	INFO 	tStartup: 1
14.6533 	INFO 	triggerKey: t
14.6534 	INFO 	---END PARAMETERS---
20.4245 	INFO 	Loaded monitor calibration from ['2021_02_22 10:21']
20.4303 	WARNING 	User requested fullscreen with size [800 600], but screen is actually [1440, 900]. Using actual size
21.6870 	EXP 	Created win = Window(allowGUI=False, allowStencil=False, autoLog=True, backendConf=UNKNOWN, bitsMode=UNKNOWN, blendMode='avg', bpc=(8, 8, 8), color=array([128, 128, 128]), colorSpace='rgb255', depthBits=8, fullscr=<method-wrapper '__getattribute__' of attributeSetter object at 0x7f9c99d87c18>, gamma=None, gammaErrorPolicy='raise', lms=UNKNOWN, monitor=<psychopy.monitors.calibTools.Monitor object at 0x7f9c9718e5c0>, multiSample=False, name='win', numSamples=2, pos=[0.0, 0.0], screen=0, size=array([1440,  900]), stencilBits=0, stereo=False, units='height', useFBO=False, useRetina=False, viewOri=0.0, viewPos=None, viewScale=None, waitBlanking=True, winType='pyglet')
21.6874 	EXP 	win: mouseVisible = True
21.7048 	EXP 	Created fixCross = ShapeStim(__class__=<class 'psychopy.visual.shape.ShapeStim'>, autoDraw=False, autoLog=True, closeShape=False, color=method-wrapper(...), colorSpace='rgb', contrast=None, depth=0, fillColor=array([0, 0, 0]), fillColorSpace='rgb', fillRGB=UNKNOWN, interpolate=True, lineColor=array([-1., -1., -1.]), lineColorSpace='rgb', lineRGB=UNKNOWN, lineWidth=3.0, name='fixCross', opacity=1.0, ori=0.0, pos=array([0., 0.]), size=array([1., 1.]), units='height', vertices=ndarray(...), win=Window(...), windingRule=None)
21.7056 	WARNING 	TextStim.alignHoriz is deprecated. Use alignText and anchorHoriz attributes instead
21.8005 	EXP 	Created topMsg = TextStim(__class__=<class 'psychopy.visual.text.TextStim'>, alignHoriz='center', alignText='center', alignVert=method-wrapper(...), anchorHoriz='center', anchorVert='center', antialias=True, autoLog=True, bold=False, color=array([-1., -1., -1.]), colorSpace='rgb', contrast=1.0, depth=0, flipHoriz=False, flipVert=False, font='', fontFiles=[], height=0.1, italic=False, languageStyle='LTR', name='topMsg', opacity=1.0, ori=0.0, pos=array([0. , 0.5]), rgb=UNKNOWN, text='aaa', units='norm', win=Window(...), wrapWidth=1.5)
21.8007 	WARNING 	TextStim.alignHoriz is deprecated. Use alignText and anchorHoriz attributes instead
21.8056 	EXP 	Created bottomMsg = TextStim(__class__=<class 'psychopy.visual.text.TextStim'>, alignHoriz='center', alignText='center', alignVert=method-wrapper(...), anchorHoriz='center', anchorVert='center', antialias=True, autoLog=True, bold=False, color=array([-1., -1., -1.]), colorSpace='rgb', contrast=1.0, depth=0, flipHoriz=False, flipVert=False, font='', fontFiles=[], height=0.1, italic=False, languageStyle='LTR', name='bottomMsg', opacity=1.0, ori=0.0, pos=array([ 0. , -0.5]), rgb=UNKNOWN, text='bbb', units='norm', win=Window(...), wrapWidth=1.5)
21.9655 	EXP 	Created ImageStimulus = ImageStim(__class__=<class 'psychopy.visual.image.ImageStim'>, autoLog=True, color=array([1., 1., 1.]), colorSpace='rgb', contrast=1.0, depth=0, flipHoriz=False, flipVert=False, image='Faces/neutral/No Emotion_Front_Woman6.png', interpolate=False, mask=None, maskParams=None, name='ImageStimulus', opacity=1, ori=0.0, pos=array([0., 0.]), size=array([0.55555556, 0.55555556]), texRes=128, units='height', win=Window(...))
22.5830 	EXP 	win: mouseVisible = True
