2.4190 	WARNING 	We strongly recommend you activate the PTB sound engine in PsychoPy prefs as the preferred audio engine. Its timing is vastly superior. Your prefs are currently set to use ['sounddevice', 'PTB', 'pyo', 'pygame'] (in that order).
13.1191 	INFO 	---START PARAMETERS---
13.1192 	INFO 	filename: SampleExperiment_d1-1-54-Nov_18_1601
13.1192 	INFO 	subject: 1
13.1192 	INFO 	session: 54
13.1192 	INFO 	date: Nov_18_1601
13.1192 	INFO 	ISI: 1.75
13.1192 	INFO 	baudeRate: 115200
13.1193 	INFO 	blankMessage: bytearray(b'\x14')
13.1193 	INFO 	choices: [1, 2, 3]
13.1193 	INFO 	deviceName: /dev/cu.usbserial-DN2Q03JQ
13.1193 	INFO 	fixCrossPos: [0, 0]
13.1193 	INFO 	fixCrossSize: 0.1
13.1193 	INFO 	fullScreen: True
13.1193 	INFO 	imageDir_neutral: Faces/neutral/
13.1193 	INFO 	imageDir_social: Faces/social/
13.1193 	INFO 	imageDir_threat: Faces/threat/
13.1194 	INFO 	imageSize: [0.8, 0.8]
13.1194 	INFO 	imageSubstring: nontarget
13.1194 	INFO 	imageSuffix: .png
13.1194 	INFO 	nTrials: 5
13.1194 	INFO 	nontargetMessage: bytearray(b'(')
13.1194 	INFO 	postFixMessage: bytearray(b'\n')
13.1194 	INFO 	postStimDur: 1.0
13.1194 	INFO 	preFixMessage: bytearray(b'\x01')
13.1201 	INFO 	preStimDur: [0.5 0.6 0.7 0.8 0.9 1.  1.1 1.2 1.3 1.4 1.5 1.6 1.7 1.8 1.9]
13.1201 	INFO 	promptDir: Text/
13.1201 	INFO 	promptFile_neutral: NeutralPrompts.csv
13.1201 	INFO 	promptFile_social: SocialPrompts.csv
13.1202 	INFO 	promptFile_threat: ThreatPrompts.csv
13.1202 	INFO 	promptImageSize: [1.2, 0.3]
13.1202 	INFO 	respAdvances: True
13.1202 	INFO 	respKeys: ['r', 'b', 'y', 'g']
13.1202 	INFO 	screenColor: (128, 128, 128)
13.1202 	INFO 	screenToShow: 0
13.1202 	INFO 	skipPrompts: False
13.1202 	INFO 	stimDur: 0.5
13.1203 	INFO 	tStartup: 1
13.1203 	INFO 	targetMessage: bytearray(b'\x1e')
13.1203 	INFO 	triggerKey: t
13.1203 	INFO 	---END PARAMETERS---
14.1232 	INFO 	Loaded monitor calibration from ['2021_06_28 14:15']
14.1270 	WARNING 	User requested fullscreen with size [800 600], but screen is actually [1920, 1080]. Using actual size
14.8343 	EXP 	Created win = Window(allowGUI=False, allowStencil=False, autoLog=True, backendConf=UNKNOWN, bitsMode=UNKNOWN, blendMode='avg', bpc=(8, 8, 8), color=array([128, 128, 128]), colorSpace='rgb255', depthBits=8, fullscr=<method-wrapper '__getattribute__' of attributeSetter object at 0x7fd99fe4bba8>, gamma=None, gammaErrorPolicy='raise', lms=UNKNOWN, monitor=<psychopy.monitors.calibTools.Monitor object at 0x7fd99d57fa20>, multiSample=False, name='win', numSamples=2, pos=[0.0, 0.0], screen=0, size=array([1920, 1080]), stencilBits=0, stereo=False, units='height', useFBO=False, useRetina=False, viewOri=0.0, viewPos=None, viewScale=None, waitBlanking=True, winType='pyglet')
14.8348 	EXP 	win: mouseVisible = True
14.8431 	EXP 	Created fixCross = ShapeStim(__class__=<class 'psychopy.visual.shape.ShapeStim'>, autoDraw=False, autoLog=True, closeShape=False, color=method-wrapper(...), colorSpace='rgb', contrast=None, depth=0, fillColor=array([0, 0, 0]), fillColorSpace='rgb', fillRGB=UNKNOWN, interpolate=True, lineColor=array([-1., -1., -1.]), lineColorSpace='rgb', lineRGB=UNKNOWN, lineWidth=3.0, name='fixCross', opacity=0.5, ori=0.0, pos=array([0., 0.]), size=array([1., 1.]), units='height', vertices=ndarray(...), win=Window(...), windingRule=None)
14.8438 	WARNING 	TextStim.alignHoriz is deprecated. Use alignText and anchorHoriz attributes instead
14.8977 	EXP 	Created topMsg = TextStim(__class__=<class 'psychopy.visual.text.TextStim'>, alignHoriz='center', alignText='center', alignVert=method-wrapper(...), anchorHoriz='center', anchorVert='center', antialias=True, autoLog=True, bold=False, color=array([-1., -1., -1.]), colorSpace='rgb', contrast=1.0, depth=0, flipHoriz=False, flipVert=False, font='', fontFiles=[], height=0.1, italic=False, languageStyle='LTR', name='topMsg', opacity=1.0, ori=0.0, pos=array([0. , 0.5]), rgb=UNKNOWN, text='aaa', units='norm', win=Window(...), wrapWidth=1.5)
14.8978 	WARNING 	TextStim.alignHoriz is deprecated. Use alignText and anchorHoriz attributes instead
14.9012 	EXP 	Created bottomMsg = TextStim(__class__=<class 'psychopy.visual.text.TextStim'>, alignHoriz='center', alignText='center', alignVert=method-wrapper(...), anchorHoriz='center', anchorVert='center', antialias=True, autoLog=True, bold=False, color=array([-1., -1., -1.]), colorSpace='rgb', contrast=1.0, depth=0, flipHoriz=False, flipVert=False, font='', fontFiles=[], height=0.1, italic=False, languageStyle='LTR', name='bottomMsg', opacity=1.0, ori=0.0, pos=array([ 0. , -0.5]), rgb=UNKNOWN, text='bbb', units='norm', win=Window(...), wrapWidth=1.5)
14.9598 	EXP 	Created ImageStimulus = ImageStim(__class__=<class 'psychopy.visual.image.ImageStim'>, autoLog=True, color=array([1., 1., 1.]), colorSpace='rgb', contrast=1.0, depth=0, flipHoriz=False, flipVert=False, image='Faces/neutral/Woman4_neutral_target.png', interpolate=False, mask=None, maskParams=None, name='ImageStimulus', opacity=1, ori=0.0, pos=array([0., 0.]), size=array([0.46296296, 0.46296296]), texRes=128, units='height', win=Window(...))
15.0198 	EXP 	topMsg: text = 'In this task, you will see images briefly flashed on the screen. Your job is to count the images in a “target” category and ignore the others. At the end, we will ask you how many target images you saw.'
15.0198 	EXP 	bottomMsg: text = 'In this run, please count all the faces with hats. (Press ENTER to continue.)'
15.0198 	EXP 	Display Instructions1
17.0664 	DATA 	Keypress: return
17.1176 	EXP 	topMsg: text = 'Here are some examples of faces with hats (left) and no hats (right).'
17.1176 	EXP 	bottomMsg: text = 'Just before and after each image, there will be a cross in the middle of the screen. Please look directly at the cross and try not to blink during this period. (Press ENTER to continue.)'
17.1176 	EXP 	ImageStimulus: size = array([1.1787037 , 0.25555556])
17.1176 	EXP 	ImageStimulus: image = 'Faces/sample_images/sample_neutral.png'
17.1176 	EXP 	ImageStimulus: size = [1.2, 0.3]
17.1176 	EXP 	Display Instructions2
20.2543 	DATA 	Keypress: return
20.2740 	EXP 	topMsg: text = 'If you have any questions, please ask the experimenter now.'
20.2740 	EXP 	bottomMsg: text = 'WHEN YOU ARE READY TO BEGIN, press any button.'
20.2740 	EXP 	Display Instructions3
21.6735 	DATA 	Keypress: return
21.6831 	EXP 	topMsg: text = 'Waiting for scanner to start...'
21.6831 	EXP 	bottomMsg: text = "(Press 'T' to override.)"
21.6831 	EXP 	Display WaitingForScanner
22.6997 	DATA 	Keypress: t
22.7004 	EXP 	---START EXPERIMENT---
22.7100 	EXP 	Display Fixation
22.7158 	EXP 	Display Fixation
22.7313 	EXP 	Display Fixation
22.7479 	EXP 	Display Fixation
22.7646 	EXP 	Display Fixation
22.7816 	EXP 	Display Fixation
22.7982 	EXP 	Display Fixation
22.8150 	EXP 	Display Fixation
22.8322 	EXP 	Display Fixation
22.8489 	EXP 	Display Fixation
22.8662 	EXP 	Display Fixation
22.8832 	EXP 	Display Fixation
22.8999 	EXP 	Display Fixation
22.9165 	EXP 	Display Fixation
22.9332 	EXP 	Display Fixation
22.9498 	EXP 	Display Fixation
22.9663 	EXP 	Display Fixation
22.9833 	EXP 	Display Fixation
22.9999 	EXP 	Display Fixation
23.0166 	EXP 	Display Fixation
23.0332 	EXP 	Display Fixation
23.0497 	EXP 	Display Fixation
23.0666 	EXP 	Display Fixation
23.0832 	EXP 	Display Fixation
23.0999 	EXP 	Display Fixation
23.1167 	EXP 	Display Fixation
23.1331 	EXP 	Display Fixation
23.1498 	EXP 	Display Fixation
23.1666 	EXP 	Display Fixation
23.1832 	EXP 	Display Fixation
23.2000 	EXP 	Display Fixation
23.2163 	EXP 	Display Fixation
23.2333 	EXP 	Display Fixation
23.2500 	EXP 	Display Fixation
23.2669 	EXP 	Display Fixation
23.2832 	EXP 	Display Fixation
23.2998 	EXP 	Display Fixation
23.3165 	EXP 	Display Fixation
23.3331 	EXP 	Display Fixation
23.3499 	EXP 	Display Fixation
23.3666 	EXP 	Display Fixation
23.3833 	EXP 	Display Fixation
23.4000 	EXP 	Display Fixation
23.4166 	EXP 	Display Fixation
23.4332 	EXP 	Display Fixation
23.4499 	EXP 	Display Fixation
23.4666 	EXP 	Display Fixation
23.4831 	EXP 	Display Fixation
23.4999 	EXP 	Display Fixation
23.5167 	EXP 	Display Fixation
23.5331 	EXP 	Display Fixation
23.5498 	EXP 	Display Fixation
23.5665 	EXP 	Display Fixation
23.5833 	EXP 	Display Fixation
23.6000 	EXP 	Display Fixation
23.6165 	EXP 	Display Fixation
23.6334 	EXP 	Display Fixation
23.6498 	EXP 	Display Fixation
23.6664 	EXP 	Display Fixation
23.6833 	EXP 	Display Fixation
23.6999 	EXP 	Display Fixation
23.7170 	EXP 	Display Fixation
23.7330 	EXP 	Display Fixation
23.7499 	EXP 	Display Fixation
23.7666 	EXP 	Display Fixation
23.7832 	EXP 	Display Fixation
23.7998 	EXP 	Display Fixation
23.8165 	EXP 	Display Fixation
23.8333 	EXP 	Display Fixation
23.8499 	EXP 	Display Fixation
23.8665 	EXP 	Display Fixation
23.8831 	EXP 	Display Fixation
23.9003 	EXP 	Display Fixation
23.9165 	EXP 	Display Fixation
23.9331 	EXP 	Display Fixation
23.9499 	EXP 	Display Fixation
23.9668 	EXP 	Display Fixation
23.9832 	EXP 	Display Fixation
23.9998 	EXP 	Display Fixation
24.0168 	EXP 	Display Fixation
24.0332 	EXP 	Display Fixation
24.0498 	EXP 	Display Fixation
24.0666 	EXP 	Display Fixation
24.0833 	EXP 	Display Fixation
24.1001 	EXP 	Display Fixation
24.1165 	EXP 	Display Fixation
24.1332 	EXP 	Display Fixation
24.1499 	EXP 	Display Fixation
24.1665 	EXP 	Display Fixation
24.1832 	EXP 	Display Fixation
24.2000 	EXP 	Display Fixation
24.2165 	EXP 	Display Fixation
24.2333 	EXP 	Display Fixation
24.2500 	EXP 	Display Fixation
24.2665 	EXP 	Display Fixation
24.2833 	EXP 	Display Fixation
24.2999 	EXP 	Display Fixation
24.3165 	EXP 	Display Fixation
24.3331 	EXP 	Display Fixation
24.3500 	EXP 	Display Fixation
24.3665 	EXP 	Display Fixation
24.3832 	EXP 	Display Fixation
24.4000 	EXP 	Display Fixation
24.4165 	EXP 	Display Fixation
24.4332 	EXP 	Display Fixation
24.4498 	EXP 	Display Fixation
24.4667 	EXP 	Display Fixation
24.4832 	EXP 	Display Fixation
24.4996 	EXP 	Display Fixation
24.5165 	EXP 	Display Fixation
24.5332 	EXP 	Display Fixation
24.5498 	EXP 	Display Fixation
24.5666 	EXP 	Display Fixation
24.5832 	EXP 	Display Fixation
24.5999 	EXP 	Display Fixation
24.6167 	EXP 	Display Fixation
24.6330 	EXP 	Display Fixation
24.6499 	EXP 	Display Fixation
24.6668 	EXP 	Display Fixation
24.6832 	EXP 	Display Fixation
24.6999 	EXP 	Display Fixation
24.7170 	EXP 	Display Fixation
24.7332 	EXP 	Display Fixation
24.7499 	EXP 	Display Fixation
24.7665 	EXP 	Display Fixation
24.7834 	EXP 	Display Fixation
24.7998 	EXP 	Display Fixation
24.8165 	EXP 	Display Fixation
24.8332 	EXP 	Display Fixation
24.8499 	EXP 	Display Fixation
24.8665 	EXP 	Display Fixation
24.8832 	EXP 	Display Fixation
24.8998 	EXP 	Display Fixation
24.9166 	EXP 	Display Fixation
24.9331 	EXP 	Display Fixation
24.9498 	EXP 	Display Fixation
24.9664 	EXP 	Display Fixation
24.9832 	EXP 	Display Fixation
24.9999 	EXP 	Display Fixation
25.0165 	EXP 	Display Fixation
25.0333 	EXP 	Display Fixation
25.0499 	EXP 	Display Fixation
25.0665 	EXP 	Display Fixation
25.0833 	EXP 	Display Fixation
25.0998 	EXP 	Display Fixation
25.1165 	EXP 	Display Fixation
25.1332 	EXP 	Display Fixation
25.1498 	EXP 	Display Fixation
25.1665 	EXP 	Display Fixation
25.1833 	EXP 	Display Fixation
25.2000 	EXP 	Display Fixation
25.2165 	EXP 	Display Fixation
25.2331 	EXP 	Display Fixation
25.2498 	EXP 	Display Fixation
25.2666 	EXP 	Display Fixation
25.2831 	EXP 	Display Fixation
25.2997 	EXP 	Display Fixation
25.3165 	EXP 	Display Fixation
25.3432 	EXP 	ImageStimulus: image = 'Faces/neutral/Woman4_neutral_target.png'
25.3432 	EXP 	ImageStimulus: size = [0.8, 0.8]
25.3432 	EXP 	Display Faces/neutral/Woman4_neutral_target.png
25.8023 	EXP 	Display Fixation
25.8151 	EXP 	Display Fixation
25.8325 	EXP 	Display Fixation
25.8498 	EXP 	Display Fixation
25.8667 	EXP 	Display Fixation
25.8832 	EXP 	Display Fixation
25.9000 	EXP 	Display Fixation
25.9165 	EXP 	Display Fixation
25.9333 	EXP 	Display Fixation
25.9484 	EXP 	Display Fixation
25.9658 	EXP 	Display Fixation
25.9832 	EXP 	Display Fixation
25.9998 	EXP 	Display Fixation
26.0164 	EXP 	Display Fixation
26.0333 	EXP 	Display Fixation
26.0498 	EXP 	Display Fixation
26.0665 	EXP 	Display Fixation
26.0832 	EXP 	Display Fixation
26.0999 	EXP 	Display Fixation
26.1165 	EXP 	Display Fixation
26.1331 	EXP 	Display Fixation
26.1500 	EXP 	Display Fixation
26.1667 	EXP 	Display Fixation
26.1832 	EXP 	Display Fixation
26.1999 	EXP 	Display Fixation
26.2166 	EXP 	Display Fixation
26.2333 	EXP 	Display Fixation
26.2499 	EXP 	Display Fixation
26.2666 	EXP 	Display Fixation
26.2831 	EXP 	Display Fixation
26.3000 	EXP 	Display Fixation
26.3166 	EXP 	Display Fixation
26.3332 	EXP 	Display Fixation
26.3500 	EXP 	Display Fixation
26.3665 	EXP 	Display Fixation
26.3833 	EXP 	Display Fixation
26.4001 	EXP 	Display Fixation
26.4167 	EXP 	Display Fixation
26.4332 	EXP 	Display Fixation
26.4500 	EXP 	Display Fixation
26.4667 	EXP 	Display Fixation
26.4832 	EXP 	Display Fixation
26.5000 	EXP 	Display Fixation
26.5164 	EXP 	Display Fixation
26.5332 	EXP 	Display Fixation
26.5499 	EXP 	Display Fixation
26.5664 	EXP 	Display Fixation
26.5832 	EXP 	Display Fixation
26.5999 	EXP 	Display Fixation
26.6165 	EXP 	Display Fixation
26.6333 	EXP 	Display Fixation
26.6500 	EXP 	Display Fixation
26.6665 	EXP 	Display Fixation
26.6833 	EXP 	Display Fixation
26.7000 	EXP 	Display Fixation
26.7165 	EXP 	Display Fixation
26.7334 	EXP 	Display Fixation
26.7498 	EXP 	Display Fixation
26.7665 	EXP 	Display Fixation
26.7835 	EXP 	Display Fixation
26.8000 	EXP 	Display Fixation
26.8166 	EXP 	Display Fixation
26.8328 	EXP 	Display Fixation
26.8500 	EXP 	Display Fixation
26.8669 	EXP 	Display Fixation
26.8831 	EXP 	Display Fixation
26.9001 	EXP 	Display Fixation
26.9165 	EXP 	Display Fixation
26.9332 	EXP 	Display Fixation
26.9498 	EXP 	Display Fixation
26.9667 	EXP 	Display Fixation
26.9831 	EXP 	Display Fixation
27.0001 	EXP 	Display Fixation
27.0167 	EXP 	Display Fixation
27.0333 	EXP 	Display Fixation
27.0500 	EXP 	Display Fixation
27.0669 	EXP 	Display Fixation
27.0836 	EXP 	Display Fixation
27.1000 	EXP 	Display Fixation
27.1168 	EXP 	Display Fixation
27.1335 	EXP 	Display Fixation
27.1501 	EXP 	Display Fixation
27.1668 	EXP 	Display Fixation
27.1837 	EXP 	Display Fixation
27.2000 	EXP 	Display Fixation
27.2170 	EXP 	Display Fixation
27.2334 	EXP 	Display Fixation
27.2502 	EXP 	Display Fixation
27.2668 	EXP 	Display Fixation
27.2841 	EXP 	Display Fixation
27.3003 	EXP 	Display Fixation
27.3168 	EXP 	Display Fixation
27.3337 	EXP 	Display Fixation
27.3501 	EXP 	Display Fixation
27.3668 	EXP 	Display Fixation
27.3834 	EXP 	Display Fixation
27.4000 	EXP 	Display Fixation
27.4168 	EXP 	Display Fixation
27.4335 	EXP 	Display Fixation
27.4503 	EXP 	Display Fixation
27.4668 	EXP 	Display Fixation
27.4835 	EXP 	Display Fixation
27.4994 	EXP 	Display Fixation
27.5166 	EXP 	Display Fixation
27.5327 	EXP 	Display Fixation
27.5499 	EXP 	Display Fixation
27.5664 	EXP 	Display Fixation
27.5834 	EXP 	Display Fixation
27.6003 	EXP 	Display Fixation
27.6173 	EXP 	Display Fixation
27.6335 	EXP 	Display Fixation
27.6501 	EXP 	Display Fixation
27.6669 	EXP 	Display Fixation
27.6837 	EXP 	Display Fixation
27.7003 	EXP 	Display Fixation
27.7166 	EXP 	Display Fixation
27.7334 	EXP 	Display Fixation
27.7500 	EXP 	Display Fixation
27.7668 	EXP 	Display Fixation
27.7834 	EXP 	Display Fixation
27.8003 	EXP 	Display Fixation
27.8170 	EXP 	Display Fixation
27.8334 	EXP 	Display Fixation
27.8501 	EXP 	Display Fixation
27.8668 	EXP 	Display Fixation
27.8834 	EXP 	Display Fixation
27.9001 	EXP 	Display Fixation
27.9169 	EXP 	Display Fixation
27.9337 	EXP 	Display Fixation
27.9501 	EXP 	Display Fixation
27.9667 	EXP 	Display Fixation
27.9834 	EXP 	Display Fixation
28.0003 	EXP 	Display Fixation
28.0169 	EXP 	Display Fixation
28.0336 	EXP 	Display Fixation
28.0504 	EXP 	Display Fixation
28.0668 	EXP 	Display Fixation
28.0835 	EXP 	Display Fixation
28.1001 	EXP 	Display Fixation
28.1166 	EXP 	Display Fixation
28.1337 	EXP 	Display Fixation
28.1499 	EXP 	Display Fixation
28.1668 	EXP 	Display Fixation
28.1837 	EXP 	Display Fixation
28.2000 	EXP 	Display Fixation
28.2168 	EXP 	Display Fixation
28.2333 	EXP 	Display Fixation
28.2501 	EXP 	Display Fixation
28.2669 	EXP 	Display Fixation
28.2835 	EXP 	Display Fixation
28.3001 	EXP 	Display Fixation
28.3166 	EXP 	Display Fixation
28.3333 	EXP 	Display Fixation
28.3500 	EXP 	Display Fixation
28.3670 	EXP 	Display Fixation
28.3834 	EXP 	Display Fixation
28.4000 	EXP 	Display Fixation
28.4169 	EXP 	Display Fixation
28.4335 	EXP 	Display Fixation
28.4501 	EXP 	Display Fixation
28.4668 	EXP 	Display Fixation
28.4831 	EXP 	Display Fixation
28.5003 	EXP 	Display Fixation
28.5167 	EXP 	Display Fixation
28.5337 	EXP 	Display Fixation
28.5501 	EXP 	Display Fixation
28.5668 	EXP 	Display Fixation
28.5832 	EXP 	Display Fixation
28.6000 	EXP 	Display Fixation
28.6167 	EXP 	Display Fixation
28.6335 	EXP 	Display Fixation
28.6501 	EXP 	Display Fixation
28.6668 	EXP 	Display Fixation
28.6834 	EXP 	Display Fixation
28.7000 	EXP 	Display Fixation
28.7168 	EXP 	Display Fixation
28.7336 	EXP 	Display Fixation
28.7501 	EXP 	Display Fixation
28.7670 	EXP 	Display Fixation
28.7835 	EXP 	Display Fixation
28.8003 	EXP 	Display Fixation
28.8170 	EXP 	Display Fixation
28.8333 	EXP 	Display Fixation
28.8502 	EXP 	Display Fixation
28.8669 	EXP 	Display Fixation
28.8835 	EXP 	Display Fixation
28.9002 	EXP 	Display Fixation
28.9169 	EXP 	Display Fixation
28.9334 	EXP 	Display Fixation
28.9501 	EXP 	Display Fixation
28.9667 	EXP 	Display Fixation
28.9834 	EXP 	Display Fixation
29.0002 	EXP 	Display Fixation
29.0168 	EXP 	Display Fixation
29.0338 	EXP 	Display Fixation
29.0503 	EXP 	Display Fixation
29.0667 	EXP 	Display Fixation
29.0834 	EXP 	Display Fixation
29.0999 	EXP 	Display Fixation
29.1170 	EXP 	Display Fixation
29.1336 	EXP 	Display Fixation
29.1501 	EXP 	Display Fixation
29.1669 	EXP 	Display Fixation
29.1923 	EXP 	Display Fixation
29.1992 	EXP 	Display Fixation
29.2167 	EXP 	Display Fixation
29.2335 	EXP 	Display Fixation
29.2502 	EXP 	Display Fixation
29.2668 	EXP 	Display Fixation
29.2835 	EXP 	Display Fixation
29.3001 	EXP 	Display Fixation
29.3168 	EXP 	Display Fixation
29.3333 	EXP 	Display Fixation
29.3501 	EXP 	Display Fixation
29.3666 	EXP 	Display Fixation
29.3834 	EXP 	Display Fixation
29.4000 	EXP 	Display Fixation
29.4169 	EXP 	Display Fixation
29.4334 	EXP 	Display Fixation
29.4501 	EXP 	Display Fixation
29.4667 	EXP 	Display Fixation
29.4835 	EXP 	Display Fixation
29.5002 	EXP 	Display Fixation
29.5168 	EXP 	Display Fixation
29.5334 	EXP 	Display Fixation
29.5500 	EXP 	Display Fixation
29.5666 	EXP 	Display Fixation
29.5835 	EXP 	Display Fixation
29.5999 	EXP 	Display Fixation
29.6168 	EXP 	Display Fixation
29.6335 	EXP 	Display Fixation
29.6505 	EXP 	Display Fixation
29.6667 	EXP 	Display Fixation
29.6834 	EXP 	Display Fixation
29.7000 	EXP 	Display Fixation
29.7168 	EXP 	Display Fixation
29.7335 	EXP 	Display Fixation
29.7501 	EXP 	Display Fixation
29.7667 	EXP 	Display Fixation
29.7834 	EXP 	Display Fixation
29.8001 	EXP 	Display Fixation
29.8170 	EXP 	Display Fixation
29.8334 	EXP 	Display Fixation
29.8501 	EXP 	Display Fixation
29.8670 	EXP 	Display Fixation
29.8834 	EXP 	Display Fixation
29.9001 	EXP 	Display Fixation
29.9168 	EXP 	Display Fixation
29.9334 	EXP 	Display Fixation
29.9501 	EXP 	Display Fixation
29.9667 	EXP 	Display Fixation
29.9834 	EXP 	Display Fixation
30.0006 	EXP 	Display Fixation
30.0173 	EXP 	Display Fixation
30.0334 	EXP 	Display Fixation
30.0501 	EXP 	Display Fixation
30.0674 	EXP 	Display Fixation
30.0834 	EXP 	Display Fixation
30.1000 	EXP 	Display Fixation
30.1167 	EXP 	Display Fixation
30.1334 	EXP 	Display Fixation
30.1504 	EXP 	Display Fixation
30.1667 	EXP 	Display Fixation
30.1834 	EXP 	Display Fixation
30.2000 	EXP 	Display Fixation
30.2169 	EXP 	Display Fixation
30.2334 	EXP 	Display Fixation
30.2501 	EXP 	Display Fixation
30.2667 	EXP 	Display Fixation
30.2835 	EXP 	Display Fixation
30.3002 	EXP 	Display Fixation
30.3166 	EXP 	Display Fixation
30.3333 	EXP 	Display Fixation
30.3501 	EXP 	Display Fixation
30.3669 	EXP 	Display Fixation
30.3892 	EXP 	ImageStimulus: image = 'Faces/neutral/Man8_nontarget.png'
30.3892 	EXP 	ImageStimulus: size = [0.8, 0.8]
30.3892 	EXP 	Display Faces/neutral/Man8_nontarget.png
30.8530 	EXP 	Display Fixation
30.8556 	EXP 	Display Fixation
30.8579 	EXP 	Display Fixation
30.8594 	EXP 	Display Fixation
30.8619 	EXP 	Display Fixation
30.8646 	EXP 	Display Fixation
30.8671 	EXP 	Display Fixation
30.8817 	EXP 	Display Fixation
30.8989 	EXP 	Display Fixation
30.9154 	EXP 	Display Fixation
30.9326 	EXP 	Display Fixation
30.9499 	EXP 	Display Fixation
30.9670 	EXP 	Display Fixation
30.9834 	EXP 	Display Fixation
31.0001 	EXP 	Display Fixation
31.0167 	EXP 	Display Fixation
31.0338 	EXP 	Display Fixation
31.0502 	EXP 	Display Fixation
31.0668 	EXP 	Display Fixation
31.0835 	EXP 	Display Fixation
31.0999 	EXP 	Display Fixation
31.1167 	EXP 	Display Fixation
31.1337 	EXP 	Display Fixation
31.1502 	EXP 	Display Fixation
31.1668 	EXP 	Display Fixation
31.1826 	EXP 	Display Fixation
31.2000 	EXP 	Display Fixation
31.2172 	EXP 	Display Fixation
31.2336 	EXP 	Display Fixation
31.2504 	EXP 	Display Fixation
31.2668 	EXP 	Display Fixation
31.2831 	EXP 	Display Fixation
31.3000 	EXP 	Display Fixation
31.3169 	EXP 	Display Fixation
31.3335 	EXP 	Display Fixation
31.3500 	EXP 	Display Fixation
31.3667 	EXP 	Display Fixation
31.3833 	EXP 	Display Fixation
31.4002 	EXP 	Display Fixation
31.4173 	EXP 	Display Fixation
31.4335 	EXP 	Display Fixation
31.4500 	EXP 	Display Fixation
31.4669 	EXP 	Display Fixation
31.4834 	EXP 	Display Fixation
31.5001 	EXP 	Display Fixation
31.5168 	EXP 	Display Fixation
31.5336 	EXP 	Display Fixation
31.5500 	EXP 	Display Fixation
31.5667 	EXP 	Display Fixation
31.5833 	EXP 	Display Fixation
31.6001 	EXP 	Display Fixation
31.6168 	EXP 	Display Fixation
31.6334 	EXP 	Display Fixation
31.6506 	EXP 	Display Fixation
31.6667 	EXP 	Display Fixation
31.6833 	EXP 	Display Fixation
31.7000 	EXP 	Display Fixation
31.7167 	EXP 	Display Fixation
31.7335 	EXP 	Display Fixation
31.7502 	EXP 	Display Fixation
31.7669 	EXP 	Display Fixation
31.7832 	EXP 	Display Fixation
31.8000 	EXP 	Display Fixation
31.8168 	EXP 	Display Fixation
31.8336 	EXP 	Display Fixation
31.8497 	EXP 	Display Fixation
31.8668 	EXP 	Display Fixation
31.8834 	EXP 	Display Fixation
31.9002 	EXP 	Display Fixation
31.9166 	EXP 	Display Fixation
31.9334 	EXP 	Display Fixation
31.9501 	EXP 	Display Fixation
31.9669 	EXP 	Display Fixation
31.9834 	EXP 	Display Fixation
32.0002 	EXP 	Display Fixation
32.0168 	EXP 	Display Fixation
32.0335 	EXP 	Display Fixation
32.0505 	EXP 	Display Fixation
32.0667 	EXP 	Display Fixation
32.0831 	EXP 	Display Fixation
32.0999 	EXP 	Display Fixation
32.1164 	EXP 	Display Fixation
32.1334 	EXP 	Display Fixation
32.1498 	EXP 	Display Fixation
32.1665 	EXP 	Display Fixation
32.1835 	EXP 	Display Fixation
32.1999 	EXP 	Display Fixation
32.2163 	EXP 	Display Fixation
32.2332 	EXP 	Display Fixation
32.2498 	EXP 	Display Fixation
32.2665 	EXP 	Display Fixation
32.2832 	EXP 	Display Fixation
32.2999 	EXP 	Display Fixation
32.3165 	EXP 	Display Fixation
32.3333 	EXP 	Display Fixation
32.3499 	EXP 	Display Fixation
32.3666 	EXP 	Display Fixation
32.3832 	EXP 	Display Fixation
32.4000 	EXP 	Display Fixation
32.4164 	EXP 	Display Fixation
32.4331 	EXP 	Display Fixation
32.4500 	EXP 	Display Fixation
32.4669 	EXP 	Display Fixation
32.4831 	EXP 	Display Fixation
32.5000 	EXP 	Display Fixation
32.5165 	EXP 	Display Fixation
32.5331 	EXP 	Display Fixation
32.5503 	EXP 	Display Fixation
32.5666 	EXP 	Display Fixation
32.5832 	EXP 	Display Fixation
32.5998 	EXP 	Display Fixation
32.6163 	EXP 	Display Fixation
32.6332 	EXP 	Display Fixation
32.6498 	EXP 	Display Fixation
32.6666 	EXP 	Display Fixation
32.6832 	EXP 	Display Fixation
32.7002 	EXP 	Display Fixation
32.7158 	EXP 	Display Fixation
32.7317 	EXP 	Display Fixation
32.7484 	EXP 	Display Fixation
32.7659 	EXP 	Display Fixation
32.7834 	EXP 	Display Fixation
32.8001 	EXP 	Display Fixation
32.8166 	EXP 	Display Fixation
32.8335 	EXP 	Display Fixation
32.8500 	EXP 	Display Fixation
32.8668 	EXP 	Display Fixation
32.8833 	EXP 	Display Fixation
32.9001 	EXP 	Display Fixation
32.9165 	EXP 	Display Fixation
32.9332 	EXP 	Display Fixation
32.9498 	EXP 	Display Fixation
32.9665 	EXP 	Display Fixation
32.9831 	EXP 	Display Fixation
32.9998 	EXP 	Display Fixation
33.0164 	EXP 	Display Fixation
33.0331 	EXP 	Display Fixation
33.0503 	EXP 	Display Fixation
33.0665 	EXP 	Display Fixation
33.0832 	EXP 	Display Fixation
33.0998 	EXP 	Display Fixation
33.1165 	EXP 	Display Fixation
33.1331 	EXP 	Display Fixation
33.1498 	EXP 	Display Fixation
33.1665 	EXP 	Display Fixation
33.1831 	EXP 	Display Fixation
33.1999 	EXP 	Display Fixation
33.2166 	EXP 	Display Fixation
33.2331 	EXP 	Display Fixation
33.2499 	EXP 	Display Fixation
33.2667 	EXP 	Display Fixation
33.2832 	EXP 	Display Fixation
33.2999 	EXP 	Display Fixation
33.3165 	EXP 	Display Fixation
33.3331 	EXP 	Display Fixation
33.3500 	EXP 	Display Fixation
33.3666 	EXP 	Display Fixation
33.3831 	EXP 	Display Fixation
33.3999 	EXP 	Display Fixation
33.4164 	EXP 	Display Fixation
33.4336 	EXP 	Display Fixation
33.4498 	EXP 	Display Fixation
33.4665 	EXP 	Display Fixation
33.4832 	EXP 	Display Fixation
33.4999 	EXP 	Display Fixation
33.5164 	EXP 	Display Fixation
33.5332 	EXP 	Display Fixation
33.5498 	EXP 	Display Fixation
33.5665 	EXP 	Display Fixation
33.5830 	EXP 	Display Fixation
33.5998 	EXP 	Display Fixation
33.6166 	EXP 	Display Fixation
33.6331 	EXP 	Display Fixation
33.6501 	EXP 	Display Fixation
33.6665 	EXP 	Display Fixation
33.6833 	EXP 	Display Fixation
33.7001 	EXP 	Display Fixation
33.7163 	EXP 	Display Fixation
33.7333 	EXP 	Display Fixation
33.7499 	EXP 	Display Fixation
33.7666 	EXP 	Display Fixation
33.7832 	EXP 	Display Fixation
33.7999 	EXP 	Display Fixation
33.8164 	EXP 	Display Fixation
33.8332 	EXP 	Display Fixation
33.8498 	EXP 	Display Fixation
33.8669 	EXP 	Display Fixation
33.8832 	EXP 	Display Fixation
33.8997 	EXP 	Display Fixation
33.9167 	EXP 	Display Fixation
33.9331 	EXP 	Display Fixation
33.9498 	EXP 	Display Fixation
33.9666 	EXP 	Display Fixation
33.9830 	EXP 	Display Fixation
33.9998 	EXP 	Display Fixation
34.0167 	EXP 	Display Fixation
34.0331 	EXP 	Display Fixation
34.0498 	EXP 	Display Fixation
34.0665 	EXP 	Display Fixation
34.0832 	EXP 	Display Fixation
34.0999 	EXP 	Display Fixation
34.1166 	EXP 	Display Fixation
34.1328 	EXP 	Display Fixation
34.1498 	EXP 	Display Fixation
34.1665 	EXP 	Display Fixation
34.1832 	EXP 	Display Fixation
34.1998 	EXP 	Display Fixation
34.2165 	EXP 	Display Fixation
34.2333 	EXP 	Display Fixation
34.2499 	EXP 	Display Fixation
34.2664 	EXP 	Display Fixation
34.2832 	EXP 	Display Fixation
34.2999 	EXP 	Display Fixation
34.3165 	EXP 	Display Fixation
34.3331 	EXP 	Display Fixation
34.3499 	EXP 	Display Fixation
34.3664 	EXP 	Display Fixation
34.3831 	EXP 	Display Fixation
34.3998 	EXP 	Display Fixation
34.4170 	EXP 	Display Fixation
34.4333 	EXP 	Display Fixation
34.4499 	EXP 	Display Fixation
34.4666 	EXP 	Display Fixation
34.4833 	EXP 	Display Fixation
34.4998 	EXP 	Display Fixation
34.5166 	EXP 	Display Fixation
34.5333 	EXP 	Display Fixation
34.5497 	EXP 	Display Fixation
34.5666 	EXP 	Display Fixation
34.5832 	EXP 	Display Fixation
34.5998 	EXP 	Display Fixation
34.6164 	EXP 	Display Fixation
34.6336 	EXP 	Display Fixation
34.6500 	EXP 	Display Fixation
34.6666 	EXP 	Display Fixation
34.6833 	EXP 	Display Fixation
34.6999 	EXP 	Display Fixation
34.7165 	EXP 	Display Fixation
34.7330 	EXP 	Display Fixation
34.7497 	EXP 	Display Fixation
34.7666 	EXP 	Display Fixation
34.7831 	EXP 	Display Fixation
34.7998 	EXP 	Display Fixation
34.8165 	EXP 	Display Fixation
34.8334 	EXP 	Display Fixation
34.8490 	EXP 	Display Fixation
34.8649 	EXP 	Display Fixation
34.8821 	EXP 	Display Fixation
34.8999 	EXP 	Display Fixation
34.9165 	EXP 	Display Fixation
34.9331 	EXP 	Display Fixation
34.9499 	EXP 	Display Fixation
34.9664 	EXP 	Display Fixation
34.9831 	EXP 	Display Fixation
35.0001 	EXP 	Display Fixation
35.0164 	EXP 	Display Fixation
35.0332 	EXP 	Display Fixation
35.0499 	EXP 	Display Fixation
35.0666 	EXP 	Display Fixation
35.0833 	EXP 	Display Fixation
35.0999 	EXP 	Display Fixation
35.1164 	EXP 	Display Fixation
35.1331 	EXP 	Display Fixation
35.1498 	EXP 	Display Fixation
35.1665 	EXP 	Display Fixation
35.1832 	EXP 	Display Fixation
35.1999 	EXP 	Display Fixation
35.2166 	EXP 	Display Fixation
35.2330 	EXP 	Display Fixation
35.2499 	EXP 	Display Fixation
35.2665 	EXP 	Display Fixation
35.2833 	EXP 	Display Fixation
35.3001 	EXP 	Display Fixation
35.3165 	EXP 	Display Fixation
35.3333 	EXP 	Display Fixation
35.3498 	EXP 	Display Fixation
35.3664 	EXP 	Display Fixation
35.3831 	EXP 	Display Fixation
35.3998 	EXP 	Display Fixation
35.4164 	EXP 	Display Fixation
35.4332 	EXP 	Display Fixation
35.4500 	EXP 	Display Fixation
35.4667 	EXP 	Display Fixation
35.4832 	EXP 	Display Fixation
35.4999 	EXP 	Display Fixation
35.5165 	EXP 	Display Fixation
35.5386 	EXP 	ImageStimulus: image = 'Faces/neutral/Man4_nontarget.png'
35.5386 	EXP 	ImageStimulus: size = [0.8, 0.8]
35.5386 	EXP 	Display Faces/neutral/Man4_nontarget.png
36.0031 	EXP 	Display Fixation
36.0049 	EXP 	Display Fixation
36.0072 	EXP 	Display Fixation
36.0094 	EXP 	Display Fixation
36.0111 	EXP 	Display Fixation
36.0133 	EXP 	Display Fixation
36.0153 	EXP 	Display Fixation
36.0316 	EXP 	Display Fixation
36.0491 	EXP 	Display Fixation
36.0666 	EXP 	Display Fixation
36.0833 	EXP 	Display Fixation
36.0999 	EXP 	Display Fixation
36.1167 	EXP 	Display Fixation
36.1333 	EXP 	Display Fixation
36.1499 	EXP 	Display Fixation
36.1664 	EXP 	Display Fixation
36.1832 	EXP 	Display Fixation
36.1998 	EXP 	Display Fixation
36.2164 	EXP 	Display Fixation
36.2332 	EXP 	Display Fixation
36.2499 	EXP 	Display Fixation
36.2667 	EXP 	Display Fixation
36.2832 	EXP 	Display Fixation
36.2999 	EXP 	Display Fixation
36.3168 	EXP 	Display Fixation
36.3332 	EXP 	Display Fixation
36.3499 	EXP 	Display Fixation
36.3664 	EXP 	Display Fixation
36.3832 	EXP 	Display Fixation
36.3999 	EXP 	Display Fixation
36.4165 	EXP 	Display Fixation
36.4337 	EXP 	Display Fixation
36.4499 	EXP 	Display Fixation
36.4666 	EXP 	Display Fixation
36.4832 	EXP 	Display Fixation
36.4999 	EXP 	Display Fixation
36.5166 	EXP 	Display Fixation
36.5332 	EXP 	Display Fixation
36.5499 	EXP 	Display Fixation
36.5665 	EXP 	Display Fixation
36.5830 	EXP 	Display Fixation
36.5998 	EXP 	Display Fixation
36.6165 	EXP 	Display Fixation
36.6332 	EXP 	Display Fixation
36.6500 	EXP 	Display Fixation
36.6665 	EXP 	Display Fixation
36.6832 	EXP 	Display Fixation
36.6995 	EXP 	Display Fixation
36.7164 	EXP 	Display Fixation
36.7331 	EXP 	Display Fixation
36.7499 	EXP 	Display Fixation
36.7665 	EXP 	Display Fixation
36.7831 	EXP 	Display Fixation
36.8000 	EXP 	Display Fixation
36.8166 	EXP 	Display Fixation
36.8331 	EXP 	Display Fixation
36.8490 	EXP 	Display Fixation
36.8663 	EXP 	Display Fixation
36.8830 	EXP 	Display Fixation
36.8999 	EXP 	Display Fixation
36.9166 	EXP 	Display Fixation
36.9332 	EXP 	Display Fixation
36.9498 	EXP 	Display Fixation
36.9665 	EXP 	Display Fixation
36.9832 	EXP 	Display Fixation
36.9998 	EXP 	Display Fixation
37.0165 	EXP 	Display Fixation
37.0333 	EXP 	Display Fixation
37.0499 	EXP 	Display Fixation
37.0667 	EXP 	Display Fixation
37.0835 	EXP 	Display Fixation
37.1000 	EXP 	Display Fixation
37.1168 	EXP 	Display Fixation
37.1336 	EXP 	Display Fixation
37.1502 	EXP 	Display Fixation
37.1666 	EXP 	Display Fixation
37.1833 	EXP 	Display Fixation
37.2003 	EXP 	Display Fixation
37.2168 	EXP 	Display Fixation
37.2337 	EXP 	Display Fixation
37.2502 	EXP 	Display Fixation
37.2666 	EXP 	Display Fixation
37.2834 	EXP 	Display Fixation
37.3001 	EXP 	Display Fixation
37.3170 	EXP 	Display Fixation
37.3337 	EXP 	Display Fixation
37.3501 	EXP 	Display Fixation
37.3667 	EXP 	Display Fixation
37.3836 	EXP 	Display Fixation
37.3999 	EXP 	Display Fixation
37.4164 	EXP 	Display Fixation
37.4334 	EXP 	Display Fixation
37.4501 	EXP 	Display Fixation
37.4670 	EXP 	Display Fixation
37.4834 	EXP 	Display Fixation
37.5004 	EXP 	Display Fixation
37.5168 	EXP 	Display Fixation
37.5334 	EXP 	Display Fixation
37.5501 	EXP 	Display Fixation
37.5667 	EXP 	Display Fixation
37.5835 	EXP 	Display Fixation
37.6004 	EXP 	Display Fixation
37.6167 	EXP 	Display Fixation
37.6333 	EXP 	Display Fixation
37.6505 	EXP 	Display Fixation
37.6667 	EXP 	Display Fixation
37.6836 	EXP 	Display Fixation
37.7001 	EXP 	Display Fixation
37.7168 	EXP 	Display Fixation
37.7338 	EXP 	Display Fixation
37.7501 	EXP 	Display Fixation
37.7668 	EXP 	Display Fixation
37.7835 	EXP 	Display Fixation
37.7999 	EXP 	Display Fixation
37.8162 	EXP 	Display Fixation
37.8334 	EXP 	Display Fixation
37.8501 	EXP 	Display Fixation
37.8667 	EXP 	Display Fixation
37.8836 	EXP 	Display Fixation
37.9000 	EXP 	Display Fixation
37.9166 	EXP 	Display Fixation
37.9332 	EXP 	Display Fixation
37.9500 	EXP 	Display Fixation
37.9668 	EXP 	Display Fixation
37.9834 	EXP 	Display Fixation
38.0001 	EXP 	Display Fixation
38.0171 	EXP 	Display Fixation
38.0337 	EXP 	Display Fixation
38.0500 	EXP 	Display Fixation
38.0667 	EXP 	Display Fixation
38.0834 	EXP 	Display Fixation
38.1001 	EXP 	Display Fixation
38.1169 	EXP 	Display Fixation
38.1337 	EXP 	Display Fixation
38.1501 	EXP 	Display Fixation
38.1667 	EXP 	Display Fixation
38.1836 	EXP 	Display Fixation
38.2001 	EXP 	Display Fixation
38.2167 	EXP 	Display Fixation
38.2334 	EXP 	Display Fixation
38.2502 	EXP 	Display Fixation
38.2668 	EXP 	Display Fixation
38.2835 	EXP 	Display Fixation
38.3001 	EXP 	Display Fixation
38.3167 	EXP 	Display Fixation
38.3332 	EXP 	Display Fixation
38.3501 	EXP 	Display Fixation
38.3660 	EXP 	Display Fixation
38.3834 	EXP 	Display Fixation
38.4002 	EXP 	Display Fixation
38.4167 	EXP 	Display Fixation
38.4334 	EXP 	Display Fixation
38.4500 	EXP 	Display Fixation
38.4667 	EXP 	Display Fixation
38.4834 	EXP 	Display Fixation
38.5003 	EXP 	Display Fixation
38.5171 	EXP 	Display Fixation
38.5335 	EXP 	Display Fixation
38.5500 	EXP 	Display Fixation
38.5666 	EXP 	Display Fixation
38.5834 	EXP 	Display Fixation
38.6000 	EXP 	Display Fixation
38.6167 	EXP 	Display Fixation
38.6336 	EXP 	Display Fixation
38.6501 	EXP 	Display Fixation
38.6668 	EXP 	Display Fixation
38.6834 	EXP 	Display Fixation
38.7001 	EXP 	Display Fixation
38.7167 	EXP 	Display Fixation
38.7335 	EXP 	Display Fixation
38.7501 	EXP 	Display Fixation
38.7667 	EXP 	Display Fixation
38.7836 	EXP 	Display Fixation
38.8001 	EXP 	Display Fixation
38.8167 	EXP 	Display Fixation
38.8335 	EXP 	Display Fixation
38.8501 	EXP 	Display Fixation
38.8668 	EXP 	Display Fixation
38.8836 	EXP 	Display Fixation
38.9001 	EXP 	Display Fixation
38.9168 	EXP 	Display Fixation
38.9335 	EXP 	Display Fixation
38.9500 	EXP 	Display Fixation
38.9667 	EXP 	Display Fixation
38.9833 	EXP 	Display Fixation
39.0001 	EXP 	Display Fixation
39.0174 	EXP 	Display Fixation
39.0334 	EXP 	Display Fixation
39.0502 	EXP 	Display Fixation
39.0668 	EXP 	Display Fixation
39.0835 	EXP 	Display Fixation
39.1001 	EXP 	Display Fixation
39.1168 	EXP 	Display Fixation
39.1333 	EXP 	Display Fixation
39.1501 	EXP 	Display Fixation
39.1668 	EXP 	Display Fixation
39.1835 	EXP 	Display Fixation
39.2001 	EXP 	Display Fixation
39.2167 	EXP 	Display Fixation
39.2334 	EXP 	Display Fixation
39.2502 	EXP 	Display Fixation
39.2670 	EXP 	Display Fixation
39.2834 	EXP 	Display Fixation
39.3001 	EXP 	Display Fixation
39.3167 	EXP 	Display Fixation
39.3334 	EXP 	Display Fixation
39.3502 	EXP 	Display Fixation
39.3666 	EXP 	Display Fixation
39.3835 	EXP 	Display Fixation
39.4002 	EXP 	Display Fixation
39.4166 	EXP 	Display Fixation
39.4333 	EXP 	Display Fixation
39.4504 	EXP 	Display Fixation
39.4668 	EXP 	Display Fixation
39.4833 	EXP 	Display Fixation
39.5001 	EXP 	Display Fixation
39.5167 	EXP 	Display Fixation
39.5337 	EXP 	Display Fixation
39.5502 	EXP 	Display Fixation
39.5667 	EXP 	Display Fixation
39.5835 	EXP 	Display Fixation
39.6001 	EXP 	Display Fixation
39.6168 	EXP 	Display Fixation
39.6335 	EXP 	Display Fixation
39.6504 	EXP 	Display Fixation
39.6668 	EXP 	Display Fixation
39.6834 	EXP 	Display Fixation
39.7002 	EXP 	Display Fixation
39.7170 	EXP 	Display Fixation
39.7332 	EXP 	Display Fixation
39.7499 	EXP 	Display Fixation
39.7670 	EXP 	Display Fixation
39.7834 	EXP 	Display Fixation
39.8002 	EXP 	Display Fixation
39.8168 	EXP 	Display Fixation
39.8334 	EXP 	Display Fixation
39.8504 	EXP 	Display Fixation
39.8668 	EXP 	Display Fixation
39.8834 	EXP 	Display Fixation
39.9001 	EXP 	Display Fixation
39.9167 	EXP 	Display Fixation
39.9337 	EXP 	Display Fixation
39.9501 	EXP 	Display Fixation
39.9666 	EXP 	Display Fixation
39.9900 	EXP 	ImageStimulus: image = 'Faces/neutral/Man17_neutral_target.png'
39.9900 	EXP 	ImageStimulus: size = [0.8, 0.8]
39.9900 	EXP 	Display Faces/neutral/Man17_neutral_target.png
40.4526 	EXP 	Display Fixation
40.4552 	EXP 	Display Fixation
40.4572 	EXP 	Display Fixation
40.4596 	EXP 	Display Fixation
40.4618 	EXP 	Display Fixation
40.4633 	EXP 	Display Fixation
40.4665 	EXP 	Display Fixation
40.4822 	EXP 	Display Fixation
40.4995 	EXP 	Display Fixation
40.5168 	EXP 	Display Fixation
40.5338 	EXP 	Display Fixation
40.5504 	EXP 	Display Fixation
40.5668 	EXP 	Display Fixation
40.5833 	EXP 	Display Fixation
40.6003 	EXP 	Display Fixation
40.6168 	EXP 	Display Fixation
40.6334 	EXP 	Display Fixation
40.6501 	EXP 	Display Fixation
40.6670 	EXP 	Display Fixation
40.6834 	EXP 	Display Fixation
40.7001 	EXP 	Display Fixation
40.7168 	EXP 	Display Fixation
40.7335 	EXP 	Display Fixation
40.7501 	EXP 	Display Fixation
40.7667 	EXP 	Display Fixation
40.7836 	EXP 	Display Fixation
40.8001 	EXP 	Display Fixation
40.8167 	EXP 	Display Fixation
40.8335 	EXP 	Display Fixation
40.8502 	EXP 	Display Fixation
40.8667 	EXP 	Display Fixation
40.8835 	EXP 	Display Fixation
40.9002 	EXP 	Display Fixation
40.9168 	EXP 	Display Fixation
40.9339 	EXP 	Display Fixation
40.9501 	EXP 	Display Fixation
40.9671 	EXP 	Display Fixation
40.9835 	EXP 	Display Fixation
40.9999 	EXP 	Display Fixation
41.0174 	EXP 	Display Fixation
41.0333 	EXP 	Display Fixation
41.0502 	EXP 	Display Fixation
41.0668 	EXP 	Display Fixation
41.0836 	EXP 	Display Fixation
41.1000 	EXP 	Display Fixation
41.1168 	EXP 	Display Fixation
41.1332 	EXP 	Display Fixation
41.1500 	EXP 	Display Fixation
41.1668 	EXP 	Display Fixation
41.1834 	EXP 	Display Fixation
41.2003 	EXP 	Display Fixation
41.2167 	EXP 	Display Fixation
41.2334 	EXP 	Display Fixation
41.2500 	EXP 	Display Fixation
41.2667 	EXP 	Display Fixation
41.2836 	EXP 	Display Fixation
41.3000 	EXP 	Display Fixation
41.3170 	EXP 	Display Fixation
41.3337 	EXP 	Display Fixation
41.3502 	EXP 	Display Fixation
41.3668 	EXP 	Display Fixation
41.3834 	EXP 	Display Fixation
41.3999 	EXP 	Display Fixation
41.4170 	EXP 	Display Fixation
41.4334 	EXP 	Display Fixation
41.4502 	EXP 	Display Fixation
41.4669 	EXP 	Display Fixation
41.4835 	EXP 	Display Fixation
41.5000 	EXP 	Display Fixation
41.5166 	EXP 	Display Fixation
41.5337 	EXP 	Display Fixation
41.5501 	EXP 	Display Fixation
41.5666 	EXP 	Display Fixation
41.5834 	EXP 	Display Fixation
41.6000 	EXP 	Display Fixation
41.6169 	EXP 	Display Fixation
41.6333 	EXP 	Display Fixation
41.6500 	EXP 	Display Fixation
41.6668 	EXP 	Display Fixation
41.6834 	EXP 	Display Fixation
41.7003 	EXP 	Display Fixation
41.7166 	EXP 	Display Fixation
41.7336 	EXP 	Display Fixation
41.7503 	EXP 	Display Fixation
41.7666 	EXP 	Display Fixation
41.7834 	EXP 	Display Fixation
41.8001 	EXP 	Display Fixation
41.8171 	EXP 	Display Fixation
41.8337 	EXP 	Display Fixation
41.8502 	EXP 	Display Fixation
41.8665 	EXP 	Display Fixation
41.8834 	EXP 	Display Fixation
41.9001 	EXP 	Display Fixation
41.9152 	EXP 	Display Fixation
41.9316 	EXP 	Display Fixation
41.9489 	EXP 	Display Fixation
41.9661 	EXP 	Display Fixation
41.9833 	EXP 	Display Fixation
42.0000 	EXP 	Display Fixation
42.0167 	EXP 	Display Fixation
42.0333 	EXP 	Display Fixation
42.0501 	EXP 	Display Fixation
42.0667 	EXP 	Display Fixation
42.0832 	EXP 	Display Fixation
42.0998 	EXP 	Display Fixation
42.1158 	EXP 	Display Fixation
42.1332 	EXP 	Display Fixation
42.1503 	EXP 	Display Fixation
42.1665 	EXP 	Display Fixation
42.1834 	EXP 	Display Fixation
42.1998 	EXP 	Display Fixation
42.2164 	EXP 	Display Fixation
42.2332 	EXP 	Display Fixation
42.2499 	EXP 	Display Fixation
42.2666 	EXP 	Display Fixation
42.2833 	EXP 	Display Fixation
42.2999 	EXP 	Display Fixation
42.3165 	EXP 	Display Fixation
42.3332 	EXP 	Display Fixation
42.3497 	EXP 	Display Fixation
42.3667 	EXP 	Display Fixation
42.3832 	EXP 	Display Fixation
42.3999 	EXP 	Display Fixation
42.4164 	EXP 	Display Fixation
42.4332 	EXP 	Display Fixation
42.4498 	EXP 	Display Fixation
42.4666 	EXP 	Display Fixation
42.4833 	EXP 	Display Fixation
42.5000 	EXP 	Display Fixation
42.5165 	EXP 	Display Fixation
42.5332 	EXP 	Display Fixation
42.5500 	EXP 	Display Fixation
42.5666 	EXP 	Display Fixation
42.5834 	EXP 	Display Fixation
42.5999 	EXP 	Display Fixation
42.6165 	EXP 	Display Fixation
42.6331 	EXP 	Display Fixation
42.6499 	EXP 	Display Fixation
42.6667 	EXP 	Display Fixation
42.6832 	EXP 	Display Fixation
42.6999 	EXP 	Display Fixation
42.7165 	EXP 	Display Fixation
42.7331 	EXP 	Display Fixation
42.7499 	EXP 	Display Fixation
42.7665 	EXP 	Display Fixation
42.7831 	EXP 	Display Fixation
42.7999 	EXP 	Display Fixation
42.8165 	EXP 	Display Fixation
42.8333 	EXP 	Display Fixation
42.8500 	EXP 	Display Fixation
42.8665 	EXP 	Display Fixation
42.8832 	EXP 	Display Fixation
42.8998 	EXP 	Display Fixation
42.9165 	EXP 	Display Fixation
42.9333 	EXP 	Display Fixation
42.9499 	EXP 	Display Fixation
42.9668 	EXP 	Display Fixation
42.9832 	EXP 	Display Fixation
42.9999 	EXP 	Display Fixation
43.0165 	EXP 	Display Fixation
43.0335 	EXP 	Display Fixation
43.0497 	EXP 	Display Fixation
43.0668 	EXP 	Display Fixation
43.0833 	EXP 	Display Fixation
43.0999 	EXP 	Display Fixation
43.1165 	EXP 	Display Fixation
43.1332 	EXP 	Display Fixation
43.1499 	EXP 	Display Fixation
43.1665 	EXP 	Display Fixation
43.1831 	EXP 	Display Fixation
43.1999 	EXP 	Display Fixation
43.2162 	EXP 	Display Fixation
43.2329 	EXP 	Display Fixation
43.2499 	EXP 	Display Fixation
43.2665 	EXP 	Display Fixation
43.2833 	EXP 	Display Fixation
43.2997 	EXP 	Display Fixation
43.3166 	EXP 	Display Fixation
43.3330 	EXP 	Display Fixation
43.3499 	EXP 	Display Fixation
43.3668 	EXP 	Display Fixation
43.3832 	EXP 	Display Fixation
43.3999 	EXP 	Display Fixation
43.4166 	EXP 	Display Fixation
43.4332 	EXP 	Display Fixation
43.4500 	EXP 	Display Fixation
43.4670 	EXP 	Display Fixation
43.4832 	EXP 	Display Fixation
43.5000 	EXP 	Display Fixation
43.5165 	EXP 	Display Fixation
43.5331 	EXP 	Display Fixation
43.5500 	EXP 	Display Fixation
43.5664 	EXP 	Display Fixation
43.5833 	EXP 	Display Fixation
43.5999 	EXP 	Display Fixation
43.6165 	EXP 	Display Fixation
43.6332 	EXP 	Display Fixation
43.6498 	EXP 	Display Fixation
43.6666 	EXP 	Display Fixation
43.6835 	EXP 	Display Fixation
43.7000 	EXP 	Display Fixation
43.7166 	EXP 	Display Fixation
43.7333 	EXP 	Display Fixation
43.7501 	EXP 	Display Fixation
43.7665 	EXP 	Display Fixation
43.7832 	EXP 	Display Fixation
43.7999 	EXP 	Display Fixation
43.8165 	EXP 	Display Fixation
43.8331 	EXP 	Display Fixation
43.8500 	EXP 	Display Fixation
43.8665 	EXP 	Display Fixation
43.8833 	EXP 	Display Fixation
43.8999 	EXP 	Display Fixation
43.9165 	EXP 	Display Fixation
43.9331 	EXP 	Display Fixation
43.9496 	EXP 	Display Fixation
43.9666 	EXP 	Display Fixation
43.9832 	EXP 	Display Fixation
44.0000 	EXP 	Display Fixation
44.0166 	EXP 	Display Fixation
44.0332 	EXP 	Display Fixation
44.0499 	EXP 	Display Fixation
44.0667 	EXP 	Display Fixation
44.0833 	EXP 	Display Fixation
44.0999 	EXP 	Display Fixation
44.1166 	EXP 	Display Fixation
44.1332 	EXP 	Display Fixation
44.1499 	EXP 	Display Fixation
44.1666 	EXP 	Display Fixation
44.1833 	EXP 	Display Fixation
44.2000 	EXP 	Display Fixation
44.2165 	EXP 	Display Fixation
44.2387 	EXP 	ImageStimulus: image = 'Faces/neutral/Woman14_nontarget.png'
44.2387 	EXP 	ImageStimulus: size = [0.8, 0.8]
44.2387 	EXP 	Display Faces/neutral/Woman14_nontarget.png
44.7029 	EXP 	Display Fixation
44.7054 	EXP 	Display Fixation
44.7076 	EXP 	Display Fixation
44.7098 	EXP 	Display Fixation
44.7121 	EXP 	Display Fixation
44.7149 	EXP 	Display Fixation
44.7320 	EXP 	Display Fixation
44.7489 	EXP 	Display Fixation
44.7667 	EXP 	Display Fixation
44.7833 	EXP 	Display Fixation
44.7998 	EXP 	Display Fixation
44.8166 	EXP 	Display Fixation
44.8334 	EXP 	Display Fixation
44.8499 	EXP 	Display Fixation
44.8667 	EXP 	Display Fixation
44.8832 	EXP 	Display Fixation
44.8998 	EXP 	Display Fixation
44.9167 	EXP 	Display Fixation
44.9332 	EXP 	Display Fixation
44.9498 	EXP 	Display Fixation
44.9664 	EXP 	Display Fixation
44.9832 	EXP 	Display Fixation
44.9999 	EXP 	Display Fixation
45.0166 	EXP 	Display Fixation
45.0337 	EXP 	Display Fixation
45.0499 	EXP 	Display Fixation
45.0665 	EXP 	Display Fixation
45.0833 	EXP 	Display Fixation
45.0999 	EXP 	Display Fixation
45.1170 	EXP 	Display Fixation
45.1332 	EXP 	Display Fixation
45.1495 	EXP 	Display Fixation
45.1665 	EXP 	Display Fixation
45.1832 	EXP 	Display Fixation
45.1999 	EXP 	Display Fixation
45.2165 	EXP 	Display Fixation
45.2336 	EXP 	Display Fixation
45.2499 	EXP 	Display Fixation
45.2665 	EXP 	Display Fixation
45.2833 	EXP 	Display Fixation
45.2999 	EXP 	Display Fixation
45.3166 	EXP 	Display Fixation
45.3332 	EXP 	Display Fixation
45.3499 	EXP 	Display Fixation
45.3666 	EXP 	Display Fixation
45.3832 	EXP 	Display Fixation
45.4000 	EXP 	Display Fixation
45.4165 	EXP 	Display Fixation
45.4331 	EXP 	Display Fixation
45.4500 	EXP 	Display Fixation
45.4667 	EXP 	Display Fixation
45.4831 	EXP 	Display Fixation
45.4999 	EXP 	Display Fixation
45.5165 	EXP 	Display Fixation
45.5333 	EXP 	Display Fixation
45.5499 	EXP 	Display Fixation
45.5665 	EXP 	Display Fixation
45.5832 	EXP 	Display Fixation
45.5999 	EXP 	Display Fixation
45.6165 	EXP 	Display Fixation
45.6332 	EXP 	Display Fixation
45.6497 	EXP 	Display Fixation
45.6667 	EXP 	Display Fixation
45.6831 	EXP 	Display Fixation
45.6999 	EXP 	Display Fixation
45.7165 	EXP 	Display Fixation
45.7331 	EXP 	Display Fixation
45.7499 	EXP 	Display Fixation
45.7667 	EXP 	Display Fixation
45.7834 	EXP 	Display Fixation
45.7998 	EXP 	Display Fixation
45.8164 	EXP 	Display Fixation
45.8331 	EXP 	Display Fixation
45.8498 	EXP 	Display Fixation
45.8664 	EXP 	Display Fixation
45.8832 	EXP 	Display Fixation
45.8999 	EXP 	Display Fixation
45.9165 	EXP 	Display Fixation
45.9333 	EXP 	Display Fixation
45.9498 	EXP 	Display Fixation
45.9665 	EXP 	Display Fixation
45.9832 	EXP 	Display Fixation
45.9998 	EXP 	Display Fixation
46.0162 	EXP 	Display Fixation
46.0332 	EXP 	Display Fixation
46.0500 	EXP 	Display Fixation
46.0666 	EXP 	Display Fixation
46.0832 	EXP 	Display Fixation
46.1000 	EXP 	Display Fixation
46.1165 	EXP 	Display Fixation
46.1330 	EXP 	Display Fixation
46.1500 	EXP 	Display Fixation
46.1666 	EXP 	Display Fixation
46.1832 	EXP 	Display Fixation
46.2000 	EXP 	Display Fixation
46.2166 	EXP 	Display Fixation
46.2332 	EXP 	Display Fixation
46.2500 	EXP 	Display Fixation
46.2666 	EXP 	Display Fixation
46.2834 	EXP 	Display Fixation
46.2999 	EXP 	Display Fixation
46.3165 	EXP 	Display Fixation
46.3331 	EXP 	Display Fixation
46.3499 	EXP 	Display Fixation
46.3665 	EXP 	Display Fixation
46.3831 	EXP 	Display Fixation
46.3998 	EXP 	Display Fixation
46.4166 	EXP 	Display Fixation
46.4335 	EXP 	Display Fixation
46.4499 	EXP 	Display Fixation
46.4666 	EXP 	Display Fixation
46.4832 	EXP 	Display Fixation
46.4998 	EXP 	Display Fixation
46.5166 	EXP 	Display Fixation
46.5333 	EXP 	Display Fixation
46.5498 	EXP 	Display Fixation
46.5665 	EXP 	Display Fixation
46.5835 	EXP 	Display Fixation
46.6001 	EXP 	Display Fixation
46.6165 	EXP 	Display Fixation
46.6332 	EXP 	Display Fixation
46.6500 	EXP 	Display Fixation
46.6669 	EXP 	Display Fixation
46.6832 	EXP 	Display Fixation
46.6999 	EXP 	Display Fixation
46.7167 	EXP 	Display Fixation
46.7332 	EXP 	Display Fixation
46.7498 	EXP 	Display Fixation
46.7665 	EXP 	Display Fixation
46.7832 	EXP 	Display Fixation
46.7999 	EXP 	Display Fixation
46.8165 	EXP 	Display Fixation
46.8335 	EXP 	Display Fixation
46.8501 	EXP 	Display Fixation
46.8666 	EXP 	Display Fixation
46.8833 	EXP 	Display Fixation
46.8999 	EXP 	Display Fixation
46.9165 	EXP 	Display Fixation
46.9331 	EXP 	Display Fixation
46.9498 	EXP 	Display Fixation
46.9666 	EXP 	Display Fixation
46.9833 	EXP 	Display Fixation
46.9999 	EXP 	Display Fixation
47.0165 	EXP 	Display Fixation
47.0333 	EXP 	Display Fixation
47.0502 	EXP 	Display Fixation
47.0665 	EXP 	Display Fixation
47.0831 	EXP 	Display Fixation
47.1001 	EXP 	Display Fixation
47.1168 	EXP 	Display Fixation
47.1342 	EXP 	Display Fixation
47.1488 	EXP 	Display Fixation
47.1649 	EXP 	Display Fixation
47.1820 	EXP 	Display Fixation
47.2001 	EXP 	Display Fixation
47.2168 	EXP 	Display Fixation
47.2335 	EXP 	Display Fixation
47.2501 	EXP 	Display Fixation
47.2669 	EXP 	Display Fixation
47.2830 	EXP 	Display Fixation
47.3008 	EXP 	Display Fixation
47.3169 	EXP 	Display Fixation
47.3337 	EXP 	Display Fixation
47.3504 	EXP 	Display Fixation
47.3671 	EXP 	Display Fixation
47.3838 	EXP 	Display Fixation
47.4005 	EXP 	Display Fixation
47.4171 	EXP 	Display Fixation
47.4337 	EXP 	Display Fixation
47.4502 	EXP 	Display Fixation
47.4672 	EXP 	Display Fixation
47.4673 	EXP 	--- END EXPERIMENT ---
47.4904 	EXP 	topMsg: text = "That's the end! "
47.4904 	EXP 	bottomMsg: text = "Press 'q' or 'escape' to end the session."
47.4904 	EXP 	Display TheEnd
48.9219 	DATA 	Keypress: escape
49.4812 	EXP 	win: mouseVisible = True
51.5412 	EXP 	number of targets counted: 2
