4.9695 	WARNING 	We strongly recommend you activate the PTB sound engine in PsychoPy prefs as the preferred audio engine. Its timing is vastly superior. Your prefs are currently set to use ['sounddevice', 'PTB', 'pyo', 'pygame'] (in that order).
36.2831 	INFO 	---START PARAMETERS---
36.2831 	INFO 	filename: SampleExperiment_d1-1-2-Oct_21_1013
36.2831 	INFO 	subject: 1
36.2832 	INFO 	session: 2
36.2832 	INFO 	date: Oct_21_1013
36.2833 	INFO 	ISI: 1.75
36.2834 	INFO 	choices: [1, 2, 3]
36.2834 	INFO 	fixCrossPos: [0, 0]
36.2834 	INFO 	fixCrossSize: 0.1
36.2834 	INFO 	fullScreen: True
36.2835 	INFO 	imageDir_neutral: Faces/neutral/
36.2835 	INFO 	imageDir_social: Faces/social/
36.2835 	INFO 	imageDir_threat: Faces/threat/
36.2835 	INFO 	imageSuffix: .png
36.2835 	INFO 	nTrials: 3
36.2836 	INFO 	postStimDur: 1.0
36.2844 	INFO 	preStimDur: [0.5 0.6 0.7 0.8 0.9 1.  1.1 1.2 1.3 1.4 1.5 1.6 1.7 1.8 1.9]
36.2845 	INFO 	promptDir: Text/
36.2845 	INFO 	promptFile_neutral: NeutralPrompts.csv
36.2845 	INFO 	promptFile_social: SocialPrompts.csv
36.2845 	INFO 	promptFile_threat: ThreatPrompts.csv
36.2845 	INFO 	respAdvances: True
36.2845 	INFO 	respKeys: ['r', 'b', 'y', 'g']
36.2845 	INFO 	screenColor: (128, 128, 128)
36.2845 	INFO 	screenToShow: 0
36.2845 	INFO 	skipPrompts: False
36.2846 	INFO 	stimDur: 0.5
36.2846 	INFO 	tStartup: 1
36.2846 	INFO 	triggerKey: t
36.2846 	INFO 	---END PARAMETERS---
39.6870 	INFO 	Loaded monitor calibration from ['2021_02_22 10:21']
39.6977 	WARNING 	User requested fullscreen with size [800 600], but screen is actually [1440, 900]. Using actual size
40.7388 	EXP 	Created win = Window(allowGUI=False, allowStencil=False, autoLog=True, backendConf=UNKNOWN, bitsMode=UNKNOWN, blendMode='avg', bpc=(8, 8, 8), color=array([128, 128, 128]), colorSpace='rgb255', depthBits=8, fullscr=<method-wrapper '__getattribute__' of attributeSetter object at 0x7fc9543dfc18>, gamma=None, gammaErrorPolicy='raise', lms=UNKNOWN, monitor=<psychopy.monitors.calibTools.Monitor object at 0x7fc9521955c0>, multiSample=False, name='win', numSamples=2, pos=[0.0, 0.0], screen=0, size=array([1440,  900]), stencilBits=0, stereo=False, units='height', useFBO=False, useRetina=False, viewOri=0.0, viewPos=None, viewScale=None, waitBlanking=True, winType='pyglet')
40.7392 	EXP 	win: mouseVisible = True
40.7478 	EXP 	Created fixCross = ShapeStim(__class__=<class 'psychopy.visual.shape.ShapeStim'>, autoDraw=False, autoLog=True, closeShape=False, color=method-wrapper(...), colorSpace='rgb', contrast=None, depth=0, fillColor=array([0, 0, 0]), fillColorSpace='rgb', fillRGB=UNKNOWN, interpolate=True, lineColor=array([-1., -1., -1.]), lineColorSpace='rgb', lineRGB=UNKNOWN, lineWidth=3.0, name='fixCross', opacity=1.0, ori=0.0, pos=array([0., 0.]), size=array([1., 1.]), units='height', vertices=ndarray(...), win=Window(...), windingRule=None)
40.7485 	WARNING 	TextStim.alignHoriz is deprecated. Use alignText and anchorHoriz attributes instead
40.8626 	EXP 	Created topMsg = TextStim(__class__=<class 'psychopy.visual.text.TextStim'>, alignHoriz='center', alignText='center', alignVert=method-wrapper(...), anchorHoriz='center', anchorVert='center', antialias=True, autoLog=True, bold=False, color=array([-1., -1., -1.]), colorSpace='rgb', contrast=1.0, depth=0, flipHoriz=False, flipVert=False, font='', fontFiles=[], height=0.1, italic=False, languageStyle='LTR', name='topMsg', opacity=1.0, ori=0.0, pos=array([0. , 0.5]), rgb=UNKNOWN, text='aaa', units='norm', win=Window(...), wrapWidth=1.5)
40.8628 	WARNING 	TextStim.alignHoriz is deprecated. Use alignText and anchorHoriz attributes instead
40.8690 	EXP 	Created bottomMsg = TextStim(__class__=<class 'psychopy.visual.text.TextStim'>, alignHoriz='center', alignText='center', alignVert=method-wrapper(...), anchorHoriz='center', anchorVert='center', antialias=True, autoLog=True, bold=False, color=array([-1., -1., -1.]), colorSpace='rgb', contrast=1.0, depth=0, flipHoriz=False, flipVert=False, font='', fontFiles=[], height=0.1, italic=False, languageStyle='LTR', name='bottomMsg', opacity=1.0, ori=0.0, pos=array([ 0. , -0.5]), rgb=UNKNOWN, text='bbb', units='norm', win=Window(...), wrapWidth=1.5)
40.9897 	EXP 	Created ImageStimulus = ImageStim(__class__=<class 'psychopy.visual.image.ImageStim'>, autoLog=True, color=array([1., 1., 1.]), colorSpace='rgb', contrast=1.0, depth=0, flipHoriz=False, flipVert=False, image='Faces/neutral/No Emotion_Front_Man5.png', interpolate=False, mask=None, maskParams=None, name='ImageStimulus', opacity=1, ori=0.0, pos=array([0., 0.]), size=array([0.8, 0.8]), texRes=128, units='height', win=Window(...))
41.5525 	EXP 	win: mouseVisible = True
