7.1667 	WARNING 	We strongly recommend you activate the PTB sound engine in PsychoPy prefs as the preferred audio engine. Its timing is vastly superior. Your prefs are currently set to use ['sounddevice', 'PTB', 'pyo', 'pygame'] (in that order).
20.5311 	INFO 	---START PARAMETERS---
20.5311 	INFO 	filename: SampleExperiment_d1-1-13-Oct_25_1312
20.5311 	INFO 	subject: 1
20.5311 	INFO 	session: 13
20.5312 	INFO 	date: Oct_25_1312
20.5312 	INFO 	ISI: 1.75
20.5312 	INFO 	choices: [1, 2, 3]
20.5312 	INFO 	fixCrossPos: [0, 0]
20.5313 	INFO 	fixCrossSize: 0.1
20.5313 	INFO 	fullScreen: True
20.5313 	INFO 	imageDir_neutral: Faces/neutral/
20.5313 	INFO 	imageDir_social: Faces/social/
20.5313 	INFO 	imageDir_threat: Faces/threat/
20.5313 	INFO 	imageSuffix: .png
20.5313 	INFO 	nTrials: 3
20.5314 	INFO 	postStimDur: 1.0
20.5319 	INFO 	preStimDur: [0.5 0.6 0.7 0.8 0.9 1.  1.1 1.2 1.3 1.4 1.5 1.6 1.7 1.8 1.9]
20.5319 	INFO 	promptDir: Text/
20.5319 	INFO 	promptFile_neutral: NeutralPrompts.csv
20.5319 	INFO 	promptFile_social: SocialPrompts.csv
20.5319 	INFO 	promptFile_threat: ThreatPrompts.csv
20.5319 	INFO 	respAdvances: True
20.5319 	INFO 	respKeys: ['r', 'b', 'y', 'g']
20.5320 	INFO 	screenColor: (128, 128, 128)
20.5320 	INFO 	screenToShow: 0
20.5320 	INFO 	shrinkImage: 0.8
20.5320 	INFO 	skipPrompts: False
20.5320 	INFO 	stimDur: 0.5
20.5320 	INFO 	tStartup: 1
20.5320 	INFO 	triggerKey: t
20.5320 	INFO 	---END PARAMETERS---
27.1225 	INFO 	Loaded monitor calibration from ['2021_02_22 10:21']
27.1381 	WARNING 	User requested fullscreen with size [800 600], but screen is actually [1440, 900]. Using actual size
28.5690 	EXP 	Created win = Window(allowGUI=False, allowStencil=False, autoLog=True, backendConf=UNKNOWN, bitsMode=UNKNOWN, blendMode='avg', bpc=(8, 8, 8), color=array([128, 128, 128]), colorSpace='rgb255', depthBits=8, fullscr=<method-wrapper '__getattribute__' of attributeSetter object at 0x7f9f6a1b9c50>, gamma=None, gammaErrorPolicy='raise', lms=UNKNOWN, monitor=<psychopy.monitors.calibTools.Monitor object at 0x7f9f681905f8>, multiSample=False, name='win', numSamples=2, pos=[0.0, 0.0], screen=0, size=array([1440,  900]), stencilBits=0, stereo=False, units='height', useFBO=False, useRetina=False, viewOri=0.0, viewPos=None, viewScale=None, waitBlanking=True, winType='pyglet')
28.5694 	EXP 	win: mouseVisible = True
28.5898 	EXP 	Created fixCross = ShapeStim(__class__=<class 'psychopy.visual.shape.ShapeStim'>, autoDraw=False, autoLog=True, closeShape=False, color=method-wrapper(...), colorSpace='rgb', contrast=None, depth=0, fillColor=array([0, 0, 0]), fillColorSpace='rgb', fillRGB=UNKNOWN, interpolate=True, lineColor=array([-1., -1., -1.]), lineColorSpace='rgb', lineRGB=UNKNOWN, lineWidth=3.0, name='fixCross', opacity=1.0, ori=0.0, pos=array([0., 0.]), size=array([1., 1.]), units='height', vertices=ndarray(...), win=Window(...), windingRule=None)
28.5906 	WARNING 	TextStim.alignHoriz is deprecated. Use alignText and anchorHoriz attributes instead
28.7256 	EXP 	Created topMsg = TextStim(__class__=<class 'psychopy.visual.text.TextStim'>, alignHoriz='center', alignText='center', alignVert=method-wrapper(...), anchorHoriz='center', anchorVert='center', antialias=True, autoLog=True, bold=False, color=array([-1., -1., -1.]), colorSpace='rgb', contrast=1.0, depth=0, flipHoriz=False, flipVert=False, font='', fontFiles=[], height=0.1, italic=False, languageStyle='LTR', name='topMsg', opacity=1.0, ori=0.0, pos=array([0. , 0.5]), rgb=UNKNOWN, text='aaa', units='norm', win=Window(...), wrapWidth=1.5)
28.7257 	WARNING 	TextStim.alignHoriz is deprecated. Use alignText and anchorHoriz attributes instead
28.7301 	EXP 	Created bottomMsg = TextStim(__class__=<class 'psychopy.visual.text.TextStim'>, alignHoriz='center', alignText='center', alignVert=method-wrapper(...), anchorHoriz='center', anchorVert='center', antialias=True, autoLog=True, bold=False, color=array([-1., -1., -1.]), colorSpace='rgb', contrast=1.0, depth=0, flipHoriz=False, flipVert=False, font='', fontFiles=[], height=0.1, italic=False, languageStyle='LTR', name='bottomMsg', opacity=1.0, ori=0.0, pos=array([ 0. , -0.5]), rgb=UNKNOWN, text='bbb', units='norm', win=Window(...), wrapWidth=1.5)
28.9097 	EXP 	Created ImageStimulus = ImageStim(__class__=<class 'psychopy.visual.image.ImageStim'>, autoLog=True, color=array([1., 1., 1.]), colorSpace='rgb', contrast=1.0, depth=0, flipHoriz=False, flipVert=False, image='Faces/neutral/No Emotion_Front _Man1.png', interpolate=False, mask=None, maskParams=None, name='ImageStimulus', opacity=1, ori=0.0, pos=array([0., 0.]), size=array([0.55555556, 0.55555556]), texRes=128, units='height', win=Window(...))
29.0686 	EXP 	topMsg: text = 'In this task, you will see images briefly flashed on the screen. Your job is to count the images in a “target” category and ignore the others. At the end, we will ask you how many target images you saw.'
29.0686 	EXP 	bottomMsg: text = 'In this run, please count all the faces with hats. (Press ENTER to continue.)'
29.0686 	EXP 	Display Instructions1
37.2564 	DATA 	Keypress: return
37.3521 	EXP 	topMsg: text = 'Here are some examples of faces with hats (left) and no hats (right).'
37.3521 	EXP 	bottomMsg: text = 'Just before and after each image, there will be a cross in the middle of the screen. Please look directly at the cross and try not to blink during this period. (Press ENTER to continue.)'
37.3521 	EXP 	ImageStimulus: size = array([0.83666667, 0.37555556])
37.3521 	EXP 	ImageStimulus: image = 'Faces/sample_images/sample_neutral.png'
37.3521 	EXP 	ImageStimulus: size = array([0.66933333, 0.30044444])
37.3521 	EXP 	Display Instructions2
51.5557 	DATA 	Keypress: return
51.5866 	EXP 	topMsg: text = 'If you have any questions, please ask the experimenter now.'
51.5866 	EXP 	bottomMsg: text = 'WHEN YOU ARE READY TO BEGIN, press any button.'
51.5866 	EXP 	Display Instructions3
53.6777 	DATA 	Keypress: return
53.6895 	EXP 	topMsg: text = nan
53.6895 	EXP 	bottomMsg: text = nan
53.6895 	EXP 	Display Instructions4
58.0664 	DATA 	Keypress: return
58.0779 	EXP 	topMsg: text = nan
58.0779 	EXP 	bottomMsg: text = nan
58.0779 	EXP 	Display Instructions5
60.1243 	DATA 	Keypress: t
60.1344 	EXP 	topMsg: text = nan
60.1344 	EXP 	bottomMsg: text = nan
60.1344 	EXP 	Display Instructions6
60.5345 	DATA 	Keypress: space
60.5501 	EXP 	topMsg: text = 'Waiting for scanner to start...'
60.5501 	EXP 	bottomMsg: text = "(Press 'T' to override.)"
60.5501 	EXP 	Display WaitingForScanner
61.3926 	DATA 	Keypress: t
61.3931 	EXP 	---START EXPERIMENT---
61.3988 	EXP 	Display Fixation
61.4036 	EXP 	Display Fixation
61.4073 	EXP 	Display Fixation
61.4120 	EXP 	Display Fixation
61.4294 	EXP 	Display Fixation
61.4462 	EXP 	Display Fixation
61.4626 	EXP 	Display Fixation
61.4795 	EXP 	Display Fixation
61.4959 	EXP 	Display Fixation
61.5125 	EXP 	Display Fixation
61.5292 	EXP 	Display Fixation
61.5458 	EXP 	Display Fixation
61.5626 	EXP 	Display Fixation
61.5793 	EXP 	Display Fixation
61.5960 	EXP 	Display Fixation
61.6125 	EXP 	Display Fixation
61.6293 	EXP 	Display Fixation
61.6459 	EXP 	Display Fixation
61.6626 	EXP 	Display Fixation
61.6792 	EXP 	Display Fixation
61.6961 	EXP 	Display Fixation
61.7127 	EXP 	Display Fixation
61.7293 	EXP 	Display Fixation
61.7459 	EXP 	Display Fixation
61.7627 	EXP 	Display Fixation
61.7793 	EXP 	Display Fixation
61.7959 	EXP 	Display Fixation
61.8125 	EXP 	Display Fixation
61.8293 	EXP 	Display Fixation
61.8459 	EXP 	Display Fixation
61.8626 	EXP 	Display Fixation
61.8794 	EXP 	Display Fixation
61.8958 	EXP 	Display Fixation
61.9125 	EXP 	Display Fixation
61.9292 	EXP 	Display Fixation
61.9459 	EXP 	Display Fixation
61.9626 	EXP 	Display Fixation
61.9792 	EXP 	Display Fixation
61.9960 	EXP 	Display Fixation
62.0128 	EXP 	Display Fixation
62.0292 	EXP 	Display Fixation
62.0460 	EXP 	Display Fixation
62.0627 	EXP 	Display Fixation
62.0792 	EXP 	Display Fixation
62.0960 	EXP 	Display Fixation
62.1125 	EXP 	Display Fixation
62.1292 	EXP 	Display Fixation
62.1459 	EXP 	Display Fixation
62.1627 	EXP 	Display Fixation
62.1792 	EXP 	Display Fixation
62.1959 	EXP 	Display Fixation
62.2126 	EXP 	Display Fixation
62.2292 	EXP 	Display Fixation
62.2461 	EXP 	Display Fixation
62.2626 	EXP 	Display Fixation
62.2792 	EXP 	Display Fixation
62.2959 	EXP 	Display Fixation
62.3127 	EXP 	Display Fixation
62.3292 	EXP 	Display Fixation
62.3459 	EXP 	Display Fixation
62.3627 	EXP 	Display Fixation
62.3794 	EXP 	Display Fixation
62.3961 	EXP 	Display Fixation
62.4127 	EXP 	Display Fixation
62.4294 	EXP 	Display Fixation
62.4459 	EXP 	Display Fixation
62.4625 	EXP 	Display Fixation
62.4794 	EXP 	Display Fixation
62.4962 	EXP 	Display Fixation
62.5127 	EXP 	Display Fixation
62.5293 	EXP 	Display Fixation
62.5461 	EXP 	Display Fixation
62.5627 	EXP 	Display Fixation
62.5797 	EXP 	Display Fixation
62.5960 	EXP 	Display Fixation
62.6128 	EXP 	Display Fixation
62.6294 	EXP 	Display Fixation
62.6460 	EXP 	Display Fixation
62.6628 	EXP 	Display Fixation
62.6794 	EXP 	Display Fixation
62.6962 	EXP 	Display Fixation
62.7126 	EXP 	Display Fixation
62.7294 	EXP 	Display Fixation
62.7460 	EXP 	Display Fixation
62.7628 	EXP 	Display Fixation
62.7796 	EXP 	Display Fixation
62.7960 	EXP 	Display Fixation
62.8129 	EXP 	Display Fixation
62.8295 	EXP 	Display Fixation
62.8462 	EXP 	Display Fixation
62.8628 	EXP 	Display Fixation
62.8795 	EXP 	Display Fixation
62.8962 	EXP 	Display Fixation
62.9129 	EXP 	Display Fixation
62.9296 	EXP 	Display Fixation
62.9466 	EXP 	Display Fixation
62.9625 	EXP 	Display Fixation
62.9789 	EXP 	Display Fixation
62.9955 	EXP 	Display Fixation
63.0122 	EXP 	Display Fixation
63.0295 	EXP 	Display Fixation
63.0462 	EXP 	Display Fixation
63.0629 	EXP 	Display Fixation
63.0787 	EXP 	Display Fixation
63.0968 	EXP 	Display Fixation
63.1131 	EXP 	Display Fixation
63.1302 	EXP 	Display Fixation
63.1453 	EXP 	Display Fixation
63.1628 	EXP 	Display Fixation
63.1795 	EXP 	Display Fixation
63.1962 	EXP 	Display Fixation
63.2129 	EXP 	Display Fixation
63.2294 	EXP 	Display Fixation
63.2462 	EXP 	Display Fixation
63.2628 	EXP 	Display Fixation
63.2795 	EXP 	Display Fixation
63.2961 	EXP 	Display Fixation
63.3128 	EXP 	Display Fixation
63.3295 	EXP 	Display Fixation
63.3461 	EXP 	Display Fixation
63.3626 	EXP 	Display Fixation
63.3798 	EXP 	Display Fixation
63.3962 	EXP 	Display Fixation
63.4128 	EXP 	Display Fixation
63.4293 	EXP 	Display Fixation
63.4465 	EXP 	Display Fixation
63.4631 	EXP 	Display Fixation
63.4799 	EXP 	Display Fixation
63.4966 	EXP 	Display Fixation
63.5128 	EXP 	Display Fixation
63.5295 	EXP 	Display Fixation
63.5460 	EXP 	Display Fixation
63.5631 	EXP 	Display Fixation
63.5784 	EXP 	Display Fixation
63.5955 	EXP 	Display Fixation
63.6119 	EXP 	Display Fixation
63.6295 	EXP 	Display Fixation
63.6462 	EXP 	Display Fixation
63.6628 	EXP 	Display Fixation
63.6794 	EXP 	Display Fixation
63.6965 	EXP 	Display Fixation
63.7126 	EXP 	Display Fixation
63.7285 	EXP 	Display Fixation
63.7451 	EXP 	Display Fixation
63.7628 	EXP 	Display Fixation
63.7784 	EXP 	Display Fixation
63.7961 	EXP 	Display Fixation
63.8130 	EXP 	Display Fixation
63.8294 	EXP 	Display Fixation
63.8462 	EXP 	Display Fixation
63.8628 	EXP 	Display Fixation
63.8795 	EXP 	Display Fixation
63.8963 	EXP 	Display Fixation
63.9130 	EXP 	Display Fixation
63.9295 	EXP 	Display Fixation
63.9462 	EXP 	Display Fixation
63.9630 	EXP 	Display Fixation
63.9795 	EXP 	Display Fixation
63.9955 	EXP 	Display Fixation
64.0118 	EXP 	Display Fixation
64.0295 	EXP 	Display Fixation
64.0462 	EXP 	Display Fixation
64.0628 	EXP 	Display Fixation
64.0795 	EXP 	Display Fixation
64.0963 	EXP 	Display Fixation
64.1129 	EXP 	Display Fixation
64.1298 	EXP 	Display Fixation
64.1464 	EXP 	Display Fixation
64.1620 	EXP 	Display Fixation
64.1789 	EXP 	Display Fixation
64.1961 	EXP 	Display Fixation
64.2209 	EXP 	ImageStimulus: image = 'Faces/neutral/No Emotion_Front _Man1.png'
64.2209 	EXP 	Display Faces/neutral/No Emotion_Front _Man1.png
64.6964 	EXP 	Display Fixation
64.7002 	EXP 	Display Fixation
64.7040 	EXP 	Display Fixation
64.7077 	EXP 	Display Fixation
64.7121 	EXP 	Display Fixation
64.7295 	EXP 	Display Fixation
64.7463 	EXP 	Display Fixation
64.7629 	EXP 	Display Fixation
64.7795 	EXP 	Display Fixation
64.7963 	EXP 	Display Fixation
64.8128 	EXP 	Display Fixation
64.8297 	EXP 	Display Fixation
64.8463 	EXP 	Display Fixation
64.8628 	EXP 	Display Fixation
64.8795 	EXP 	Display Fixation
64.8962 	EXP 	Display Fixation
64.9130 	EXP 	Display Fixation
64.9296 	EXP 	Display Fixation
64.9462 	EXP 	Display Fixation
64.9629 	EXP 	Display Fixation
64.9798 	EXP 	Display Fixation
64.9963 	EXP 	Display Fixation
65.0129 	EXP 	Display Fixation
65.0296 	EXP 	Display Fixation
65.0464 	EXP 	Display Fixation
65.0630 	EXP 	Display Fixation
65.0797 	EXP 	Display Fixation
65.0963 	EXP 	Display Fixation
65.1130 	EXP 	Display Fixation
65.1297 	EXP 	Display Fixation
65.1468 	EXP 	Display Fixation
65.1629 	EXP 	Display Fixation
65.1799 	EXP 	Display Fixation
65.1960 	EXP 	Display Fixation
65.2129 	EXP 	Display Fixation
65.2298 	EXP 	Display Fixation
65.2466 	EXP 	Display Fixation
65.2627 	EXP 	Display Fixation
65.2799 	EXP 	Display Fixation
65.2964 	EXP 	Display Fixation
65.3130 	EXP 	Display Fixation
65.3299 	EXP 	Display Fixation
65.3465 	EXP 	Display Fixation
65.3631 	EXP 	Display Fixation
65.3794 	EXP 	Display Fixation
65.3963 	EXP 	Display Fixation
65.4119 	EXP 	Display Fixation
65.4285 	EXP 	Display Fixation
65.4464 	EXP 	Display Fixation
65.4629 	EXP 	Display Fixation
65.4798 	EXP 	Display Fixation
65.4965 	EXP 	Display Fixation
65.5130 	EXP 	Display Fixation
65.5293 	EXP 	Display Fixation
65.5464 	EXP 	Display Fixation
65.5632 	EXP 	Display Fixation
65.5798 	EXP 	Display Fixation
65.5963 	EXP 	Display Fixation
65.6128 	EXP 	Display Fixation
65.6294 	EXP 	Display Fixation
65.6462 	EXP 	Display Fixation
65.6621 	EXP 	Display Fixation
65.6797 	EXP 	Display Fixation
65.6966 	EXP 	Display Fixation
65.7118 	EXP 	Display Fixation
65.7296 	EXP 	Display Fixation
65.7456 	EXP 	Display Fixation
65.7617 	EXP 	Display Fixation
65.7784 	EXP 	Display Fixation
65.7953 	EXP 	Display Fixation
65.8118 	EXP 	Display Fixation
65.8284 	EXP 	Display Fixation
65.8456 	EXP 	Display Fixation
65.8625 	EXP 	Display Fixation
65.8796 	EXP 	Display Fixation
65.8966 	EXP 	Display Fixation
65.9129 	EXP 	Display Fixation
65.9296 	EXP 	Display Fixation
65.9464 	EXP 	Display Fixation
65.9633 	EXP 	Display Fixation
65.9797 	EXP 	Display Fixation
65.9964 	EXP 	Display Fixation
66.0132 	EXP 	Display Fixation
66.0297 	EXP 	Display Fixation
66.0463 	EXP 	Display Fixation
66.0631 	EXP 	Display Fixation
66.0803 	EXP 	Display Fixation
66.0962 	EXP 	Display Fixation
66.1130 	EXP 	Display Fixation
66.1297 	EXP 	Display Fixation
66.1464 	EXP 	Display Fixation
66.1629 	EXP 	Display Fixation
66.1798 	EXP 	Display Fixation
66.1963 	EXP 	Display Fixation
66.2132 	EXP 	Display Fixation
66.2296 	EXP 	Display Fixation
66.2464 	EXP 	Display Fixation
66.2630 	EXP 	Display Fixation
66.2797 	EXP 	Display Fixation
66.2963 	EXP 	Display Fixation
66.3130 	EXP 	Display Fixation
66.3298 	EXP 	Display Fixation
66.3464 	EXP 	Display Fixation
66.3630 	EXP 	Display Fixation
66.3796 	EXP 	Display Fixation
66.3963 	EXP 	Display Fixation
66.4130 	EXP 	Display Fixation
66.4297 	EXP 	Display Fixation
66.4464 	EXP 	Display Fixation
66.4630 	EXP 	Display Fixation
66.4798 	EXP 	Display Fixation
66.4966 	EXP 	Display Fixation
66.5130 	EXP 	Display Fixation
66.5297 	EXP 	Display Fixation
66.5465 	EXP 	Display Fixation
66.5631 	EXP 	Display Fixation
66.5798 	EXP 	Display Fixation
66.5964 	EXP 	Display Fixation
66.6131 	EXP 	Display Fixation
66.6297 	EXP 	Display Fixation
66.6464 	EXP 	Display Fixation
66.6631 	EXP 	Display Fixation
66.6797 	EXP 	Display Fixation
66.6964 	EXP 	Display Fixation
66.7131 	EXP 	Display Fixation
66.7297 	EXP 	Display Fixation
66.7465 	EXP 	Display Fixation
66.7631 	EXP 	Display Fixation
66.7798 	EXP 	Display Fixation
66.7964 	EXP 	Display Fixation
66.8130 	EXP 	Display Fixation
66.8297 	EXP 	Display Fixation
66.8465 	EXP 	Display Fixation
66.8632 	EXP 	Display Fixation
66.8796 	EXP 	Display Fixation
66.8964 	EXP 	Display Fixation
66.9130 	EXP 	Display Fixation
66.9296 	EXP 	Display Fixation
66.9465 	EXP 	Display Fixation
66.9630 	EXP 	Display Fixation
66.9798 	EXP 	Display Fixation
66.9963 	EXP 	Display Fixation
67.0133 	EXP 	Display Fixation
67.0296 	EXP 	Display Fixation
67.0463 	EXP 	Display Fixation
67.0631 	EXP 	Display Fixation
67.0796 	EXP 	Display Fixation
67.0963 	EXP 	Display Fixation
67.1131 	EXP 	Display Fixation
67.1297 	EXP 	Display Fixation
67.1464 	EXP 	Display Fixation
67.1631 	EXP 	Display Fixation
67.1798 	EXP 	Display Fixation
67.1965 	EXP 	Display Fixation
67.2129 	EXP 	Display Fixation
67.2297 	EXP 	Display Fixation
67.2464 	EXP 	Display Fixation
67.2631 	EXP 	Display Fixation
67.2797 	EXP 	Display Fixation
67.2964 	EXP 	Display Fixation
67.3131 	EXP 	Display Fixation
67.3296 	EXP 	Display Fixation
67.3465 	EXP 	Display Fixation
67.3633 	EXP 	Display Fixation
67.3798 	EXP 	Display Fixation
67.3964 	EXP 	Display Fixation
67.4131 	EXP 	Display Fixation
67.4298 	EXP 	Display Fixation
67.4464 	EXP 	Display Fixation
67.4629 	EXP 	Display Fixation
67.4798 	EXP 	Display Fixation
67.4965 	EXP 	Display Fixation
67.5132 	EXP 	Display Fixation
67.5298 	EXP 	Display Fixation
67.5464 	EXP 	Display Fixation
67.5632 	EXP 	Display Fixation
67.5797 	EXP 	Display Fixation
67.5964 	EXP 	Display Fixation
67.6131 	EXP 	Display Fixation
67.6297 	EXP 	Display Fixation
67.6465 	EXP 	Display Fixation
67.6631 	EXP 	Display Fixation
67.6798 	EXP 	Display Fixation
67.6965 	EXP 	Display Fixation
67.7131 	EXP 	Display Fixation
67.7297 	EXP 	Display Fixation
67.7465 	EXP 	Display Fixation
67.7632 	EXP 	Display Fixation
67.7798 	EXP 	Display Fixation
67.7965 	EXP 	Display Fixation
67.8131 	EXP 	Display Fixation
67.8297 	EXP 	Display Fixation
67.8464 	EXP 	Display Fixation
67.8631 	EXP 	Display Fixation
67.8798 	EXP 	Display Fixation
67.8965 	EXP 	Display Fixation
67.9131 	EXP 	Display Fixation
67.9299 	EXP 	Display Fixation
67.9464 	EXP 	Display Fixation
67.9631 	EXP 	Display Fixation
67.9797 	EXP 	Display Fixation
67.9964 	EXP 	Display Fixation
68.0133 	EXP 	Display Fixation
68.0298 	EXP 	Display Fixation
68.0463 	EXP 	Display Fixation
68.0631 	EXP 	Display Fixation
68.0797 	EXP 	Display Fixation
68.0964 	EXP 	Display Fixation
68.1132 	EXP 	Display Fixation
68.1298 	EXP 	Display Fixation
68.1466 	EXP 	Display Fixation
68.1632 	EXP 	Display Fixation
68.1798 	EXP 	Display Fixation
68.1966 	EXP 	Display Fixation
68.2131 	EXP 	Display Fixation
68.2298 	EXP 	Display Fixation
68.2467 	EXP 	Display Fixation
68.2632 	EXP 	Display Fixation
68.2799 	EXP 	Display Fixation
68.2966 	EXP 	Display Fixation
68.3132 	EXP 	Display Fixation
68.3299 	EXP 	Display Fixation
68.3466 	EXP 	Display Fixation
68.3632 	EXP 	Display Fixation
68.3798 	EXP 	Display Fixation
68.3966 	EXP 	Display Fixation
68.4133 	EXP 	Display Fixation
68.4298 	EXP 	Display Fixation
68.4466 	EXP 	Display Fixation
68.4631 	EXP 	Display Fixation
68.4798 	EXP 	Display Fixation
68.4966 	EXP 	Display Fixation
68.5132 	EXP 	Display Fixation
68.5299 	EXP 	Display Fixation
68.5465 	EXP 	Display Fixation
68.5632 	EXP 	Display Fixation
68.5799 	EXP 	Display Fixation
68.5967 	EXP 	Display Fixation
68.6134 	EXP 	Display Fixation
68.6298 	EXP 	Display Fixation
68.6466 	EXP 	Display Fixation
68.6633 	EXP 	Display Fixation
68.6799 	EXP 	Display Fixation
68.6966 	EXP 	Display Fixation
68.7130 	EXP 	Display Fixation
68.7300 	EXP 	Display Fixation
68.7467 	EXP 	Display Fixation
68.7633 	EXP 	Display Fixation
68.7800 	EXP 	Display Fixation
68.7965 	EXP 	Display Fixation
68.8134 	EXP 	Display Fixation
68.8298 	EXP 	Display Fixation
68.8465 	EXP 	Display Fixation
68.8632 	EXP 	Display Fixation
68.8800 	EXP 	Display Fixation
68.8965 	EXP 	Display Fixation
68.9131 	EXP 	Display Fixation
68.9300 	EXP 	Display Fixation
68.9465 	EXP 	Display Fixation
68.9632 	EXP 	Display Fixation
68.9799 	EXP 	Display Fixation
68.9965 	EXP 	Display Fixation
69.0133 	EXP 	Display Fixation
69.0300 	EXP 	Display Fixation
69.0465 	EXP 	Display Fixation
69.0632 	EXP 	Display Fixation
69.0798 	EXP 	Display Fixation
69.0966 	EXP 	Display Fixation
69.1133 	EXP 	Display Fixation
69.1300 	EXP 	Display Fixation
69.1466 	EXP 	Display Fixation
69.1631 	EXP 	Display Fixation
69.1798 	EXP 	Display Fixation
69.1966 	EXP 	Display Fixation
69.2134 	EXP 	Display Fixation
69.2300 	EXP 	Display Fixation
69.2464 	EXP 	Display Fixation
69.2632 	EXP 	Display Fixation
69.2799 	EXP 	Display Fixation
69.2966 	EXP 	Display Fixation
69.3134 	EXP 	Display Fixation
69.3299 	EXP 	Display Fixation
69.3465 	EXP 	Display Fixation
69.3978 	EXP 	ImageStimulus: image = 'Faces/neutral/Man18_hat.png'
69.3978 	EXP 	Display Faces/neutral/Man18_hat.png
69.8466 	EXP 	Display Fixation
69.8502 	EXP 	Display Fixation
69.8536 	EXP 	Display Fixation
69.8572 	EXP 	Display Fixation
69.8623 	EXP 	Display Fixation
69.8800 	EXP 	Display Fixation
69.8967 	EXP 	Display Fixation
69.9132 	EXP 	Display Fixation
69.9300 	EXP 	Display Fixation
69.9467 	EXP 	Display Fixation
69.9631 	EXP 	Display Fixation
69.9803 	EXP 	Display Fixation
69.9965 	EXP 	Display Fixation
70.0137 	EXP 	Display Fixation
70.0300 	EXP 	Display Fixation
70.0469 	EXP 	Display Fixation
70.0634 	EXP 	Display Fixation
70.0801 	EXP 	Display Fixation
70.0967 	EXP 	Display Fixation
70.1134 	EXP 	Display Fixation
70.1300 	EXP 	Display Fixation
70.1465 	EXP 	Display Fixation
70.1634 	EXP 	Display Fixation
70.1800 	EXP 	Display Fixation
70.1966 	EXP 	Display Fixation
70.2134 	EXP 	Display Fixation
70.2300 	EXP 	Display Fixation
70.2467 	EXP 	Display Fixation
70.2631 	EXP 	Display Fixation
70.2800 	EXP 	Display Fixation
70.2967 	EXP 	Display Fixation
70.3132 	EXP 	Display Fixation
70.3299 	EXP 	Display Fixation
70.3466 	EXP 	Display Fixation
70.3633 	EXP 	Display Fixation
70.3799 	EXP 	Display Fixation
70.3967 	EXP 	Display Fixation
70.4132 	EXP 	Display Fixation
70.4300 	EXP 	Display Fixation
70.4467 	EXP 	Display Fixation
70.4633 	EXP 	Display Fixation
70.4801 	EXP 	Display Fixation
70.4965 	EXP 	Display Fixation
70.5134 	EXP 	Display Fixation
70.5300 	EXP 	Display Fixation
70.5467 	EXP 	Display Fixation
70.5633 	EXP 	Display Fixation
70.5800 	EXP 	Display Fixation
70.5967 	EXP 	Display Fixation
70.6134 	EXP 	Display Fixation
70.6300 	EXP 	Display Fixation
70.6466 	EXP 	Display Fixation
70.6633 	EXP 	Display Fixation
70.6801 	EXP 	Display Fixation
70.6967 	EXP 	Display Fixation
70.7133 	EXP 	Display Fixation
70.7299 	EXP 	Display Fixation
70.7468 	EXP 	Display Fixation
70.7634 	EXP 	Display Fixation
70.7801 	EXP 	Display Fixation
70.7968 	EXP 	Display Fixation
70.8134 	EXP 	Display Fixation
70.8301 	EXP 	Display Fixation
70.8467 	EXP 	Display Fixation
70.8633 	EXP 	Display Fixation
70.8801 	EXP 	Display Fixation
70.8966 	EXP 	Display Fixation
70.9133 	EXP 	Display Fixation
70.9301 	EXP 	Display Fixation
70.9466 	EXP 	Display Fixation
70.9635 	EXP 	Display Fixation
70.9802 	EXP 	Display Fixation
70.9967 	EXP 	Display Fixation
71.0133 	EXP 	Display Fixation
71.0301 	EXP 	Display Fixation
71.0469 	EXP 	Display Fixation
71.0634 	EXP 	Display Fixation
71.0800 	EXP 	Display Fixation
71.0967 	EXP 	Display Fixation
71.1134 	EXP 	Display Fixation
71.1301 	EXP 	Display Fixation
71.1466 	EXP 	Display Fixation
71.1634 	EXP 	Display Fixation
71.1800 	EXP 	Display Fixation
71.1967 	EXP 	Display Fixation
71.2134 	EXP 	Display Fixation
71.2301 	EXP 	Display Fixation
71.2467 	EXP 	Display Fixation
71.2633 	EXP 	Display Fixation
71.2801 	EXP 	Display Fixation
71.2967 	EXP 	Display Fixation
71.3134 	EXP 	Display Fixation
71.3302 	EXP 	Display Fixation
71.3467 	EXP 	Display Fixation
71.3633 	EXP 	Display Fixation
71.3802 	EXP 	Display Fixation
71.3967 	EXP 	Display Fixation
71.4134 	EXP 	Display Fixation
71.4301 	EXP 	Display Fixation
71.4467 	EXP 	Display Fixation
71.4635 	EXP 	Display Fixation
71.4801 	EXP 	Display Fixation
71.4967 	EXP 	Display Fixation
71.5133 	EXP 	Display Fixation
71.5300 	EXP 	Display Fixation
71.5467 	EXP 	Display Fixation
71.5635 	EXP 	Display Fixation
71.5801 	EXP 	Display Fixation
71.5967 	EXP 	Display Fixation
71.6134 	EXP 	Display Fixation
71.6301 	EXP 	Display Fixation
71.6467 	EXP 	Display Fixation
71.6634 	EXP 	Display Fixation
71.6801 	EXP 	Display Fixation
71.6967 	EXP 	Display Fixation
71.7135 	EXP 	Display Fixation
71.7300 	EXP 	Display Fixation
71.7467 	EXP 	Display Fixation
71.7634 	EXP 	Display Fixation
71.7801 	EXP 	Display Fixation
71.7966 	EXP 	Display Fixation
71.8134 	EXP 	Display Fixation
71.8301 	EXP 	Display Fixation
71.8468 	EXP 	Display Fixation
71.8634 	EXP 	Display Fixation
71.8801 	EXP 	Display Fixation
71.8968 	EXP 	Display Fixation
71.9135 	EXP 	Display Fixation
71.9301 	EXP 	Display Fixation
71.9468 	EXP 	Display Fixation
71.9635 	EXP 	Display Fixation
71.9801 	EXP 	Display Fixation
71.9968 	EXP 	Display Fixation
72.0134 	EXP 	Display Fixation
72.0301 	EXP 	Display Fixation
72.0470 	EXP 	Display Fixation
72.0635 	EXP 	Display Fixation
72.0801 	EXP 	Display Fixation
72.0967 	EXP 	Display Fixation
72.1135 	EXP 	Display Fixation
72.1301 	EXP 	Display Fixation
72.1468 	EXP 	Display Fixation
72.1634 	EXP 	Display Fixation
72.1800 	EXP 	Display Fixation
72.1967 	EXP 	Display Fixation
72.2136 	EXP 	Display Fixation
72.2301 	EXP 	Display Fixation
72.2469 	EXP 	Display Fixation
72.2635 	EXP 	Display Fixation
72.2802 	EXP 	Display Fixation
72.2968 	EXP 	Display Fixation
72.3134 	EXP 	Display Fixation
72.3302 	EXP 	Display Fixation
72.3468 	EXP 	Display Fixation
72.3634 	EXP 	Display Fixation
72.3801 	EXP 	Display Fixation
72.3968 	EXP 	Display Fixation
72.4135 	EXP 	Display Fixation
72.4301 	EXP 	Display Fixation
72.4468 	EXP 	Display Fixation
72.4635 	EXP 	Display Fixation
72.4804 	EXP 	Display Fixation
72.4967 	EXP 	Display Fixation
72.5135 	EXP 	Display Fixation
72.5301 	EXP 	Display Fixation
72.5467 	EXP 	Display Fixation
72.5636 	EXP 	Display Fixation
72.5801 	EXP 	Display Fixation
72.5969 	EXP 	Display Fixation
72.6136 	EXP 	Display Fixation
72.6300 	EXP 	Display Fixation
72.6468 	EXP 	Display Fixation
72.6633 	EXP 	Display Fixation
72.6802 	EXP 	Display Fixation
72.6969 	EXP 	Display Fixation
72.7134 	EXP 	Display Fixation
72.7301 	EXP 	Display Fixation
72.7469 	EXP 	Display Fixation
72.7635 	EXP 	Display Fixation
72.7804 	EXP 	Display Fixation
72.7968 	EXP 	Display Fixation
72.8135 	EXP 	Display Fixation
72.8302 	EXP 	Display Fixation
72.8468 	EXP 	Display Fixation
72.8635 	EXP 	Display Fixation
72.8801 	EXP 	Display Fixation
72.8969 	EXP 	Display Fixation
72.9136 	EXP 	Display Fixation
72.9305 	EXP 	Display Fixation
72.9467 	EXP 	Display Fixation
72.9636 	EXP 	Display Fixation
72.9809 	EXP 	Display Fixation
72.9969 	EXP 	Display Fixation
73.0137 	EXP 	Display Fixation
73.0304 	EXP 	Display Fixation
73.0472 	EXP 	Display Fixation
73.0634 	EXP 	Display Fixation
73.0802 	EXP 	Display Fixation
73.0969 	EXP 	Display Fixation
73.1135 	EXP 	Display Fixation
73.1302 	EXP 	Display Fixation
73.1469 	EXP 	Display Fixation
73.1635 	EXP 	Display Fixation
73.1802 	EXP 	Display Fixation
73.1969 	EXP 	Display Fixation
73.2136 	EXP 	Display Fixation
73.2301 	EXP 	Display Fixation
73.2469 	EXP 	Display Fixation
73.2636 	EXP 	Display Fixation
73.2802 	EXP 	Display Fixation
73.2968 	EXP 	Display Fixation
73.3136 	EXP 	Display Fixation
73.3303 	EXP 	Display Fixation
73.3468 	EXP 	Display Fixation
73.3635 	EXP 	Display Fixation
73.3802 	EXP 	Display Fixation
73.3969 	EXP 	Display Fixation
73.4135 	EXP 	Display Fixation
73.4302 	EXP 	Display Fixation
73.4469 	EXP 	Display Fixation
73.4636 	EXP 	Display Fixation
73.4802 	EXP 	Display Fixation
73.4968 	EXP 	Display Fixation
73.5135 	EXP 	Display Fixation
73.5302 	EXP 	Display Fixation
73.5468 	EXP 	Display Fixation
73.5636 	EXP 	Display Fixation
73.5801 	EXP 	Display Fixation
73.5969 	EXP 	Display Fixation
73.6134 	EXP 	Display Fixation
73.6302 	EXP 	Display Fixation
73.6469 	EXP 	Display Fixation
73.6634 	EXP 	Display Fixation
73.6802 	EXP 	Display Fixation
73.6970 	EXP 	Display Fixation
73.7136 	EXP 	Display Fixation
73.7303 	EXP 	Display Fixation
73.7467 	EXP 	Display Fixation
73.7637 	EXP 	Display Fixation
73.7803 	EXP 	Display Fixation
73.7973 	EXP 	Display Fixation
73.8138 	EXP 	Display Fixation
73.8304 	EXP 	Display Fixation
73.8470 	EXP 	Display Fixation
73.8637 	EXP 	Display Fixation
73.8801 	EXP 	Display Fixation
73.8969 	EXP 	Display Fixation
73.9132 	EXP 	Display Fixation
73.9302 	EXP 	Display Fixation
73.9463 	EXP 	Display Fixation
73.9630 	EXP 	Display Fixation
73.9800 	EXP 	Display Fixation
73.9961 	EXP 	Display Fixation
74.0140 	EXP 	Display Fixation
74.0294 	EXP 	Display Fixation
74.0471 	EXP 	Display Fixation
74.0623 	EXP 	Display Fixation
74.0790 	EXP 	Display Fixation
74.0958 	EXP 	Display Fixation
74.1136 	EXP 	Display Fixation
74.1305 	EXP 	Display Fixation
74.1469 	EXP 	Display Fixation
74.1629 	EXP 	Display Fixation
74.1804 	EXP 	Display Fixation
74.1966 	EXP 	Display Fixation
74.2134 	EXP 	Display Fixation
74.2290 	EXP 	Display Fixation
74.2456 	EXP 	Display Fixation
74.2639 	EXP 	Display Fixation
74.2796 	EXP 	Display Fixation
74.2959 	EXP 	Display Fixation
74.3123 	EXP 	Display Fixation
74.3302 	EXP 	Display Fixation
74.3472 	EXP 	Display Fixation
74.3635 	EXP 	Display Fixation
74.3803 	EXP 	Display Fixation
74.3969 	EXP 	Display Fixation
74.4309 	EXP 	ImageStimulus: image = 'Faces/neutral/Woman17_hat.png'
74.4309 	EXP 	Display Faces/neutral/Woman17_hat.png
74.8965 	EXP 	Display Fixation
74.9004 	EXP 	Display Fixation
74.9042 	EXP 	Display Fixation
74.9078 	EXP 	Display Fixation
74.9129 	EXP 	Display Fixation
74.9304 	EXP 	Display Fixation
74.9470 	EXP 	Display Fixation
74.9637 	EXP 	Display Fixation
74.9804 	EXP 	Display Fixation
74.9970 	EXP 	Display Fixation
75.0135 	EXP 	Display Fixation
75.0302 	EXP 	Display Fixation
75.0471 	EXP 	Display Fixation
75.0637 	EXP 	Display Fixation
75.0803 	EXP 	Display Fixation
75.0971 	EXP 	Display Fixation
75.1136 	EXP 	Display Fixation
75.1302 	EXP 	Display Fixation
75.1469 	EXP 	Display Fixation
75.1636 	EXP 	Display Fixation
75.1803 	EXP 	Display Fixation
75.1970 	EXP 	Display Fixation
75.2135 	EXP 	Display Fixation
75.2302 	EXP 	Display Fixation
75.2468 	EXP 	Display Fixation
75.2636 	EXP 	Display Fixation
75.2803 	EXP 	Display Fixation
75.2970 	EXP 	Display Fixation
75.3137 	EXP 	Display Fixation
75.3303 	EXP 	Display Fixation
75.3469 	EXP 	Display Fixation
75.3636 	EXP 	Display Fixation
75.3803 	EXP 	Display Fixation
75.3971 	EXP 	Display Fixation
75.4136 	EXP 	Display Fixation
75.4303 	EXP 	Display Fixation
75.4469 	EXP 	Display Fixation
75.4636 	EXP 	Display Fixation
75.4803 	EXP 	Display Fixation
75.4970 	EXP 	Display Fixation
75.5136 	EXP 	Display Fixation
75.5305 	EXP 	Display Fixation
75.5469 	EXP 	Display Fixation
75.5636 	EXP 	Display Fixation
75.5803 	EXP 	Display Fixation
75.5971 	EXP 	Display Fixation
75.6136 	EXP 	Display Fixation
75.6303 	EXP 	Display Fixation
75.6470 	EXP 	Display Fixation
75.6636 	EXP 	Display Fixation
75.6802 	EXP 	Display Fixation
75.6969 	EXP 	Display Fixation
75.7137 	EXP 	Display Fixation
75.7304 	EXP 	Display Fixation
75.7471 	EXP 	Display Fixation
75.7637 	EXP 	Display Fixation
75.7803 	EXP 	Display Fixation
75.7971 	EXP 	Display Fixation
75.8138 	EXP 	Display Fixation
75.8303 	EXP 	Display Fixation
75.8469 	EXP 	Display Fixation
75.8636 	EXP 	Display Fixation
75.8803 	EXP 	Display Fixation
75.8971 	EXP 	Display Fixation
75.9139 	EXP 	Display Fixation
75.9304 	EXP 	Display Fixation
75.9471 	EXP 	Display Fixation
75.9637 	EXP 	Display Fixation
75.9804 	EXP 	Display Fixation
75.9970 	EXP 	Display Fixation
76.0136 	EXP 	Display Fixation
76.0304 	EXP 	Display Fixation
76.0475 	EXP 	Display Fixation
76.0637 	EXP 	Display Fixation
76.0804 	EXP 	Display Fixation
76.0969 	EXP 	Display Fixation
76.1137 	EXP 	Display Fixation
76.1305 	EXP 	Display Fixation
76.1471 	EXP 	Display Fixation
76.1637 	EXP 	Display Fixation
76.1804 	EXP 	Display Fixation
76.1970 	EXP 	Display Fixation
76.2137 	EXP 	Display Fixation
76.2302 	EXP 	Display Fixation
76.2470 	EXP 	Display Fixation
76.2637 	EXP 	Display Fixation
76.2803 	EXP 	Display Fixation
76.2970 	EXP 	Display Fixation
76.3136 	EXP 	Display Fixation
76.3304 	EXP 	Display Fixation
76.3471 	EXP 	Display Fixation
76.3637 	EXP 	Display Fixation
76.3803 	EXP 	Display Fixation
76.3970 	EXP 	Display Fixation
76.4137 	EXP 	Display Fixation
76.4303 	EXP 	Display Fixation
76.4471 	EXP 	Display Fixation
76.4638 	EXP 	Display Fixation
76.4803 	EXP 	Display Fixation
76.4971 	EXP 	Display Fixation
76.5136 	EXP 	Display Fixation
76.5305 	EXP 	Display Fixation
76.5473 	EXP 	Display Fixation
76.5637 	EXP 	Display Fixation
76.5803 	EXP 	Display Fixation
76.5971 	EXP 	Display Fixation
76.6138 	EXP 	Display Fixation
76.6305 	EXP 	Display Fixation
76.6470 	EXP 	Display Fixation
76.6638 	EXP 	Display Fixation
76.6804 	EXP 	Display Fixation
76.6971 	EXP 	Display Fixation
76.7138 	EXP 	Display Fixation
76.7304 	EXP 	Display Fixation
76.7470 	EXP 	Display Fixation
76.7638 	EXP 	Display Fixation
76.7804 	EXP 	Display Fixation
76.7971 	EXP 	Display Fixation
76.8136 	EXP 	Display Fixation
76.8305 	EXP 	Display Fixation
76.8467 	EXP 	Display Fixation
76.8625 	EXP 	Display Fixation
76.8804 	EXP 	Display Fixation
76.8971 	EXP 	Display Fixation
76.9138 	EXP 	Display Fixation
76.9305 	EXP 	Display Fixation
76.9470 	EXP 	Display Fixation
76.9638 	EXP 	Display Fixation
76.9800 	EXP 	Display Fixation
76.9980 	EXP 	Display Fixation
77.0274 	EXP 	Display Fixation
77.0475 	EXP 	Display Fixation
77.0639 	EXP 	Display Fixation
77.0804 	EXP 	Display Fixation
77.0972 	EXP 	Display Fixation
77.1138 	EXP 	Display Fixation
77.1306 	EXP 	Display Fixation
77.1473 	EXP 	Display Fixation
77.1639 	EXP 	Display Fixation
77.1805 	EXP 	Display Fixation
77.1972 	EXP 	Display Fixation
77.2139 	EXP 	Display Fixation
77.2305 	EXP 	Display Fixation
77.2472 	EXP 	Display Fixation
77.2639 	EXP 	Display Fixation
77.2804 	EXP 	Display Fixation
77.2972 	EXP 	Display Fixation
77.3139 	EXP 	Display Fixation
77.3305 	EXP 	Display Fixation
77.3471 	EXP 	Display Fixation
77.3639 	EXP 	Display Fixation
77.3806 	EXP 	Display Fixation
77.3972 	EXP 	Display Fixation
77.4138 	EXP 	Display Fixation
77.4306 	EXP 	Display Fixation
77.4473 	EXP 	Display Fixation
77.4640 	EXP 	Display Fixation
77.4804 	EXP 	Display Fixation
77.4972 	EXP 	Display Fixation
77.5139 	EXP 	Display Fixation
77.5305 	EXP 	Display Fixation
77.5471 	EXP 	Display Fixation
77.5638 	EXP 	Display Fixation
77.5804 	EXP 	Display Fixation
77.5973 	EXP 	Display Fixation
77.6141 	EXP 	Display Fixation
77.6307 	EXP 	Display Fixation
77.6472 	EXP 	Display Fixation
77.6473 	EXP 	--- END EXPERIMENT ---
77.6774 	EXP 	topMsg: text = "That's the end! "
77.6774 	EXP 	bottomMsg: text = "Press 'q' or 'escape' to end the session."
77.6774 	EXP 	Display TheEnd
78.9994 	DATA 	Keypress: escape
79.6237 	EXP 	win: mouseVisible = True
