5.2624 	WARNING 	We strongly recommend you activate the PTB sound engine in PsychoPy prefs as the preferred audio engine. Its timing is vastly superior. Your prefs are currently set to use ['sounddevice', 'PTB', 'pyo', 'pygame'] (in that order).
13.0285 	INFO 	---START PARAMETERS---
13.0285 	INFO 	filename: SampleExperiment_d1-1-24-Oct_25_1331
13.0285 	INFO 	subject: 1
13.0285 	INFO 	session: 24
13.0286 	INFO 	date: Oct_25_1331
13.0286 	INFO 	ISI: 1.75
13.0286 	INFO 	choices: [1, 2, 3]
13.0286 	INFO 	fixCrossPos: [0, 0]
13.0287 	INFO 	fixCrossSize: 0.1
13.0287 	INFO 	fullScreen: True
13.0287 	INFO 	imageDir_neutral: Faces/neutral/
13.0287 	INFO 	imageDir_social: Faces/social/
13.0287 	INFO 	imageDir_threat: Faces/threat/
13.0287 	INFO 	imageSize: [0.8, 0.8]
13.0288 	INFO 	imageSuffix: .png
13.0288 	INFO 	nTrials: 3
13.0288 	INFO 	postStimDur: 1.0
13.0297 	INFO 	preStimDur: [0.5 0.6 0.7 0.8 0.9 1.  1.1 1.2 1.3 1.4 1.5 1.6 1.7 1.8 1.9]
13.0297 	INFO 	promptDir: Text/
13.0298 	INFO 	promptFile_neutral: NeutralPrompts.csv
13.0298 	INFO 	promptFile_social: SocialPrompts.csv
13.0298 	INFO 	promptFile_threat: ThreatPrompts.csv
13.0299 	INFO 	respAdvances: True
13.0299 	INFO 	respKeys: ['r', 'b', 'y', 'g']
13.0299 	INFO 	screenColor: (128, 128, 128)
13.0299 	INFO 	screenToShow: 0
13.0300 	INFO 	shrinkPromptImage: 0.8
13.0300 	INFO 	skipPrompts: False
13.0300 	INFO 	stimDur: 0.5
13.0300 	INFO 	tStartup: 1
13.0300 	INFO 	triggerKey: t
13.0300 	INFO 	---END PARAMETERS---
16.2041 	INFO 	Loaded monitor calibration from ['2021_02_22 10:21']
16.2139 	WARNING 	User requested fullscreen with size [800 600], but screen is actually [1440, 900]. Using actual size
16.9538 	EXP 	Created win = Window(allowGUI=False, allowStencil=False, autoLog=True, backendConf=UNKNOWN, bitsMode=UNKNOWN, blendMode='avg', bpc=(8, 8, 8), color=array([128, 128, 128]), colorSpace='rgb255', depthBits=8, fullscr=<method-wrapper '__getattribute__' of attributeSetter object at 0x7fef1f221c50>, gamma=None, gammaErrorPolicy='raise', lms=UNKNOWN, monitor=<psychopy.monitors.calibTools.Monitor object at 0x7fef1d299630>, multiSample=False, name='win', numSamples=2, pos=[0.0, 0.0], screen=0, size=array([1440,  900]), stencilBits=0, stereo=False, units='height', useFBO=False, useRetina=False, viewOri=0.0, viewPos=None, viewScale=None, waitBlanking=True, winType='pyglet')
16.9541 	EXP 	win: mouseVisible = True
16.9623 	EXP 	Created fixCross = ShapeStim(__class__=<class 'psychopy.visual.shape.ShapeStim'>, autoDraw=False, autoLog=True, closeShape=False, color=method-wrapper(...), colorSpace='rgb', contrast=None, depth=0, fillColor=array([0, 0, 0]), fillColorSpace='rgb', fillRGB=UNKNOWN, interpolate=True, lineColor=array([-1., -1., -1.]), lineColorSpace='rgb', lineRGB=UNKNOWN, lineWidth=3.0, name='fixCross', opacity=1.0, ori=0.0, pos=array([0., 0.]), size=array([1., 1.]), units='height', vertices=ndarray(...), win=Window(...), windingRule=None)
16.9631 	WARNING 	TextStim.alignHoriz is deprecated. Use alignText and anchorHoriz attributes instead
17.0760 	EXP 	Created topMsg = TextStim(__class__=<class 'psychopy.visual.text.TextStim'>, alignHoriz='center', alignText='center', alignVert=method-wrapper(...), anchorHoriz='center', anchorVert='center', antialias=True, autoLog=True, bold=False, color=array([-1., -1., -1.]), colorSpace='rgb', contrast=1.0, depth=0, flipHoriz=False, flipVert=False, font='', fontFiles=[], height=0.1, italic=False, languageStyle='LTR', name='topMsg', opacity=1.0, ori=0.0, pos=array([0. , 0.5]), rgb=UNKNOWN, text='aaa', units='norm', win=Window(...), wrapWidth=1.5)
17.0761 	WARNING 	TextStim.alignHoriz is deprecated. Use alignText and anchorHoriz attributes instead
17.0808 	EXP 	Created bottomMsg = TextStim(__class__=<class 'psychopy.visual.text.TextStim'>, alignHoriz='center', alignText='center', alignVert=method-wrapper(...), anchorHoriz='center', anchorVert='center', antialias=True, autoLog=True, bold=False, color=array([-1., -1., -1.]), colorSpace='rgb', contrast=1.0, depth=0, flipHoriz=False, flipVert=False, font='', fontFiles=[], height=0.1, italic=False, languageStyle='LTR', name='bottomMsg', opacity=1.0, ori=0.0, pos=array([ 0. , -0.5]), rgb=UNKNOWN, text='bbb', units='norm', win=Window(...), wrapWidth=1.5)
17.2184 	EXP 	Created ImageStimulus = ImageStim(__class__=<class 'psychopy.visual.image.ImageStim'>, autoLog=True, color=array([1., 1., 1.]), colorSpace='rgb', contrast=1.0, depth=0, flipHoriz=False, flipVert=False, image='Faces/neutral/Man4_hat.png', interpolate=False, mask=None, maskParams=None, name='ImageStimulus', opacity=1, ori=0.0, pos=array([0., 0.]), size=array([0.55555556, 0.55555556]), texRes=128, units='height', win=Window(...))
17.2922 	EXP 	topMsg: text = 'In this task, you will see images briefly flashed on the screen. Your job is to count the images in a “target” category and ignore the others. At the end, we will ask you how many target images you saw.'
17.2922 	EXP 	bottomMsg: text = 'In this run, please count all the faces with hats. (Press ENTER to continue.)'
17.2922 	EXP 	Display Instructions1
17.9773 	DATA 	Keypress: return
18.0353 	EXP 	topMsg: text = 'Here are some examples of faces with hats (left) and no hats (right).'
18.0353 	EXP 	bottomMsg: text = 'Just before and after each image, there will be a cross in the middle of the screen. Please look directly at the cross and try not to blink during this period. (Press ENTER to continue.)'
18.0353 	EXP 	ImageStimulus: size = array([0.83666667, 0.37555556])
18.0353 	EXP 	ImageStimulus: image = 'Faces/sample_images/sample_neutral.png'
18.0353 	EXP 	ImageStimulus: size = array([0.66933333, 0.30044444])
18.0353 	EXP 	Display Instructions2
18.2877 	DATA 	Keypress: return
18.3126 	EXP 	topMsg: text = 'If you have any questions, please ask the experimenter now.'
18.3126 	EXP 	bottomMsg: text = 'WHEN YOU ARE READY TO BEGIN, press any button.'
18.3126 	EXP 	Display Instructions3
18.7574 	DATA 	Keypress: return
18.7778 	EXP 	topMsg: text = 'Waiting for scanner to start...'
18.7778 	EXP 	bottomMsg: text = "(Press 'T' to override.)"
18.7778 	EXP 	Display WaitingForScanner
19.6547 	DATA 	Keypress: t
19.6556 	EXP 	---START EXPERIMENT---
19.6617 	EXP 	Display Fixation
19.6650 	EXP 	Display Fixation
19.6689 	EXP 	Display Fixation
19.6852 	EXP 	Display Fixation
19.7024 	EXP 	Display Fixation
19.7192 	EXP 	Display Fixation
19.7352 	EXP 	Display Fixation
19.7521 	EXP 	Display Fixation
19.7696 	EXP 	Display Fixation
19.7865 	EXP 	Display Fixation
19.8028 	EXP 	Display Fixation
19.8194 	EXP 	Display Fixation
19.8363 	EXP 	Display Fixation
19.8528 	EXP 	Display Fixation
19.8696 	EXP 	Display Fixation
19.8861 	EXP 	Display Fixation
19.9020 	EXP 	Display Fixation
19.9195 	EXP 	Display Fixation
19.9363 	EXP 	Display Fixation
19.9529 	EXP 	Display Fixation
19.9696 	EXP 	Display Fixation
19.9862 	EXP 	Display Fixation
20.0029 	EXP 	Display Fixation
20.0195 	EXP 	Display Fixation
20.0360 	EXP 	Display Fixation
20.0530 	EXP 	Display Fixation
20.0695 	EXP 	Display Fixation
20.0863 	EXP 	Display Fixation
20.1029 	EXP 	Display Fixation
20.1196 	EXP 	Display Fixation
20.1363 	EXP 	Display Fixation
20.1529 	EXP 	Display Fixation
20.1695 	EXP 	Display Fixation
20.1863 	EXP 	Display Fixation
20.2028 	EXP 	Display Fixation
20.2195 	EXP 	Display Fixation
20.2365 	EXP 	Display Fixation
20.2530 	EXP 	Display Fixation
20.2697 	EXP 	Display Fixation
20.2864 	EXP 	Display Fixation
20.3031 	EXP 	Display Fixation
20.3195 	EXP 	Display Fixation
20.3363 	EXP 	Display Fixation
20.3528 	EXP 	Display Fixation
20.3695 	EXP 	Display Fixation
20.3862 	EXP 	Display Fixation
20.4028 	EXP 	Display Fixation
20.4196 	EXP 	Display Fixation
20.4362 	EXP 	Display Fixation
20.4529 	EXP 	Display Fixation
20.4695 	EXP 	Display Fixation
20.4865 	EXP 	Display Fixation
20.5030 	EXP 	Display Fixation
20.5196 	EXP 	Display Fixation
20.5362 	EXP 	Display Fixation
20.5530 	EXP 	Display Fixation
20.5697 	EXP 	Display Fixation
20.5863 	EXP 	Display Fixation
20.6028 	EXP 	Display Fixation
20.6196 	EXP 	Display Fixation
20.6362 	EXP 	Display Fixation
20.6527 	EXP 	Display Fixation
20.6687 	EXP 	Display Fixation
20.6864 	EXP 	Display Fixation
20.7029 	EXP 	Display Fixation
20.7196 	EXP 	Display Fixation
20.7362 	EXP 	Display Fixation
20.7529 	EXP 	Display Fixation
20.7694 	EXP 	Display Fixation
20.7863 	EXP 	Display Fixation
20.8029 	EXP 	Display Fixation
20.8197 	EXP 	Display Fixation
20.8362 	EXP 	Display Fixation
20.8529 	EXP 	Display Fixation
20.8696 	EXP 	Display Fixation
20.8862 	EXP 	Display Fixation
20.9029 	EXP 	Display Fixation
20.9196 	EXP 	Display Fixation
20.9363 	EXP 	Display Fixation
20.9530 	EXP 	Display Fixation
20.9696 	EXP 	Display Fixation
20.9863 	EXP 	Display Fixation
21.0029 	EXP 	Display Fixation
21.0196 	EXP 	Display Fixation
21.0363 	EXP 	Display Fixation
21.0531 	EXP 	Display Fixation
21.0695 	EXP 	Display Fixation
21.0862 	EXP 	Display Fixation
21.1028 	EXP 	Display Fixation
21.1197 	EXP 	Display Fixation
21.1362 	EXP 	Display Fixation
21.1530 	EXP 	Display Fixation
21.1695 	EXP 	Display Fixation
21.1861 	EXP 	Display Fixation
21.2028 	EXP 	Display Fixation
21.2196 	EXP 	Display Fixation
21.2362 	EXP 	Display Fixation
21.2530 	EXP 	Display Fixation
21.2696 	EXP 	Display Fixation
21.2864 	EXP 	Display Fixation
21.3029 	EXP 	Display Fixation
21.3195 	EXP 	Display Fixation
21.3364 	EXP 	Display Fixation
21.3530 	EXP 	Display Fixation
21.3697 	EXP 	Display Fixation
21.3946 	EXP 	ImageStimulus: image = 'Faces/neutral/Man4_hat.png'
21.3946 	EXP 	ImageStimulus: size = [0.8, 0.8]
21.3946 	EXP 	Display Faces/neutral/Man4_hat.png
21.8591 	EXP 	Display Fixation
21.8628 	EXP 	Display Fixation
21.8665 	EXP 	Display Fixation
21.8707 	EXP 	Display Fixation
21.8864 	EXP 	Display Fixation
21.9029 	EXP 	Display Fixation
21.9198 	EXP 	Display Fixation
21.9364 	EXP 	Display Fixation
21.9531 	EXP 	Display Fixation
21.9698 	EXP 	Display Fixation
21.9863 	EXP 	Display Fixation
22.0029 	EXP 	Display Fixation
22.0196 	EXP 	Display Fixation
22.0363 	EXP 	Display Fixation
22.0531 	EXP 	Display Fixation
22.0697 	EXP 	Display Fixation
22.0865 	EXP 	Display Fixation
22.1030 	EXP 	Display Fixation
22.1197 	EXP 	Display Fixation
22.1363 	EXP 	Display Fixation
22.1529 	EXP 	Display Fixation
22.1697 	EXP 	Display Fixation
22.1863 	EXP 	Display Fixation
22.2030 	EXP 	Display Fixation
22.2198 	EXP 	Display Fixation
22.2363 	EXP 	Display Fixation
22.2532 	EXP 	Display Fixation
22.2698 	EXP 	Display Fixation
22.2865 	EXP 	Display Fixation
22.3031 	EXP 	Display Fixation
22.3196 	EXP 	Display Fixation
22.3365 	EXP 	Display Fixation
22.3531 	EXP 	Display Fixation
22.3697 	EXP 	Display Fixation
22.3864 	EXP 	Display Fixation
22.4031 	EXP 	Display Fixation
22.4199 	EXP 	Display Fixation
22.4364 	EXP 	Display Fixation
22.4530 	EXP 	Display Fixation
22.4698 	EXP 	Display Fixation
22.4865 	EXP 	Display Fixation
22.5033 	EXP 	Display Fixation
22.5198 	EXP 	Display Fixation
22.5364 	EXP 	Display Fixation
22.5537 	EXP 	Display Fixation
22.5697 	EXP 	Display Fixation
22.5864 	EXP 	Display Fixation
22.6032 	EXP 	Display Fixation
22.6198 	EXP 	Display Fixation
22.6359 	EXP 	Display Fixation
22.6519 	EXP 	Display Fixation
22.6688 	EXP 	Display Fixation
22.6856 	EXP 	Display Fixation
22.7021 	EXP 	Display Fixation
22.7184 	EXP 	Display Fixation
22.7351 	EXP 	Display Fixation
22.7518 	EXP 	Display Fixation
22.7685 	EXP 	Display Fixation
22.7853 	EXP 	Display Fixation
22.8018 	EXP 	Display Fixation
22.8187 	EXP 	Display Fixation
22.8354 	EXP 	Display Fixation
22.8518 	EXP 	Display Fixation
22.8684 	EXP 	Display Fixation
22.8860 	EXP 	Display Fixation
22.9018 	EXP 	Display Fixation
22.9188 	EXP 	Display Fixation
22.9365 	EXP 	Display Fixation
22.9533 	EXP 	Display Fixation
22.9699 	EXP 	Display Fixation
22.9865 	EXP 	Display Fixation
23.0032 	EXP 	Display Fixation
23.0198 	EXP 	Display Fixation
23.0368 	EXP 	Display Fixation
23.0589 	EXP 	Display Fixation
23.0700 	EXP 	Display Fixation
23.0866 	EXP 	Display Fixation
23.1032 	EXP 	Display Fixation
23.1200 	EXP 	Display Fixation
23.1366 	EXP 	Display Fixation
23.1531 	EXP 	Display Fixation
23.1701 	EXP 	Display Fixation
23.1866 	EXP 	Display Fixation
23.2031 	EXP 	Display Fixation
23.2199 	EXP 	Display Fixation
23.2364 	EXP 	Display Fixation
23.2532 	EXP 	Display Fixation
23.2699 	EXP 	Display Fixation
23.2864 	EXP 	Display Fixation
23.3032 	EXP 	Display Fixation
23.3199 	EXP 	Display Fixation
23.3365 	EXP 	Display Fixation
23.3532 	EXP 	Display Fixation
23.3700 	EXP 	Display Fixation
23.3865 	EXP 	Display Fixation
23.4033 	EXP 	Display Fixation
23.4199 	EXP 	Display Fixation
23.4365 	EXP 	Display Fixation
23.4532 	EXP 	Display Fixation
23.4699 	EXP 	Display Fixation
23.4864 	EXP 	Display Fixation
23.5033 	EXP 	Display Fixation
23.5200 	EXP 	Display Fixation
23.5366 	EXP 	Display Fixation
23.5534 	EXP 	Display Fixation
23.5699 	EXP 	Display Fixation
23.5866 	EXP 	Display Fixation
23.6032 	EXP 	Display Fixation
23.6200 	EXP 	Display Fixation
23.6366 	EXP 	Display Fixation
23.6532 	EXP 	Display Fixation
23.6708 	EXP 	Display Fixation
23.6871 	EXP 	Display Fixation
23.7033 	EXP 	Display Fixation
23.7200 	EXP 	Display Fixation
23.7365 	EXP 	Display Fixation
23.7539 	EXP 	Display Fixation
23.7700 	EXP 	Display Fixation
23.7870 	EXP 	Display Fixation
23.8023 	EXP 	Display Fixation
23.8189 	EXP 	Display Fixation
23.8354 	EXP 	Display Fixation
23.8531 	EXP 	Display Fixation
23.8692 	EXP 	Display Fixation
23.8871 	EXP 	Display Fixation
23.9031 	EXP 	Display Fixation
23.9200 	EXP 	Display Fixation
23.9367 	EXP 	Display Fixation
23.9534 	EXP 	Display Fixation
23.9698 	EXP 	Display Fixation
23.9865 	EXP 	Display Fixation
24.0034 	EXP 	Display Fixation
24.0200 	EXP 	Display Fixation
24.0366 	EXP 	Display Fixation
24.0533 	EXP 	Display Fixation
24.0700 	EXP 	Display Fixation
24.0866 	EXP 	Display Fixation
24.1032 	EXP 	Display Fixation
24.1200 	EXP 	Display Fixation
24.1366 	EXP 	Display Fixation
24.1532 	EXP 	Display Fixation
24.1699 	EXP 	Display Fixation
24.1866 	EXP 	Display Fixation
24.2033 	EXP 	Display Fixation
24.2200 	EXP 	Display Fixation
24.2367 	EXP 	Display Fixation
24.2531 	EXP 	Display Fixation
24.2700 	EXP 	Display Fixation
24.2866 	EXP 	Display Fixation
24.3033 	EXP 	Display Fixation
24.3200 	EXP 	Display Fixation
24.3365 	EXP 	Display Fixation
24.3533 	EXP 	Display Fixation
24.3700 	EXP 	Display Fixation
24.3867 	EXP 	Display Fixation
24.4031 	EXP 	Display Fixation
24.4200 	EXP 	Display Fixation
24.4366 	EXP 	Display Fixation
24.4534 	EXP 	Display Fixation
24.4700 	EXP 	Display Fixation
24.4871 	EXP 	Display Fixation
24.5034 	EXP 	Display Fixation
24.5200 	EXP 	Display Fixation
24.5367 	EXP 	Display Fixation
24.5534 	EXP 	Display Fixation
24.5700 	EXP 	Display Fixation
24.5867 	EXP 	Display Fixation
24.6036 	EXP 	Display Fixation
24.6200 	EXP 	Display Fixation
24.6367 	EXP 	Display Fixation
24.6531 	EXP 	Display Fixation
24.6700 	EXP 	Display Fixation
24.6870 	EXP 	Display Fixation
24.7032 	EXP 	Display Fixation
24.7200 	EXP 	Display Fixation
24.7367 	EXP 	Display Fixation
24.7532 	EXP 	Display Fixation
24.7700 	EXP 	Display Fixation
24.7869 	EXP 	Display Fixation
24.8034 	EXP 	Display Fixation
24.8200 	EXP 	Display Fixation
24.8368 	EXP 	Display Fixation
24.8533 	EXP 	Display Fixation
24.8701 	EXP 	Display Fixation
24.8868 	EXP 	Display Fixation
24.9033 	EXP 	Display Fixation
24.9201 	EXP 	Display Fixation
24.9367 	EXP 	Display Fixation
24.9535 	EXP 	Display Fixation
24.9700 	EXP 	Display Fixation
24.9866 	EXP 	Display Fixation
25.0032 	EXP 	Display Fixation
25.0200 	EXP 	Display Fixation
25.0365 	EXP 	Display Fixation
25.0533 	EXP 	Display Fixation
25.0700 	EXP 	Display Fixation
25.0869 	EXP 	Display Fixation
25.1034 	EXP 	Display Fixation
25.1200 	EXP 	Display Fixation
25.1368 	EXP 	Display Fixation
25.1534 	EXP 	Display Fixation
25.1699 	EXP 	Display Fixation
25.1868 	EXP 	Display Fixation
25.2033 	EXP 	Display Fixation
25.2200 	EXP 	Display Fixation
25.2366 	EXP 	Display Fixation
25.2533 	EXP 	Display Fixation
25.2700 	EXP 	Display Fixation
25.2867 	EXP 	Display Fixation
25.3046 	EXP 	Display Fixation
25.3192 	EXP 	Display Fixation
25.3360 	EXP 	Display Fixation
25.3536 	EXP 	Display Fixation
25.3699 	EXP 	Display Fixation
25.3867 	EXP 	Display Fixation
25.4034 	EXP 	Display Fixation
25.4201 	EXP 	Display Fixation
25.4368 	EXP 	Display Fixation
25.4534 	EXP 	Display Fixation
25.4698 	EXP 	Display Fixation
25.4866 	EXP 	Display Fixation
25.5034 	EXP 	Display Fixation
25.5199 	EXP 	Display Fixation
25.5367 	EXP 	Display Fixation
25.5534 	EXP 	Display Fixation
25.5703 	EXP 	Display Fixation
25.5867 	EXP 	Display Fixation
25.6035 	EXP 	Display Fixation
25.6200 	EXP 	Display Fixation
25.6367 	EXP 	Display Fixation
25.6535 	EXP 	Display Fixation
25.6701 	EXP 	Display Fixation
25.6867 	EXP 	Display Fixation
25.7033 	EXP 	Display Fixation
25.7201 	EXP 	Display Fixation
25.7366 	EXP 	Display Fixation
25.7533 	EXP 	Display Fixation
25.7700 	EXP 	Display Fixation
25.7867 	EXP 	Display Fixation
25.8032 	EXP 	Display Fixation
25.8200 	EXP 	Display Fixation
25.8633 	EXP 	ImageStimulus: image = 'Faces/neutral/No Emotion_Front_Man17.png'
25.8633 	EXP 	ImageStimulus: size = [0.8, 0.8]
25.8633 	EXP 	Display Faces/neutral/No Emotion_Front_Man17.png
26.3092 	EXP 	Display Fixation
26.3129 	EXP 	Display Fixation
26.3168 	EXP 	Display Fixation
26.3210 	EXP 	Display Fixation
26.3368 	EXP 	Display Fixation
26.3535 	EXP 	Display Fixation
26.3700 	EXP 	Display Fixation
26.3868 	EXP 	Display Fixation
26.4035 	EXP 	Display Fixation
26.4201 	EXP 	Display Fixation
26.4369 	EXP 	Display Fixation
26.4534 	EXP 	Display Fixation
26.4700 	EXP 	Display Fixation
26.4867 	EXP 	Display Fixation
26.5033 	EXP 	Display Fixation
26.5201 	EXP 	Display Fixation
26.5368 	EXP 	Display Fixation
26.5539 	EXP 	Display Fixation
26.5700 	EXP 	Display Fixation
26.5859 	EXP 	Display Fixation
26.6024 	EXP 	Display Fixation
26.6190 	EXP 	Display Fixation
26.6359 	EXP 	Display Fixation
26.6528 	EXP 	Display Fixation
26.6694 	EXP 	Display Fixation
26.6860 	EXP 	Display Fixation
26.7027 	EXP 	Display Fixation
26.7191 	EXP 	Display Fixation
26.7361 	EXP 	Display Fixation
26.7532 	EXP 	Display Fixation
26.7701 	EXP 	Display Fixation
26.7871 	EXP 	Display Fixation
26.8031 	EXP 	Display Fixation
26.8196 	EXP 	Display Fixation
26.8361 	EXP 	Display Fixation
26.8536 	EXP 	Display Fixation
26.8700 	EXP 	Display Fixation
26.8868 	EXP 	Display Fixation
26.9035 	EXP 	Display Fixation
26.9203 	EXP 	Display Fixation
26.9368 	EXP 	Display Fixation
26.9534 	EXP 	Display Fixation
26.9702 	EXP 	Display Fixation
26.9869 	EXP 	Display Fixation
27.0035 	EXP 	Display Fixation
27.0202 	EXP 	Display Fixation
27.0367 	EXP 	Display Fixation
27.0535 	EXP 	Display Fixation
27.0702 	EXP 	Display Fixation
27.0867 	EXP 	Display Fixation
27.1034 	EXP 	Display Fixation
27.1201 	EXP 	Display Fixation
27.1368 	EXP 	Display Fixation
27.1535 	EXP 	Display Fixation
27.1702 	EXP 	Display Fixation
27.1869 	EXP 	Display Fixation
27.2034 	EXP 	Display Fixation
27.2202 	EXP 	Display Fixation
27.2368 	EXP 	Display Fixation
27.2535 	EXP 	Display Fixation
27.2701 	EXP 	Display Fixation
27.2867 	EXP 	Display Fixation
27.3035 	EXP 	Display Fixation
27.3201 	EXP 	Display Fixation
27.3369 	EXP 	Display Fixation
27.3535 	EXP 	Display Fixation
27.3702 	EXP 	Display Fixation
27.3868 	EXP 	Display Fixation
27.4035 	EXP 	Display Fixation
27.4201 	EXP 	Display Fixation
27.4372 	EXP 	Display Fixation
27.4535 	EXP 	Display Fixation
27.4702 	EXP 	Display Fixation
27.4869 	EXP 	Display Fixation
27.5036 	EXP 	Display Fixation
27.5202 	EXP 	Display Fixation
27.5368 	EXP 	Display Fixation
27.5536 	EXP 	Display Fixation
27.5703 	EXP 	Display Fixation
27.5868 	EXP 	Display Fixation
27.6036 	EXP 	Display Fixation
27.6203 	EXP 	Display Fixation
27.6369 	EXP 	Display Fixation
27.6536 	EXP 	Display Fixation
27.6702 	EXP 	Display Fixation
27.6869 	EXP 	Display Fixation
27.7035 	EXP 	Display Fixation
27.7203 	EXP 	Display Fixation
27.7368 	EXP 	Display Fixation
27.7535 	EXP 	Display Fixation
27.7702 	EXP 	Display Fixation
27.7870 	EXP 	Display Fixation
27.8036 	EXP 	Display Fixation
27.8200 	EXP 	Display Fixation
27.8369 	EXP 	Display Fixation
27.8535 	EXP 	Display Fixation
27.8703 	EXP 	Display Fixation
27.8868 	EXP 	Display Fixation
27.9037 	EXP 	Display Fixation
27.9203 	EXP 	Display Fixation
27.9368 	EXP 	Display Fixation
27.9536 	EXP 	Display Fixation
27.9694 	EXP 	Display Fixation
27.9857 	EXP 	Display Fixation
28.0023 	EXP 	Display Fixation
28.0191 	EXP 	Display Fixation
28.0357 	EXP 	Display Fixation
28.0523 	EXP 	Display Fixation
28.0689 	EXP 	Display Fixation
28.0857 	EXP 	Display Fixation
28.1024 	EXP 	Display Fixation
28.1190 	EXP 	Display Fixation
28.1356 	EXP 	Display Fixation
28.1523 	EXP 	Display Fixation
28.1690 	EXP 	Display Fixation
28.1856 	EXP 	Display Fixation
28.2023 	EXP 	Display Fixation
28.2194 	EXP 	Display Fixation
28.2369 	EXP 	Display Fixation
28.2535 	EXP 	Display Fixation
28.2703 	EXP 	Display Fixation
28.2870 	EXP 	Display Fixation
28.3037 	EXP 	Display Fixation
28.3202 	EXP 	Display Fixation
28.3372 	EXP 	Display Fixation
28.3608 	EXP 	Display Fixation
28.3703 	EXP 	Display Fixation
28.3869 	EXP 	Display Fixation
28.4037 	EXP 	Display Fixation
28.4203 	EXP 	Display Fixation
28.4370 	EXP 	Display Fixation
28.4537 	EXP 	Display Fixation
28.4702 	EXP 	Display Fixation
28.4869 	EXP 	Display Fixation
28.5035 	EXP 	Display Fixation
28.5203 	EXP 	Display Fixation
28.5370 	EXP 	Display Fixation
28.5536 	EXP 	Display Fixation
28.5706 	EXP 	Display Fixation
28.5870 	EXP 	Display Fixation
28.6036 	EXP 	Display Fixation
28.6204 	EXP 	Display Fixation
28.6369 	EXP 	Display Fixation
28.6537 	EXP 	Display Fixation
28.6702 	EXP 	Display Fixation
28.6872 	EXP 	Display Fixation
28.7036 	EXP 	Display Fixation
28.7203 	EXP 	Display Fixation
28.7369 	EXP 	Display Fixation
28.7536 	EXP 	Display Fixation
28.7703 	EXP 	Display Fixation
28.7872 	EXP 	Display Fixation
28.8036 	EXP 	Display Fixation
28.8202 	EXP 	Display Fixation
28.8370 	EXP 	Display Fixation
28.8536 	EXP 	Display Fixation
28.8703 	EXP 	Display Fixation
28.8870 	EXP 	Display Fixation
28.9037 	EXP 	Display Fixation
28.9204 	EXP 	Display Fixation
28.9371 	EXP 	Display Fixation
28.9536 	EXP 	Display Fixation
28.9703 	EXP 	Display Fixation
28.9870 	EXP 	Display Fixation
29.0037 	EXP 	Display Fixation
29.0203 	EXP 	Display Fixation
29.0368 	EXP 	Display Fixation
29.0535 	EXP 	Display Fixation
29.0704 	EXP 	Display Fixation
29.0870 	EXP 	Display Fixation
29.1038 	EXP 	Display Fixation
29.1203 	EXP 	Display Fixation
29.1370 	EXP 	Display Fixation
29.1527 	EXP 	Display Fixation
29.1691 	EXP 	Display Fixation
29.1857 	EXP 	Display Fixation
29.2024 	EXP 	Display Fixation
29.2191 	EXP 	Display Fixation
29.2357 	EXP 	Display Fixation
29.2524 	EXP 	Display Fixation
29.2691 	EXP 	Display Fixation
29.2857 	EXP 	Display Fixation
29.3025 	EXP 	Display Fixation
29.3191 	EXP 	Display Fixation
29.3358 	EXP 	Display Fixation
29.3524 	EXP 	Display Fixation
29.3690 	EXP 	Display Fixation
29.3858 	EXP 	Display Fixation
29.4036 	EXP 	Display Fixation
29.4203 	EXP 	Display Fixation
29.4370 	EXP 	Display Fixation
29.4536 	EXP 	Display Fixation
29.4704 	EXP 	Display Fixation
29.4871 	EXP 	Display Fixation
29.5035 	EXP 	Display Fixation
29.5205 	EXP 	Display Fixation
29.5426 	EXP 	Display Fixation
29.5537 	EXP 	Display Fixation
29.5704 	EXP 	Display Fixation
29.5870 	EXP 	Display Fixation
29.6037 	EXP 	Display Fixation
29.6204 	EXP 	Display Fixation
29.6369 	EXP 	Display Fixation
29.6537 	EXP 	Display Fixation
29.6704 	EXP 	Display Fixation
29.6869 	EXP 	Display Fixation
29.7036 	EXP 	Display Fixation
29.7202 	EXP 	Display Fixation
29.7371 	EXP 	Display Fixation
29.7537 	EXP 	Display Fixation
29.7702 	EXP 	Display Fixation
29.7871 	EXP 	Display Fixation
29.8038 	EXP 	Display Fixation
29.8203 	EXP 	Display Fixation
29.8370 	EXP 	Display Fixation
29.8538 	EXP 	Display Fixation
29.8704 	EXP 	Display Fixation
29.8870 	EXP 	Display Fixation
29.9038 	EXP 	Display Fixation
29.9205 	EXP 	Display Fixation
29.9373 	EXP 	Display Fixation
29.9538 	EXP 	Display Fixation
29.9704 	EXP 	Display Fixation
29.9869 	EXP 	Display Fixation
30.0038 	EXP 	Display Fixation
30.0205 	EXP 	Display Fixation
30.0372 	EXP 	Display Fixation
30.0537 	EXP 	Display Fixation
30.0703 	EXP 	Display Fixation
30.0872 	EXP 	Display Fixation
30.1037 	EXP 	Display Fixation
30.1203 	EXP 	Display Fixation
30.1370 	EXP 	Display Fixation
30.1536 	EXP 	Display Fixation
30.1703 	EXP 	Display Fixation
30.1871 	EXP 	Display Fixation
30.2036 	EXP 	Display Fixation
30.2204 	EXP 	Display Fixation
30.2369 	EXP 	Display Fixation
30.2537 	EXP 	Display Fixation
30.2703 	EXP 	Display Fixation
30.2873 	EXP 	Display Fixation
30.3038 	EXP 	Display Fixation
30.3209 	EXP 	Display Fixation
30.3370 	EXP 	Display Fixation
30.3537 	EXP 	Display Fixation
30.3703 	EXP 	Display Fixation
30.3870 	EXP 	Display Fixation
30.4038 	EXP 	Display Fixation
30.4204 	EXP 	Display Fixation
30.4370 	EXP 	Display Fixation
30.4537 	EXP 	Display Fixation
30.4704 	EXP 	Display Fixation
30.4872 	EXP 	Display Fixation
30.5038 	EXP 	Display Fixation
30.5204 	EXP 	Display Fixation
30.5371 	EXP 	Display Fixation
30.5538 	EXP 	Display Fixation
30.5703 	EXP 	Display Fixation
30.5870 	EXP 	Display Fixation
30.6038 	EXP 	Display Fixation
30.6204 	EXP 	Display Fixation
30.6371 	EXP 	Display Fixation
30.6537 	EXP 	Display Fixation
30.6705 	EXP 	Display Fixation
30.7033 	EXP 	ImageStimulus: image = 'Faces/neutral/Man9_hat.png'
30.7033 	EXP 	ImageStimulus: size = [0.8, 0.8]
30.7033 	EXP 	Display Faces/neutral/Man9_hat.png
31.1591 	EXP 	Display Fixation
31.1628 	EXP 	Display Fixation
31.1666 	EXP 	Display Fixation
31.1708 	EXP 	Display Fixation
31.1872 	EXP 	Display Fixation
31.2038 	EXP 	Display Fixation
31.2205 	EXP 	Display Fixation
31.2372 	EXP 	Display Fixation
31.2539 	EXP 	Display Fixation
31.2709 	EXP 	Display Fixation
31.2872 	EXP 	Display Fixation
31.3040 	EXP 	Display Fixation
31.3205 	EXP 	Display Fixation
31.3371 	EXP 	Display Fixation
31.3537 	EXP 	Display Fixation
31.3705 	EXP 	Display Fixation
31.3872 	EXP 	Display Fixation
31.4040 	EXP 	Display Fixation
31.4204 	EXP 	Display Fixation
31.4374 	EXP 	Display Fixation
31.4537 	EXP 	Display Fixation
31.4706 	EXP 	Display Fixation
31.4871 	EXP 	Display Fixation
31.5037 	EXP 	Display Fixation
31.5205 	EXP 	Display Fixation
31.5372 	EXP 	Display Fixation
31.5539 	EXP 	Display Fixation
31.5705 	EXP 	Display Fixation
31.5874 	EXP 	Display Fixation
31.6039 	EXP 	Display Fixation
31.6204 	EXP 	Display Fixation
31.6372 	EXP 	Display Fixation
31.6538 	EXP 	Display Fixation
31.6705 	EXP 	Display Fixation
31.6872 	EXP 	Display Fixation
31.7039 	EXP 	Display Fixation
31.7203 	EXP 	Display Fixation
31.7372 	EXP 	Display Fixation
31.7539 	EXP 	Display Fixation
31.7706 	EXP 	Display Fixation
31.7872 	EXP 	Display Fixation
31.8037 	EXP 	Display Fixation
31.8206 	EXP 	Display Fixation
31.8372 	EXP 	Display Fixation
31.8542 	EXP 	Display Fixation
31.8705 	EXP 	Display Fixation
31.8872 	EXP 	Display Fixation
31.9038 	EXP 	Display Fixation
31.9207 	EXP 	Display Fixation
31.9372 	EXP 	Display Fixation
31.9539 	EXP 	Display Fixation
31.9706 	EXP 	Display Fixation
31.9871 	EXP 	Display Fixation
32.0039 	EXP 	Display Fixation
32.0206 	EXP 	Display Fixation
32.0372 	EXP 	Display Fixation
32.0539 	EXP 	Display Fixation
32.0704 	EXP 	Display Fixation
32.0873 	EXP 	Display Fixation
32.1039 	EXP 	Display Fixation
32.1205 	EXP 	Display Fixation
32.1372 	EXP 	Display Fixation
32.1538 	EXP 	Display Fixation
32.1705 	EXP 	Display Fixation
32.1873 	EXP 	Display Fixation
32.2039 	EXP 	Display Fixation
32.2205 	EXP 	Display Fixation
32.2372 	EXP 	Display Fixation
32.2537 	EXP 	Display Fixation
32.2706 	EXP 	Display Fixation
32.2872 	EXP 	Display Fixation
32.3041 	EXP 	Display Fixation
32.3205 	EXP 	Display Fixation
32.3372 	EXP 	Display Fixation
32.3539 	EXP 	Display Fixation
32.3706 	EXP 	Display Fixation
32.3872 	EXP 	Display Fixation
32.4039 	EXP 	Display Fixation
32.4206 	EXP 	Display Fixation
32.4372 	EXP 	Display Fixation
32.4539 	EXP 	Display Fixation
32.4705 	EXP 	Display Fixation
32.4872 	EXP 	Display Fixation
32.5038 	EXP 	Display Fixation
32.5206 	EXP 	Display Fixation
32.5373 	EXP 	Display Fixation
32.5538 	EXP 	Display Fixation
32.5705 	EXP 	Display Fixation
32.5872 	EXP 	Display Fixation
32.6038 	EXP 	Display Fixation
32.6200 	EXP 	Display Fixation
32.6360 	EXP 	Display Fixation
32.6526 	EXP 	Display Fixation
32.6693 	EXP 	Display Fixation
32.6860 	EXP 	Display Fixation
32.7025 	EXP 	Display Fixation
32.7193 	EXP 	Display Fixation
32.7360 	EXP 	Display Fixation
32.7526 	EXP 	Display Fixation
32.7693 	EXP 	Display Fixation
32.7861 	EXP 	Display Fixation
32.8028 	EXP 	Display Fixation
32.8193 	EXP 	Display Fixation
32.8360 	EXP 	Display Fixation
32.8526 	EXP 	Display Fixation
32.8696 	EXP 	Display Fixation
32.8872 	EXP 	Display Fixation
32.9038 	EXP 	Display Fixation
32.9207 	EXP 	Display Fixation
32.9373 	EXP 	Display Fixation
32.9539 	EXP 	Display Fixation
32.9705 	EXP 	Display Fixation
32.9876 	EXP 	Display Fixation
33.0098 	EXP 	Display Fixation
33.0206 	EXP 	Display Fixation
33.0373 	EXP 	Display Fixation
33.0538 	EXP 	Display Fixation
33.0706 	EXP 	Display Fixation
33.0872 	EXP 	Display Fixation
33.1039 	EXP 	Display Fixation
33.1204 	EXP 	Display Fixation
33.1373 	EXP 	Display Fixation
33.1539 	EXP 	Display Fixation
33.1705 	EXP 	Display Fixation
33.1875 	EXP 	Display Fixation
33.2039 	EXP 	Display Fixation
33.2206 	EXP 	Display Fixation
33.2373 	EXP 	Display Fixation
33.2539 	EXP 	Display Fixation
33.2706 	EXP 	Display Fixation
33.2873 	EXP 	Display Fixation
33.3039 	EXP 	Display Fixation
33.3206 	EXP 	Display Fixation
33.3372 	EXP 	Display Fixation
33.3539 	EXP 	Display Fixation
33.3705 	EXP 	Display Fixation
33.3872 	EXP 	Display Fixation
33.4040 	EXP 	Display Fixation
33.4206 	EXP 	Display Fixation
33.4374 	EXP 	Display Fixation
33.4539 	EXP 	Display Fixation
33.4706 	EXP 	Display Fixation
33.4872 	EXP 	Display Fixation
33.5040 	EXP 	Display Fixation
33.5206 	EXP 	Display Fixation
33.5373 	EXP 	Display Fixation
33.5541 	EXP 	Display Fixation
33.5706 	EXP 	Display Fixation
33.5872 	EXP 	Display Fixation
33.6039 	EXP 	Display Fixation
33.6207 	EXP 	Display Fixation
33.6374 	EXP 	Display Fixation
33.6538 	EXP 	Display Fixation
33.6706 	EXP 	Display Fixation
33.6874 	EXP 	Display Fixation
33.7040 	EXP 	Display Fixation
33.7205 	EXP 	Display Fixation
33.7371 	EXP 	Display Fixation
33.7539 	EXP 	Display Fixation
33.7706 	EXP 	Display Fixation
33.7873 	EXP 	Display Fixation
33.8046 	EXP 	Display Fixation
33.8206 	EXP 	Display Fixation
33.8372 	EXP 	Display Fixation
33.8540 	EXP 	Display Fixation
33.8705 	EXP 	Display Fixation
33.8873 	EXP 	Display Fixation
33.9039 	EXP 	Display Fixation
33.9206 	EXP 	Display Fixation
33.9207 	EXP 	--- END EXPERIMENT ---
33.9440 	EXP 	topMsg: text = "That's the end! "
33.9440 	EXP 	bottomMsg: text = "Press 'q' or 'escape' to end the session."
33.9440 	EXP 	Display TheEnd
34.5345 	DATA 	Keypress: escape
35.0845 	EXP 	win: mouseVisible = True
